#
# There is insufficient memory for the Java Runtime Environment to continue.
# Native memory allocation (mmap) failed to map 55574528 bytes for Failed to commit area from 0x0000000090500000 to 0x0000000093a00000 of length 55574528.
# Possible reasons:
#   The system is out of physical RAM or swap space
#   The process is running with CompressedOops enabled, and the Java Heap may be blocking the growth of the native heap
# Possible solutions:
#   Reduce memory load on the system
#   Increase physical memory or swap space
#   Check if swap backing store is full
#   Decrease Java heap size (-Xmx/-Xms)
#   Decrease number of Java threads
#   Decrease Java thread stack sizes (-Xss)
#   Set larger code cache with -XX:ReservedCodeCacheSize=
#   JVM is running with Unscaled Compressed Oops mode in which the Java heap is
#     placed in the first 4GB address space. The Java Heap base address is the
#     maximum limit for the native heap growth. Please use -XX:HeapBaseMinAddress
#     to set the Java Heap base and to place the Java Heap above 4GB virtual address.
# This output file may be truncated or incomplete.
#
#  Out of Memory Error (./open/src/hotspot/os/windows/os_windows.cpp:3275), pid=22480, tid=24604
#
# JRE version: Java(TM) SE Runtime Environment 18.9 (11.0.8+10) (build 11.0.8+10-LTS)
# Java VM: Java HotSpot(TM) 64-Bit Server VM 18.9 (11.0.8+10-LTS, mixed mode, tiered, compressed oops, g1 gc, windows-amd64)
# No core dump will be written. Minidumps are not enabled by default on client versions of Windows
#

---------------  S U M M A R Y ------------

Command Line: -XX:MaxMetaspaceSize=512m --add-opens=java.base/java.util=ALL-UNNAMED --add-opens=java.base/java.lang=ALL-UNNAMED --add-opens=java.base/java.lang.invoke=ALL-UNNAMED --add-opens=java.base/java.util=ALL-UNNAMED --add-opens=java.prefs/java.util.prefs=ALL-UNNAMED --add-opens=java.prefs/java.util.prefs=ALL-UNNAMED --add-opens=java.base/java.nio.charset=ALL-UNNAMED --add-opens=java.base/java.net=ALL-UNNAMED --add-opens=java.base/java.util.concurrent.atomic=ALL-UNNAMED -Xmx2048m -Dfile.encoding=windows-1252 -Duser.country=ID -Duser.language=en -Duser.variant org.gradle.launcher.daemon.bootstrap.GradleDaemon 7.5.1

Host: AMD Ryzen 3 3250U with Radeon Graphics         , 4 cores, 5G,  Windows 10 , 64 bit Build 19041 (10.0.19041.3155)
Time: Wed Aug 30 21:10:23 2023 Malay Peninsula Standard Time elapsed time: 60 seconds (0d 0h 1m 0s)

---------------  T H R E A D  ---------------

Current thread (0x0000021fc5d24000):  VMThread "VM Thread" [stack: 0x00000094d1a00000,0x00000094d1b00000] [id=24604]

Stack: [0x00000094d1a00000,0x00000094d1b00000]
[error occurred during error reporting (printing stack bounds), id 0xc0000005, EXCEPTION_ACCESS_VIOLATION (0xc0000005) at pc=0x0000021faf4f0dad]

Native frames: (J=compiled Java code, j=interpreted, Vv=VM code, C=native code)
V  [jvm.dll+0x601aea]
V  [jvm.dll+0x737fef]
V  [jvm.dll+0x739675]
V  [jvm.dll+0x739c55]
V  [jvm.dll+0x739c0b]
V  [jvm.dll+0x6013d3]
V  [jvm.dll+0x601798]
C  [ntdll.dll+0xa23df]
C  [ntdll.dll+0x514b4]
C  [ntdll.dll+0xa0eee]
C  0x0000021faf4f0dad

VM_Operation (0x00000094d7dfde40): G1CollectForAllocation, mode: safepoint, requested by thread 0x0000021fcb6a3800


---------------  P R O C E S S  ---------------

Threads class SMR info:
_java_thread_list=0x0000021fce1d5d20, length=101, elements={
0x0000021fa58e2000, 0x0000021fc5d28800, 0x0000021fc5d34000, 0x0000021fc5d89000,
0x0000021fc5d8a000, 0x0000021fc5d8c000, 0x0000021fc5d8f000, 0x0000021fc5d94000,
0x0000021fc6802800, 0x0000021fc6814800, 0x0000021fc8f20000, 0x0000021fc79fd000,
0x0000021fc80b8800, 0x0000021fc6981000, 0x0000021fc7fc6000, 0x0000021fc6c5a000,
0x0000021fc868b800, 0x0000021fc7faf800, 0x0000021fc8aa8800, 0x0000021fc8237000,
0x0000021fc823a000, 0x0000021fc823b800, 0x0000021fc823c800, 0x0000021fc823d800,
0x0000021fc823b000, 0x0000021fc8237800, 0x0000021fc8238800, 0x0000021fc8239800,
0x0000021fc906b800, 0x0000021fc906c800, 0x0000021fc906e800, 0x0000021fc906a800,
0x0000021fc906d000, 0x0000021fcabd0000, 0x0000021fcabcd800, 0x0000021fcabcc000,
0x0000021fcabcd000, 0x0000021fcabcb000, 0x0000021fcabd4000, 0x0000021fcabce800,
0x0000021fcabd1000, 0x0000021fcabd1800, 0x0000021fcabd2800, 0x0000021fcabd3800,
0x0000021fcabd5000, 0x0000021fcabcf000, 0x0000021fcabd9000, 0x0000021fcabd6800,
0x0000021fcabd8000, 0x0000021fcabd7800, 0x0000021fcabda000, 0x0000021fcabd5800,
0x0000021fcdbc1000, 0x0000021fcdbc4000, 0x0000021fcdbbf800, 0x0000021fcdbc2800,
0x0000021fcdbc5000, 0x0000021fcdbc1800, 0x0000021fcdbc0000, 0x0000021fcdbc6000,
0x0000021fcdbc6800, 0x0000021fcdbc7800, 0x0000021fcdbc3800, 0x0000021fcdbca800,
0x0000021fcdbcd000, 0x0000021fcdbce000, 0x0000021fcdbc8800, 0x0000021fcdbcb800,
0x0000021fcdbc9000, 0x0000021fcdbcc800, 0x0000021fcdbca000, 0x0000021fc92c4800,
0x0000021fc92c7000, 0x0000021fc92c3000, 0x0000021fc92c4000, 0x0000021fc92c6800,
0x0000021fc92c2800, 0x0000021fc92c9000, 0x0000021fc92c9800, 0x0000021fc92ca800,
0x0000021fc92c5800, 0x0000021fc92cb800, 0x0000021fc92ce800, 0x0000021fc92cc000,
0x0000021fc92d1000, 0x0000021fc92cf800, 0x0000021fc92cd800, 0x0000021fc92cd000,
0x0000021fcb6a0000, 0x0000021fcb69f000, 0x0000021fcb6a1000, 0x0000021fcb69c000,
0x0000021fcb69d800, 0x0000021fcb69b000, 0x0000021fcb6a1800, 0x0000021fcb69d000,
0x0000021fcb6a5000, 0x0000021fcb6a3800, 0x0000021fcb6a4000, 0x0000021fcb69e800,
0x0000021fcb6a6000
}

Java Threads: ( => current thread )
  0x0000021fa58e2000 JavaThread "main" [_thread_blocked, id=18296, stack(0x00000094d1400000,0x00000094d1500000)]
  0x0000021fc5d28800 JavaThread "Reference Handler" daemon [_thread_blocked, id=15560, stack(0x00000094d1b00000,0x00000094d1c00000)]
  0x0000021fc5d34000 JavaThread "Finalizer" daemon [_thread_blocked, id=18720, stack(0x00000094d1c00000,0x00000094d1d00000)]
  0x0000021fc5d89000 JavaThread "Signal Dispatcher" daemon [_thread_blocked, id=23976, stack(0x00000094d1d00000,0x00000094d1e00000)]
  0x0000021fc5d8a000 JavaThread "Attach Listener" daemon [_thread_blocked, id=19100, stack(0x00000094d1e00000,0x00000094d1f00000)]
  0x0000021fc5d8c000 JavaThread "C2 CompilerThread0" daemon [_thread_blocked, id=16268, stack(0x00000094d1f00000,0x00000094d2000000)]
  0x0000021fc5d8f000 JavaThread "C1 CompilerThread0" daemon [_thread_blocked, id=2240, stack(0x00000094d2000000,0x00000094d2100000)]
  0x0000021fc5d94000 JavaThread "Sweeper thread" daemon [_thread_blocked, id=17232, stack(0x00000094d2100000,0x00000094d2200000)]
  0x0000021fc6802800 JavaThread "Common-Cleaner" daemon [_thread_blocked, id=19744, stack(0x00000094d2200000,0x00000094d2300000)]
  0x0000021fc6814800 JavaThread "Service Thread" daemon [_thread_blocked, id=25920, stack(0x00000094d2300000,0x00000094d2400000)]
  0x0000021fc8f20000 JavaThread "Daemon health stats" [_thread_blocked, id=26576, stack(0x00000094d2700000,0x00000094d2800000)]
  0x0000021fc79fd000 JavaThread "Incoming local TCP Connector on port 62934" [_thread_in_native, id=19856, stack(0x00000094d2500000,0x00000094d2600000)]
  0x0000021fc80b8800 JavaThread "Daemon periodic checks" [_thread_blocked, id=8400, stack(0x00000094d2a00000,0x00000094d2b00000)]
  0x0000021fc6981000 JavaThread "Daemon" [_thread_blocked, id=24248, stack(0x00000094d2b00000,0x00000094d2c00000)]
  0x0000021fc7fc6000 JavaThread "Handler for socket connection from /127.0.0.1:62934 to /127.0.0.1:62935" [_thread_in_native, id=22724, stack(0x00000094d2c00000,0x00000094d2d00000)]
  0x0000021fc6c5a000 JavaThread "Cancel handler" [_thread_blocked, id=27832, stack(0x00000094d2d00000,0x00000094d2e00000)]
  0x0000021fc868b800 JavaThread "Daemon worker" [_thread_blocked, id=6524, stack(0x00000094d2e00000,0x00000094d2f00000)]
  0x0000021fc7faf800 JavaThread "Asynchronous log dispatcher for DefaultDaemonConnection: socket connection from /127.0.0.1:62934 to /127.0.0.1:62935" [_thread_blocked, id=15072, stack(0x00000094d2f00000,0x00000094d3000000)]
  0x0000021fc8aa8800 JavaThread "Stdin handler" [_thread_blocked, id=16908, stack(0x00000094d3000000,0x00000094d3100000)]
  0x0000021fc8237000 JavaThread "Daemon client event forwarder" [_thread_blocked, id=12176, stack(0x00000094d3100000,0x00000094d3200000)]
  0x0000021fc823a000 JavaThread "Cache worker for journal cache (C:\Users\DIAN\.gradle\caches\journal-1)" [_thread_blocked, id=22376, stack(0x00000094d3200000,0x00000094d3300000)]
  0x0000021fc823b800 JavaThread "File lock request listener" [_thread_in_native, id=18840, stack(0x00000094d3300000,0x00000094d3400000)]
  0x0000021fc823c800 JavaThread "Cache worker for file hash cache (C:\Users\DIAN\.gradle\caches\7.5.1\fileHashes)" [_thread_blocked, id=24544, stack(0x00000094d3400000,0x00000094d3500000)]
  0x0000021fc823d800 JavaThread "File watcher server" daemon [_thread_blocked, id=11260, stack(0x00000094d3600000,0x00000094d3700000)]
  0x0000021fc823b000 JavaThread "File watcher consumer" daemon [_thread_blocked, id=9716, stack(0x00000094d3700000,0x00000094d3800000)]
  0x0000021fc8237800 JavaThread "Cache worker for checksums cache (C:\Users\DIAN\OneDrive\Documents\pijar camp\week9\RecipeApp\android\.gradle\7.5.1\checksums)" [_thread_blocked, id=24800, stack(0x00000094d3800000,0x00000094d3900000)]
  0x0000021fc8238800 JavaThread "Cache worker for cache directory md-rule (C:\Users\DIAN\.gradle\caches\7.5.1\md-rule)" [_thread_blocked, id=3244, stack(0x00000094d3900000,0x00000094d3a00000)]
  0x0000021fc8239800 JavaThread "Cache worker for file content cache (C:\Users\DIAN\.gradle\caches\7.5.1\fileContent)" [_thread_blocked, id=10560, stack(0x00000094d3a00000,0x00000094d3b00000)]
  0x0000021fc906b800 JavaThread "Cache worker for file hash cache (C:\Users\DIAN\OneDrive\Documents\pijar camp\week9\RecipeApp\android\.gradle\7.5.1\fileHashes)" [_thread_blocked, id=27952, stack(0x00000094d3b00000,0x00000094d3c00000)]
  0x0000021fc906c800 JavaThread "Cache worker for cache directory md-supplier (C:\Users\DIAN\.gradle\caches\7.5.1\md-supplier)" [_thread_blocked, id=6492, stack(0x00000094d3c00000,0x00000094d3d00000)]
  0x0000021fc906e800 JavaThread "Cache worker for execution history cache (C:\Users\DIAN\.gradle\caches\7.5.1\executionHistory)" [_thread_blocked, id=16248, stack(0x00000094d3d00000,0x00000094d3e00000)]
  0x0000021fc906a800 JavaThread "jar transforms" [_thread_blocked, id=29352, stack(0x00000094d3e00000,0x00000094d3f00000)]
  0x0000021fc906d000 JavaThread "jar transforms Thread 2" [_thread_blocked, id=25224, stack(0x00000094d3f00000,0x00000094d4000000)]
  0x0000021fcabd0000 JavaThread "jar transforms Thread 3" [_thread_blocked, id=19180, stack(0x00000094d4000000,0x00000094d4100000)]
  0x0000021fcabcd800 JavaThread "jar transforms Thread 4" [_thread_blocked, id=17564, stack(0x00000094d4100000,0x00000094d4200000)]
  0x0000021fcabcc000 JavaThread "Cache worker for kotlin-dsl (C:\Users\DIAN\.gradle\caches\7.5.1\kotlin-dsl)" [_thread_blocked, id=29392, stack(0x00000094d4200000,0x00000094d4300000)]
  0x0000021fcabcd000 JavaThread "Cache worker for dependencies-accessors (C:\Users\DIAN\OneDrive\Documents\pijar camp\week9\RecipeApp\android\.gradle\7.5.1\dependencies-accessors)" [_thread_blocked, id=24900, stack(0x00000094d4300000,0x00000094d4400000)]
  0x0000021fcabcb000 JavaThread "Cache worker for Build Output Cleanup Cache (C:\Users\DIAN\OneDrive\Documents\pijar camp\week9\RecipeApp\node_modules\react-native-gradle-plugin\.gradle\buildOutputCleanup)" [_thread_blocked, id=29128, stack(0x00000094d4400000,0x00000094d4500000)]
  0x0000021fcabd4000 JavaThread "Unconstrained build operations" [_thread_blocked, id=27744, stack(0x00000094d4500000,0x00000094d4600000)]
  0x0000021fcabce800 JavaThread "Unconstrained build operations Thread 2" [_thread_blocked, id=4900, stack(0x00000094d4600000,0x00000094d4700000)]
  0x0000021fcabd1000 JavaThread "Unconstrained build operations Thread 3" [_thread_blocked, id=15120, stack(0x00000094d4700000,0x00000094d4800000)]
  0x0000021fcabd1800 JavaThread "Unconstrained build operations Thread 4" [_thread_blocked, id=18680, stack(0x00000094d4800000,0x00000094d4900000)]
  0x0000021fcabd2800 JavaThread "Unconstrained build operations Thread 5" [_thread_blocked, id=26272, stack(0x00000094d4900000,0x00000094d4a00000)]
  0x0000021fcabd3800 JavaThread "Unconstrained build operations Thread 6" [_thread_blocked, id=7720, stack(0x00000094d4a00000,0x00000094d4b00000)]
  0x0000021fcabd5000 JavaThread "Unconstrained build operations Thread 7" [_thread_blocked, id=19280, stack(0x00000094d4b00000,0x00000094d4c00000)]
  0x0000021fcabcf000 JavaThread "Unconstrained build operations Thread 8" [_thread_blocked, id=5780, stack(0x00000094d4c00000,0x00000094d4d00000)]
  0x0000021fcabd9000 JavaThread "Unconstrained build operations Thread 9" [_thread_blocked, id=26276, stack(0x00000094d4d00000,0x00000094d4e00000)]
  0x0000021fcabd6800 JavaThread "Unconstrained build operations Thread 10" [_thread_blocked, id=2200, stack(0x00000094d4e00000,0x00000094d4f00000)]
  0x0000021fcabd8000 JavaThread "Unconstrained build operations Thread 11" [_thread_blocked, id=13956, stack(0x00000094d4f00000,0x00000094d5000000)]
  0x0000021fcabd7800 JavaThread "Unconstrained build operations Thread 12" [_thread_blocked, id=20828, stack(0x00000094d5000000,0x00000094d5100000)]
  0x0000021fcabda000 JavaThread "Unconstrained build operations Thread 13" [_thread_blocked, id=28024, stack(0x00000094d5100000,0x00000094d5200000)]
  0x0000021fcabd5800 JavaThread "Unconstrained build operations Thread 14" [_thread_blocked, id=26308, stack(0x00000094d5200000,0x00000094d5300000)]
  0x0000021fcdbc1000 JavaThread "Unconstrained build operations Thread 15" [_thread_blocked, id=26064, stack(0x00000094d5300000,0x00000094d5400000)]
  0x0000021fcdbc4000 JavaThread "Unconstrained build operations Thread 16" [_thread_blocked, id=20328, stack(0x00000094d5400000,0x00000094d5500000)]
  0x0000021fcdbbf800 JavaThread "Unconstrained build operations Thread 17" [_thread_blocked, id=26124, stack(0x00000094d5500000,0x00000094d5600000)]
  0x0000021fcdbc2800 JavaThread "Unconstrained build operations Thread 18" [_thread_blocked, id=22276, stack(0x00000094d5600000,0x00000094d5700000)]
  0x0000021fcdbc5000 JavaThread "Unconstrained build operations Thread 19" [_thread_blocked, id=3888, stack(0x00000094d5700000,0x00000094d5800000)]
  0x0000021fcdbc1800 JavaThread "Unconstrained build operations Thread 20" [_thread_blocked, id=20472, stack(0x00000094d5800000,0x00000094d5900000)]
  0x0000021fcdbc0000 JavaThread "Unconstrained build operations Thread 21" [_thread_blocked, id=26484, stack(0x00000094d5900000,0x00000094d5a00000)]
  0x0000021fcdbc6000 JavaThread "Unconstrained build operations Thread 22" [_thread_blocked, id=21776, stack(0x00000094d5a00000,0x00000094d5b00000)]
  0x0000021fcdbc6800 JavaThread "Unconstrained build operations Thread 23" [_thread_blocked, id=24256, stack(0x00000094d5b00000,0x00000094d5c00000)]
  0x0000021fcdbc7800 JavaThread "Unconstrained build operations Thread 24" [_thread_blocked, id=27828, stack(0x00000094d5c00000,0x00000094d5d00000)]
  0x0000021fcdbc3800 JavaThread "Unconstrained build operations Thread 25" [_thread_blocked, id=26828, stack(0x00000094d5d00000,0x00000094d5e00000)]
  0x0000021fcdbca800 JavaThread "Unconstrained build operations Thread 26" [_thread_blocked, id=24440, stack(0x00000094d5e00000,0x00000094d5f00000)]
  0x0000021fcdbcd000 JavaThread "Unconstrained build operations Thread 27" [_thread_blocked, id=13744, stack(0x00000094d5f00000,0x00000094d6000000)]
  0x0000021fcdbce000 JavaThread "Unconstrained build operations Thread 28" [_thread_blocked, id=22636, stack(0x00000094d6000000,0x00000094d6100000)]
  0x0000021fcdbc8800 JavaThread "Unconstrained build operations Thread 29" [_thread_blocked, id=14448, stack(0x00000094d6100000,0x00000094d6200000)]
  0x0000021fcdbcb800 JavaThread "Unconstrained build operations Thread 30" [_thread_blocked, id=22532, stack(0x00000094d6200000,0x00000094d6300000)]
  0x0000021fcdbc9000 JavaThread "Unconstrained build operations Thread 31" [_thread_blocked, id=16392, stack(0x00000094d6300000,0x00000094d6400000)]
  0x0000021fcdbcc800 JavaThread "Unconstrained build operations Thread 32" [_thread_blocked, id=16088, stack(0x00000094d6400000,0x00000094d6500000)]
  0x0000021fcdbca000 JavaThread "Unconstrained build operations Thread 33" [_thread_blocked, id=27460, stack(0x00000094d6500000,0x00000094d6600000)]
  0x0000021fc92c4800 JavaThread "build event listener" [_thread_blocked, id=18684, stack(0x00000094d6600000,0x00000094d6700000)]
  0x0000021fc92c7000 JavaThread "Memory manager" [_thread_blocked, id=14508, stack(0x00000094d6700000,0x00000094d6800000)]
  0x0000021fc92c3000 JavaThread "Cache worker for Build Output Cleanup Cache (C:\Users\DIAN\OneDrive\Documents\pijar camp\week9\RecipeApp\android\.gradle\buildOutputCleanup)" [_thread_blocked, id=26948, stack(0x00000094d6800000,0x00000094d6900000)]
  0x0000021fc92c4000 JavaThread "included builds" [_thread_blocked, id=3316, stack(0x00000094d6900000,0x00000094d6a00000)]
  0x0000021fc92c6800 JavaThread "Execution worker" [_thread_blocked, id=7800, stack(0x00000094d6a00000,0x00000094d6b00000)]
  0x0000021fc92c2800 JavaThread "Execution worker Thread 2" [_thread_blocked, id=20912, stack(0x00000094d6b00000,0x00000094d6c00000)]
  0x0000021fc92c9000 JavaThread "Execution worker Thread 3" [_thread_blocked, id=28948, stack(0x00000094d6c00000,0x00000094d6d00000)]
  0x0000021fc92c9800 JavaThread "Cache worker for execution history cache (C:\Users\DIAN\OneDrive\Documents\pijar camp\week9\RecipeApp\node_modules\react-native-gradle-plugin\.gradle\7.5.1\executionHistory)" [_thread_blocked, id=27168, stack(0x00000094d6d00000,0x00000094d6e00000)]
  0x0000021fc92ca800 JavaThread "Unconstrained build operations Thread 34" [_thread_blocked, id=1048, stack(0x00000094d6e00000,0x00000094d6f00000)]
  0x0000021fc92c5800 JavaThread "Unconstrained build operations Thread 35" [_thread_blocked, id=20952, stack(0x00000094d6f00000,0x00000094d7000000)]
  0x0000021fc92cb800 JavaThread "Unconstrained build operations Thread 36" [_thread_blocked, id=21756, stack(0x00000094d7000000,0x00000094d7100000)]
  0x0000021fc92ce800 JavaThread "Unconstrained build operations Thread 37" [_thread_blocked, id=18556, stack(0x00000094d7100000,0x00000094d7200000)]
  0x0000021fc92cc000 JavaThread "Unconstrained build operations Thread 38" [_thread_blocked, id=10456, stack(0x00000094d7200000,0x00000094d7300000)]
  0x0000021fc92d1000 JavaThread "Unconstrained build operations Thread 39" [_thread_blocked, id=24864, stack(0x00000094d7300000,0x00000094d7400000)]
  0x0000021fc92cf800 JavaThread "Unconstrained build operations Thread 40" [_thread_blocked, id=23960, stack(0x00000094d7400000,0x00000094d7500000)]
  0x0000021fc92cd800 JavaThread "Cache worker for execution history cache (C:\Users\DIAN\OneDrive\Documents\pijar camp\week9\RecipeApp\android\.gradle\7.5.1\executionHistory)" [_thread_blocked, id=10728, stack(0x00000094d7600000,0x00000094d7700000)]
  0x0000021fc92cd000 JavaThread "WorkerExecutor Queue" [_thread_blocked, id=13648, stack(0x00000094d7700000,0x00000094d7800000)]
  0x0000021fcb6a0000 JavaThread "pool-3-thread-1" [_thread_blocked, id=21508, stack(0x00000094d7800000,0x00000094d7900000)]
  0x0000021fcb69f000 JavaThread "stderr" [_thread_in_native, id=18744, stack(0x00000094d7900000,0x00000094d7a00000)]
  0x0000021fcb6a1000 JavaThread "stdout" [_thread_in_native, id=6596, stack(0x00000094d7a00000,0x00000094d7b00000)]
  0x0000021fcb69c000 JavaThread "WorkerExecutor Queue Thread 2" [_thread_blocked, id=14440, stack(0x00000094d7500000,0x00000094d7600000)]
  0x0000021fcb69d800 JavaThread "Thread-77" [_thread_in_native, id=27724, stack(0x00000094d7b00000,0x00000094d7c00000)]
  0x0000021fcb69b000 JavaThread "WorkerExecutor Queue Thread 3" [_thread_blocked, id=12376, stack(0x00000094d7c00000,0x00000094d7d00000)]
  0x0000021fcb6a1800 JavaThread "Thread-79" [_thread_in_native, id=19764, stack(0x00000094d7e00000,0x00000094d7f00000)]
  0x0000021fcb69d000 JavaThread "WorkerExecutor Queue Thread 4" [_thread_blocked, id=9664, stack(0x00000094d7f00000,0x00000094d8000000)]
  0x0000021fcb6a5000 JavaThread "WorkerExecutor Queue Thread 5" [_thread_blocked, id=19448, stack(0x00000094d8000000,0x00000094d8100000)]
  0x0000021fcb6a3800 JavaThread "ForkJoinPool-1-worker-3" daemon [_thread_blocked, id=23012, stack(0x00000094d7d00000,0x00000094d7e00000)]
  0x0000021fcb6a4000 JavaThread "ForkJoinPool-1-worker-5" daemon [_thread_blocked, id=7708, stack(0x00000094d8100000,0x00000094d8200000)]
  0x0000021fcb69e800 JavaThread "ForkJoinPool-1-worker-7" daemon [_thread_blocked, id=8256, stack(0x00000094d8200000,0x00000094d8300000)]
  0x0000021fcb6a6000 JavaThread "ForkJoinPool-1-worker-1" daemon [_thread_blocked, id=8816, stack(0x00000094d8300000,0x00000094d8400000)]

Other Threads:
=>0x0000021fc5d24000 VMThread "VM Thread" [stack: 0x00000094d1a00000,0x00000094d1b00000] [id=24604]
  0x0000021fc6846000 WatcherThread [stack: 0x00000094d2400000,0x00000094d2500000] [id=4892]
  0x0000021fa58f9000 GCTaskThread "GC Thread#0" [stack: 0x00000094d1500000,0x00000094d1600000] [id=10960]
  0x0000021fc6c5d000 GCTaskThread "GC Thread#1" [stack: 0x00000094d2600000,0x00000094d2700000] [id=14112]
  0x0000021fc88e2000 GCTaskThread "GC Thread#2" [stack: 0x00000094d2800000,0x00000094d2900000] [id=2968]
  0x0000021fc8ccd800 GCTaskThread "GC Thread#3" [stack: 0x00000094d2900000,0x00000094d2a00000] [id=14756]
  0x0000021fa5928800 ConcurrentGCThread "G1 Main Marker" [stack: 0x00000094d1600000,0x00000094d1700000] [id=10684]
  0x0000021fa592a000 ConcurrentGCThread "G1 Conc#0" [stack: 0x00000094d1700000,0x00000094d1800000] [id=14008]
  0x0000021fa599c000 ConcurrentGCThread "G1 Refine#0" [stack: 0x00000094d1800000,0x00000094d1900000] [id=6108]
  0x0000021fa599d000 ConcurrentGCThread "G1 Young RemSet Sampling" [stack: 0x00000094d1900000,0x00000094d1a00000] [id=25360]

Threads with active compile tasks:
C2 CompilerThread0  60897 16462       4       com.android.tools.r8.code.y1::a (4129 bytes)

VM state:at safepoint (normal execution)

VM Mutex/Monitor currently owned by a thread:  ([mutex/lock_event])
[0x0000021fa58dd6f0] Threads_lock - owner thread: 0x0000021fc5d24000
[0x0000021fa58de980] Heap_lock - owner thread: 0x0000021fcb6a3800

Heap address: 0x0000000080000000, size: 2048 MB, Compressed Oops mode: 32-bit
Narrow klass base: 0x0000000000000000, Narrow klass shift: 3
Compressed class space size: 528482304 Address: 0x0000000100000000

Heap:
 garbage-first heap   total 321536K, used 254976K [0x0000000080000000, 0x0000000100000000)
  region size 1024K, 2 young (2048K), 2 survivors (2048K)
 Metaspace       used 119612K, capacity 123311K, committed 123520K, reserved 622592K
  class space    used 15736K, capacity 17147K, committed 17152K, reserved 516096K
Heap Regions: E=young(eden), S=young(survivor), O=old, HS=humongous(starts), HC=humongous(continues), CS=collection set, F=free, A=archive, TAMS=top-at-mark-start (previous, next)
|   0|0x0000000080000000, 0x0000000080100000, 0x0000000080100000|100%|HS|  |TAMS 0x0000000080100000, 0x0000000080100000| Complete 
|   1|0x0000000080100000, 0x0000000080200000, 0x0000000080200000|100%|HC|  |TAMS 0x0000000080200000, 0x0000000080200000| Complete 
|   2|0x0000000080200000, 0x0000000080300000, 0x0000000080300000|100%|HC|  |TAMS 0x0000000080300000, 0x0000000080300000| Complete 
|   3|0x0000000080300000, 0x0000000080400000, 0x0000000080400000|100%| O|  |TAMS 0x0000000080400000, 0x0000000080400000| Untracked 
|   4|0x0000000080400000, 0x0000000080500000, 0x0000000080500000|100%| O|  |TAMS 0x0000000080500000, 0x0000000080500000| Untracked 
|   5|0x0000000080500000, 0x0000000080600000, 0x0000000080600000|100%| O|  |TAMS 0x0000000080600000, 0x0000000080600000| Untracked 
|   6|0x0000000080600000, 0x0000000080700000, 0x0000000080700000|100%| O|  |TAMS 0x0000000080700000, 0x0000000080700000| Untracked 
|   7|0x0000000080700000, 0x0000000080800000, 0x0000000080800000|100%| O|  |TAMS 0x0000000080800000, 0x0000000080800000| Untracked 
|   8|0x0000000080800000, 0x0000000080900000, 0x0000000080900000|100%| O|  |TAMS 0x0000000080900000, 0x0000000080900000| Untracked 
|   9|0x0000000080900000, 0x0000000080a00000, 0x0000000080a00000|100%| O|  |TAMS 0x0000000080a00000, 0x0000000080a00000| Untracked 
|  10|0x0000000080a00000, 0x0000000080b00000, 0x0000000080b00000|100%| O|  |TAMS 0x0000000080b00000, 0x0000000080b00000| Untracked 
|  11|0x0000000080b00000, 0x0000000080c00000, 0x0000000080c00000|100%| O|  |TAMS 0x0000000080c00000, 0x0000000080c00000| Untracked 
|  12|0x0000000080c00000, 0x0000000080d00000, 0x0000000080d00000|100%| O|  |TAMS 0x0000000080d00000, 0x0000000080d00000| Untracked 
|  13|0x0000000080d00000, 0x0000000080e00000, 0x0000000080e00000|100%| O|  |TAMS 0x0000000080e00000, 0x0000000080e00000| Untracked 
|  14|0x0000000080e00000, 0x0000000080f00000, 0x0000000080f00000|100%| O|  |TAMS 0x0000000080f00000, 0x0000000080f00000| Untracked 
|  15|0x0000000080f00000, 0x0000000081000000, 0x0000000081000000|100%| O|  |TAMS 0x0000000081000000, 0x0000000081000000| Untracked 
|  16|0x0000000081000000, 0x0000000081100000, 0x0000000081100000|100%| O|  |TAMS 0x0000000081100000, 0x0000000081100000| Untracked 
|  17|0x0000000081100000, 0x0000000081200000, 0x0000000081200000|100%| O|  |TAMS 0x0000000081200000, 0x0000000081200000| Untracked 
|  18|0x0000000081200000, 0x0000000081300000, 0x0000000081300000|100%| O|  |TAMS 0x0000000081300000, 0x0000000081300000| Untracked 
|  19|0x0000000081300000, 0x0000000081400000, 0x0000000081400000|100%| O|  |TAMS 0x0000000081400000, 0x0000000081400000| Untracked 
|  20|0x0000000081400000, 0x0000000081500000, 0x0000000081500000|100%| O|  |TAMS 0x0000000081500000, 0x0000000081500000| Untracked 
|  21|0x0000000081500000, 0x0000000081600000, 0x0000000081600000|100%| O|  |TAMS 0x0000000081600000, 0x0000000081600000| Untracked 
|  22|0x0000000081600000, 0x0000000081700000, 0x0000000081700000|100%| O|  |TAMS 0x0000000081700000, 0x0000000081700000| Untracked 
|  23|0x0000000081700000, 0x0000000081800000, 0x0000000081800000|100%| O|  |TAMS 0x0000000081800000, 0x0000000081800000| Untracked 
|  24|0x0000000081800000, 0x0000000081900000, 0x0000000081900000|100%| O|  |TAMS 0x0000000081900000, 0x0000000081900000| Untracked 
|  25|0x0000000081900000, 0x0000000081a00000, 0x0000000081a00000|100%| O|  |TAMS 0x0000000081a00000, 0x0000000081a00000| Untracked 
|  26|0x0000000081a00000, 0x0000000081b00000, 0x0000000081b00000|100%| O|  |TAMS 0x0000000081b00000, 0x0000000081b00000| Untracked 
|  27|0x0000000081b00000, 0x0000000081c00000, 0x0000000081c00000|100%| O|  |TAMS 0x0000000081c00000, 0x0000000081c00000| Untracked 
|  28|0x0000000081c00000, 0x0000000081d00000, 0x0000000081d00000|100%| O|  |TAMS 0x0000000081d00000, 0x0000000081d00000| Untracked 
|  29|0x0000000081d00000, 0x0000000081e00000, 0x0000000081e00000|100%| O|  |TAMS 0x0000000081e00000, 0x0000000081e00000| Untracked 
|  30|0x0000000081e00000, 0x0000000081f00000, 0x0000000081f00000|100%|HS|  |TAMS 0x0000000081f00000, 0x0000000081f00000| Complete 
|  31|0x0000000081f00000, 0x0000000082000000, 0x0000000082000000|100%|HS|  |TAMS 0x0000000082000000, 0x0000000082000000| Complete 
|  32|0x0000000082000000, 0x0000000082100000, 0x0000000082100000|100%|HC|  |TAMS 0x0000000082100000, 0x0000000082100000| Complete 
|  33|0x0000000082100000, 0x0000000082200000, 0x0000000082200000|100%|HC|  |TAMS 0x0000000082200000, 0x0000000082200000| Complete 
|  34|0x0000000082200000, 0x0000000082300000, 0x0000000082300000|100%| O|  |TAMS 0x0000000082300000, 0x0000000082300000| Untracked 
|  35|0x0000000082300000, 0x0000000082400000, 0x0000000082400000|100%| O|  |TAMS 0x0000000082400000, 0x0000000082400000| Untracked 
|  36|0x0000000082400000, 0x0000000082500000, 0x0000000082500000|100%| O|  |TAMS 0x0000000082500000, 0x0000000082500000| Untracked 
|  37|0x0000000082500000, 0x0000000082600000, 0x0000000082600000|100%| O|  |TAMS 0x0000000082600000, 0x0000000082600000| Untracked 
|  38|0x0000000082600000, 0x0000000082700000, 0x0000000082700000|100%| O|  |TAMS 0x0000000082700000, 0x0000000082700000| Untracked 
|  39|0x0000000082700000, 0x0000000082800000, 0x0000000082800000|100%| O|  |TAMS 0x0000000082800000, 0x0000000082800000| Untracked 
|  40|0x0000000082800000, 0x0000000082900000, 0x0000000082900000|100%| O|  |TAMS 0x0000000082900000, 0x0000000082900000| Untracked 
|  41|0x0000000082900000, 0x0000000082a00000, 0x0000000082a00000|100%| O|  |TAMS 0x0000000082a00000, 0x0000000082a00000| Untracked 
|  42|0x0000000082a00000, 0x0000000082b00000, 0x0000000082b00000|100%| O|  |TAMS 0x0000000082b00000, 0x0000000082b00000| Untracked 
|  43|0x0000000082b00000, 0x0000000082c00000, 0x0000000082c00000|100%| O|  |TAMS 0x0000000082c00000, 0x0000000082c00000| Untracked 
|  44|0x0000000082c00000, 0x0000000082d00000, 0x0000000082d00000|100%| O|  |TAMS 0x0000000082d00000, 0x0000000082d00000| Untracked 
|  45|0x0000000082d00000, 0x0000000082e00000, 0x0000000082e00000|100%| O|  |TAMS 0x0000000082e00000, 0x0000000082e00000| Untracked 
|  46|0x0000000082e00000, 0x0000000082f00000, 0x0000000082f00000|100%|HS|  |TAMS 0x0000000082f00000, 0x0000000082f00000| Complete 
|  47|0x0000000082f00000, 0x0000000083000000, 0x0000000083000000|100%|HS|  |TAMS 0x0000000083000000, 0x0000000083000000| Complete 
|  48|0x0000000083000000, 0x0000000083100000, 0x0000000083100000|100%|HS|  |TAMS 0x0000000083100000, 0x0000000083100000| Complete 
|  49|0x0000000083100000, 0x0000000083200000, 0x0000000083200000|100%|HC|  |TAMS 0x0000000083200000, 0x0000000083200000| Complete 
|  50|0x0000000083200000, 0x0000000083300000, 0x0000000083300000|100%| O|  |TAMS 0x0000000083300000, 0x0000000083300000| Untracked 
|  51|0x0000000083300000, 0x0000000083400000, 0x0000000083400000|100%| O|  |TAMS 0x0000000083400000, 0x0000000083400000| Untracked 
|  52|0x0000000083400000, 0x0000000083500000, 0x0000000083500000|100%| O|  |TAMS 0x0000000083500000, 0x0000000083500000| Untracked 
|  53|0x0000000083500000, 0x0000000083600000, 0x0000000083600000|100%| O|  |TAMS 0x0000000083600000, 0x0000000083600000| Untracked 
|  54|0x0000000083600000, 0x0000000083700000, 0x0000000083700000|100%| O|  |TAMS 0x0000000083700000, 0x0000000083700000| Untracked 
|  55|0x0000000083700000, 0x0000000083800000, 0x0000000083800000|100%| O|  |TAMS 0x0000000083800000, 0x0000000083800000| Untracked 
|  56|0x0000000083800000, 0x0000000083900000, 0x0000000083900000|100%| O|  |TAMS 0x0000000083900000, 0x0000000083900000| Untracked 
|  57|0x0000000083900000, 0x0000000083a00000, 0x0000000083a00000|100%| O|  |TAMS 0x0000000083a00000, 0x0000000083a00000| Untracked 
|  58|0x0000000083a00000, 0x0000000083b00000, 0x0000000083b00000|100%| O|  |TAMS 0x0000000083b00000, 0x0000000083b00000| Untracked 
|  59|0x0000000083b00000, 0x0000000083c00000, 0x0000000083c00000|100%| O|  |TAMS 0x0000000083c00000, 0x0000000083c00000| Untracked 
|  60|0x0000000083c00000, 0x0000000083d00000, 0x0000000083d00000|100%| O|  |TAMS 0x0000000083d00000, 0x0000000083d00000| Untracked 
|  61|0x0000000083d00000, 0x0000000083e00000, 0x0000000083e00000|100%| O|  |TAMS 0x0000000083e00000, 0x0000000083e00000| Untracked 
|  62|0x0000000083e00000, 0x0000000083f00000, 0x0000000083f00000|100%| O|  |TAMS 0x0000000083f00000, 0x0000000083f00000| Untracked 
|  63|0x0000000083f00000, 0x0000000084000000, 0x0000000084000000|100%| O|  |TAMS 0x0000000084000000, 0x0000000084000000| Untracked 
|  64|0x0000000084000000, 0x0000000084100000, 0x0000000084100000|100%| O|  |TAMS 0x0000000084100000, 0x0000000084100000| Untracked 
|  65|0x0000000084100000, 0x0000000084200000, 0x0000000084200000|100%| O|  |TAMS 0x0000000084200000, 0x0000000084200000| Untracked 
|  66|0x0000000084200000, 0x0000000084300000, 0x0000000084300000|100%| O|  |TAMS 0x0000000084300000, 0x0000000084300000| Untracked 
|  67|0x0000000084300000, 0x0000000084400000, 0x0000000084400000|100%| O|  |TAMS 0x0000000084400000, 0x0000000084400000| Untracked 
|  68|0x0000000084400000, 0x0000000084500000, 0x0000000084500000|100%| O|  |TAMS 0x0000000084500000, 0x0000000084500000| Untracked 
|  69|0x0000000084500000, 0x0000000084600000, 0x0000000084600000|100%| O|  |TAMS 0x0000000084600000, 0x0000000084600000| Untracked 
|  70|0x0000000084600000, 0x0000000084700000, 0x0000000084700000|100%| O|  |TAMS 0x0000000084700000, 0x0000000084700000| Untracked 
|  71|0x0000000084700000, 0x0000000084800000, 0x0000000084800000|100%| O|  |TAMS 0x0000000084800000, 0x0000000084800000| Untracked 
|  72|0x0000000084800000, 0x0000000084900000, 0x0000000084900000|100%| O|  |TAMS 0x0000000084900000, 0x0000000084900000| Untracked 
|  73|0x0000000084900000, 0x0000000084a00000, 0x0000000084a00000|100%| O|  |TAMS 0x0000000084a00000, 0x0000000084a00000| Untracked 
|  74|0x0000000084a00000, 0x0000000084b00000, 0x0000000084b00000|100%| O|  |TAMS 0x0000000084b00000, 0x0000000084b00000| Untracked 
|  75|0x0000000084b00000, 0x0000000084c00000, 0x0000000084c00000|100%| O|  |TAMS 0x0000000084c00000, 0x0000000084c00000| Untracked 
|  76|0x0000000084c00000, 0x0000000084d00000, 0x0000000084d00000|100%| O|  |TAMS 0x0000000084d00000, 0x0000000084d00000| Untracked 
|  77|0x0000000084d00000, 0x0000000084e00000, 0x0000000084e00000|100%| O|  |TAMS 0x0000000084e00000, 0x0000000084e00000| Untracked 
|  78|0x0000000084e00000, 0x0000000084f00000, 0x0000000084f00000|100%| O|  |TAMS 0x0000000084f00000, 0x0000000084f00000| Untracked 
|  79|0x0000000084f00000, 0x0000000085000000, 0x0000000085000000|100%| O|  |TAMS 0x0000000085000000, 0x0000000085000000| Untracked 
|  80|0x0000000085000000, 0x0000000085100000, 0x0000000085100000|100%| O|  |TAMS 0x0000000085100000, 0x0000000085100000| Untracked 
|  81|0x0000000085100000, 0x0000000085200000, 0x0000000085200000|100%| O|  |TAMS 0x0000000085200000, 0x0000000085200000| Untracked 
|  82|0x0000000085200000, 0x0000000085300000, 0x0000000085300000|100%|HS|  |TAMS 0x0000000085300000, 0x0000000085300000| Complete 
|  83|0x0000000085300000, 0x0000000085400000, 0x0000000085400000|100%|HC|  |TAMS 0x0000000085400000, 0x0000000085400000| Complete 
|  84|0x0000000085400000, 0x0000000085500000, 0x0000000085500000|100%|HS|  |TAMS 0x0000000085500000, 0x0000000085500000| Complete 
|  85|0x0000000085500000, 0x0000000085600000, 0x0000000085600000|100%|HC|  |TAMS 0x0000000085600000, 0x0000000085600000| Complete 
|  86|0x0000000085600000, 0x0000000085700000, 0x0000000085700000|100%|HC|  |TAMS 0x0000000085700000, 0x0000000085700000| Complete 
|  87|0x0000000085700000, 0x0000000085800000, 0x0000000085800000|100%|HC|  |TAMS 0x0000000085800000, 0x0000000085800000| Complete 
|  88|0x0000000085800000, 0x0000000085900000, 0x0000000085900000|100%| O|  |TAMS 0x0000000085900000, 0x0000000085900000| Untracked 
|  89|0x0000000085900000, 0x0000000085a00000, 0x0000000085a00000|100%| O|  |TAMS 0x0000000085a00000, 0x0000000085a00000| Untracked 
|  90|0x0000000085a00000, 0x0000000085b00000, 0x0000000085b00000|100%| O|  |TAMS 0x0000000085b00000, 0x0000000085b00000| Untracked 
|  91|0x0000000085b00000, 0x0000000085c00000, 0x0000000085c00000|100%| O|  |TAMS 0x0000000085c00000, 0x0000000085c00000| Untracked 
|  92|0x0000000085c00000, 0x0000000085d00000, 0x0000000085d00000|100%| O|  |TAMS 0x0000000085d00000, 0x0000000085d00000| Untracked 
|  93|0x0000000085d00000, 0x0000000085e00000, 0x0000000085e00000|100%| O|  |TAMS 0x0000000085e00000, 0x0000000085e00000| Untracked 
|  94|0x0000000085e00000, 0x0000000085f00000, 0x0000000085f00000|100%| O|  |TAMS 0x0000000085f00000, 0x0000000085f00000| Untracked 
|  95|0x0000000085f00000, 0x0000000086000000, 0x0000000086000000|100%| O|  |TAMS 0x0000000086000000, 0x0000000086000000| Untracked 
|  96|0x0000000086000000, 0x0000000086100000, 0x0000000086100000|100%| O|  |TAMS 0x0000000086100000, 0x0000000086100000| Untracked 
|  97|0x0000000086100000, 0x0000000086200000, 0x0000000086200000|100%| O|  |TAMS 0x0000000086200000, 0x0000000086200000| Untracked 
|  98|0x0000000086200000, 0x0000000086300000, 0x0000000086300000|100%|HS|  |TAMS 0x0000000086300000, 0x0000000086300000| Complete 
|  99|0x0000000086300000, 0x0000000086400000, 0x0000000086400000|100%|HS|  |TAMS 0x0000000086400000, 0x0000000086400000| Complete 
| 100|0x0000000086400000, 0x0000000086500000, 0x0000000086500000|100%|HS|  |TAMS 0x0000000086500000, 0x0000000086500000| Complete 
| 101|0x0000000086500000, 0x0000000086600000, 0x0000000086600000|100%|HS|  |TAMS 0x0000000086600000, 0x0000000086600000| Complete 
| 102|0x0000000086600000, 0x0000000086700000, 0x0000000086700000|100%|HC|  |TAMS 0x0000000086700000, 0x0000000086700000| Complete 
| 103|0x0000000086700000, 0x0000000086800000, 0x0000000086800000|100%|HC|  |TAMS 0x0000000086800000, 0x0000000086800000| Complete 
| 104|0x0000000086800000, 0x0000000086900000, 0x0000000086900000|100%| O|  |TAMS 0x0000000086900000, 0x0000000086900000| Untracked 
| 105|0x0000000086900000, 0x0000000086a00000, 0x0000000086a00000|100%| O|  |TAMS 0x0000000086a00000, 0x0000000086a00000| Untracked 
| 106|0x0000000086a00000, 0x0000000086b00000, 0x0000000086b00000|100%| O|  |TAMS 0x0000000086b00000, 0x0000000086b00000| Untracked 
| 107|0x0000000086b00000, 0x0000000086c00000, 0x0000000086c00000|100%| O|  |TAMS 0x0000000086c00000, 0x0000000086c00000| Untracked 
| 108|0x0000000086c00000, 0x0000000086d00000, 0x0000000086d00000|100%| O|  |TAMS 0x0000000086d00000, 0x0000000086d00000| Untracked 
| 109|0x0000000086d00000, 0x0000000086e00000, 0x0000000086e00000|100%| O|  |TAMS 0x0000000086e00000, 0x0000000086e00000| Untracked 
| 110|0x0000000086e00000, 0x0000000086f00000, 0x0000000086f00000|100%| O|  |TAMS 0x0000000086f00000, 0x0000000086f00000| Untracked 
| 111|0x0000000086f00000, 0x0000000087000000, 0x0000000087000000|100%| O|  |TAMS 0x0000000087000000, 0x0000000087000000| Untracked 
| 112|0x0000000087000000, 0x0000000087100000, 0x0000000087100000|100%| O|  |TAMS 0x0000000087100000, 0x0000000087100000| Untracked 
| 113|0x0000000087100000, 0x0000000087200000, 0x0000000087200000|100%|HS|  |TAMS 0x0000000087200000, 0x0000000087200000| Complete 
| 114|0x0000000087200000, 0x0000000087300000, 0x0000000087300000|100%|HS|  |TAMS 0x0000000087300000, 0x0000000087300000| Complete 
| 115|0x0000000087300000, 0x0000000087400000, 0x0000000087400000|100%| O|  |TAMS 0x0000000087400000, 0x0000000087400000| Untracked 
| 116|0x0000000087400000, 0x0000000087500000, 0x0000000087500000|100%| O|  |TAMS 0x0000000087500000, 0x0000000087500000| Untracked 
| 117|0x0000000087500000, 0x0000000087600000, 0x0000000087600000|100%|HS|  |TAMS 0x0000000087600000, 0x0000000087600000| Complete 
| 118|0x0000000087600000, 0x0000000087700000, 0x0000000087700000|100%|HC|  |TAMS 0x0000000087700000, 0x0000000087700000| Complete 
| 119|0x0000000087700000, 0x0000000087800000, 0x0000000087800000|100%|HC|  |TAMS 0x0000000087800000, 0x0000000087800000| Complete 
| 120|0x0000000087800000, 0x0000000087900000, 0x0000000087900000|100%| O|  |TAMS 0x0000000087900000, 0x0000000087900000| Untracked 
| 121|0x0000000087900000, 0x0000000087a00000, 0x0000000087a00000|100%| O|  |TAMS 0x0000000087a00000, 0x0000000087a00000| Untracked 
| 122|0x0000000087a00000, 0x0000000087b00000, 0x0000000087b00000|100%| O|  |TAMS 0x0000000087b00000, 0x0000000087b00000| Untracked 
| 123|0x0000000087b00000, 0x0000000087c00000, 0x0000000087c00000|100%| O|  |TAMS 0x0000000087c00000, 0x0000000087c00000| Untracked 
| 124|0x0000000087c00000, 0x0000000087d00000, 0x0000000087d00000|100%| O|  |TAMS 0x0000000087d00000, 0x0000000087d00000| Untracked 
| 125|0x0000000087d00000, 0x0000000087e00000, 0x0000000087e00000|100%| O|  |TAMS 0x0000000087e00000, 0x0000000087e00000| Untracked 
| 126|0x0000000087e00000, 0x0000000087f00000, 0x0000000087f00000|100%| O|  |TAMS 0x0000000087f00000, 0x0000000087f00000| Untracked 
| 127|0x0000000087f00000, 0x0000000088000000, 0x0000000088000000|100%| O|  |TAMS 0x0000000088000000, 0x0000000088000000| Untracked 
| 128|0x0000000088000000, 0x0000000088100000, 0x0000000088100000|100%| O|  |TAMS 0x0000000088100000, 0x0000000088100000| Untracked 
| 129|0x0000000088100000, 0x0000000088200000, 0x0000000088200000|100%| O|  |TAMS 0x0000000088200000, 0x0000000088200000| Untracked 
| 130|0x0000000088200000, 0x0000000088300000, 0x0000000088300000|100%| O|  |TAMS 0x0000000088300000, 0x0000000088300000| Untracked 
| 131|0x0000000088300000, 0x0000000088400000, 0x0000000088400000|100%| O|  |TAMS 0x0000000088400000, 0x0000000088400000| Untracked 
| 132|0x0000000088400000, 0x0000000088500000, 0x0000000088500000|100%| O|  |TAMS 0x0000000088500000, 0x0000000088500000| Untracked 
| 133|0x0000000088500000, 0x0000000088600000, 0x0000000088600000|100%| O|  |TAMS 0x0000000088600000, 0x0000000088600000| Untracked 
| 134|0x0000000088600000, 0x0000000088700000, 0x0000000088700000|100%| O|  |TAMS 0x0000000088700000, 0x0000000088700000| Untracked 
| 135|0x0000000088700000, 0x0000000088800000, 0x0000000088800000|100%| O|  |TAMS 0x0000000088800000, 0x0000000088800000| Untracked 
| 136|0x0000000088800000, 0x0000000088900000, 0x0000000088900000|100%| O|  |TAMS 0x0000000088900000, 0x0000000088900000| Untracked 
| 137|0x0000000088900000, 0x0000000088a00000, 0x0000000088a00000|100%| O|  |TAMS 0x0000000088a00000, 0x0000000088a00000| Untracked 
| 138|0x0000000088a00000, 0x0000000088b00000, 0x0000000088b00000|100%| O|  |TAMS 0x0000000088b00000, 0x0000000088b00000| Untracked 
| 139|0x0000000088b00000, 0x0000000088c00000, 0x0000000088c00000|100%| O|  |TAMS 0x0000000088c00000, 0x0000000088c00000| Untracked 
| 140|0x0000000088c00000, 0x0000000088d00000, 0x0000000088d00000|100%| O|  |TAMS 0x0000000088d00000, 0x0000000088d00000| Untracked 
| 141|0x0000000088d00000, 0x0000000088e00000, 0x0000000088e00000|100%| O|  |TAMS 0x0000000088e00000, 0x0000000088e00000| Untracked 
| 142|0x0000000088e00000, 0x0000000088f00000, 0x0000000088f00000|100%| O|  |TAMS 0x0000000088f00000, 0x0000000088f00000| Untracked 
| 143|0x0000000088f00000, 0x0000000089000000, 0x0000000089000000|100%| O|  |TAMS 0x0000000089000000, 0x0000000089000000| Untracked 
| 144|0x0000000089000000, 0x0000000089100000, 0x0000000089100000|100%| O|  |TAMS 0x0000000089100000, 0x0000000089100000| Untracked 
| 145|0x0000000089100000, 0x0000000089200000, 0x0000000089200000|100%| O|  |TAMS 0x0000000089200000, 0x0000000089200000| Untracked 
| 146|0x0000000089200000, 0x0000000089300000, 0x0000000089300000|100%| O|  |TAMS 0x0000000089300000, 0x0000000089300000| Untracked 
| 147|0x0000000089300000, 0x0000000089400000, 0x0000000089400000|100%| O|  |TAMS 0x0000000089400000, 0x0000000089400000| Untracked 
| 148|0x0000000089400000, 0x0000000089500000, 0x0000000089500000|100%| O|  |TAMS 0x0000000089500000, 0x0000000089500000| Untracked 
| 149|0x0000000089500000, 0x0000000089600000, 0x0000000089600000|100%| O|  |TAMS 0x0000000089600000, 0x0000000089600000| Untracked 
| 150|0x0000000089600000, 0x0000000089700000, 0x0000000089700000|100%| O|  |TAMS 0x0000000089700000, 0x0000000089700000| Untracked 
| 151|0x0000000089700000, 0x0000000089800000, 0x0000000089800000|100%| O|  |TAMS 0x0000000089800000, 0x0000000089800000| Untracked 
| 152|0x0000000089800000, 0x0000000089900000, 0x0000000089900000|100%| O|  |TAMS 0x0000000089900000, 0x0000000089900000| Untracked 
| 153|0x0000000089900000, 0x0000000089a00000, 0x0000000089a00000|100%| O|  |TAMS 0x0000000089a00000, 0x0000000089a00000| Untracked 
| 154|0x0000000089a00000, 0x0000000089b00000, 0x0000000089b00000|100%| O|  |TAMS 0x0000000089b00000, 0x0000000089b00000| Untracked 
| 155|0x0000000089b00000, 0x0000000089c00000, 0x0000000089c00000|100%| O|  |TAMS 0x0000000089c00000, 0x0000000089c00000| Untracked 
| 156|0x0000000089c00000, 0x0000000089d00000, 0x0000000089d00000|100%| O|  |TAMS 0x0000000089d00000, 0x0000000089d00000| Untracked 
| 157|0x0000000089d00000, 0x0000000089e00000, 0x0000000089e00000|100%| O|  |TAMS 0x0000000089e00000, 0x0000000089e00000| Untracked 
| 158|0x0000000089e00000, 0x0000000089f00000, 0x0000000089f00000|100%| O|  |TAMS 0x0000000089f00000, 0x0000000089f00000| Untracked 
| 159|0x0000000089f00000, 0x000000008a000000, 0x000000008a000000|100%| O|  |TAMS 0x000000008a000000, 0x000000008a000000| Untracked 
| 160|0x000000008a000000, 0x000000008a100000, 0x000000008a100000|100%| O|  |TAMS 0x000000008a100000, 0x000000008a100000| Untracked 
| 161|0x000000008a100000, 0x000000008a200000, 0x000000008a200000|100%| O|  |TAMS 0x000000008a200000, 0x000000008a200000| Untracked 
| 162|0x000000008a200000, 0x000000008a300000, 0x000000008a300000|100%| O|  |TAMS 0x000000008a300000, 0x000000008a300000| Untracked 
| 163|0x000000008a300000, 0x000000008a400000, 0x000000008a400000|100%| O|  |TAMS 0x000000008a400000, 0x000000008a400000| Untracked 
| 164|0x000000008a400000, 0x000000008a500000, 0x000000008a500000|100%|HS|  |TAMS 0x000000008a500000, 0x000000008a500000| Complete 
| 165|0x000000008a500000, 0x000000008a600000, 0x000000008a600000|100%|HC|  |TAMS 0x000000008a600000, 0x000000008a600000| Complete 
| 166|0x000000008a600000, 0x000000008a700000, 0x000000008a700000|100%|HS|  |TAMS 0x000000008a700000, 0x000000008a700000| Complete 
| 167|0x000000008a700000, 0x000000008a800000, 0x000000008a800000|100%|HS|  |TAMS 0x000000008a800000, 0x000000008a800000| Complete 
| 168|0x000000008a800000, 0x000000008a900000, 0x000000008a900000|100%|HS|  |TAMS 0x000000008a900000, 0x000000008a900000| Complete 
| 169|0x000000008a900000, 0x000000008aa00000, 0x000000008aa00000|100%|HS|  |TAMS 0x000000008aa00000, 0x000000008aa00000| Complete 
| 170|0x000000008aa00000, 0x000000008ab00000, 0x000000008ab00000|100%|HS|  |TAMS 0x000000008ab00000, 0x000000008ab00000| Complete 
| 171|0x000000008ab00000, 0x000000008ac00000, 0x000000008ac00000|100%|HC|  |TAMS 0x000000008ac00000, 0x000000008ac00000| Complete 
| 172|0x000000008ac00000, 0x000000008ad00000, 0x000000008ad00000|100%|HC|  |TAMS 0x000000008ad00000, 0x000000008ad00000| Complete 
| 173|0x000000008ad00000, 0x000000008ae00000, 0x000000008ae00000|100%| O|  |TAMS 0x000000008ae00000, 0x000000008ae00000| Untracked 
| 174|0x000000008ae00000, 0x000000008af00000, 0x000000008af00000|100%| O|  |TAMS 0x000000008af00000, 0x000000008af00000| Untracked 
| 175|0x000000008af00000, 0x000000008b000000, 0x000000008b000000|100%| O|  |TAMS 0x000000008b000000, 0x000000008b000000| Untracked 
| 176|0x000000008b000000, 0x000000008b100000, 0x000000008b100000|100%| O|  |TAMS 0x000000008b100000, 0x000000008b100000| Untracked 
| 177|0x000000008b100000, 0x000000008b200000, 0x000000008b200000|100%| O|  |TAMS 0x000000008b200000, 0x000000008b200000| Untracked 
| 178|0x000000008b200000, 0x000000008b300000, 0x000000008b300000|100%|HS|  |TAMS 0x000000008b300000, 0x000000008b300000| Complete 
| 179|0x000000008b300000, 0x000000008b400000, 0x000000008b400000|100%|HC|  |TAMS 0x000000008b400000, 0x000000008b400000| Complete 
| 180|0x000000008b400000, 0x000000008b500000, 0x000000008b500000|100%| O|  |TAMS 0x000000008b500000, 0x000000008b500000| Untracked 
| 181|0x000000008b500000, 0x000000008b600000, 0x000000008b600000|100%|HS|  |TAMS 0x000000008b600000, 0x000000008b600000| Complete 
| 182|0x000000008b600000, 0x000000008b700000, 0x000000008b700000|100%| O|  |TAMS 0x000000008b700000, 0x000000008b700000| Untracked 
| 183|0x000000008b700000, 0x000000008b800000, 0x000000008b800000|100%|HS|  |TAMS 0x000000008b800000, 0x000000008b800000| Complete 
| 184|0x000000008b800000, 0x000000008b900000, 0x000000008b900000|100%| O|  |TAMS 0x000000008b900000, 0x000000008b900000| Untracked 
| 185|0x000000008b900000, 0x000000008ba00000, 0x000000008ba00000|100%|HS|  |TAMS 0x000000008ba00000, 0x000000008ba00000| Complete 
| 186|0x000000008ba00000, 0x000000008bb00000, 0x000000008bb00000|100%|HS|  |TAMS 0x000000008ba00000, 0x000000008bb00000| Complete 
| 187|0x000000008bb00000, 0x000000008bc00000, 0x000000008bc00000|100%|HS|  |TAMS 0x000000008bc00000, 0x000000008bc00000| Complete 
| 188|0x000000008bc00000, 0x000000008bd00000, 0x000000008bd00000|100%|HS|  |TAMS 0x000000008bc00000, 0x000000008bd00000| Complete 
| 189|0x000000008bd00000, 0x000000008be00000, 0x000000008be00000|100%| O|  |TAMS 0x000000008bd00000, 0x000000008be00000| Untracked 
| 190|0x000000008be00000, 0x000000008bf00000, 0x000000008bf00000|100%| O|  |TAMS 0x000000008be00000, 0x000000008bf00000| Untracked 
| 191|0x000000008bf00000, 0x000000008c000000, 0x000000008c000000|100%| O|  |TAMS 0x000000008bf00000, 0x000000008c000000| Untracked 
| 192|0x000000008c000000, 0x000000008c100000, 0x000000008c100000|100%| O|  |TAMS 0x000000008c000000, 0x000000008c100000| Untracked 
| 193|0x000000008c100000, 0x000000008c200000, 0x000000008c200000|100%| O|  |TAMS 0x000000008c100000, 0x000000008c200000| Untracked 
| 194|0x000000008c200000, 0x000000008c300000, 0x000000008c300000|100%|HS|  |TAMS 0x000000008c300000, 0x000000008c300000| Complete 
| 195|0x000000008c300000, 0x000000008c400000, 0x000000008c400000|100%|HC|  |TAMS 0x000000008c400000, 0x000000008c400000| Complete 
| 196|0x000000008c400000, 0x000000008c500000, 0x000000008c500000|100%|HC|  |TAMS 0x000000008c500000, 0x000000008c500000| Complete 
| 197|0x000000008c500000, 0x000000008c600000, 0x000000008c600000|100%| O|  |TAMS 0x000000008c600000, 0x000000008c600000| Untracked 
| 198|0x000000008c600000, 0x000000008c700000, 0x000000008c700000|100%| O|  |TAMS 0x000000008c700000, 0x000000008c700000| Untracked 
| 199|0x000000008c700000, 0x000000008c800000, 0x000000008c800000|100%| O|  |TAMS 0x000000008c800000, 0x000000008c800000| Untracked 
| 200|0x000000008c800000, 0x000000008c900000, 0x000000008c900000|100%| O|  |TAMS 0x000000008c900000, 0x000000008c900000| Untracked 
| 201|0x000000008c900000, 0x000000008ca00000, 0x000000008ca00000|100%| O|  |TAMS 0x000000008ca00000, 0x000000008ca00000| Untracked 
| 202|0x000000008ca00000, 0x000000008cb00000, 0x000000008cb00000|100%| O|  |TAMS 0x000000008cb00000, 0x000000008cb00000| Untracked 
| 203|0x000000008cb00000, 0x000000008cc00000, 0x000000008cc00000|100%| O|  |TAMS 0x000000008cc00000, 0x000000008cc00000| Untracked 
| 204|0x000000008cc00000, 0x000000008cd00000, 0x000000008cd00000|100%| O|  |TAMS 0x000000008cd00000, 0x000000008cd00000| Untracked 
| 205|0x000000008cd00000, 0x000000008ce00000, 0x000000008ce00000|100%| O|  |TAMS 0x000000008ce00000, 0x000000008ce00000| Untracked 
| 206|0x000000008ce00000, 0x000000008cf00000, 0x000000008cf00000|100%| O|  |TAMS 0x000000008cf00000, 0x000000008cf00000| Untracked 
| 207|0x000000008cf00000, 0x000000008d000000, 0x000000008d000000|100%| O|  |TAMS 0x000000008d000000, 0x000000008d000000| Untracked 
| 208|0x000000008d000000, 0x000000008d100000, 0x000000008d100000|100%| O|  |TAMS 0x000000008d000000, 0x000000008d100000| Untracked 
| 209|0x000000008d100000, 0x000000008d200000, 0x000000008d200000|100%| O|  |TAMS 0x000000008d100000, 0x000000008d200000| Untracked 
| 210|0x000000008d200000, 0x000000008d300000, 0x000000008d300000|100%| O|  |TAMS 0x000000008d200000, 0x000000008d300000| Untracked 
| 211|0x000000008d300000, 0x000000008d400000, 0x000000008d400000|100%| O|  |TAMS 0x000000008d300000, 0x000000008d400000| Untracked 
| 212|0x000000008d400000, 0x000000008d500000, 0x000000008d500000|100%| O|  |TAMS 0x000000008d400000, 0x000000008d500000| Untracked 
| 213|0x000000008d500000, 0x000000008d600000, 0x000000008d600000|100%| O|  |TAMS 0x000000008d500000, 0x000000008d600000| Untracked 
| 214|0x000000008d600000, 0x000000008d700000, 0x000000008d700000|100%| O|  |TAMS 0x000000008d600000, 0x000000008d700000| Untracked 
| 215|0x000000008d700000, 0x000000008d800000, 0x000000008d800000|100%| O|  |TAMS 0x000000008d700000, 0x000000008d800000| Untracked 
| 216|0x000000008d800000, 0x000000008d900000, 0x000000008d900000|100%| O|  |TAMS 0x000000008d800000, 0x000000008d900000| Untracked 
| 217|0x000000008d900000, 0x000000008da00000, 0x000000008da00000|100%| O|  |TAMS 0x000000008d900000, 0x000000008da00000| Untracked 
| 218|0x000000008da00000, 0x000000008db00000, 0x000000008db00000|100%| O|  |TAMS 0x000000008da00000, 0x000000008db00000| Untracked 
| 219|0x000000008db00000, 0x000000008dc00000, 0x000000008dc00000|100%| O|  |TAMS 0x000000008db00000, 0x000000008dc00000| Untracked 
| 220|0x000000008dc00000, 0x000000008dd00000, 0x000000008dd00000|100%| O|  |TAMS 0x000000008dc00000, 0x000000008dd00000| Untracked 
| 221|0x000000008dd00000, 0x000000008de00000, 0x000000008de00000|100%| O|  |TAMS 0x000000008dd00000, 0x000000008dddd800| Untracked 
| 222|0x000000008de00000, 0x000000008df00000, 0x000000008df00000|100%| O|  |TAMS 0x000000008de00000, 0x000000008de00000| Untracked 
| 223|0x000000008df00000, 0x000000008e000000, 0x000000008e000000|100%| O|  |TAMS 0x000000008df00000, 0x000000008df00000| Untracked 
| 224|0x000000008e000000, 0x000000008e100000, 0x000000008e100000|100%| O|  |TAMS 0x000000008e000000, 0x000000008e000000| Untracked 
| 225|0x000000008e100000, 0x000000008e200000, 0x000000008e200000|100%| O|  |TAMS 0x000000008e100000, 0x000000008e100000| Untracked 
| 226|0x000000008e200000, 0x000000008e300000, 0x000000008e300000|100%| O|  |TAMS 0x000000008e200000, 0x000000008e200000| Untracked 
| 227|0x000000008e300000, 0x000000008e400000, 0x000000008e400000|100%| O|  |TAMS 0x000000008e300000, 0x000000008e300000| Untracked 
| 228|0x000000008e400000, 0x000000008e500000, 0x000000008e500000|100%| O|  |TAMS 0x000000008e400000, 0x000000008e400000| Untracked 
| 229|0x000000008e500000, 0x000000008e600000, 0x000000008e600000|100%| O|  |TAMS 0x000000008e500000, 0x000000008e500000| Untracked 
| 230|0x000000008e600000, 0x000000008e700000, 0x000000008e700000|100%| O|  |TAMS 0x000000008e600000, 0x000000008e600000| Untracked 
| 231|0x000000008e700000, 0x000000008e800000, 0x000000008e800000|100%| O|  |TAMS 0x000000008e700000, 0x000000008e700000| Untracked 
| 232|0x000000008e800000, 0x000000008e900000, 0x000000008e900000|100%| O|  |TAMS 0x000000008e800000, 0x000000008e800000| Untracked 
| 233|0x000000008e900000, 0x000000008ea00000, 0x000000008ea00000|100%| O|  |TAMS 0x000000008e900000, 0x000000008e900000| Untracked 
| 234|0x000000008ea00000, 0x000000008eb00000, 0x000000008eb00000|100%| O|  |TAMS 0x000000008ea00000, 0x000000008ea00000| Untracked 
| 235|0x000000008eb00000, 0x000000008ec00000, 0x000000008ec00000|100%| O|  |TAMS 0x000000008eb00000, 0x000000008eb00000| Untracked 
| 236|0x000000008ec00000, 0x000000008ed00000, 0x000000008ed00000|100%| O|  |TAMS 0x000000008ec00000, 0x000000008ec00000| Untracked 
| 237|0x000000008ed00000, 0x000000008ee00000, 0x000000008ee00000|100%| O|  |TAMS 0x000000008ed00000, 0x000000008ed00000| Untracked 
| 238|0x000000008ee00000, 0x000000008ef00000, 0x000000008ef00000|100%| O|  |TAMS 0x000000008ee00000, 0x000000008ee00000| Untracked 
| 239|0x000000008ef00000, 0x000000008f000000, 0x000000008f000000|100%| O|  |TAMS 0x000000008ef00000, 0x000000008ef00000| Untracked 
| 240|0x000000008f000000, 0x000000008f100000, 0x000000008f100000|100%| O|  |TAMS 0x000000008f000000, 0x000000008f000000| Untracked 
| 241|0x000000008f100000, 0x000000008f100000, 0x000000008f200000|  0%| F|  |TAMS 0x000000008f100000, 0x000000008f100000| Untracked 
| 242|0x000000008f200000, 0x000000008f200000, 0x000000008f300000|  0%| F|  |TAMS 0x000000008f200000, 0x000000008f200000| Untracked 
| 243|0x000000008f300000, 0x000000008f400000, 0x000000008f400000|100%| S|CS|TAMS 0x000000008f300000, 0x000000008f300000| Complete 
| 244|0x000000008f400000, 0x000000008f500000, 0x000000008f500000|100%| S|CS|TAMS 0x000000008f400000, 0x000000008f400000| Complete 
| 245|0x000000008f500000, 0x000000008f500000, 0x000000008f600000|  0%| F|  |TAMS 0x000000008f500000, 0x000000008f500000| Untracked 
| 246|0x000000008f600000, 0x000000008f600000, 0x000000008f700000|  0%| F|  |TAMS 0x000000008f600000, 0x000000008f600000| Untracked 
| 247|0x000000008f700000, 0x000000008f700000, 0x000000008f800000|  0%| F|  |TAMS 0x000000008f700000, 0x000000008f700000| Untracked 
| 248|0x000000008f800000, 0x000000008f800000, 0x000000008f900000|  0%| F|  |TAMS 0x000000008f800000, 0x000000008f800000| Untracked 
| 249|0x000000008f900000, 0x000000008f900000, 0x000000008fa00000|  0%| F|  |TAMS 0x000000008f900000, 0x000000008f900000| Untracked 
| 250|0x000000008fa00000, 0x000000008fa00000, 0x000000008fb00000|  0%| F|  |TAMS 0x000000008fa00000, 0x000000008fa00000| Untracked 
| 251|0x000000008fb00000, 0x000000008fb00000, 0x000000008fc00000|  0%| F|  |TAMS 0x000000008fb00000, 0x000000008fb00000| Untracked 
| 252|0x000000008fc00000, 0x000000008fc00000, 0x000000008fd00000|  0%| F|  |TAMS 0x000000008fc00000, 0x000000008fc00000| Untracked 
| 253|0x000000008fd00000, 0x000000008fd00000, 0x000000008fe00000|  0%| F|  |TAMS 0x000000008fd00000, 0x000000008fd00000| Untracked 
| 254|0x000000008fe00000, 0x000000008fe00000, 0x000000008ff00000|  0%| F|  |TAMS 0x000000008fe00000, 0x000000008fe00000| Untracked 
| 255|0x000000008ff00000, 0x0000000090000000, 0x0000000090000000|100%| O|  |TAMS 0x0000000090000000, 0x0000000090000000| Untracked 
| 256|0x0000000090000000, 0x0000000090100000, 0x0000000090100000|100%| O|  |TAMS 0x0000000090100000, 0x0000000090100000| Untracked 
| 257|0x0000000090100000, 0x0000000090200000, 0x0000000090200000|100%| O|  |TAMS 0x0000000090200000, 0x0000000090200000| Untracked 
| 258|0x0000000090200000, 0x0000000090300000, 0x0000000090300000|100%| O|  |TAMS 0x0000000090200000, 0x0000000090200000| Untracked 
| 259|0x0000000090300000, 0x0000000090400000, 0x0000000090400000|100%| O|  |TAMS 0x0000000090300000, 0x0000000090300000| Untracked 
| 260|0x0000000090400000, 0x0000000090500000, 0x0000000090500000|100%| O|  |TAMS 0x0000000090400000, 0x0000000090400000| Untracked 

Card table byte_map: [0x0000021fbef20000,0x0000021fbf320000] _byte_map_base: 0x0000021fbeb20000

Marking Bits (Prev, Next): (CMBitMap*) 0x0000021fa591faa8, (CMBitMap*) 0x0000021fa591fae0
 Prev Bits: [0x0000021fbf720000, 0x0000021fc1720000)
 Next Bits: [0x0000021fc1720000, 0x0000021fc3720000)

Polling page: 0x0000021fa59c0000

Metaspace:

Usage:
  Non-class:    103.68 MB capacity,   101.44 MB ( 98%) used,     1.88 MB (  2%) free+waste,   365.25 KB ( <1%) overhead. 
      Class:     16.75 MB capacity,    15.37 MB ( 92%) used,     1.22 MB (  7%) free+waste,   164.50 KB ( <1%) overhead. 
       Both:    120.42 MB capacity,   116.81 MB ( 97%) used,     3.09 MB (  3%) free+waste,   529.75 KB ( <1%) overhead. 

Virtual space:
  Non-class space:      104.00 MB reserved,     103.88 MB (>99%) committed 
      Class space:      504.00 MB reserved,      16.75 MB (  3%) committed 
             Both:      608.00 MB reserved,     120.63 MB ( 20%) committed 

Chunk freelists:
   Non-Class:  1.50 KB
       Class:  640 bytes
        Both:  2.13 KB

CodeHeap 'non-profiled nmethods': size=120064Kb used=9304Kb max_used=9335Kb free=110759Kb
 bounds [0x0000021fb6fb0000, 0x0000021fb78e0000, 0x0000021fbe4f0000]
CodeHeap 'profiled nmethods': size=120000Kb used=31566Kb max_used=31583Kb free=88434Kb
 bounds [0x0000021fafa80000, 0x0000021fb19b0000, 0x0000021fb6fb0000]
CodeHeap 'non-nmethods': size=5696Kb used=2354Kb max_used=2391Kb free=3341Kb
 bounds [0x0000021faf4f0000, 0x0000021faf760000, 0x0000021fafa80000]
 total_blobs=15203 nmethods=14237 adapters=876
 compilation: enabled
              stopped_count=0, restarted_count=0
 full_count=0

Compilation events (10 events):
Event: 60.782 Thread 0x0000021fc5d8f000 16639       2       com.android.tools.r8.code.z1::<init> (7 bytes)
Event: 60.782 Thread 0x0000021fc5d8f000 nmethod 16639 0x0000021fb0dafc10 code [0x0000021fb0dafdc0, 0x0000021fb0daff78]
Event: 60.782 Thread 0x0000021fc5d8f000 16640       2       com.android.tools.r8.code.N0::hashCode (28 bytes)
Event: 60.782 Thread 0x0000021fc5d8f000 nmethod 16640 0x0000021fb0ea6f10 code [0x0000021fb0ea70c0, 0x0000021fb0ea7270]
Event: 60.782 Thread 0x0000021fc5d8f000 16641       2       com.android.tools.r8.code.N0::<init> (34 bytes)
Event: 60.783 Thread 0x0000021fc5d8f000 nmethod 16641 0x0000021fb0ebb310 code [0x0000021fb0ebb4c0, 0x0000021fb0ebb6f0]
Event: 60.788 Thread 0x0000021fc5d8f000 16642       2       com.android.tools.r8.code.s2::<init> (7 bytes)
Event: 60.788 Thread 0x0000021fc5d8f000 nmethod 16642 0x0000021fb0ebad90 code [0x0000021fb0ebaf40, 0x0000021fb0ebb0f8]
Event: 60.790 Thread 0x0000021fc5d8f000 16644       2       com.android.tools.r8.code.i::<init> (7 bytes)
Event: 60.791 Thread 0x0000021fc5d8f000 nmethod 16644 0x0000021fb0f6f110 code [0x0000021fb0f6f2c0, 0x0000021fb0f6f478]

GC Heap History (10 events):
Event: 60.421 GC heap after
{Heap after GC invocations=96 (full 0):
 garbage-first heap   total 264192K, used 227090K [0x0000000080000000, 0x0000000100000000)
  region size 1024K, 2 young (2048K), 2 survivors (2048K)
 Metaspace       used 119517K, capacity 123238K, committed 123264K, reserved 622592K
  class space    used 15736K, capacity 17147K, committed 17152K, reserved 516096K
}
Event: 60.494 GC heap before
{Heap before GC invocations=96 (full 0):
 garbage-first heap   total 264192K, used 237330K [0x0000000080000000, 0x0000000100000000)
  region size 1024K, 12 young (12288K), 2 survivors (2048K)
 Metaspace       used 119568K, capacity 123308K, committed 123520K, reserved 622592K
  class space    used 15736K, capacity 17147K, committed 17152K, reserved 516096K
}
Event: 60.505 GC heap after
{Heap after GC invocations=97 (full 0):
 garbage-first heap   total 264192K, used 232310K [0x0000000080000000, 0x0000000100000000)
  region size 1024K, 2 young (2048K), 2 survivors (2048K)
 Metaspace       used 119568K, capacity 123308K, committed 123520K, reserved 622592K
  class space    used 15736K, capacity 17147K, committed 17152K, reserved 516096K
}
Event: 60.581 GC heap before
{Heap before GC invocations=97 (full 0):
 garbage-first heap   total 264192K, used 242550K [0x0000000080000000, 0x0000000100000000)
  region size 1024K, 12 young (12288K), 2 survivors (2048K)
 Metaspace       used 119583K, capacity 123308K, committed 123520K, reserved 622592K
  class space    used 15736K, capacity 17147K, committed 17152K, reserved 516096K
}
Event: 60.591 GC heap after
{Heap after GC invocations=98 (full 0):
 garbage-first heap   total 264192K, used 237568K [0x0000000080000000, 0x0000000100000000)
  region size 1024K, 2 young (2048K), 2 survivors (2048K)
 Metaspace       used 119583K, capacity 123308K, committed 123520K, reserved 622592K
  class space    used 15736K, capacity 17147K, committed 17152K, reserved 516096K
}
Event: 60.648 GC heap before
{Heap before GC invocations=98 (full 0):
 garbage-first heap   total 264192K, used 247808K [0x0000000080000000, 0x0000000100000000)
  region size 1024K, 12 young (12288K), 2 survivors (2048K)
 Metaspace       used 119595K, capacity 123310K, committed 123520K, reserved 622592K
  class space    used 15736K, capacity 17147K, committed 17152K, reserved 516096K
}
Event: 60.659 GC heap after
{Heap after GC invocations=99 (full 0):
 garbage-first heap   total 264192K, used 243421K [0x0000000080000000, 0x0000000100000000)
  region size 1024K, 2 young (2048K), 2 survivors (2048K)
 Metaspace       used 119595K, capacity 123310K, committed 123520K, reserved 622592K
  class space    used 15736K, capacity 17147K, committed 17152K, reserved 516096K
}
Event: 60.742 GC heap before
{Heap before GC invocations=99 (full 0):
 garbage-first heap   total 264192K, used 253661K [0x0000000080000000, 0x0000000100000000)
  region size 1024K, 12 young (12288K), 2 survivors (2048K)
 Metaspace       used 119608K, capacity 123311K, committed 123520K, reserved 622592K
  class space    used 15736K, capacity 17147K, committed 17152K, reserved 516096K
}
Event: 60.752 GC heap after
{Heap after GC invocations=100 (full 0):
 garbage-first heap   total 264192K, used 249338K [0x0000000080000000, 0x0000000100000000)
  region size 1024K, 2 young (2048K), 2 survivors (2048K)
 Metaspace       used 119608K, capacity 123311K, committed 123520K, reserved 622592K
  class space    used 15736K, capacity 17147K, committed 17152K, reserved 516096K
}
Event: 60.838 GC heap before
{Heap before GC invocations=100 (full 0):
 garbage-first heap   total 264192K, used 259578K [0x0000000080000000, 0x0000000100000000)
  region size 1024K, 12 young (12288K), 2 survivors (2048K)
 Metaspace       used 119612K, capacity 123311K, committed 123520K, reserved 622592K
  class space    used 15736K, capacity 17147K, committed 17152K, reserved 516096K
}

Deoptimization events (10 events):
Event: 59.959 Thread 0x0000021fcb6a5000 Uncommon trap: reason=unstable_if action=reinterpret pc=0x0000021fb70232ec method=com.android.tools.r8.graph.f1.equals(Ljava/lang/Object;)Z @ 28 c2
Event: 59.960 Thread 0x0000021fcb6a5000 Uncommon trap: reason=unstable_if action=reinterpret pc=0x0000021fb700d0a0 method=com.android.tools.r8.graph.f1.equals(Ljava/lang/Object;)Z @ 28 c2
Event: 60.043 Thread 0x0000021fcb6a6000 Uncommon trap: reason=class_check action=maybe_recompile pc=0x0000021fb78cc4b0 method=com.android.tools.r8.dex.j.a(ILjava/util/function/Supplier;)Ljava/lang/Object; @ 31 c2
Event: 60.043 Thread 0x0000021fcb6a6000 Uncommon trap: reason=class_check action=maybe_recompile pc=0x0000021fb78cc4b0 method=com.android.tools.r8.dex.j.a(ILjava/util/function/Supplier;)Ljava/lang/Object; @ 31 c2
Event: 60.044 Thread 0x0000021fcb69e800 Uncommon trap: reason=class_check action=maybe_recompile pc=0x0000021fb78cc4b0 method=com.android.tools.r8.dex.j.a(ILjava/util/function/Supplier;)Ljava/lang/Object; @ 31 c2
Event: 60.044 Thread 0x0000021fcb6a6000 Uncommon trap: reason=class_check action=maybe_recompile pc=0x0000021fb78cc4b0 method=com.android.tools.r8.dex.j.a(ILjava/util/function/Supplier;)Ljava/lang/Object; @ 31 c2
Event: 60.049 Thread 0x0000021fcb6a3800 Uncommon trap: reason=unstable_if action=reinterpret pc=0x0000021fb78cb564 method=com.android.tools.r8.internal.Hq.get(I)Ljava/lang/Object; @ 1 c2
Event: 60.230 Thread 0x0000021fcb6a4000 Uncommon trap: reason=unstable_if action=reinterpret pc=0x0000021fb7023fc4 method=com.android.tools.r8.graph.S0.g(Ljava/lang/Object;)Z @ 37 c2
Event: 60.431 Thread 0x0000021fcb69e800 Uncommon trap: reason=unstable_if action=reinterpret pc=0x0000021fb7376674 method=java.util.concurrent.ConcurrentLinkedQueue.offer(Ljava/lang/Object;)Z @ 42 c2
Event: 60.511 Thread 0x0000021fcb69e800 Uncommon trap: reason=unstable_if action=reinterpret pc=0x0000021fb7532374 method=java.util.concurrent.ConcurrentLinkedQueue.offer(Ljava/lang/Object;)Z @ 42 c2

Classes redefined (0 events):
No events

Internal exceptions (10 events):
Event: 55.720 Thread 0x0000021fc92c4000 Exception <a 'java/lang/reflect/InvocationTargetException'{0x000000008fa06ce0}> (0x000000008fa06ce0) thrown at [./open/src/hotspot/share/runtime/reflection.cpp, line 1242]
Event: 55.780 Thread 0x0000021fc92c4000 Exception <a 'java/lang/NoSuchMethodError'{0x000000008f9a02d0}: static Lorg/jetbrains/kotlin/incremental/ChangedFiles$Unknown;.<clinit>()V> (0x000000008f9a02d0) thrown at [./open/src/hotspot/share/prims/jni.cpp, line 1362]
Event: 55.782 Thread 0x0000021fc92c4000 Exception <a 'java/lang/NoSuchMethodError'{0x000000008f9be650}: static Lorg/jetbrains/kotlin/incremental/ClasspathChanges;.<clinit>()V> (0x000000008f9be650) thrown at [./open/src/hotspot/share/prims/jni.cpp, line 1362]
Event: 55.782 Thread 0x0000021fc92c4000 Exception <a 'java/lang/NoSuchMethodError'{0x000000008f9bff08}: static Lorg/jetbrains/kotlin/incremental/ClasspathChanges;.<clinit>()V> (0x000000008f9bff08) thrown at [./open/src/hotspot/share/prims/jni.cpp, line 1362]
Event: 57.978 Thread 0x0000021fcb6a5000 Exception <a 'sun/nio/fs/WindowsException'{0x000000008f885980}> (0x000000008f885980) thrown at [./open/src/hotspot/share/prims/jni.cpp, line 611]
Event: 58.442 Thread 0x0000021fcb6a5000 Exception <a 'java/lang/NoSuchMethodError'{0x000000008f0d6f20}: java.lang.invoke.DirectMethodHandle$Holder.invokeStaticInit(Ljava/lang/Object;Ljava/lang/Object;Ljava/lang/Object;Ljava/lang/Object;Ljava/lang/Object;Ljava/lang/Object;Ljava/lang/Object;Ljava
Event: 60.015 Thread 0x0000021fcb6a3800 Exception <a 'java/lang/IncompatibleClassChangeError'{0x000000008f7443a0}: Found class java.lang.Object, but interface was expected> (0x000000008f7443a0) thrown at [./open/src/hotspot/share/interpreter/linkResolver.cpp, line 838]
Event: 60.049 Thread 0x0000021fcb6a6000 Exception <a 'java/lang/NoSuchMethodError'{0x000000008f6bae98}: java.lang.invoke.DirectMethodHandle$Holder.newInvokeSpecial(Ljava/lang/Object;I)Ljava/lang/Object;> (0x000000008f6bae98) thrown at [./open/src/hotspot/share/interpreter/linkResolver.cpp, line
Event: 60.227 Thread 0x0000021fcb6a4000 Exception <a 'java/lang/IncompatibleClassChangeError'{0x000000008fc1c690}: Found class java.lang.Object, but interface was expected> (0x000000008fc1c690) thrown at [./open/src/hotspot/share/interpreter/linkResolver.cpp, line 838]
Event: 60.228 Thread 0x0000021fcb6a4000 Exception <a 'java/lang/IncompatibleClassChangeError'{0x000000008fc22418}: Found class java.lang.Object, but interface was expected> (0x000000008fc22418) thrown at [./open/src/hotspot/share/interpreter/linkResolver.cpp, line 838]

Events (10 events):
Event: 60.511 Thread 0x0000021fcb69e800 Uncommon trap: trap_request=0xffffff4d fr.pc=0x0000021fb7532374 relative=0x0000000000000354
Event: 60.511 Thread 0x0000021fcb69e800 DEOPT PACKING pc=0x0000021fb7532374 sp=0x00000094d82fe970
Event: 60.511 Thread 0x0000021fcb69e800 DEOPT UNPACKING pc=0x0000021faf518f2f sp=0x00000094d82fe920 mode 2
Event: 60.560 Executing VM operation: G1CollectForAllocation
Event: 60.591 Executing VM operation: G1CollectForAllocation done
Event: 60.642 Executing VM operation: G1CollectForAllocation
Event: 60.659 Executing VM operation: G1CollectForAllocation done
Event: 60.741 Executing VM operation: G1CollectForAllocation
Event: 60.752 Executing VM operation: G1CollectForAllocation done
Event: 60.802 Executing VM operation: G1CollectForAllocation


Dynamic libraries:
0x00007ff6d2640000 - 0x00007ff6d264f000 	C:\Program Files\Java\jdk-11.0.8\bin\java.exe
0x00007ff984e90000 - 0x00007ff985088000 	C:\windows\SYSTEM32\ntdll.dll
0x00007ff984d00000 - 0x00007ff984dbf000 	C:\windows\System32\KERNEL32.DLL
0x00007ff982980000 - 0x00007ff982c76000 	C:\windows\System32\KERNELBASE.dll
0x00007ff9825a0000 - 0x00007ff9826a0000 	C:\windows\System32\ucrtbase.dll
0x00007ff96fe10000 - 0x00007ff96fe28000 	C:\Program Files\Java\jdk-11.0.8\bin\jli.dll
0x00007ff96fe30000 - 0x00007ff96fe45000 	C:\Program Files\Java\jdk-11.0.8\bin\VCRUNTIME140.dll
0x00007ff984380000 - 0x00007ff98442f000 	C:\windows\System32\ADVAPI32.dll
0x00007ff984610000 - 0x00007ff9846ae000 	C:\windows\System32\msvcrt.dll
0x00007ff984260000 - 0x00007ff9842fc000 	C:\windows\System32\sechost.dll
0x00007ff984130000 - 0x00007ff984256000 	C:\windows\System32\RPCRT4.dll
0x00007ff9848a0000 - 0x00007ff984a3d000 	C:\windows\System32\USER32.dll
0x00007ff982570000 - 0x00007ff982592000 	C:\windows\System32\win32u.dll
0x00007ff984870000 - 0x00007ff98489c000 	C:\windows\System32\GDI32.dll
0x00007ff982740000 - 0x00007ff982855000 	C:\windows\System32\gdi32full.dll
0x00007ff9826a0000 - 0x00007ff98273d000 	C:\windows\System32\msvcp_win.dll
0x00007ff962720000 - 0x00007ff9629ba000 	C:\windows\WinSxS\amd64_microsoft.windows.common-controls_6595b64144ccf1df_6.0.19041.1110_none_60b5254171f9507e\COMCTL32.dll
0x00007ff97a060000 - 0x00007ff97a06a000 	C:\windows\SYSTEM32\VERSION.dll
0x00007ff9845e0000 - 0x00007ff984610000 	C:\windows\System32\IMM32.DLL
0x00007ff950860000 - 0x00007ff9508fb000 	C:\Program Files\Java\jdk-11.0.8\bin\msvcp140.dll
0x00007ff93ee20000 - 0x00007ff93f906000 	C:\Program Files\Java\jdk-11.0.8\bin\server\jvm.dll
0x00007ff984cf0000 - 0x00007ff984cf8000 	C:\windows\System32\PSAPI.DLL
0x00007ff97a030000 - 0x00007ff97a057000 	C:\windows\SYSTEM32\WINMM.dll
0x00007ff961300000 - 0x00007ff961309000 	C:\windows\SYSTEM32\WSOCK32.dll
0x00007ff984800000 - 0x00007ff98486b000 	C:\windows\System32\WS2_32.dll
0x00007ff980410000 - 0x00007ff980422000 	C:\windows\SYSTEM32\kernel.appcore.dll
0x00007ff970f60000 - 0x00007ff970f70000 	C:\Program Files\Java\jdk-11.0.8\bin\verify.dll
0x00007ff96d260000 - 0x00007ff96d444000 	C:\windows\SYSTEM32\DBGHELP.DLL
0x00007ff96c9d0000 - 0x00007ff96ca04000 	C:\windows\SYSTEM32\dbgcore.DLL
0x00007ff982c80000 - 0x00007ff982d02000 	C:\windows\System32\bcryptPrimitives.dll
0x00007ff96e7a0000 - 0x00007ff96e7c8000 	C:\Program Files\Java\jdk-11.0.8\bin\java.dll
0x00007ff970cb0000 - 0x00007ff970cba000 	C:\Program Files\Java\jdk-11.0.8\bin\jimage.dll
0x00007ff96de30000 - 0x00007ff96de46000 	C:\Program Files\Java\jdk-11.0.8\bin\zip.dll
0x00007ff983530000 - 0x00007ff983c74000 	C:\windows\System32\SHELL32.dll
0x00007ff980610000 - 0x00007ff980da3000 	C:\windows\SYSTEM32\windows.storage.dll
0x00007ff983c80000 - 0x00007ff983fd4000 	C:\windows\System32\combase.dll
0x00007ff981ee0000 - 0x00007ff981f0e000 	C:\windows\SYSTEM32\Wldp.dll
0x00007ff984a40000 - 0x00007ff984aed000 	C:\windows\System32\SHCORE.dll
0x00007ff982f50000 - 0x00007ff982fa5000 	C:\windows\System32\shlwapi.dll
0x00007ff9824a0000 - 0x00007ff9824c5000 	C:\windows\SYSTEM32\profapi.dll
0x00007ff96de10000 - 0x00007ff96de29000 	C:\Program Files\Java\jdk-11.0.8\bin\net.dll
0x00007ff972750000 - 0x00007ff97285a000 	C:\windows\SYSTEM32\WINHTTP.dll
0x00007ff981c40000 - 0x00007ff981caa000 	C:\windows\system32\mswsock.dll
0x00007ff96cb80000 - 0x00007ff96cb92000 	C:\Program Files\Java\jdk-11.0.8\bin\nio.dll
0x00007ff951050000 - 0x00007ff951077000 	C:\Users\DIAN\.gradle\native\e1d6ef7f7dcc3fd88c89a11ec53ec762bb8ba0a96d01ffa2cd45eb1d1d8dd5c5\windows-amd64\native-platform.dll
0x00007ff946d10000 - 0x00007ff946e54000 	C:\Users\DIAN\.gradle\native\0d407fdbe67a94daf76414ababcb853783967236a71b16ec16e742cd7a986fd3\windows-amd64\native-platform-file-events.dll
0x00007ff96dfa0000 - 0x00007ff96dfa9000 	C:\Program Files\Java\jdk-11.0.8\bin\management.dll
0x00007ff96de00000 - 0x00007ff96de0b000 	C:\Program Files\Java\jdk-11.0.8\bin\management_ext.dll
0x00007ff981e30000 - 0x00007ff981e48000 	C:\windows\SYSTEM32\CRYPTSP.dll
0x00007ff981550000 - 0x00007ff981584000 	C:\windows\system32\rsaenh.dll
0x00007ff982ec0000 - 0x00007ff982ee7000 	C:\windows\System32\bcrypt.dll
0x00007ff982420000 - 0x00007ff98244e000 	C:\windows\SYSTEM32\USERENV.dll
0x00007ff981e50000 - 0x00007ff981e5c000 	C:\windows\SYSTEM32\CRYPTBASE.dll
0x00007ff981930000 - 0x00007ff98196b000 	C:\windows\SYSTEM32\IPHLPAPI.DLL
0x00007ff984000000 - 0x00007ff984008000 	C:\windows\System32\NSI.dll
0x00007ff974390000 - 0x00007ff9743a7000 	C:\windows\SYSTEM32\dhcpcsvc6.DLL
0x00007ff976020000 - 0x00007ff97603d000 	C:\windows\SYSTEM32\dhcpcsvc.DLL
0x00007ff981970000 - 0x00007ff981a3a000 	C:\windows\SYSTEM32\DNSAPI.dll
0x00007ff956a50000 - 0x00007ff956a6e000 	C:\Users\DIAN\AppData\Local\Temp\native-platform8916465456919581658dir\native-platform.dll
0x00007ff951a90000 - 0x00007ff951aae000 	C:\Users\DIAN\AppData\Local\Temp\native-platform8535039918076555206dir\native-platform.dll

dbghelp: loaded successfully - version: 4.0.5 - missing functions: none
symbol engine: initialized successfully - sym options: 0x614 - pdb path: .;C:\Program Files\Java\jdk-11.0.8\bin;C:\windows\SYSTEM32;C:\windows\WinSxS\amd64_microsoft.windows.common-controls_6595b64144ccf1df_6.0.19041.1110_none_60b5254171f9507e;C:\Program Files\Java\jdk-11.0.8\bin\server;C:\Users\DIAN\.gradle\native\e1d6ef7f7dcc3fd88c89a11ec53ec762bb8ba0a96d01ffa2cd45eb1d1d8dd5c5\windows-amd64;C:\Users\DIAN\.gradle\native\0d407fdbe67a94daf76414ababcb853783967236a71b16ec16e742cd7a986fd3\windows-amd64;C:\Users\DIAN\AppData\Local\Temp\native-platform8916465456919581658dir;C:\Users\DIAN\AppData\Local\Temp\native-platform8535039918076555206dir

VM Arguments:
jvm_args: -XX:MaxMetaspaceSize=512m --add-opens=java.base/java.util=ALL-UNNAMED --add-opens=java.base/java.lang=ALL-UNNAMED --add-opens=java.base/java.lang.invoke=ALL-UNNAMED --add-opens=java.base/java.util=ALL-UNNAMED --add-opens=java.prefs/java.util.prefs=ALL-UNNAMED --add-opens=java.prefs/java.util.prefs=ALL-UNNAMED --add-opens=java.base/java.nio.charset=ALL-UNNAMED --add-opens=java.base/java.net=ALL-UNNAMED --add-opens=java.base/java.util.concurrent.atomic=ALL-UNNAMED -Xmx2048m -Dfile.encoding=windows-1252 -Duser.country=ID -Duser.language=en -Duser.variant 
java_command: org.gradle.launcher.daemon.bootstrap.GradleDaemon 7.5.1
java_class_path (initial): C:\Users\DIAN\.gradle\wrapper\dists\gradle-7.5.1-all\1ehga6e77gqps5uk2kc5kf1vc\gradle-7.5.1\lib\gradle-launcher-7.5.1.jar
Launcher Type: SUN_STANDARD

[Global flags]
     intx CICompilerCount                          = 3                                         {product} {ergonomic}
   size_t CompressedClassSpaceSize                 = 528482304                                 {product} {ergonomic}
     uint ConcGCThreads                            = 1                                         {product} {ergonomic}
     uint G1ConcRefinementThreads                  = 4                                         {product} {ergonomic}
   size_t G1HeapRegionSize                         = 1048576                                   {product} {ergonomic}
    uintx GCDrainStackTargetSize                   = 64                                        {product} {ergonomic}
   size_t InitialHeapSize                          = 100663296                                 {product} {ergonomic}
   size_t MarkStackSize                            = 4194304                                   {product} {ergonomic}
   size_t MaxHeapSize                              = 2147483648                                {product} {command line}
   size_t MaxMetaspaceSize                         = 536870912                                 {product} {command line}
   size_t MaxNewSize                               = 1287651328                                {product} {ergonomic}
   size_t MinHeapDeltaBytes                        = 1048576                                   {product} {ergonomic}
    uintx NonNMethodCodeHeapSize                   = 5830732                                {pd product} {ergonomic}
    uintx NonProfiledCodeHeapSize                  = 122913754                              {pd product} {ergonomic}
    uintx ProfiledCodeHeapSize                     = 122913754                              {pd product} {ergonomic}
    uintx ReservedCodeCacheSize                    = 251658240                              {pd product} {ergonomic}
     bool SegmentedCodeCache                       = true                                      {product} {ergonomic}
     bool UseCompressedClassPointers               = true                                 {lp64_product} {ergonomic}
     bool UseCompressedOops                        = true                                 {lp64_product} {ergonomic}
     bool UseG1GC                                  = true                                      {product} {ergonomic}
     bool UseLargePagesIndividualAllocation        = false                                  {pd product} {ergonomic}

Logging:
Log output configuration:
 #0: stdout all=warning uptime,level,tags
 #1: stderr all=off uptime,level,tags

Environment Variables:
JAVA_HOME=C:\Program Files\Java\jdk-11.0.8
CLASSPATH=C:\Users\DIAN\OneDrive\Documents\pijar camp\week9\RecipeApp\android\\gradle\wrapper\gradle-wrapper.jar
PATH=C:\Users\DIAN\OneDrive\Documents\pijar camp\week9\RecipeApp\android\node_modules\.bin;C:\Users\DIAN\OneDrive\Documents\pijar camp\week9\RecipeApp\node_modules\.bin;C:\Users\DIAN\OneDrive\Documents\pijar camp\week9\node_modules\.bin;C:\Users\DIAN\OneDrive\Documents\pijar camp\node_modules\.bin;C:\Users\DIAN\OneDrive\Documents\node_modules\.bin;C:\Users\DIAN\OneDrive\node_modules\.bin;C:\Users\DIAN\node_modules\.bin;C:\Users\node_modules\.bin;C:\node_modules\.bin;C:\Program Files\nodejs;C:\Users\DIAN\OneDrive\Documents\pijar camp\week9\RecipeApp\node_modules\.bin;C:\Users\DIAN\OneDrive\Documents\pijar camp\week9\node_modules\.bin;C:\Users\DIAN\OneDrive\Documents\pijar camp\node_modules\.bin;C:\Users\DIAN\OneDrive\Documents\node_modules\.bin;C:\Users\DIAN\OneDrive\node_modules\.bin;C:\Users\DIAN\node_modules\.bin;C:\Users\node_modules\.bin;C:\node_modules\.bin;C:\Program Files\nodejs\node_modules\npm\node_modules\@npmcli\run-script\lib\node-gyp-bin;C:\Users\DIAN\bin;C:\Program Files\Git\mingw64\bin;C:\Program Files\Git\usr\local\bin;C:\Program Files\Git\usr\bin;C:\Program Files\Git\usr\bin;C:\Program Files\Git\mingw64\bin;C:\Program Files\Git\usr\bin;C:\Users\DIAN\bin;C:\Program Files\Common Files\Oracle\Java\javapath;C:\Program Files (x86)\Common Files\Oracle\Java\javapath;C:\windows\system32;C:\windows;C:\windows\System32\Wbem;C:\windows\System32\WindowsPowerShell\v1.0;C:\windows\System32\OpenSSH;C:\Program Files (x86)\Microsoft SQL Server\110\Tools\Binn;C:\Program Files\Microsoft SQL Server\110\Tools\Binn;C:\Program Files\Microsoft SQL Server\110\DTS\Binn;C:\Program Files\Java\jdk-11.0.8\bin;C:\Program Files\Git\cmd;C:\Program Files\MongoDB\mongosh-1.6.0-win32-x64\bin;C:\xampp\mysql\bin;C:\Program Files\PostgreSQL\15\bin;C:\Users\DIAN\OneDrive\Documents\belajar MERN\MERN-access&refresh-token\backend\node_modules.bin;C:\Program Files\nodejs;C:\Program Files\Java\jdk-11.0.8;C:\Program Files\Java\jdk-11.0.8\bin;C:\Users\DIAN\AppData\Local\Android\Sdk\platform-tools;C
USERNAME=DIAN
SHELL=C:\Program Files\Git\usr\bin\bash.exe
DISPLAY=needs-to-be-defined
OS=Windows_NT
PROCESSOR_IDENTIFIER=AMD64 Family 23 Model 24 Stepping 1, AuthenticAMD



---------------  S Y S T E M  ---------------

OS: Windows 10 , 64 bit Build 19041 (10.0.19041.3155)

CPU:total 4 (initial active 4) (4 cores per cpu, 2 threads per core) family 23 model 24 stepping 1, cmov, cx8, fxsr, mmx, sse, sse2, sse3, ssse3, sse4.1, sse4.2, popcnt, avx, avx2, aes, clmul, mmxext, 3dnowpref, lzcnt, sse4a, ht, tsc, tscinvbit, tscinv, bmi1, bmi2, adx, sha, fma

Memory: 4k page, system-wide physical 6023M (346M free)
TotalPageFile size 24455M (AvailPageFile size 21M)
current process WorkingSet (physical memory assigned to process): 568M, peak: 573M
current process commit charge ("private bytes"): 613M, peak: 666M

vm_info: Java HotSpot(TM) 64-Bit Server VM (11.0.8+10-LTS) for windows-amd64 JRE (11.0.8+10-LTS), built on Jun 16 2020 05:53:08 by "mach5one" with unknown MS VC++:1916

END.
