#
# There is insufficient memory for the Java Runtime Environment to continue.
# Native memory allocation (mmap) failed to map 121634816 bytes for Failed to commit area from 0x0000000093200000 to 0x000000009a600000 of length 121634816.
# Possible reasons:
#   The system is out of physical RAM or swap space
#   The process is running with CompressedOops enabled, and the Java Heap may be blocking the growth of the native heap
# Possible solutions:
#   Reduce memory load on the system
#   Increase physical memory or swap space
#   Check if swap backing store is full
#   Decrease Java heap size (-Xmx/-Xms)
#   Decrease number of Java threads
#   Decrease Java thread stack sizes (-Xss)
#   Set larger code cache with -XX:ReservedCodeCacheSize=
#   JVM is running with Unscaled Compressed Oops mode in which the Java heap is
#     placed in the first 4GB address space. The Java Heap base address is the
#     maximum limit for the native heap growth. Please use -XX:HeapBaseMinAddress
#     to set the Java Heap base and to place the Java Heap above 4GB virtual address.
# This output file may be truncated or incomplete.
#
#  Out of Memory Error (./open/src/hotspot/os/windows/os_windows.cpp:3275), pid=29096, tid=13140
#
# JRE version: Java(TM) SE Runtime Environment 18.9 (11.0.8+10) (build 11.0.8+10-LTS)
# Java VM: Java HotSpot(TM) 64-Bit Server VM 18.9 (11.0.8+10-LTS, mixed mode, tiered, compressed oops, g1 gc, windows-amd64)
# No core dump will be written. Minidumps are not enabled by default on client versions of Windows
#

---------------  S U M M A R Y ------------

Command Line: -XX:MaxMetaspaceSize=512m --add-opens=java.base/java.util=ALL-UNNAMED --add-opens=java.base/java.lang=ALL-UNNAMED --add-opens=java.base/java.lang.invoke=ALL-UNNAMED --add-opens=java.base/java.util=ALL-UNNAMED --add-opens=java.prefs/java.util.prefs=ALL-UNNAMED --add-opens=java.prefs/java.util.prefs=ALL-UNNAMED --add-opens=java.base/java.nio.charset=ALL-UNNAMED --add-opens=java.base/java.net=ALL-UNNAMED --add-opens=java.base/java.util.concurrent.atomic=ALL-UNNAMED -Xmx2048m -Dfile.encoding=windows-1252 -Duser.country=ID -Duser.language=en -Duser.variant org.gradle.launcher.daemon.bootstrap.GradleDaemon 7.5.1

Host: AMD Ryzen 3 3250U with Radeon Graphics         , 4 cores, 5G,  Windows 10 , 64 bit Build 19041 (10.0.19041.3155)
Time: Wed Aug 30 21:08:21 2023 Malay Peninsula Standard Time elapsed time: 77 seconds (0d 0h 1m 17s)

---------------  T H R E A D  ---------------

Current thread (0x00000223994a1800):  VMThread "VM Thread" [stack: 0x000000f5fe400000,0x000000f5fe500000] [id=13140]

Stack: [0x000000f5fe400000,0x000000f5fe500000]
[error occurred during error reporting (printing stack bounds), id 0xc0000005, EXCEPTION_ACCESS_VIOLATION (0xc0000005) at pc=0x0000022388330dad]

Native frames: (J=compiled Java code, j=interpreted, Vv=VM code, C=native code)
V  [jvm.dll+0x601aea]
V  [jvm.dll+0x737fef]
V  [jvm.dll+0x739675]
V  [jvm.dll+0x739c55]
V  [jvm.dll+0x739c0b]
V  [jvm.dll+0x6013d3]
V  [jvm.dll+0x601798]
C  [ntdll.dll+0xa23df]
C  [ntdll.dll+0x514b4]
C  [ntdll.dll+0xa0eee]
C  0x0000022388330dad

VM_Operation (0x000000f584efe2d0): G1CollectForAllocation, mode: safepoint, requested by thread 0x00000223a2332800


---------------  P R O C E S S  ---------------

Threads class SMR info:
_java_thread_list=0x00000223a4729b10, length=101, elements={
0x00000223faec2000, 0x00000223994a7000, 0x00000223994b3000, 0x0000022399507000,
0x0000022399508000, 0x0000022399509000, 0x000002239950e000, 0x0000022399d70000,
0x0000022399e80800, 0x0000022399e8c800, 0x000002239b5c3000, 0x000002239ab72800,
0x000002239a8d9800, 0x000002239b0d0800, 0x000002239ac45800, 0x000002239ab53800,
0x0000022399ff5000, 0x000002239ae8c800, 0x0000022399ff5800, 0x000002239b513000,
0x000002239b50d800, 0x000002239b514000, 0x000002239b50e000, 0x000002239b50f000,
0x000002239b510000, 0x000002239b512800, 0x000002239b510800, 0x000002239b511800,
0x000002239dd5e800, 0x000002239dd61000, 0x000002239dd65000, 0x000002239dd62000,
0x000002239dd60800, 0x000002239dd64800, 0x000002239dd5f800, 0x000002239dd68800,
0x000002239dd69800, 0x000002239dd67000, 0x000002239dd6b800, 0x000002239dd66000,
0x000002239dd67800, 0x000002239dd6c800, 0x000002239dd6d800, 0x000002239dd6a000,
0x000002239dd6b000, 0x000002239e017000, 0x000002239e011000, 0x000002239e012000,
0x000002239e017800, 0x000002239e015800, 0x000002239e013000, 0x000002239e014800,
0x000002239e016000, 0x000002239e018800, 0x000002239e019800, 0x000002239e013800,
0x000002239e01b000, 0x000002239e01f000, 0x000002239e01c000, 0x000002239e01d800,
0x000002239e01a000, 0x000002239e020000, 0x000002239e01c800, 0x000002239e01e000,
0x000002239a339800, 0x000002239a335000, 0x000002239a335800, 0x000002239a337800,
0x000002239a336800, 0x000002239a338000, 0x000002239a334000, 0x000002239a339000,
0x000002239a340000, 0x000002239a33e800, 0x000002239a33f800, 0x000002239a33a800,
0x000002239a341000, 0x000002239a33b800, 0x000002239a33d000, 0x000002239a342000,
0x000002239a33c000, 0x000002239a342800, 0x00000223a2325000, 0x00000223a2329800,
0x00000223a2326800, 0x00000223a232a800, 0x00000223a2325800, 0x00000223a232b800,
0x00000223a2327800, 0x00000223a2329000, 0x00000223a232c000, 0x00000223a232d000,
0x00000223a2328000, 0x00000223a232e000, 0x00000223a2330000, 0x00000223a232f800,
0x00000223a232e800, 0x00000223a2331000, 0x00000223a2332000, 0x00000223a2332800,
0x00000223a2333800
}

Java Threads: ( => current thread )
  0x00000223faec2000 JavaThread "main" [_thread_blocked, id=23420, stack(0x000000f5fde00000,0x000000f5fdf00000)]
  0x00000223994a7000 JavaThread "Reference Handler" daemon [_thread_blocked, id=29092, stack(0x000000f5fe500000,0x000000f5fe600000)]
  0x00000223994b3000 JavaThread "Finalizer" daemon [_thread_blocked, id=18616, stack(0x000000f5fe600000,0x000000f5fe700000)]
  0x0000022399507000 JavaThread "Signal Dispatcher" daemon [_thread_blocked, id=2172, stack(0x000000f5fe700000,0x000000f5fe800000)]
  0x0000022399508000 JavaThread "Attach Listener" daemon [_thread_blocked, id=27784, stack(0x000000f5fe800000,0x000000f5fe900000)]
  0x0000022399509000 JavaThread "C2 CompilerThread0" daemon [_thread_in_native, id=8108, stack(0x000000f5fe900000,0x000000f5fea00000)]
  0x000002239950e000 JavaThread "C1 CompilerThread0" daemon [_thread_blocked, id=18792, stack(0x000000f5fea00000,0x000000f5feb00000)]
  0x0000022399d70000 JavaThread "Sweeper thread" daemon [_thread_blocked, id=23076, stack(0x000000f5feb00000,0x000000f5fec00000)]
  0x0000022399e80800 JavaThread "Common-Cleaner" daemon [_thread_blocked, id=14400, stack(0x000000f5fec00000,0x000000f5fed00000)]
  0x0000022399e8c800 JavaThread "Service Thread" daemon [_thread_blocked, id=2324, stack(0x000000f5fed00000,0x000000f5fee00000)]
  0x000002239b5c3000 JavaThread "Daemon health stats" [_thread_blocked, id=25852, stack(0x000000f5ff000000,0x000000f5ff100000)]
  0x000002239ab72800 JavaThread "Incoming local TCP Connector on port 62911" [_thread_in_native, id=27012, stack(0x000000f5ff100000,0x000000f5ff200000)]
  0x000002239a8d9800 JavaThread "Daemon periodic checks" [_thread_blocked, id=21040, stack(0x000000f5ff400000,0x000000f5ff500000)]
  0x000002239b0d0800 JavaThread "Daemon" [_thread_blocked, id=23280, stack(0x000000f5ff500000,0x000000f5ff600000)]
  0x000002239ac45800 JavaThread "Handler for socket connection from /127.0.0.1:62911 to /127.0.0.1:62912" [_thread_in_native, id=26120, stack(0x000000f5ff600000,0x000000f5ff700000)]
  0x000002239ab53800 JavaThread "Cancel handler" [_thread_blocked, id=2820, stack(0x000000f5ff700000,0x000000f5ff800000)]
  0x0000022399ff5000 JavaThread "Daemon worker" [_thread_blocked, id=23492, stack(0x000000f5ff800000,0x000000f5ff900000)]
  0x000002239ae8c800 JavaThread "Asynchronous log dispatcher for DefaultDaemonConnection: socket connection from /127.0.0.1:62911 to /127.0.0.1:62912" [_thread_blocked, id=12044, stack(0x000000f5ff900000,0x000000f5ffa00000)]
  0x0000022399ff5800 JavaThread "Stdin handler" [_thread_blocked, id=25536, stack(0x000000f5ffa00000,0x000000f5ffb00000)]
  0x000002239b513000 JavaThread "Daemon client event forwarder" [_thread_blocked, id=15896, stack(0x000000f5ffb00000,0x000000f5ffc00000)]
  0x000002239b50d800 JavaThread "Cache worker for journal cache (C:\Users\DIAN\.gradle\caches\journal-1)" [_thread_blocked, id=15064, stack(0x000000f5ffc00000,0x000000f5ffd00000)]
  0x000002239b514000 JavaThread "File lock request listener" [_thread_in_native, id=20500, stack(0x000000f5ffd00000,0x000000f5ffe00000)]
  0x000002239b50e000 JavaThread "Cache worker for file hash cache (C:\Users\DIAN\.gradle\caches\7.5.1\fileHashes)" [_thread_blocked, id=24932, stack(0x000000f5ffe00000,0x000000f5fff00000)]
  0x000002239b50f000 JavaThread "File watcher server" daemon [_thread_blocked, id=24220, stack(0x000000f580000000,0x000000f580100000)]
  0x000002239b510000 JavaThread "File watcher consumer" daemon [_thread_blocked, id=14428, stack(0x000000f580100000,0x000000f580200000)]
  0x000002239b512800 JavaThread "Cache worker for checksums cache (C:\Users\DIAN\OneDrive\Documents\pijar camp\week9\RecipeApp\android\.gradle\7.5.1\checksums)" [_thread_blocked, id=20368, stack(0x000000f580200000,0x000000f580300000)]
  0x000002239b510800 JavaThread "Cache worker for cache directory md-rule (C:\Users\DIAN\.gradle\caches\7.5.1\md-rule)" [_thread_blocked, id=10220, stack(0x000000f580300000,0x000000f580400000)]
  0x000002239b511800 JavaThread "Cache worker for file content cache (C:\Users\DIAN\.gradle\caches\7.5.1\fileContent)" [_thread_blocked, id=11752, stack(0x000000f580400000,0x000000f580500000)]
  0x000002239dd5e800 JavaThread "Cache worker for file hash cache (C:\Users\DIAN\OneDrive\Documents\pijar camp\week9\RecipeApp\android\.gradle\7.5.1\fileHashes)" [_thread_blocked, id=25516, stack(0x000000f580600000,0x000000f580700000)]
  0x000002239dd61000 JavaThread "Cache worker for cache directory md-supplier (C:\Users\DIAN\.gradle\caches\7.5.1\md-supplier)" [_thread_blocked, id=25216, stack(0x000000f580700000,0x000000f580800000)]
  0x000002239dd65000 JavaThread "Cache worker for execution history cache (C:\Users\DIAN\.gradle\caches\7.5.1\executionHistory)" [_thread_blocked, id=14256, stack(0x000000f580800000,0x000000f580900000)]
  0x000002239dd62000 JavaThread "jar transforms" [_thread_blocked, id=1488, stack(0x000000f580900000,0x000000f580a00000)]
  0x000002239dd60800 JavaThread "jar transforms Thread 2" [_thread_blocked, id=12520, stack(0x000000f580a00000,0x000000f580b00000)]
  0x000002239dd64800 JavaThread "jar transforms Thread 3" [_thread_blocked, id=28208, stack(0x000000f580b00000,0x000000f580c00000)]
  0x000002239dd5f800 JavaThread "jar transforms Thread 4" [_thread_blocked, id=29172, stack(0x000000f580c00000,0x000000f580d00000)]
  0x000002239dd68800 JavaThread "Cache worker for kotlin-dsl (C:\Users\DIAN\.gradle\caches\7.5.1\kotlin-dsl)" [_thread_blocked, id=13864, stack(0x000000f580d00000,0x000000f580e00000)]
  0x000002239dd69800 JavaThread "Cache worker for dependencies-accessors (C:\Users\DIAN\OneDrive\Documents\pijar camp\week9\RecipeApp\android\.gradle\7.5.1\dependencies-accessors)" [_thread_blocked, id=10360, stack(0x000000f580e00000,0x000000f580f00000)]
  0x000002239dd67000 JavaThread "Cache worker for Build Output Cleanup Cache (C:\Users\DIAN\OneDrive\Documents\pijar camp\week9\RecipeApp\node_modules\react-native-gradle-plugin\.gradle\buildOutputCleanup)" [_thread_blocked, id=20532, stack(0x000000f580500000,0x000000f580600000)]
  0x000002239dd6b800 JavaThread "Unconstrained build operations" [_thread_blocked, id=23156, stack(0x000000f581000000,0x000000f581100000)]
  0x000002239dd66000 JavaThread "Unconstrained build operations Thread 2" [_thread_blocked, id=27264, stack(0x000000f581100000,0x000000f581200000)]
  0x000002239dd67800 JavaThread "Unconstrained build operations Thread 3" [_thread_blocked, id=22432, stack(0x000000f581200000,0x000000f581300000)]
  0x000002239dd6c800 JavaThread "Unconstrained build operations Thread 4" [_thread_blocked, id=27072, stack(0x000000f581300000,0x000000f581400000)]
  0x000002239dd6d800 JavaThread "Unconstrained build operations Thread 5" [_thread_blocked, id=28856, stack(0x000000f581400000,0x000000f581500000)]
  0x000002239dd6a000 JavaThread "Unconstrained build operations Thread 6" [_thread_blocked, id=26364, stack(0x000000f581500000,0x000000f581600000)]
  0x000002239dd6b000 JavaThread "Unconstrained build operations Thread 7" [_thread_blocked, id=6556, stack(0x000000f581600000,0x000000f581700000)]
  0x000002239e017000 JavaThread "Unconstrained build operations Thread 8" [_thread_blocked, id=17264, stack(0x000000f581700000,0x000000f581800000)]
  0x000002239e011000 JavaThread "Unconstrained build operations Thread 9" [_thread_blocked, id=17884, stack(0x000000f581800000,0x000000f581900000)]
  0x000002239e012000 JavaThread "Unconstrained build operations Thread 10" [_thread_blocked, id=5092, stack(0x000000f581900000,0x000000f581a00000)]
  0x000002239e017800 JavaThread "Unconstrained build operations Thread 11" [_thread_blocked, id=23596, stack(0x000000f581a00000,0x000000f581b00000)]
  0x000002239e015800 JavaThread "Unconstrained build operations Thread 12" [_thread_blocked, id=9368, stack(0x000000f581b00000,0x000000f581c00000)]
  0x000002239e013000 JavaThread "Unconstrained build operations Thread 13" [_thread_blocked, id=8072, stack(0x000000f581c00000,0x000000f581d00000)]
  0x000002239e014800 JavaThread "Unconstrained build operations Thread 14" [_thread_blocked, id=3624, stack(0x000000f581d00000,0x000000f581e00000)]
  0x000002239e016000 JavaThread "Unconstrained build operations Thread 15" [_thread_blocked, id=5348, stack(0x000000f581e00000,0x000000f581f00000)]
  0x000002239e018800 JavaThread "Unconstrained build operations Thread 16" [_thread_blocked, id=7388, stack(0x000000f581f00000,0x000000f582000000)]
  0x000002239e019800 JavaThread "Unconstrained build operations Thread 17" [_thread_blocked, id=15208, stack(0x000000f582000000,0x000000f582100000)]
  0x000002239e013800 JavaThread "Unconstrained build operations Thread 18" [_thread_blocked, id=23040, stack(0x000000f582100000,0x000000f582200000)]
  0x000002239e01b000 JavaThread "Unconstrained build operations Thread 19" [_thread_blocked, id=18704, stack(0x000000f582200000,0x000000f582300000)]
  0x000002239e01f000 JavaThread "Unconstrained build operations Thread 20" [_thread_blocked, id=25280, stack(0x000000f582300000,0x000000f582400000)]
  0x000002239e01c000 JavaThread "Unconstrained build operations Thread 21" [_thread_blocked, id=14160, stack(0x000000f582400000,0x000000f582500000)]
  0x000002239e01d800 JavaThread "Unconstrained build operations Thread 22" [_thread_blocked, id=13916, stack(0x000000f582500000,0x000000f582600000)]
  0x000002239e01a000 JavaThread "Unconstrained build operations Thread 23" [_thread_blocked, id=27388, stack(0x000000f582600000,0x000000f582700000)]
  0x000002239e020000 JavaThread "Unconstrained build operations Thread 24" [_thread_blocked, id=18764, stack(0x000000f582700000,0x000000f582800000)]
  0x000002239e01c800 JavaThread "Unconstrained build operations Thread 25" [_thread_blocked, id=12448, stack(0x000000f582800000,0x000000f582900000)]
  0x000002239e01e000 JavaThread "Unconstrained build operations Thread 26" [_thread_blocked, id=1428, stack(0x000000f582900000,0x000000f582a00000)]
  0x000002239a339800 JavaThread "Unconstrained build operations Thread 27" [_thread_blocked, id=10316, stack(0x000000f582a00000,0x000000f582b00000)]
  0x000002239a335000 JavaThread "Unconstrained build operations Thread 28" [_thread_blocked, id=28452, stack(0x000000f582b00000,0x000000f582c00000)]
  0x000002239a335800 JavaThread "Unconstrained build operations Thread 29" [_thread_blocked, id=1504, stack(0x000000f582c00000,0x000000f582d00000)]
  0x000002239a337800 JavaThread "Unconstrained build operations Thread 30" [_thread_blocked, id=15824, stack(0x000000f582d00000,0x000000f582e00000)]
  0x000002239a336800 JavaThread "Unconstrained build operations Thread 31" [_thread_blocked, id=25000, stack(0x000000f582e00000,0x000000f582f00000)]
  0x000002239a338000 JavaThread "Unconstrained build operations Thread 32" [_thread_blocked, id=13580, stack(0x000000f582f00000,0x000000f583000000)]
  0x000002239a334000 JavaThread "Unconstrained build operations Thread 33" [_thread_blocked, id=6476, stack(0x000000f583000000,0x000000f583100000)]
  0x000002239a339000 JavaThread "build event listener" [_thread_blocked, id=23388, stack(0x000000f580f00000,0x000000f581000000)]
  0x000002239a340000 JavaThread "Memory manager" [_thread_blocked, id=24084, stack(0x000000f583200000,0x000000f583300000)]
  0x000002239a33e800 JavaThread "Cache worker for Build Output Cleanup Cache (C:\Users\DIAN\OneDrive\Documents\pijar camp\week9\RecipeApp\android\.gradle\buildOutputCleanup)" [_thread_blocked, id=27400, stack(0x000000f583300000,0x000000f583400000)]
  0x000002239a33f800 JavaThread "included builds" [_thread_blocked, id=15916, stack(0x000000f583400000,0x000000f583500000)]
  0x000002239a33a800 JavaThread "Execution worker" [_thread_blocked, id=9228, stack(0x000000f583500000,0x000000f583600000)]
  0x000002239a341000 JavaThread "Execution worker Thread 2" [_thread_blocked, id=29456, stack(0x000000f583600000,0x000000f583700000)]
  0x000002239a33b800 JavaThread "Execution worker Thread 3" [_thread_blocked, id=8528, stack(0x000000f583700000,0x000000f583800000)]
  0x000002239a33d000 JavaThread "Cache worker for execution history cache (C:\Users\DIAN\OneDrive\Documents\pijar camp\week9\RecipeApp\node_modules\react-native-gradle-plugin\.gradle\7.5.1\executionHistory)" [_thread_blocked, id=14308, stack(0x000000f583800000,0x000000f583900000)]
  0x000002239a342000 JavaThread "Unconstrained build operations Thread 34" [_thread_blocked, id=6860, stack(0x000000f583900000,0x000000f583a00000)]
  0x000002239a33c000 JavaThread "Unconstrained build operations Thread 35" [_thread_blocked, id=2452, stack(0x000000f583a00000,0x000000f583b00000)]
  0x000002239a342800 JavaThread "Unconstrained build operations Thread 36" [_thread_blocked, id=16080, stack(0x000000f583b00000,0x000000f583c00000)]
  0x00000223a2325000 JavaThread "Unconstrained build operations Thread 37" [_thread_blocked, id=24360, stack(0x000000f583c00000,0x000000f583d00000)]
  0x00000223a2329800 JavaThread "Unconstrained build operations Thread 38" [_thread_blocked, id=18520, stack(0x000000f583d00000,0x000000f583e00000)]
  0x00000223a2326800 JavaThread "Unconstrained build operations Thread 39" [_thread_blocked, id=2532, stack(0x000000f583e00000,0x000000f583f00000)]
  0x00000223a232a800 JavaThread "Unconstrained build operations Thread 40" [_thread_blocked, id=16688, stack(0x000000f583f00000,0x000000f584000000)]
  0x00000223a2325800 JavaThread "Cache worker for execution history cache (C:\Users\DIAN\OneDrive\Documents\pijar camp\week9\RecipeApp\android\.gradle\7.5.1\executionHistory)" [_thread_blocked, id=29068, stack(0x000000f584200000,0x000000f584300000)]
  0x00000223a232b800 JavaThread "WorkerExecutor Queue" [_thread_blocked, id=27132, stack(0x000000f584300000,0x000000f584400000)]
  0x00000223a2327800 JavaThread "pool-3-thread-1" [_thread_blocked, id=20132, stack(0x000000f584400000,0x000000f584500000)]
  0x00000223a2329000 JavaThread "stderr" [_thread_in_native, id=19308, stack(0x000000f584500000,0x000000f584600000)]
  0x00000223a232c000 JavaThread "stdout" [_thread_in_native, id=28708, stack(0x000000f584600000,0x000000f584700000)]
  0x00000223a232d000 JavaThread "WorkerExecutor Queue Thread 2" [_thread_blocked, id=26676, stack(0x000000f584100000,0x000000f584200000)]
  0x00000223a2328000 JavaThread "Thread-77" [_thread_in_native, id=6876, stack(0x000000f584700000,0x000000f584800000)]
  0x00000223a232e000 JavaThread "WorkerExecutor Queue Thread 3" [_thread_in_native, id=22076, stack(0x000000f584800000,0x000000f584900000)]
  0x00000223a2330000 JavaThread "WorkerExecutor Queue Thread 4" [_thread_blocked, id=24760, stack(0x000000f584a00000,0x000000f584b00000)]
  0x00000223a232f800 JavaThread "WorkerExecutor Queue Thread 5" [_thread_blocked, id=3100, stack(0x000000f584b00000,0x000000f584c00000)]
  0x00000223a232e800 JavaThread "Thread-83" [_thread_in_native, id=20004, stack(0x000000f584900000,0x000000f584a00000)]
  0x00000223a2331000 JavaThread "ForkJoinPool-1-worker-3" daemon [_thread_blocked, id=13532, stack(0x000000f584c00000,0x000000f584d00000)]
  0x00000223a2332000 JavaThread "ForkJoinPool-1-worker-5" daemon [_thread_blocked, id=25272, stack(0x000000f584d00000,0x000000f584e00000)]
  0x00000223a2332800 JavaThread "ForkJoinPool-1-worker-7" daemon [_thread_blocked, id=18692, stack(0x000000f584e00000,0x000000f584f00000)]
  0x00000223a2333800 JavaThread "ForkJoinPool-1-worker-1" daemon [_thread_blocked, id=21136, stack(0x000000f584f00000,0x000000f585000000)]

Other Threads:
=>0x00000223994a1800 VMThread "VM Thread" [stack: 0x000000f5fe400000,0x000000f5fe500000] [id=13140]
  0x0000022399ec0800 WatcherThread [stack: 0x000000f5fee00000,0x000000f5fef00000] [id=23648]
  0x00000223faed8800 GCTaskThread "GC Thread#0" [stack: 0x000000f5fdf00000,0x000000f5fe000000] [id=27572]
  0x000002239a0a5000 GCTaskThread "GC Thread#1" [stack: 0x000000f5fef00000,0x000000f5ff000000] [id=22716]
  0x000002239b55c800 GCTaskThread "GC Thread#2" [stack: 0x000000f5ff200000,0x000000f5ff300000] [id=25020]
  0x0000022399e36800 GCTaskThread "GC Thread#3" [stack: 0x000000f5ff300000,0x000000f5ff400000] [id=24880]
  0x00000223faf08800 ConcurrentGCThread "G1 Main Marker" [stack: 0x000000f5fe000000,0x000000f5fe100000] [id=21436]
  0x00000223faf0a000 ConcurrentGCThread "G1 Conc#0" [stack: 0x000000f5fe100000,0x000000f5fe200000] [id=23264]
  0x00000223faf7c000 ConcurrentGCThread "G1 Refine#0" [stack: 0x000000f5fe200000,0x000000f5fe300000] [id=10596]
  0x00000223faf7d000 ConcurrentGCThread "G1 Young RemSet Sampling" [stack: 0x000000f5fe300000,0x000000f5fe400000] [id=10552]

Threads with active compile tasks:
C2 CompilerThread0  77244 16680 %     4       com.android.tools.r8.dex.j::a @ 470 (1042 bytes)

VM state:at safepoint (normal execution)

VM Mutex/Monitor currently owned by a thread:  ([mutex/lock_event])
[0x00000223faebcc70] Threads_lock - owner thread: 0x00000223994a1800
[0x00000223faebd7b0] Heap_lock - owner thread: 0x00000223a2332800

Heap address: 0x0000000080000000, size: 2048 MB, Compressed Oops mode: 32-bit
Narrow klass base: 0x0000000000000000, Narrow klass shift: 3
Compressed class space size: 528482304 Address: 0x0000000100000000

Heap:
 garbage-first heap   total 432128K, used 272717K [0x0000000080000000, 0x0000000100000000)
  region size 1024K, 2 young (2048K), 2 survivors (2048K)
 Metaspace       used 119858K, capacity 123617K, committed 123724K, reserved 622592K
  class space    used 15753K, capacity 17179K, committed 17228K, reserved 516096K
Heap Regions: E=young(eden), S=young(survivor), O=old, HS=humongous(starts), HC=humongous(continues), CS=collection set, F=free, A=archive, TAMS=top-at-mark-start (previous, next)
|   0|0x0000000080000000, 0x0000000080100000, 0x0000000080100000|100%|HS|  |TAMS 0x0000000080100000, 0x0000000080100000| Complete 
|   1|0x0000000080100000, 0x0000000080200000, 0x0000000080200000|100%|HC|  |TAMS 0x0000000080200000, 0x0000000080200000| Complete 
|   2|0x0000000080200000, 0x0000000080300000, 0x0000000080300000|100%|HC|  |TAMS 0x0000000080300000, 0x0000000080300000| Complete 
|   3|0x0000000080300000, 0x0000000080400000, 0x0000000080400000|100%| O|  |TAMS 0x0000000080400000, 0x0000000080400000| Untracked 
|   4|0x0000000080400000, 0x0000000080500000, 0x0000000080500000|100%| O|  |TAMS 0x0000000080500000, 0x0000000080500000| Untracked 
|   5|0x0000000080500000, 0x0000000080600000, 0x0000000080600000|100%| O|  |TAMS 0x0000000080600000, 0x0000000080600000| Untracked 
|   6|0x0000000080600000, 0x0000000080700000, 0x0000000080700000|100%| O|  |TAMS 0x0000000080700000, 0x0000000080700000| Untracked 
|   7|0x0000000080700000, 0x0000000080800000, 0x0000000080800000|100%| O|  |TAMS 0x0000000080800000, 0x0000000080800000| Untracked 
|   8|0x0000000080800000, 0x0000000080900000, 0x0000000080900000|100%| O|  |TAMS 0x0000000080900000, 0x0000000080900000| Untracked 
|   9|0x0000000080900000, 0x0000000080a00000, 0x0000000080a00000|100%| O|  |TAMS 0x0000000080a00000, 0x0000000080a00000| Untracked 
|  10|0x0000000080a00000, 0x0000000080b00000, 0x0000000080b00000|100%| O|  |TAMS 0x0000000080b00000, 0x0000000080b00000| Untracked 
|  11|0x0000000080b00000, 0x0000000080c00000, 0x0000000080c00000|100%| O|  |TAMS 0x0000000080c00000, 0x0000000080c00000| Untracked 
|  12|0x0000000080c00000, 0x0000000080d00000, 0x0000000080d00000|100%| O|  |TAMS 0x0000000080d00000, 0x0000000080d00000| Untracked 
|  13|0x0000000080d00000, 0x0000000080e00000, 0x0000000080e00000|100%| O|  |TAMS 0x0000000080e00000, 0x0000000080e00000| Untracked 
|  14|0x0000000080e00000, 0x0000000080f00000, 0x0000000080f00000|100%| O|  |TAMS 0x0000000080f00000, 0x0000000080f00000| Untracked 
|  15|0x0000000080f00000, 0x0000000081000000, 0x0000000081000000|100%| O|  |TAMS 0x0000000081000000, 0x0000000081000000| Untracked 
|  16|0x0000000081000000, 0x0000000081100000, 0x0000000081100000|100%| O|  |TAMS 0x0000000081100000, 0x0000000081100000| Untracked 
|  17|0x0000000081100000, 0x0000000081200000, 0x0000000081200000|100%| O|  |TAMS 0x0000000081200000, 0x0000000081200000| Untracked 
|  18|0x0000000081200000, 0x0000000081300000, 0x0000000081300000|100%| O|  |TAMS 0x0000000081300000, 0x0000000081300000| Untracked 
|  19|0x0000000081300000, 0x0000000081400000, 0x0000000081400000|100%| O|  |TAMS 0x0000000081400000, 0x0000000081400000| Untracked 
|  20|0x0000000081400000, 0x0000000081500000, 0x0000000081500000|100%| O|  |TAMS 0x0000000081500000, 0x0000000081500000| Untracked 
|  21|0x0000000081500000, 0x0000000081600000, 0x0000000081600000|100%| O|  |TAMS 0x0000000081600000, 0x0000000081600000| Untracked 
|  22|0x0000000081600000, 0x0000000081700000, 0x0000000081700000|100%| O|  |TAMS 0x0000000081700000, 0x0000000081700000| Untracked 
|  23|0x0000000081700000, 0x0000000081800000, 0x0000000081800000|100%| O|  |TAMS 0x0000000081800000, 0x0000000081800000| Untracked 
|  24|0x0000000081800000, 0x0000000081900000, 0x0000000081900000|100%| O|  |TAMS 0x0000000081900000, 0x0000000081900000| Untracked 
|  25|0x0000000081900000, 0x0000000081a00000, 0x0000000081a00000|100%| O|  |TAMS 0x0000000081a00000, 0x0000000081a00000| Untracked 
|  26|0x0000000081a00000, 0x0000000081b00000, 0x0000000081b00000|100%| O|  |TAMS 0x0000000081b00000, 0x0000000081b00000| Untracked 
|  27|0x0000000081b00000, 0x0000000081c00000, 0x0000000081c00000|100%| O|  |TAMS 0x0000000081c00000, 0x0000000081c00000| Untracked 
|  28|0x0000000081c00000, 0x0000000081d00000, 0x0000000081d00000|100%| O|  |TAMS 0x0000000081d00000, 0x0000000081d00000| Untracked 
|  29|0x0000000081d00000, 0x0000000081e00000, 0x0000000081e00000|100%|HS|  |TAMS 0x0000000081e00000, 0x0000000081e00000| Complete 
|  30|0x0000000081e00000, 0x0000000081f00000, 0x0000000081f00000|100%|HS|  |TAMS 0x0000000081f00000, 0x0000000081f00000| Complete 
|  31|0x0000000081f00000, 0x0000000082000000, 0x0000000082000000|100%|HC|  |TAMS 0x0000000082000000, 0x0000000082000000| Complete 
|  32|0x0000000082000000, 0x0000000082100000, 0x0000000082100000|100%|HC|  |TAMS 0x0000000082100000, 0x0000000082100000| Complete 
|  33|0x0000000082100000, 0x0000000082200000, 0x0000000082200000|100%| O|  |TAMS 0x0000000082200000, 0x0000000082200000| Untracked 
|  34|0x0000000082200000, 0x0000000082300000, 0x0000000082300000|100%| O|  |TAMS 0x0000000082300000, 0x0000000082300000| Untracked 
|  35|0x0000000082300000, 0x0000000082400000, 0x0000000082400000|100%| O|  |TAMS 0x0000000082400000, 0x0000000082400000| Untracked 
|  36|0x0000000082400000, 0x0000000082500000, 0x0000000082500000|100%| O|  |TAMS 0x0000000082500000, 0x0000000082500000| Untracked 
|  37|0x0000000082500000, 0x0000000082600000, 0x0000000082600000|100%| O|  |TAMS 0x0000000082600000, 0x0000000082600000| Untracked 
|  38|0x0000000082600000, 0x0000000082700000, 0x0000000082700000|100%| O|  |TAMS 0x0000000082700000, 0x0000000082700000| Untracked 
|  39|0x0000000082700000, 0x0000000082800000, 0x0000000082800000|100%| O|  |TAMS 0x0000000082800000, 0x0000000082800000| Untracked 
|  40|0x0000000082800000, 0x0000000082900000, 0x0000000082900000|100%| O|  |TAMS 0x0000000082900000, 0x0000000082900000| Untracked 
|  41|0x0000000082900000, 0x0000000082a00000, 0x0000000082a00000|100%| O|  |TAMS 0x0000000082a00000, 0x0000000082a00000| Untracked 
|  42|0x0000000082a00000, 0x0000000082b00000, 0x0000000082b00000|100%| O|  |TAMS 0x0000000082b00000, 0x0000000082b00000| Untracked 
|  43|0x0000000082b00000, 0x0000000082c00000, 0x0000000082c00000|100%| O|  |TAMS 0x0000000082c00000, 0x0000000082c00000| Untracked 
|  44|0x0000000082c00000, 0x0000000082d00000, 0x0000000082d00000|100%| O|  |TAMS 0x0000000082d00000, 0x0000000082d00000| Untracked 
|  45|0x0000000082d00000, 0x0000000082e00000, 0x0000000082e00000|100%| O|  |TAMS 0x0000000082e00000, 0x0000000082e00000| Untracked 
|  46|0x0000000082e00000, 0x0000000082f00000, 0x0000000082f00000|100%| O|  |TAMS 0x0000000082f00000, 0x0000000082f00000| Untracked 
|  47|0x0000000082f00000, 0x0000000083000000, 0x0000000083000000|100%| O|  |TAMS 0x0000000083000000, 0x0000000083000000| Untracked 
|  48|0x0000000083000000, 0x0000000083100000, 0x0000000083100000|100%| O|  |TAMS 0x0000000083100000, 0x0000000083100000| Untracked 
|  49|0x0000000083100000, 0x0000000083200000, 0x0000000083200000|100%| O|  |TAMS 0x0000000083200000, 0x0000000083200000| Untracked 
|  50|0x0000000083200000, 0x0000000083300000, 0x0000000083300000|100%| O|  |TAMS 0x0000000083300000, 0x0000000083300000| Untracked 
|  51|0x0000000083300000, 0x0000000083400000, 0x0000000083400000|100%|HS|  |TAMS 0x0000000083400000, 0x0000000083400000| Complete 
|  52|0x0000000083400000, 0x0000000083500000, 0x0000000083500000|100%|HS|  |TAMS 0x0000000083500000, 0x0000000083500000| Complete 
|  53|0x0000000083500000, 0x0000000083600000, 0x0000000083600000|100%| O|  |TAMS 0x0000000083600000, 0x0000000083600000| Untracked 
|  54|0x0000000083600000, 0x0000000083700000, 0x0000000083700000|100%|HS|  |TAMS 0x0000000083700000, 0x0000000083700000| Complete 
|  55|0x0000000083700000, 0x0000000083800000, 0x0000000083800000|100%|HC|  |TAMS 0x0000000083800000, 0x0000000083800000| Complete 
|  56|0x0000000083800000, 0x0000000083900000, 0x0000000083900000|100%| O|  |TAMS 0x0000000083900000, 0x0000000083900000| Untracked 
|  57|0x0000000083900000, 0x0000000083a00000, 0x0000000083a00000|100%| O|  |TAMS 0x0000000083a00000, 0x0000000083a00000| Untracked 
|  58|0x0000000083a00000, 0x0000000083b00000, 0x0000000083b00000|100%| O|  |TAMS 0x0000000083b00000, 0x0000000083b00000| Untracked 
|  59|0x0000000083b00000, 0x0000000083c00000, 0x0000000083c00000|100%| O|  |TAMS 0x0000000083c00000, 0x0000000083c00000| Untracked 
|  60|0x0000000083c00000, 0x0000000083d00000, 0x0000000083d00000|100%| O|  |TAMS 0x0000000083d00000, 0x0000000083d00000| Untracked 
|  61|0x0000000083d00000, 0x0000000083e00000, 0x0000000083e00000|100%| O|  |TAMS 0x0000000083e00000, 0x0000000083e00000| Untracked 
|  62|0x0000000083e00000, 0x0000000083f00000, 0x0000000083f00000|100%| O|  |TAMS 0x0000000083f00000, 0x0000000083f00000| Untracked 
|  63|0x0000000083f00000, 0x0000000084000000, 0x0000000084000000|100%| O|  |TAMS 0x0000000083f00000, 0x0000000084000000| Untracked 
|  64|0x0000000084000000, 0x0000000084100000, 0x0000000084100000|100%| O|  |TAMS 0x0000000084100000, 0x0000000084100000| Untracked 
|  65|0x0000000084100000, 0x0000000084200000, 0x0000000084200000|100%| O|  |TAMS 0x0000000084200000, 0x0000000084200000| Untracked 
|  66|0x0000000084200000, 0x0000000084300000, 0x0000000084300000|100%| O|  |TAMS 0x0000000084300000, 0x0000000084300000| Untracked 
|  67|0x0000000084300000, 0x0000000084400000, 0x0000000084400000|100%| O|  |TAMS 0x0000000084400000, 0x0000000084400000| Untracked 
|  68|0x0000000084400000, 0x0000000084500000, 0x0000000084500000|100%| O|  |TAMS 0x0000000084500000, 0x0000000084500000| Untracked 
|  69|0x0000000084500000, 0x0000000084600000, 0x0000000084600000|100%| O|  |TAMS 0x0000000084600000, 0x0000000084600000| Untracked 
|  70|0x0000000084600000, 0x0000000084700000, 0x0000000084700000|100%| O|  |TAMS 0x0000000084700000, 0x0000000084700000| Untracked 
|  71|0x0000000084700000, 0x0000000084800000, 0x0000000084800000|100%| O|  |TAMS 0x0000000084800000, 0x0000000084800000| Untracked 
|  72|0x0000000084800000, 0x0000000084900000, 0x0000000084900000|100%| O|  |TAMS 0x0000000084900000, 0x0000000084900000| Untracked 
|  73|0x0000000084900000, 0x0000000084a00000, 0x0000000084a00000|100%| O|  |TAMS 0x0000000084a00000, 0x0000000084a00000| Untracked 
|  74|0x0000000084a00000, 0x0000000084b00000, 0x0000000084b00000|100%| O|  |TAMS 0x0000000084b00000, 0x0000000084b00000| Untracked 
|  75|0x0000000084b00000, 0x0000000084c00000, 0x0000000084c00000|100%| O|  |TAMS 0x0000000084c00000, 0x0000000084c00000| Untracked 
|  76|0x0000000084c00000, 0x0000000084d00000, 0x0000000084d00000|100%| O|  |TAMS 0x0000000084d00000, 0x0000000084d00000| Untracked 
|  77|0x0000000084d00000, 0x0000000084e00000, 0x0000000084e00000|100%| O|  |TAMS 0x0000000084e00000, 0x0000000084e00000| Untracked 
|  78|0x0000000084e00000, 0x0000000084f00000, 0x0000000084f00000|100%| O|  |TAMS 0x0000000084f00000, 0x0000000084f00000| Untracked 
|  79|0x0000000084f00000, 0x0000000085000000, 0x0000000085000000|100%| O|  |TAMS 0x0000000085000000, 0x0000000085000000| Untracked 
|  80|0x0000000085000000, 0x0000000085100000, 0x0000000085100000|100%| O|  |TAMS 0x0000000085100000, 0x0000000085100000| Untracked 
|  81|0x0000000085100000, 0x0000000085200000, 0x0000000085200000|100%| O|  |TAMS 0x0000000085200000, 0x0000000085200000| Untracked 
|  82|0x0000000085200000, 0x0000000085300000, 0x0000000085300000|100%| O|  |TAMS 0x0000000085300000, 0x0000000085300000| Untracked 
|  83|0x0000000085300000, 0x0000000085400000, 0x0000000085400000|100%| O|  |TAMS 0x0000000085400000, 0x0000000085400000| Untracked 
|  84|0x0000000085400000, 0x0000000085500000, 0x0000000085500000|100%| O|  |TAMS 0x0000000085500000, 0x0000000085500000| Untracked 
|  85|0x0000000085500000, 0x0000000085600000, 0x0000000085600000|100%|HS|  |TAMS 0x0000000085600000, 0x0000000085600000| Complete 
|  86|0x0000000085600000, 0x0000000085700000, 0x0000000085700000|100%|HC|  |TAMS 0x0000000085700000, 0x0000000085700000| Complete 
|  87|0x0000000085700000, 0x0000000085800000, 0x0000000085800000|100%|HS|  |TAMS 0x0000000085800000, 0x0000000085800000| Complete 
|  88|0x0000000085800000, 0x0000000085900000, 0x0000000085900000|100%|HC|  |TAMS 0x0000000085900000, 0x0000000085900000| Complete 
|  89|0x0000000085900000, 0x0000000085a00000, 0x0000000085a00000|100%|HC|  |TAMS 0x0000000085a00000, 0x0000000085a00000| Complete 
|  90|0x0000000085a00000, 0x0000000085b00000, 0x0000000085b00000|100%|HC|  |TAMS 0x0000000085b00000, 0x0000000085b00000| Complete 
|  91|0x0000000085b00000, 0x0000000085c00000, 0x0000000085c00000|100%| O|  |TAMS 0x0000000085c00000, 0x0000000085c00000| Untracked 
|  92|0x0000000085c00000, 0x0000000085d00000, 0x0000000085d00000|100%| O|  |TAMS 0x0000000085d00000, 0x0000000085d00000| Untracked 
|  93|0x0000000085d00000, 0x0000000085e00000, 0x0000000085e00000|100%| O|  |TAMS 0x0000000085e00000, 0x0000000085e00000| Untracked 
|  94|0x0000000085e00000, 0x0000000085f00000, 0x0000000085f00000|100%| O|  |TAMS 0x0000000085f00000, 0x0000000085f00000| Untracked 
|  95|0x0000000085f00000, 0x0000000086000000, 0x0000000086000000|100%| O|  |TAMS 0x0000000086000000, 0x0000000086000000| Untracked 
|  96|0x0000000086000000, 0x0000000086100000, 0x0000000086100000|100%| O|  |TAMS 0x0000000086100000, 0x0000000086100000| Untracked 
|  97|0x0000000086100000, 0x0000000086200000, 0x0000000086200000|100%| O|  |TAMS 0x0000000086200000, 0x0000000086200000| Untracked 
|  98|0x0000000086200000, 0x0000000086300000, 0x0000000086300000|100%| O|  |TAMS 0x0000000086300000, 0x0000000086300000| Untracked 
|  99|0x0000000086300000, 0x0000000086400000, 0x0000000086400000|100%| O|  |TAMS 0x0000000086400000, 0x0000000086400000| Untracked 
| 100|0x0000000086400000, 0x0000000086500000, 0x0000000086500000|100%| O|  |TAMS 0x0000000086500000, 0x0000000086500000| Untracked 
| 101|0x0000000086500000, 0x0000000086600000, 0x0000000086600000|100%|HS|  |TAMS 0x0000000086600000, 0x0000000086600000| Complete 
| 102|0x0000000086600000, 0x0000000086700000, 0x0000000086700000|100%|HS|  |TAMS 0x0000000086700000, 0x0000000086700000| Complete 
| 103|0x0000000086700000, 0x0000000086800000, 0x0000000086800000|100%|HS|  |TAMS 0x0000000086800000, 0x0000000086800000| Complete 
| 104|0x0000000086800000, 0x0000000086900000, 0x0000000086900000|100%|HS|  |TAMS 0x0000000086900000, 0x0000000086900000| Complete 
| 105|0x0000000086900000, 0x0000000086a00000, 0x0000000086a00000|100%|HC|  |TAMS 0x0000000086a00000, 0x0000000086a00000| Complete 
| 106|0x0000000086a00000, 0x0000000086b00000, 0x0000000086b00000|100%|HC|  |TAMS 0x0000000086b00000, 0x0000000086b00000| Complete 
| 107|0x0000000086b00000, 0x0000000086c00000, 0x0000000086c00000|100%| O|  |TAMS 0x0000000086c00000, 0x0000000086c00000| Untracked 
| 108|0x0000000086c00000, 0x0000000086d00000, 0x0000000086d00000|100%| O|  |TAMS 0x0000000086d00000, 0x0000000086d00000| Untracked 
| 109|0x0000000086d00000, 0x0000000086e00000, 0x0000000086e00000|100%| O|  |TAMS 0x0000000086e00000, 0x0000000086e00000| Untracked 
| 110|0x0000000086e00000, 0x0000000086f00000, 0x0000000086f00000|100%| O|  |TAMS 0x0000000086f00000, 0x0000000086f00000| Untracked 
| 111|0x0000000086f00000, 0x0000000087000000, 0x0000000087000000|100%| O|  |TAMS 0x0000000087000000, 0x0000000087000000| Untracked 
| 112|0x0000000087000000, 0x0000000087100000, 0x0000000087100000|100%|HS|  |TAMS 0x0000000087100000, 0x0000000087100000| Complete 
| 113|0x0000000087100000, 0x0000000087200000, 0x0000000087200000|100%|HS|  |TAMS 0x0000000087200000, 0x0000000087200000| Complete 
| 114|0x0000000087200000, 0x0000000087300000, 0x0000000087300000|100%| O|  |TAMS 0x0000000087300000, 0x0000000087300000| Untracked 
| 115|0x0000000087300000, 0x0000000087400000, 0x0000000087400000|100%| O|  |TAMS 0x0000000087400000, 0x0000000087400000| Untracked 
| 116|0x0000000087400000, 0x0000000087500000, 0x0000000087500000|100%| O|  |TAMS 0x0000000087500000, 0x0000000087500000| Untracked 
| 117|0x0000000087500000, 0x0000000087600000, 0x0000000087600000|100%| O|  |TAMS 0x0000000087600000, 0x0000000087600000| Untracked 
| 118|0x0000000087600000, 0x0000000087700000, 0x0000000087700000|100%|HS|  |TAMS 0x0000000087700000, 0x0000000087700000| Complete 
| 119|0x0000000087700000, 0x0000000087800000, 0x0000000087800000|100%|HC|  |TAMS 0x0000000087800000, 0x0000000087800000| Complete 
| 120|0x0000000087800000, 0x0000000087900000, 0x0000000087900000|100%|HC|  |TAMS 0x0000000087900000, 0x0000000087900000| Complete 
| 121|0x0000000087900000, 0x0000000087a00000, 0x0000000087a00000|100%| O|  |TAMS 0x0000000087a00000, 0x0000000087a00000| Untracked 
| 122|0x0000000087a00000, 0x0000000087b00000, 0x0000000087b00000|100%| O|  |TAMS 0x0000000087b00000, 0x0000000087b00000| Untracked 
| 123|0x0000000087b00000, 0x0000000087c00000, 0x0000000087c00000|100%| O|  |TAMS 0x0000000087c00000, 0x0000000087c00000| Untracked 
| 124|0x0000000087c00000, 0x0000000087d00000, 0x0000000087d00000|100%| O|  |TAMS 0x0000000087d00000, 0x0000000087d00000| Untracked 
| 125|0x0000000087d00000, 0x0000000087e00000, 0x0000000087e00000|100%| O|  |TAMS 0x0000000087e00000, 0x0000000087e00000| Untracked 
| 126|0x0000000087e00000, 0x0000000087f00000, 0x0000000087f00000|100%| O|  |TAMS 0x0000000087f00000, 0x0000000087f00000| Untracked 
| 127|0x0000000087f00000, 0x0000000088000000, 0x0000000088000000|100%| O|  |TAMS 0x0000000088000000, 0x0000000088000000| Untracked 
| 128|0x0000000088000000, 0x0000000088100000, 0x0000000088100000|100%| O|  |TAMS 0x0000000088100000, 0x0000000088100000| Untracked 
| 129|0x0000000088100000, 0x0000000088200000, 0x0000000088200000|100%| O|  |TAMS 0x0000000088200000, 0x0000000088200000| Untracked 
| 130|0x0000000088200000, 0x0000000088300000, 0x0000000088300000|100%| O|  |TAMS 0x0000000088300000, 0x0000000088300000| Untracked 
| 131|0x0000000088300000, 0x0000000088400000, 0x0000000088400000|100%| O|  |TAMS 0x0000000088400000, 0x0000000088400000| Untracked 
| 132|0x0000000088400000, 0x0000000088500000, 0x0000000088500000|100%| O|  |TAMS 0x0000000088500000, 0x0000000088500000| Untracked 
| 133|0x0000000088500000, 0x0000000088600000, 0x0000000088600000|100%| O|  |TAMS 0x0000000088600000, 0x0000000088600000| Untracked 
| 134|0x0000000088600000, 0x0000000088700000, 0x0000000088700000|100%| O|  |TAMS 0x0000000088700000, 0x0000000088700000| Untracked 
| 135|0x0000000088700000, 0x0000000088800000, 0x0000000088800000|100%| O|  |TAMS 0x0000000088800000, 0x0000000088800000| Untracked 
| 136|0x0000000088800000, 0x0000000088900000, 0x0000000088900000|100%| O|  |TAMS 0x0000000088900000, 0x0000000088900000| Untracked 
| 137|0x0000000088900000, 0x0000000088a00000, 0x0000000088a00000|100%| O|  |TAMS 0x0000000088a00000, 0x0000000088a00000| Untracked 
| 138|0x0000000088a00000, 0x0000000088b00000, 0x0000000088b00000|100%| O|  |TAMS 0x0000000088b00000, 0x0000000088b00000| Untracked 
| 139|0x0000000088b00000, 0x0000000088c00000, 0x0000000088c00000|100%| O|  |TAMS 0x0000000088c00000, 0x0000000088c00000| Untracked 
| 140|0x0000000088c00000, 0x0000000088d00000, 0x0000000088d00000|100%| O|  |TAMS 0x0000000088d00000, 0x0000000088d00000| Untracked 
| 141|0x0000000088d00000, 0x0000000088e00000, 0x0000000088e00000|100%| O|  |TAMS 0x0000000088e00000, 0x0000000088e00000| Untracked 
| 142|0x0000000088e00000, 0x0000000088f00000, 0x0000000088f00000|100%| O|  |TAMS 0x0000000088f00000, 0x0000000088f00000| Untracked 
| 143|0x0000000088f00000, 0x0000000089000000, 0x0000000089000000|100%| O|  |TAMS 0x0000000089000000, 0x0000000089000000| Untracked 
| 144|0x0000000089000000, 0x0000000089100000, 0x0000000089100000|100%| O|  |TAMS 0x0000000089100000, 0x0000000089100000| Untracked 
| 145|0x0000000089100000, 0x0000000089200000, 0x0000000089200000|100%| O|  |TAMS 0x0000000089200000, 0x0000000089200000| Untracked 
| 146|0x0000000089200000, 0x0000000089300000, 0x0000000089300000|100%| O|  |TAMS 0x0000000089300000, 0x0000000089300000| Untracked 
| 147|0x0000000089300000, 0x0000000089400000, 0x0000000089400000|100%| O|  |TAMS 0x0000000089400000, 0x0000000089400000| Untracked 
| 148|0x0000000089400000, 0x0000000089500000, 0x0000000089500000|100%| O|  |TAMS 0x0000000089500000, 0x0000000089500000| Untracked 
| 149|0x0000000089500000, 0x0000000089600000, 0x0000000089600000|100%| O|  |TAMS 0x0000000089600000, 0x0000000089600000| Untracked 
| 150|0x0000000089600000, 0x0000000089700000, 0x0000000089700000|100%| O|  |TAMS 0x0000000089700000, 0x0000000089700000| Untracked 
| 151|0x0000000089700000, 0x0000000089800000, 0x0000000089800000|100%| O|  |TAMS 0x0000000089800000, 0x0000000089800000| Untracked 
| 152|0x0000000089800000, 0x0000000089900000, 0x0000000089900000|100%| O|  |TAMS 0x0000000089900000, 0x0000000089900000| Untracked 
| 153|0x0000000089900000, 0x0000000089a00000, 0x0000000089a00000|100%| O|  |TAMS 0x0000000089a00000, 0x0000000089a00000| Untracked 
| 154|0x0000000089a00000, 0x0000000089b00000, 0x0000000089b00000|100%| O|  |TAMS 0x0000000089b00000, 0x0000000089b00000| Untracked 
| 155|0x0000000089b00000, 0x0000000089c00000, 0x0000000089c00000|100%| O|  |TAMS 0x0000000089c00000, 0x0000000089c00000| Untracked 
| 156|0x0000000089c00000, 0x0000000089d00000, 0x0000000089d00000|100%| O|  |TAMS 0x0000000089d00000, 0x0000000089d00000| Untracked 
| 157|0x0000000089d00000, 0x0000000089e00000, 0x0000000089e00000|100%| O|  |TAMS 0x0000000089e00000, 0x0000000089e00000| Untracked 
| 158|0x0000000089e00000, 0x0000000089f00000, 0x0000000089f00000|100%| O|  |TAMS 0x0000000089f00000, 0x0000000089f00000| Untracked 
| 159|0x0000000089f00000, 0x000000008a000000, 0x000000008a000000|100%| O|  |TAMS 0x000000008a000000, 0x000000008a000000| Untracked 
| 160|0x000000008a000000, 0x000000008a100000, 0x000000008a100000|100%| O|  |TAMS 0x000000008a100000, 0x000000008a100000| Untracked 
| 161|0x000000008a100000, 0x000000008a200000, 0x000000008a200000|100%| O|  |TAMS 0x000000008a200000, 0x000000008a200000| Untracked 
| 162|0x000000008a200000, 0x000000008a300000, 0x000000008a300000|100%| O|  |TAMS 0x000000008a300000, 0x000000008a300000| Untracked 
| 163|0x000000008a300000, 0x000000008a400000, 0x000000008a400000|100%| O|  |TAMS 0x000000008a400000, 0x000000008a400000| Untracked 
| 164|0x000000008a400000, 0x000000008a500000, 0x000000008a500000|100%|HS|  |TAMS 0x000000008a500000, 0x000000008a500000| Complete 
| 165|0x000000008a500000, 0x000000008a600000, 0x000000008a600000|100%|HC|  |TAMS 0x000000008a600000, 0x000000008a600000| Complete 
| 166|0x000000008a600000, 0x000000008a700000, 0x000000008a700000|100%|HS|  |TAMS 0x000000008a700000, 0x000000008a700000| Complete 
| 167|0x000000008a700000, 0x000000008a800000, 0x000000008a800000|100%|HS|  |TAMS 0x000000008a800000, 0x000000008a800000| Complete 
| 168|0x000000008a800000, 0x000000008a900000, 0x000000008a900000|100%|HS|  |TAMS 0x000000008a900000, 0x000000008a900000| Complete 
| 169|0x000000008a900000, 0x000000008aa00000, 0x000000008aa00000|100%|HS|  |TAMS 0x000000008aa00000, 0x000000008aa00000| Complete 
| 170|0x000000008aa00000, 0x000000008ab00000, 0x000000008ab00000|100%|HS|  |TAMS 0x000000008ab00000, 0x000000008ab00000| Complete 
| 171|0x000000008ab00000, 0x000000008ac00000, 0x000000008ac00000|100%|HC|  |TAMS 0x000000008ac00000, 0x000000008ac00000| Complete 
| 172|0x000000008ac00000, 0x000000008ad00000, 0x000000008ad00000|100%|HC|  |TAMS 0x000000008ad00000, 0x000000008ad00000| Complete 
| 173|0x000000008ad00000, 0x000000008ae00000, 0x000000008ae00000|100%| O|  |TAMS 0x000000008ae00000, 0x000000008ae00000| Untracked 
| 174|0x000000008ae00000, 0x000000008af00000, 0x000000008af00000|100%| O|  |TAMS 0x000000008af00000, 0x000000008af00000| Untracked 
| 175|0x000000008af00000, 0x000000008b000000, 0x000000008b000000|100%| O|  |TAMS 0x000000008b000000, 0x000000008b000000| Untracked 
| 176|0x000000008b000000, 0x000000008b100000, 0x000000008b100000|100%|HS|  |TAMS 0x000000008b100000, 0x000000008b100000| Complete 
| 177|0x000000008b100000, 0x000000008b200000, 0x000000008b200000|100%| O|  |TAMS 0x000000008b200000, 0x000000008b200000| Untracked 
| 178|0x000000008b200000, 0x000000008b300000, 0x000000008b300000|100%| O|  |TAMS 0x000000008b300000, 0x000000008b300000| Untracked 
| 179|0x000000008b300000, 0x000000008b400000, 0x000000008b400000|100%|HS|  |TAMS 0x000000008b400000, 0x000000008b400000| Complete 
| 180|0x000000008b400000, 0x000000008b500000, 0x000000008b500000|100%|HC|  |TAMS 0x000000008b500000, 0x000000008b500000| Complete 
| 181|0x000000008b500000, 0x000000008b600000, 0x000000008b600000|100%| O|  |TAMS 0x000000008b600000, 0x000000008b600000| Untracked 
| 182|0x000000008b600000, 0x000000008b700000, 0x000000008b700000|100%|HS|  |TAMS 0x000000008b700000, 0x000000008b700000| Complete 
| 183|0x000000008b700000, 0x000000008b800000, 0x000000008b800000|100%| O|  |TAMS 0x000000008b800000, 0x000000008b800000| Untracked 
| 184|0x000000008b800000, 0x000000008b900000, 0x000000008b900000|100%|HS|  |TAMS 0x000000008b900000, 0x000000008b900000| Complete 
| 185|0x000000008b900000, 0x000000008ba00000, 0x000000008ba00000|100%| O|  |TAMS 0x000000008ba00000, 0x000000008ba00000| Untracked 
| 186|0x000000008ba00000, 0x000000008bb00000, 0x000000008bb00000|100%|HS|  |TAMS 0x000000008bb00000, 0x000000008bb00000| Complete 
| 187|0x000000008bb00000, 0x000000008bc00000, 0x000000008bc00000|100%| O|  |TAMS 0x000000008bc00000, 0x000000008bc00000| Untracked 
| 188|0x000000008bc00000, 0x000000008bd00000, 0x000000008bd00000|100%|HS|  |TAMS 0x000000008bd00000, 0x000000008bd00000| Complete 
| 189|0x000000008bd00000, 0x000000008be00000, 0x000000008be00000|100%| O|  |TAMS 0x000000008be00000, 0x000000008be00000| Untracked 
| 190|0x000000008be00000, 0x000000008bf00000, 0x000000008bf00000|100%| O|  |TAMS 0x000000008bf00000, 0x000000008bf00000| Untracked 
| 191|0x000000008bf00000, 0x000000008c000000, 0x000000008c000000|100%| O|  |TAMS 0x000000008c000000, 0x000000008c000000| Untracked 
| 192|0x000000008c000000, 0x000000008c100000, 0x000000008c100000|100%| O|  |TAMS 0x000000008c100000, 0x000000008c100000| Untracked 
| 193|0x000000008c100000, 0x000000008c200000, 0x000000008c200000|100%| O|  |TAMS 0x000000008c200000, 0x000000008c200000| Untracked 
| 194|0x000000008c200000, 0x000000008c300000, 0x000000008c300000|100%| O|  |TAMS 0x000000008c300000, 0x000000008c300000| Untracked 
| 195|0x000000008c300000, 0x000000008c400000, 0x000000008c400000|100%|HS|  |TAMS 0x000000008c400000, 0x000000008c400000| Complete 
| 196|0x000000008c400000, 0x000000008c500000, 0x000000008c500000|100%|HC|  |TAMS 0x000000008c500000, 0x000000008c500000| Complete 
| 197|0x000000008c500000, 0x000000008c600000, 0x000000008c600000|100%|HC|  |TAMS 0x000000008c600000, 0x000000008c600000| Complete 
| 198|0x000000008c600000, 0x000000008c700000, 0x000000008c700000|100%| O|  |TAMS 0x000000008c700000, 0x000000008c700000| Untracked 
| 199|0x000000008c700000, 0x000000008c800000, 0x000000008c800000|100%| O|  |TAMS 0x000000008c800000, 0x000000008c800000| Untracked 
| 200|0x000000008c800000, 0x000000008c900000, 0x000000008c900000|100%| O|  |TAMS 0x000000008c900000, 0x000000008c900000| Untracked 
| 201|0x000000008c900000, 0x000000008ca00000, 0x000000008ca00000|100%| O|  |TAMS 0x000000008ca00000, 0x000000008ca00000| Untracked 
| 202|0x000000008ca00000, 0x000000008cb00000, 0x000000008cb00000|100%| O|  |TAMS 0x000000008cb00000, 0x000000008cb00000| Untracked 
| 203|0x000000008cb00000, 0x000000008cc00000, 0x000000008cc00000|100%| O|  |TAMS 0x000000008cc00000, 0x000000008cc00000| Untracked 
| 204|0x000000008cc00000, 0x000000008cd00000, 0x000000008cd00000|100%| O|  |TAMS 0x000000008cd00000, 0x000000008cd00000| Untracked 
| 205|0x000000008cd00000, 0x000000008ce00000, 0x000000008ce00000|100%| O|  |TAMS 0x000000008ce00000, 0x000000008ce00000| Untracked 
| 206|0x000000008ce00000, 0x000000008cf00000, 0x000000008cf00000|100%| O|  |TAMS 0x000000008cf00000, 0x000000008cf00000| Untracked 
| 207|0x000000008cf00000, 0x000000008d000000, 0x000000008d000000|100%| O|  |TAMS 0x000000008d000000, 0x000000008d000000| Untracked 
| 208|0x000000008d000000, 0x000000008d100000, 0x000000008d100000|100%| O|  |TAMS 0x000000008d100000, 0x000000008d100000| Untracked 
| 209|0x000000008d100000, 0x000000008d200000, 0x000000008d200000|100%| O|  |TAMS 0x000000008d200000, 0x000000008d200000| Untracked 
| 210|0x000000008d200000, 0x000000008d300000, 0x000000008d300000|100%| O|  |TAMS 0x000000008d300000, 0x000000008d300000| Untracked 
| 211|0x000000008d300000, 0x000000008d400000, 0x000000008d400000|100%|HS|  |TAMS 0x000000008d300000, 0x000000008d400000| Complete 
| 212|0x000000008d400000, 0x000000008d500000, 0x000000008d500000|100%| O|  |TAMS 0x000000008d400000, 0x000000008d500000| Untracked 
| 213|0x000000008d500000, 0x000000008d600000, 0x000000008d600000|100%| O|  |TAMS 0x000000008d500000, 0x000000008d600000| Untracked 
| 214|0x000000008d600000, 0x000000008d700000, 0x000000008d700000|100%| O|  |TAMS 0x000000008d600000, 0x000000008d700000| Untracked 
| 215|0x000000008d700000, 0x000000008d800000, 0x000000008d800000|100%| O|  |TAMS 0x000000008d700000, 0x000000008d800000| Untracked 
| 216|0x000000008d800000, 0x000000008d900000, 0x000000008d900000|100%| O|  |TAMS 0x000000008d800000, 0x000000008d900000| Untracked 
| 217|0x000000008d900000, 0x000000008da00000, 0x000000008da00000|100%| O|  |TAMS 0x000000008d900000, 0x000000008da00000| Untracked 
| 218|0x000000008da00000, 0x000000008db00000, 0x000000008db00000|100%| O|  |TAMS 0x000000008da00000, 0x000000008db00000| Untracked 
| 219|0x000000008db00000, 0x000000008dc00000, 0x000000008dc00000|100%| O|  |TAMS 0x000000008db00000, 0x000000008dc00000| Untracked 
| 220|0x000000008dc00000, 0x000000008dd00000, 0x000000008dd00000|100%| O|  |TAMS 0x000000008dc00000, 0x000000008dd00000| Untracked 
| 221|0x000000008dd00000, 0x000000008de00000, 0x000000008de00000|100%| O|  |TAMS 0x000000008dd00000, 0x000000008de00000| Untracked 
| 222|0x000000008de00000, 0x000000008df00000, 0x000000008df00000|100%| O|  |TAMS 0x000000008de00000, 0x000000008df00000| Untracked 
| 223|0x000000008df00000, 0x000000008e000000, 0x000000008e000000|100%| O|  |TAMS 0x000000008df00000, 0x000000008e000000| Untracked 
| 224|0x000000008e000000, 0x000000008e100000, 0x000000008e100000|100%| O|  |TAMS 0x000000008e000000, 0x000000008e100000| Untracked 
| 225|0x000000008e100000, 0x000000008e200000, 0x000000008e200000|100%| O|  |TAMS 0x000000008e100000, 0x000000008e200000| Untracked 
| 226|0x000000008e200000, 0x000000008e300000, 0x000000008e300000|100%| O|  |TAMS 0x000000008e200000, 0x000000008e300000| Untracked 
| 227|0x000000008e300000, 0x000000008e400000, 0x000000008e400000|100%| O|  |TAMS 0x000000008e300000, 0x000000008e400000| Untracked 
| 228|0x000000008e400000, 0x000000008e500000, 0x000000008e500000|100%| O|  |TAMS 0x000000008e400000, 0x000000008e500000| Untracked 
| 229|0x000000008e500000, 0x000000008e600000, 0x000000008e600000|100%| O|  |TAMS 0x000000008e500000, 0x000000008e600000| Untracked 
| 230|0x000000008e600000, 0x000000008e700000, 0x000000008e700000|100%| O|  |TAMS 0x000000008e600000, 0x000000008e700000| Untracked 
| 231|0x000000008e700000, 0x000000008e800000, 0x000000008e800000|100%| O|  |TAMS 0x000000008e700000, 0x000000008e800000| Untracked 
| 232|0x000000008e800000, 0x000000008e900000, 0x000000008e900000|100%| O|  |TAMS 0x000000008e800000, 0x000000008e900000| Untracked 
| 233|0x000000008e900000, 0x000000008ea00000, 0x000000008ea00000|100%| O|  |TAMS 0x000000008e900000, 0x000000008ea00000| Untracked 
| 234|0x000000008ea00000, 0x000000008eb00000, 0x000000008eb00000|100%| O|  |TAMS 0x000000008ea00000, 0x000000008ea7f000| Untracked 
| 235|0x000000008eb00000, 0x000000008ec00000, 0x000000008ec00000|100%| O|  |TAMS 0x000000008eb00000, 0x000000008eb00000| Untracked 
| 236|0x000000008ec00000, 0x000000008ed00000, 0x000000008ed00000|100%| O|  |TAMS 0x000000008ec00000, 0x000000008ec00000| Untracked 
| 237|0x000000008ed00000, 0x000000008ee00000, 0x000000008ee00000|100%| O|  |TAMS 0x000000008ed00000, 0x000000008ed00000| Untracked 
| 238|0x000000008ee00000, 0x000000008ef00000, 0x000000008ef00000|100%| O|  |TAMS 0x000000008ee00000, 0x000000008ee00000| Untracked 
| 239|0x000000008ef00000, 0x000000008f000000, 0x000000008f000000|100%| O|  |TAMS 0x000000008ef00000, 0x000000008ef00000| Untracked 
| 240|0x000000008f000000, 0x000000008f100000, 0x000000008f100000|100%| O|  |TAMS 0x000000008f000000, 0x000000008f000000| Untracked 
| 241|0x000000008f100000, 0x000000008f200000, 0x000000008f200000|100%| O|  |TAMS 0x000000008f100000, 0x000000008f100000| Untracked 
| 242|0x000000008f200000, 0x000000008f300000, 0x000000008f300000|100%| O|  |TAMS 0x000000008f200000, 0x000000008f200000| Untracked 
| 243|0x000000008f300000, 0x000000008f400000, 0x000000008f400000|100%| O|  |TAMS 0x000000008f300000, 0x000000008f300000| Untracked 
| 244|0x000000008f400000, 0x000000008f500000, 0x000000008f500000|100%| O|  |TAMS 0x000000008f400000, 0x000000008f400000| Untracked 
| 245|0x000000008f500000, 0x000000008f600000, 0x000000008f600000|100%| O|  |TAMS 0x000000008f500000, 0x000000008f500000| Untracked 
| 246|0x000000008f600000, 0x000000008f700000, 0x000000008f700000|100%| O|  |TAMS 0x000000008f600000, 0x000000008f600000| Untracked 
| 247|0x000000008f700000, 0x000000008f800000, 0x000000008f800000|100%| O|  |TAMS 0x000000008f700000, 0x000000008f700000| Untracked 
| 248|0x000000008f800000, 0x000000008f900000, 0x000000008f900000|100%| O|  |TAMS 0x000000008f800000, 0x000000008f800000| Untracked 
| 249|0x000000008f900000, 0x000000008fa00000, 0x000000008fa00000|100%| O|  |TAMS 0x000000008f900000, 0x000000008f900000| Untracked 
| 250|0x000000008fa00000, 0x000000008fb00000, 0x000000008fb00000|100%| O|  |TAMS 0x000000008fa00000, 0x000000008fa00000| Untracked 
| 251|0x000000008fb00000, 0x000000008fc00000, 0x000000008fc00000|100%| O|  |TAMS 0x000000008fb00000, 0x000000008fb00000| Untracked 
| 252|0x000000008fc00000, 0x000000008fd00000, 0x000000008fd00000|100%| O|  |TAMS 0x000000008fc00000, 0x000000008fc00000| Untracked 
| 253|0x000000008fd00000, 0x000000008fe00000, 0x000000008fe00000|100%| O|  |TAMS 0x000000008fd00000, 0x000000008fd00000| Untracked 
| 254|0x000000008fe00000, 0x000000008ff00000, 0x000000008ff00000|100%| O|  |TAMS 0x000000008ff00000, 0x000000008ff00000| Untracked 
| 255|0x000000008ff00000, 0x0000000090000000, 0x0000000090000000|100%| O|  |TAMS 0x000000008ff00000, 0x000000008ff00000| Untracked 
| 256|0x0000000090000000, 0x0000000090100000, 0x0000000090100000|100%| O|  |TAMS 0x0000000090000000, 0x0000000090000000| Untracked 
| 257|0x0000000090100000, 0x0000000090200000, 0x0000000090200000|100%| O|  |TAMS 0x0000000090100000, 0x0000000090100000| Untracked 
| 258|0x0000000090200000, 0x0000000090300000, 0x0000000090300000|100%| O|  |TAMS 0x0000000090200000, 0x0000000090200000| Untracked 
| 259|0x0000000090300000, 0x0000000090400000, 0x0000000090400000|100%| O|  |TAMS 0x0000000090300000, 0x0000000090300000| Untracked 
| 260|0x0000000090400000, 0x0000000090500000, 0x0000000090500000|100%| O|  |TAMS 0x0000000090400000, 0x0000000090400000| Untracked 
| 261|0x0000000090500000, 0x0000000090600000, 0x0000000090600000|100%| O|  |TAMS 0x0000000090500000, 0x0000000090500000| Untracked 
| 262|0x0000000090600000, 0x0000000090700000, 0x0000000090700000|100%| O|  |TAMS 0x0000000090600000, 0x0000000090600000| Untracked 
| 263|0x0000000090700000, 0x0000000090800000, 0x0000000090800000|100%| O|  |TAMS 0x0000000090700000, 0x0000000090700000| Untracked 
| 264|0x0000000090800000, 0x0000000090853400, 0x0000000090900000| 32%| O|  |TAMS 0x0000000090800000, 0x0000000090800000| Untracked 
| 265|0x0000000090900000, 0x0000000090900000, 0x0000000090a00000|  0%| F|  |TAMS 0x0000000090900000, 0x0000000090900000| Untracked 
| 266|0x0000000090a00000, 0x0000000090a00000, 0x0000000090b00000|  0%| F|  |TAMS 0x0000000090a00000, 0x0000000090a00000| Untracked 
| 267|0x0000000090b00000, 0x0000000090b00000, 0x0000000090c00000|  0%| F|  |TAMS 0x0000000090b00000, 0x0000000090b00000| Untracked 
| 268|0x0000000090c00000, 0x0000000090c00000, 0x0000000090d00000|  0%| F|  |TAMS 0x0000000090c00000, 0x0000000090c00000| Untracked 
| 269|0x0000000090d00000, 0x0000000090d00000, 0x0000000090e00000|  0%| F|  |TAMS 0x0000000090d00000, 0x0000000090d00000| Untracked 
| 270|0x0000000090e00000, 0x0000000090e00000, 0x0000000090f00000|  0%| F|  |TAMS 0x0000000090e00000, 0x0000000090e00000| Untracked 
| 271|0x0000000090f00000, 0x0000000090f00000, 0x0000000091000000|  0%| F|  |TAMS 0x0000000090f00000, 0x0000000090f00000| Untracked 
| 272|0x0000000091000000, 0x0000000091000000, 0x0000000091100000|  0%| F|  |TAMS 0x0000000091000000, 0x0000000091000000| Untracked 
| 273|0x0000000091100000, 0x0000000091100000, 0x0000000091200000|  0%| F|  |TAMS 0x0000000091100000, 0x0000000091100000| Untracked 
| 274|0x0000000091200000, 0x0000000091200000, 0x0000000091300000|  0%| F|  |TAMS 0x0000000091200000, 0x0000000091200000| Untracked 
| 275|0x0000000091300000, 0x0000000091300000, 0x0000000091400000|  0%| F|  |TAMS 0x0000000091300000, 0x0000000091300000| Untracked 
| 276|0x0000000091400000, 0x0000000091400000, 0x0000000091500000|  0%| F|  |TAMS 0x0000000091400000, 0x0000000091400000| Untracked 
| 277|0x0000000091500000, 0x0000000091500000, 0x0000000091600000|  0%| F|  |TAMS 0x0000000091500000, 0x0000000091500000| Untracked 
| 278|0x0000000091600000, 0x0000000091600000, 0x0000000091700000|  0%| F|  |TAMS 0x0000000091600000, 0x0000000091600000| Untracked 
| 279|0x0000000091700000, 0x0000000091700000, 0x0000000091800000|  0%| F|  |TAMS 0x0000000091700000, 0x0000000091700000| Untracked 
| 280|0x0000000091800000, 0x0000000091800000, 0x0000000091900000|  0%| F|  |TAMS 0x0000000091800000, 0x0000000091800000| Untracked 
| 281|0x0000000091900000, 0x0000000091900000, 0x0000000091a00000|  0%| F|  |TAMS 0x0000000091900000, 0x0000000091900000| Untracked 
| 282|0x0000000091a00000, 0x0000000091a00000, 0x0000000091b00000|  0%| F|  |TAMS 0x0000000091a00000, 0x0000000091a00000| Untracked 
| 283|0x0000000091b00000, 0x0000000091b00000, 0x0000000091c00000|  0%| F|  |TAMS 0x0000000091b00000, 0x0000000091b00000| Untracked 
| 284|0x0000000091c00000, 0x0000000091c00000, 0x0000000091d00000|  0%| F|  |TAMS 0x0000000091c00000, 0x0000000091c00000| Untracked 
| 285|0x0000000091d00000, 0x0000000091d00000, 0x0000000091e00000|  0%| F|  |TAMS 0x0000000091d00000, 0x0000000091d00000| Untracked 
| 286|0x0000000091e00000, 0x0000000091e00000, 0x0000000091f00000|  0%| F|  |TAMS 0x0000000091e00000, 0x0000000091e00000| Untracked 
| 287|0x0000000091f00000, 0x0000000091f00000, 0x0000000092000000|  0%| F|  |TAMS 0x0000000091f00000, 0x0000000091f00000| Untracked 
| 288|0x0000000092000000, 0x0000000092000000, 0x0000000092100000|  0%| F|  |TAMS 0x0000000092000000, 0x0000000092000000| Untracked 
| 289|0x0000000092100000, 0x0000000092200000, 0x0000000092200000|100%| S|CS|TAMS 0x0000000092100000, 0x0000000092100000| Complete 
| 290|0x0000000092200000, 0x0000000092200000, 0x0000000092300000|  0%| F|  |TAMS 0x0000000092200000, 0x0000000092200000| Untracked 
| 291|0x0000000092300000, 0x0000000092300000, 0x0000000092400000|  0%| F|  |TAMS 0x0000000092300000, 0x0000000092300000| Untracked 
| 292|0x0000000092400000, 0x0000000092500000, 0x0000000092500000|100%| S|CS|TAMS 0x0000000092400000, 0x0000000092400000| Complete 
| 293|0x0000000092500000, 0x0000000092500000, 0x0000000092600000|  0%| F|  |TAMS 0x0000000092500000, 0x0000000092500000| Untracked 
| 294|0x0000000092600000, 0x0000000092600000, 0x0000000092700000|  0%| F|  |TAMS 0x0000000092600000, 0x0000000092600000| Untracked 
| 295|0x0000000092700000, 0x0000000092700000, 0x0000000092800000|  0%| F|  |TAMS 0x0000000092700000, 0x0000000092700000| Untracked 
| 296|0x0000000092800000, 0x0000000092800000, 0x0000000092900000|  0%| F|  |TAMS 0x0000000092800000, 0x0000000092800000| Untracked 
| 297|0x0000000092900000, 0x0000000092900000, 0x0000000092a00000|  0%| F|  |TAMS 0x0000000092900000, 0x0000000092900000| Untracked 
| 298|0x0000000092a00000, 0x0000000092a00000, 0x0000000092b00000|  0%| F|  |TAMS 0x0000000092a00000, 0x0000000092a00000| Untracked 
| 299|0x0000000092b00000, 0x0000000092b00000, 0x0000000092c00000|  0%| F|  |TAMS 0x0000000092b00000, 0x0000000092b00000| Untracked 
| 300|0x0000000092c00000, 0x0000000092c00000, 0x0000000092d00000|  0%| F|  |TAMS 0x0000000092c00000, 0x0000000092c00000| Untracked 
| 301|0x0000000092d00000, 0x0000000092d00000, 0x0000000092e00000|  0%| F|  |TAMS 0x0000000092d00000, 0x0000000092d00000| Untracked 
| 302|0x0000000092e00000, 0x0000000092e00000, 0x0000000092f00000|  0%| F|  |TAMS 0x0000000092e00000, 0x0000000092e00000| Untracked 
| 303|0x0000000092f00000, 0x0000000092f00000, 0x0000000093000000|  0%| F|  |TAMS 0x0000000092f00000, 0x0000000092f00000| Untracked 
| 304|0x0000000093000000, 0x0000000093000000, 0x0000000093100000|  0%| F|  |TAMS 0x0000000093000000, 0x0000000093000000| Untracked 
| 305|0x0000000093100000, 0x0000000093100000, 0x0000000093200000|  0%| F|  |TAMS 0x0000000093100000, 0x0000000093100000| Untracked 

Card table byte_map: [0x00000223fb3a0000,0x00000223fb7a0000] _byte_map_base: 0x00000223fafa0000

Marking Bits (Prev, Next): (CMBitMap*) 0x00000223faeffba8, (CMBitMap*) 0x00000223faeffbe0
 Prev Bits: [0x00000223fbba0000, 0x00000223fdba0000)
 Next Bits: [0x00000223fdba0000, 0x00000223ffba0000)

Polling page: 0x00000223f9060000

Metaspace:

Usage:
  Non-class:    103.94 MB capacity,   101.67 MB ( 98%) used,     1.92 MB (  2%) free+waste,   366.44 KB ( <1%) overhead. 
      Class:     16.78 MB capacity,    15.38 MB ( 92%) used,     1.23 MB (  7%) free+waste,   164.56 KB ( <1%) overhead. 
       Both:    120.72 MB capacity,   117.05 MB ( 97%) used,     3.15 MB (  3%) free+waste,   531.00 KB ( <1%) overhead. 

Virtual space:
  Non-class space:      104.00 MB reserved,     104.00 MB (100%) committed 
      Class space:      504.00 MB reserved,      16.82 MB (  3%) committed 
             Both:      608.00 MB reserved,     120.82 MB ( 20%) committed 

Chunk freelists:
   Non-Class:  0 bytes
       Class:  640 bytes
        Both:  640 bytes

CodeHeap 'non-profiled nmethods': size=120064Kb used=9280Kb max_used=9313Kb free=110783Kb
 bounds [0x000002238fdf0000, 0x0000022390720000, 0x0000022397330000]
CodeHeap 'profiled nmethods': size=120000Kb used=32538Kb max_used=32538Kb free=87461Kb
 bounds [0x00000223888c0000, 0x000002238a950000, 0x000002238fdf0000]
CodeHeap 'non-nmethods': size=5696Kb used=2355Kb max_used=2394Kb free=3340Kb
 bounds [0x0000022388330000, 0x00000223885a0000, 0x00000223888c0000]
 total_blobs=15304 nmethods=14338 adapters=876
 compilation: enabled
              stopped_count=0, restarted_count=0
 full_count=0

Compilation events (10 events):
Event: 77.115 Thread 0x000002239950e000 16815       3       com.android.tools.r8.internal.Hq::d (190 bytes)
Event: 77.116 Thread 0x000002239950e000 nmethod 16815 0x00000223895a0690 code [0x00000223895a0920, 0x00000223895a1650]
Event: 77.118 Thread 0x000002239950e000 16816       2       com.android.tools.r8.code.S::<init> (7 bytes)
Event: 77.118 Thread 0x000002239950e000 nmethod 16816 0x000002238958af10 code [0x000002238958b0c0, 0x000002238958b230]
Event: 77.120 Thread 0x000002239950e000 16817       2       com.android.tools.r8.graph.i1::<init> (10 bytes)
Event: 77.120 Thread 0x000002239950e000 nmethod 16817 0x000002238958ef90 code [0x000002238958f140, 0x000002238958f2d8]
Event: 77.121 Thread 0x000002239950e000 16818 %     3       com.android.tools.r8.graph.C::a @ 11 (56 bytes)
Event: 77.122 Thread 0x000002239950e000 nmethod 16818% 0x0000022389605f10 code [0x0000022389606160, 0x0000022389606c50]
Event: 77.178 Thread 0x000002239950e000 16820       2       com.android.tools.r8.code.l0::<init> (7 bytes)
Event: 77.178 Thread 0x000002239950e000 nmethod 16820 0x000002238958eb10 code [0x000002238958ecc0, 0x000002238958ee78]

GC Heap History (10 events):
Event: 76.613 GC heap after
{Heap after GC invocations=120 (full 0):
 garbage-first heap   total 261120K, used 237394K [0x0000000080000000, 0x0000000100000000)
  region size 1024K, 2 young (2048K), 2 survivors (2048K)
 Metaspace       used 119824K, capacity 123614K, committed 123724K, reserved 622592K
  class space    used 15753K, capacity 17179K, committed 17228K, reserved 516096K
}
Event: 76.651 GC heap before
{Heap before GC invocations=120 (full 0):
 garbage-first heap   total 261120K, used 246610K [0x0000000080000000, 0x0000000100000000)
  region size 1024K, 12 young (12288K), 2 survivors (2048K)
 Metaspace       used 119834K, capacity 123614K, committed 123724K, reserved 622592K
  class space    used 15753K, capacity 17179K, committed 17228K, reserved 516096K
}
Event: 76.665 GC heap after
{Heap after GC invocations=121 (full 0):
 garbage-first heap   total 313344K, used 243196K [0x0000000080000000, 0x0000000100000000)
  region size 1024K, 2 young (2048K), 2 survivors (2048K)
 Metaspace       used 119834K, capacity 123614K, committed 123724K, reserved 622592K
  class space    used 15753K, capacity 17179K, committed 17228K, reserved 516096K
}
Event: 76.805 GC heap before
{Heap before GC invocations=121 (full 0):
 garbage-first heap   total 313344K, used 257532K [0x0000000080000000, 0x0000000100000000)
  region size 1024K, 16 young (16384K), 2 survivors (2048K)
 Metaspace       used 119851K, capacity 123617K, committed 123724K, reserved 622592K
  class space    used 15753K, capacity 17179K, committed 17228K, reserved 516096K
}
Event: 76.818 GC heap after
{Heap after GC invocations=122 (full 0):
 garbage-first heap   total 313344K, used 250874K [0x0000000080000000, 0x0000000100000000)
  region size 1024K, 2 young (2048K), 2 survivors (2048K)
 Metaspace       used 119851K, capacity 123617K, committed 123724K, reserved 622592K
  class space    used 15753K, capacity 17179K, committed 17228K, reserved 516096K
}
Event: 76.923 GC heap before
{Heap before GC invocations=122 (full 0):
 garbage-first heap   total 313344K, used 264186K [0x0000000080000000, 0x0000000100000000)
  region size 1024K, 15 young (15360K), 2 survivors (2048K)
 Metaspace       used 119855K, capacity 123617K, committed 123724K, reserved 622592K
  class space    used 15753K, capacity 17179K, committed 17228K, reserved 516096K
}
Event: 76.936 GC heap after
{Heap after GC invocations=123 (full 0):
 garbage-first heap   total 313344K, used 258382K [0x0000000080000000, 0x0000000100000000)
  region size 1024K, 2 young (2048K), 2 survivors (2048K)
 Metaspace       used 119855K, capacity 123617K, committed 123724K, reserved 622592K
  class space    used 15753K, capacity 17179K, committed 17228K, reserved 516096K
}
Event: 77.046 GC heap before
{Heap before GC invocations=123 (full 0):
 garbage-first heap   total 313344K, used 271694K [0x0000000080000000, 0x0000000100000000)
  region size 1024K, 15 young (15360K), 2 survivors (2048K)
 Metaspace       used 119856K, capacity 123617K, committed 123724K, reserved 622592K
  class space    used 15753K, capacity 17179K, committed 17228K, reserved 516096K
}
Event: 77.059 GC heap after
{Heap after GC invocations=124 (full 0):
 garbage-first heap   total 313344K, used 265551K [0x0000000080000000, 0x0000000100000000)
  region size 1024K, 2 young (2048K), 2 survivors (2048K)
 Metaspace       used 119856K, capacity 123617K, committed 123724K, reserved 622592K
  class space    used 15753K, capacity 17179K, committed 17228K, reserved 516096K
}
Event: 77.188 GC heap before
{Heap before GC invocations=124 (full 0):
 garbage-first heap   total 313344K, used 278863K [0x0000000080000000, 0x0000000100000000)
  region size 1024K, 15 young (15360K), 2 survivors (2048K)
 Metaspace       used 119858K, capacity 123617K, committed 123724K, reserved 622592K
  class space    used 15753K, capacity 17179K, committed 17228K, reserved 516096K
}

Deoptimization events (10 events):
Event: 74.418 Thread 0x00000223a232f800 Uncommon trap: reason=unstable_if action=reinterpret pc=0x000002238ff46cdc method=com.google.common.collect.MapMakerInternalMap$Segment.put(Ljava/lang/Object;ILjava/lang/Object;Z)Ljava/lang/Object; @ 92 c2
Event: 74.547 Thread 0x00000223a232f800 Uncommon trap: reason=unstable_if action=reinterpret pc=0x000002239056c3c8 method=java.util.stream.StreamOpFlag.getMask(I)I @ 1 c2
Event: 74.702 Thread 0x00000223a232f800 Uncommon trap: reason=unstable_if action=reinterpret pc=0x00000223901271e0 method=jdk.internal.misc.Unsafe.convEndian(ZS)S @ 4 c2
Event: 75.591 Thread 0x00000223a232e000 Uncommon trap: reason=bimorphic_or_optimized_type_check action=maybe_recompile pc=0x000002239036ea28 method=org.gradle.internal.logging.sink.OutputEventRenderer.onOutput(Lorg/gradle/internal/logging/events/OutputEvent;)V @ 1 c2
Event: 75.591 Thread 0x00000223a232e000 Uncommon trap: reason=class_check action=maybe_recompile pc=0x00000223903797d0 method=org.gradle.internal.logging.sink.OutputEventTransformer.onOutput(Lorg/gradle/internal/logging/events/OutputEvent;)V @ 225 c2
Event: 75.591 Thread 0x00000223a232e000 Uncommon trap: reason=bimorphic_or_optimized_type_check action=maybe_recompile pc=0x000002239036ea28 method=org.gradle.internal.logging.sink.OutputEventRenderer.onOutput(Lorg/gradle/internal/logging/events/OutputEvent;)V @ 1 c2
Event: 75.591 Thread 0x00000223a232e000 Uncommon trap: reason=class_check action=maybe_recompile pc=0x00000223903797d0 method=org.gradle.internal.logging.sink.OutputEventTransformer.onOutput(Lorg/gradle/internal/logging/events/OutputEvent;)V @ 225 c2
Event: 75.975 Thread 0x00000223a2332000 Uncommon trap: reason=speculate_null_assert action=make_not_entrant pc=0x000002239003e1a4 method=java.lang.invoke.MethodType$ConcurrentWeakInternSet.add(Ljava/lang/Object;)Ljava/lang/Object; @ 47 c2
Event: 76.321 Thread 0x00000223a2333800 Uncommon trap: reason=unstable_if action=reinterpret pc=0x00000223901d67f4 method=java.util.concurrent.ConcurrentLinkedQueue.offer(Ljava/lang/Object;)Z @ 42 c2
Event: 77.066 Thread 0x00000223a2332800 Uncommon trap: reason=unstable_if action=reinterpret pc=0x00000223903e9ce0 method=com.android.tools.r8.internal.Hq.d(I)V @ 38 c2

Classes redefined (0 events):
No events

Internal exceptions (10 events):
Event: 72.078 Thread 0x000002239a33f800 Exception <a 'java/lang/NoSuchMethodError'{0x000000008fa6c700}: static Lorg/jetbrains/kotlin/incremental/ChangedFiles$Unknown;.<clinit>()V> (0x000000008fa6c700) thrown at [./open/src/hotspot/share/prims/jni.cpp, line 1362]
Event: 72.080 Thread 0x000002239a33f800 Exception <a 'java/lang/NoSuchMethodError'{0x000000008fa8aa38}: static Lorg/jetbrains/kotlin/incremental/ClasspathChanges;.<clinit>()V> (0x000000008fa8aa38) thrown at [./open/src/hotspot/share/prims/jni.cpp, line 1362]
Event: 72.080 Thread 0x000002239a33f800 Exception <a 'java/lang/NoSuchMethodError'{0x000000008fa8c2f0}: static Lorg/jetbrains/kotlin/incremental/ClasspathChanges;.<clinit>()V> (0x000000008fa8c2f0) thrown at [./open/src/hotspot/share/prims/jni.cpp, line 1362]
Event: 74.401 Thread 0x00000223a232f800 Exception <a 'sun/nio/fs/WindowsException'{0x000000008f7636f0}> (0x000000008f7636f0) thrown at [./open/src/hotspot/share/prims/jni.cpp, line 611]
Event: 74.694 Thread 0x00000223a232f800 Exception <a 'java/lang/NoSuchMethodError'{0x000000008efb4df8}: java.lang.invoke.DirectMethodHandle$Holder.invokeStaticInit(Ljava/lang/Object;Ljava/lang/Object;Ljava/lang/Object;Ljava/lang/Object;Ljava/lang/Object;Ljava/lang/Object;Ljava/lang/Object;Ljava
Event: 75.907 Thread 0x00000223a2331000 Exception <a 'java/lang/IncompatibleClassChangeError'{0x000000008fdadaa8}: Found class java.lang.Object, but interface was expected> (0x000000008fdadaa8) thrown at [./open/src/hotspot/share/interpreter/linkResolver.cpp, line 838]
Event: 75.984 Thread 0x00000223a2333800 Exception <a 'java/lang/NoSuchMethodError'{0x000000008fb181e8}: java.lang.invoke.DirectMethodHandle$Holder.newInvokeSpecial(Ljava/lang/Object;I)Ljava/lang/Object;> (0x000000008fb181e8) thrown at [./open/src/hotspot/share/interpreter/linkResolver.cpp, line
Event: 76.130 Thread 0x00000223a2332000 Exception <a 'java/lang/IncompatibleClassChangeError'{0x000000008f882268}: Found class java.lang.Object, but interface was expected> (0x000000008f882268) thrown at [./open/src/hotspot/share/interpreter/linkResolver.cpp, line 838]
Event: 76.144 Thread 0x00000223a2331000 Exception <a 'java/lang/IncompatibleClassChangeError'{0x000000008f8952d0}: Found class java.lang.Object, but interface was expected> (0x000000008f8952d0) thrown at [./open/src/hotspot/share/interpreter/linkResolver.cpp, line 838]
Event: 76.146 Thread 0x00000223a2332000 Exception <a 'java/lang/IncompatibleClassChangeError'{0x000000008f888000}: Found class java.lang.Object, but interface was expected> (0x000000008f888000) thrown at [./open/src/hotspot/share/interpreter/linkResolver.cpp, line 838]

Events (10 events):
Event: 77.177 Thread 0x00000223a2332800 DEOPT UNPACKING pc=0x0000022388358d4e sp=0x000000f584efddd0 mode 0
Event: 77.179 Thread 0x00000223a2332800 DEOPT PACKING pc=0x000002238a86fff5 sp=0x000000f584efee50
Event: 77.179 Thread 0x00000223a2332800 DEOPT UNPACKING pc=0x0000022388358d4e sp=0x000000f584efe478 mode 0
Event: 77.182 Thread 0x00000223a2332800 DEOPT PACKING pc=0x00000223891c1a95 sp=0x000000f584efe970
Event: 77.182 Thread 0x00000223a2332800 DEOPT UNPACKING pc=0x0000022388358d4e sp=0x000000f584efde00 mode 0
Event: 77.184 Thread 0x00000223a2332800 DEOPT PACKING pc=0x000002238a917847 sp=0x000000f584efe650
Event: 77.184 Thread 0x00000223a2332800 DEOPT UNPACKING pc=0x0000022388358d4e sp=0x000000f584efe290 mode 0
Event: 77.185 Thread 0x00000223a2332800 DEOPT PACKING pc=0x000002238a86fff5 sp=0x000000f584efee50
Event: 77.185 Thread 0x00000223a2332800 DEOPT UNPACKING pc=0x0000022388358d4e sp=0x000000f584efe478 mode 0
Event: 77.187 Executing VM operation: G1CollectForAllocation


Dynamic libraries:
0x00007ff6d2640000 - 0x00007ff6d264f000 	C:\Program Files\Java\jdk-11.0.8\bin\java.exe
0x00007ff984e90000 - 0x00007ff985088000 	C:\windows\SYSTEM32\ntdll.dll
0x00007ff984d00000 - 0x00007ff984dbf000 	C:\windows\System32\KERNEL32.DLL
0x00007ff982980000 - 0x00007ff982c76000 	C:\windows\System32\KERNELBASE.dll
0x00007ff9825a0000 - 0x00007ff9826a0000 	C:\windows\System32\ucrtbase.dll
0x00007ff96fe10000 - 0x00007ff96fe25000 	C:\Program Files\Java\jdk-11.0.8\bin\VCRUNTIME140.dll
0x00007ff96fe30000 - 0x00007ff96fe48000 	C:\Program Files\Java\jdk-11.0.8\bin\jli.dll
0x00007ff984380000 - 0x00007ff98442f000 	C:\windows\System32\ADVAPI32.dll
0x00007ff984610000 - 0x00007ff9846ae000 	C:\windows\System32\msvcrt.dll
0x00007ff984260000 - 0x00007ff9842fc000 	C:\windows\System32\sechost.dll
0x00007ff984130000 - 0x00007ff984256000 	C:\windows\System32\RPCRT4.dll
0x00007ff9848a0000 - 0x00007ff984a3d000 	C:\windows\System32\USER32.dll
0x00007ff982570000 - 0x00007ff982592000 	C:\windows\System32\win32u.dll
0x00007ff984870000 - 0x00007ff98489c000 	C:\windows\System32\GDI32.dll
0x00007ff982740000 - 0x00007ff982855000 	C:\windows\System32\gdi32full.dll
0x00007ff9826a0000 - 0x00007ff98273d000 	C:\windows\System32\msvcp_win.dll
0x00007ff962720000 - 0x00007ff9629ba000 	C:\windows\WinSxS\amd64_microsoft.windows.common-controls_6595b64144ccf1df_6.0.19041.1110_none_60b5254171f9507e\COMCTL32.dll
0x00007ff97a060000 - 0x00007ff97a06a000 	C:\windows\SYSTEM32\VERSION.dll
0x00007ff9845e0000 - 0x00007ff984610000 	C:\windows\System32\IMM32.DLL
0x00007ff947230000 - 0x00007ff9472cb000 	C:\Program Files\Java\jdk-11.0.8\bin\msvcp140.dll
0x00007ff93e800000 - 0x00007ff93f2e6000 	C:\Program Files\Java\jdk-11.0.8\bin\server\jvm.dll
0x00007ff984cf0000 - 0x00007ff984cf8000 	C:\windows\System32\PSAPI.DLL
0x00007ff961300000 - 0x00007ff961309000 	C:\windows\SYSTEM32\WSOCK32.dll
0x00007ff984800000 - 0x00007ff98486b000 	C:\windows\System32\WS2_32.dll
0x00007ff97a030000 - 0x00007ff97a057000 	C:\windows\SYSTEM32\WINMM.dll
0x00007ff980410000 - 0x00007ff980422000 	C:\windows\SYSTEM32\kernel.appcore.dll
0x00007ff970f60000 - 0x00007ff970f70000 	C:\Program Files\Java\jdk-11.0.8\bin\verify.dll
0x00007ff96d260000 - 0x00007ff96d444000 	C:\windows\SYSTEM32\DBGHELP.DLL
0x00007ff96c9d0000 - 0x00007ff96ca04000 	C:\windows\SYSTEM32\dbgcore.DLL
0x00007ff982c80000 - 0x00007ff982d02000 	C:\windows\System32\bcryptPrimitives.dll
0x00007ff96e7a0000 - 0x00007ff96e7c8000 	C:\Program Files\Java\jdk-11.0.8\bin\java.dll
0x00007ff970cb0000 - 0x00007ff970cba000 	C:\Program Files\Java\jdk-11.0.8\bin\jimage.dll
0x00007ff96cb80000 - 0x00007ff96cb96000 	C:\Program Files\Java\jdk-11.0.8\bin\zip.dll
0x00007ff983530000 - 0x00007ff983c74000 	C:\windows\System32\SHELL32.dll
0x00007ff980610000 - 0x00007ff980da3000 	C:\windows\SYSTEM32\windows.storage.dll
0x00007ff983c80000 - 0x00007ff983fd4000 	C:\windows\System32\combase.dll
0x00007ff981ee0000 - 0x00007ff981f0e000 	C:\windows\SYSTEM32\Wldp.dll
0x00007ff984a40000 - 0x00007ff984aed000 	C:\windows\System32\SHCORE.dll
0x00007ff982f50000 - 0x00007ff982fa5000 	C:\windows\System32\shlwapi.dll
0x00007ff9824a0000 - 0x00007ff9824c5000 	C:\windows\SYSTEM32\profapi.dll
0x00007ff956a50000 - 0x00007ff956a69000 	C:\Program Files\Java\jdk-11.0.8\bin\net.dll
0x00007ff972750000 - 0x00007ff97285a000 	C:\windows\SYSTEM32\WINHTTP.dll
0x00007ff981c40000 - 0x00007ff981caa000 	C:\windows\system32\mswsock.dll
0x00007ff951a90000 - 0x00007ff951aa2000 	C:\Program Files\Java\jdk-11.0.8\bin\nio.dll
0x00007ff951050000 - 0x00007ff951077000 	C:\Users\DIAN\.gradle\native\e1d6ef7f7dcc3fd88c89a11ec53ec762bb8ba0a96d01ffa2cd45eb1d1d8dd5c5\windows-amd64\native-platform.dll
0x00007ff946d10000 - 0x00007ff946e54000 	C:\Users\DIAN\.gradle\native\0d407fdbe67a94daf76414ababcb853783967236a71b16ec16e742cd7a986fd3\windows-amd64\native-platform-file-events.dll
0x00007ff96dfa0000 - 0x00007ff96dfa9000 	C:\Program Files\Java\jdk-11.0.8\bin\management.dll
0x00007ff96dd70000 - 0x00007ff96dd7b000 	C:\Program Files\Java\jdk-11.0.8\bin\management_ext.dll
0x00007ff981e30000 - 0x00007ff981e48000 	C:\windows\SYSTEM32\CRYPTSP.dll
0x00007ff981550000 - 0x00007ff981584000 	C:\windows\system32\rsaenh.dll
0x00007ff982ec0000 - 0x00007ff982ee7000 	C:\windows\System32\bcrypt.dll
0x00007ff982420000 - 0x00007ff98244e000 	C:\windows\SYSTEM32\USERENV.dll
0x00007ff981e50000 - 0x00007ff981e5c000 	C:\windows\SYSTEM32\CRYPTBASE.dll
0x00007ff981930000 - 0x00007ff98196b000 	C:\windows\SYSTEM32\IPHLPAPI.DLL
0x00007ff984000000 - 0x00007ff984008000 	C:\windows\System32\NSI.dll
0x00007ff974390000 - 0x00007ff9743a7000 	C:\windows\SYSTEM32\dhcpcsvc6.DLL
0x00007ff976020000 - 0x00007ff97603d000 	C:\windows\SYSTEM32\dhcpcsvc.DLL
0x00007ff981970000 - 0x00007ff981a3a000 	C:\windows\SYSTEM32\DNSAPI.dll
0x00007ff950b10000 - 0x00007ff950b2e000 	C:\Users\DIAN\AppData\Local\Temp\native-platform528904341225725488dir\native-platform.dll
0x00007ff94ff60000 - 0x00007ff94ff7e000 	C:\Users\DIAN\AppData\Local\Temp\native-platform11670067737713216944dir\native-platform.dll

dbghelp: loaded successfully - version: 4.0.5 - missing functions: none
symbol engine: initialized successfully - sym options: 0x614 - pdb path: .;C:\Program Files\Java\jdk-11.0.8\bin;C:\windows\SYSTEM32;C:\windows\WinSxS\amd64_microsoft.windows.common-controls_6595b64144ccf1df_6.0.19041.1110_none_60b5254171f9507e;C:\Program Files\Java\jdk-11.0.8\bin\server;C:\Users\DIAN\.gradle\native\e1d6ef7f7dcc3fd88c89a11ec53ec762bb8ba0a96d01ffa2cd45eb1d1d8dd5c5\windows-amd64;C:\Users\DIAN\.gradle\native\0d407fdbe67a94daf76414ababcb853783967236a71b16ec16e742cd7a986fd3\windows-amd64;C:\Users\DIAN\AppData\Local\Temp\native-platform528904341225725488dir;C:\Users\DIAN\AppData\Local\Temp\native-platform11670067737713216944dir

VM Arguments:
jvm_args: -XX:MaxMetaspaceSize=512m --add-opens=java.base/java.util=ALL-UNNAMED --add-opens=java.base/java.lang=ALL-UNNAMED --add-opens=java.base/java.lang.invoke=ALL-UNNAMED --add-opens=java.base/java.util=ALL-UNNAMED --add-opens=java.prefs/java.util.prefs=ALL-UNNAMED --add-opens=java.prefs/java.util.prefs=ALL-UNNAMED --add-opens=java.base/java.nio.charset=ALL-UNNAMED --add-opens=java.base/java.net=ALL-UNNAMED --add-opens=java.base/java.util.concurrent.atomic=ALL-UNNAMED -Xmx2048m -Dfile.encoding=windows-1252 -Duser.country=ID -Duser.language=en -Duser.variant 
java_command: org.gradle.launcher.daemon.bootstrap.GradleDaemon 7.5.1
java_class_path (initial): C:\Users\DIAN\.gradle\wrapper\dists\gradle-7.5.1-all\1ehga6e77gqps5uk2kc5kf1vc\gradle-7.5.1\lib\gradle-launcher-7.5.1.jar
Launcher Type: SUN_STANDARD

[Global flags]
     intx CICompilerCount                          = 3                                         {product} {ergonomic}
   size_t CompressedClassSpaceSize                 = 528482304                                 {product} {ergonomic}
     uint ConcGCThreads                            = 1                                         {product} {ergonomic}
     uint G1ConcRefinementThreads                  = 4                                         {product} {ergonomic}
   size_t G1HeapRegionSize                         = 1048576                                   {product} {ergonomic}
    uintx GCDrainStackTargetSize                   = 64                                        {product} {ergonomic}
   size_t InitialHeapSize                          = 100663296                                 {product} {ergonomic}
   size_t MarkStackSize                            = 4194304                                   {product} {ergonomic}
   size_t MaxHeapSize                              = 2147483648                                {product} {command line}
   size_t MaxMetaspaceSize                         = 536870912                                 {product} {command line}
   size_t MaxNewSize                               = 1287651328                                {product} {ergonomic}
   size_t MinHeapDeltaBytes                        = 1048576                                   {product} {ergonomic}
    uintx NonNMethodCodeHeapSize                   = 5830732                                {pd product} {ergonomic}
    uintx NonProfiledCodeHeapSize                  = 122913754                              {pd product} {ergonomic}
    uintx ProfiledCodeHeapSize                     = 122913754                              {pd product} {ergonomic}
    uintx ReservedCodeCacheSize                    = 251658240                              {pd product} {ergonomic}
     bool SegmentedCodeCache                       = true                                      {product} {ergonomic}
     bool UseCompressedClassPointers               = true                                 {lp64_product} {ergonomic}
     bool UseCompressedOops                        = true                                 {lp64_product} {ergonomic}
     bool UseG1GC                                  = true                                      {product} {ergonomic}
     bool UseLargePagesIndividualAllocation        = false                                  {pd product} {ergonomic}

Logging:
Log output configuration:
 #0: stdout all=warning uptime,level,tags
 #1: stderr all=off uptime,level,tags

Environment Variables:
JAVA_HOME=C:\Program Files\Java\jdk-11.0.8
CLASSPATH=C:\Users\DIAN\OneDrive\Documents\pijar camp\week9\RecipeApp\android\\gradle\wrapper\gradle-wrapper.jar
PATH=C:\Users\DIAN\OneDrive\Documents\pijar camp\week9\RecipeApp\android\node_modules\.bin;C:\Users\DIAN\OneDrive\Documents\pijar camp\week9\RecipeApp\node_modules\.bin;C:\Users\DIAN\OneDrive\Documents\pijar camp\week9\node_modules\.bin;C:\Users\DIAN\OneDrive\Documents\pijar camp\node_modules\.bin;C:\Users\DIAN\OneDrive\Documents\node_modules\.bin;C:\Users\DIAN\OneDrive\node_modules\.bin;C:\Users\DIAN\node_modules\.bin;C:\Users\node_modules\.bin;C:\node_modules\.bin;C:\Program Files\nodejs;C:\Users\DIAN\OneDrive\Documents\pijar camp\week9\RecipeApp\node_modules\.bin;C:\Users\DIAN\OneDrive\Documents\pijar camp\week9\node_modules\.bin;C:\Users\DIAN\OneDrive\Documents\pijar camp\node_modules\.bin;C:\Users\DIAN\OneDrive\Documents\node_modules\.bin;C:\Users\DIAN\OneDrive\node_modules\.bin;C:\Users\DIAN\node_modules\.bin;C:\Users\node_modules\.bin;C:\node_modules\.bin;C:\Program Files\nodejs\node_modules\npm\node_modules\@npmcli\run-script\lib\node-gyp-bin;C:\Users\DIAN\bin;C:\Program Files\Git\mingw64\bin;C:\Program Files\Git\usr\local\bin;C:\Program Files\Git\usr\bin;C:\Program Files\Git\usr\bin;C:\Program Files\Git\mingw64\bin;C:\Program Files\Git\usr\bin;C:\Users\DIAN\bin;C:\Program Files\Common Files\Oracle\Java\javapath;C:\Program Files (x86)\Common Files\Oracle\Java\javapath;C:\windows\system32;C:\windows;C:\windows\System32\Wbem;C:\windows\System32\WindowsPowerShell\v1.0;C:\windows\System32\OpenSSH;C:\Program Files (x86)\Microsoft SQL Server\110\Tools\Binn;C:\Program Files\Microsoft SQL Server\110\Tools\Binn;C:\Program Files\Microsoft SQL Server\110\DTS\Binn;C:\Program Files\Java\jdk-11.0.8\bin;C:\Program Files\Git\cmd;C:\Program Files\MongoDB\mongosh-1.6.0-win32-x64\bin;C:\xampp\mysql\bin;C:\Program Files\PostgreSQL\15\bin;C:\Users\DIAN\OneDrive\Documents\belajar MERN\MERN-access&refresh-token\backend\node_modules.bin;C:\Program Files\nodejs;C:\Program Files\Java\jdk-11.0.8;C:\Program Files\Java\jdk-11.0.8\bin;C:\Users\DIAN\AppData\Local\Android\Sdk\platform-tools;C
USERNAME=DIAN
SHELL=C:\Program Files\Git\usr\bin\bash.exe
DISPLAY=needs-to-be-defined
OS=Windows_NT
PROCESSOR_IDENTIFIER=AMD64 Family 23 Model 24 Stepping 1, AuthenticAMD



---------------  S Y S T E M  ---------------

OS: Windows 10 , 64 bit Build 19041 (10.0.19041.3155)

CPU:total 4 (initial active 4) (4 cores per cpu, 2 threads per core) family 23 model 24 stepping 1, cmov, cx8, fxsr, mmx, sse, sse2, sse3, ssse3, sse4.1, sse4.2, popcnt, avx, avx2, aes, clmul, mmxext, 3dnowpref, lzcnt, sse4a, ht, tsc, tscinvbit, tscinv, bmi1, bmi2, adx, sha, fma

Memory: 4k page, system-wide physical 6023M (347M free)
TotalPageFile size 24455M (AvailPageFile size 21M)
current process WorkingSet (physical memory assigned to process): 588M, peak: 588M
current process commit charge ("private bytes"): 671M, peak: 787M

vm_info: Java HotSpot(TM) 64-Bit Server VM (11.0.8+10-LTS) for windows-amd64 JRE (11.0.8+10-LTS), built on Jun 16 2020 05:53:08 by "mach5one" with unknown MS VC++:1916

END.
