#
# There is insufficient memory for the Java Runtime Environment to continue.
# Native memory allocation (malloc) failed to allocate 1085136 bytes for Chunk::new
# Possible reasons:
#   The system is out of physical RAM or swap space
#   The process is running with CompressedOops enabled, and the Java Heap may be blocking the growth of the native heap
# Possible solutions:
#   Reduce memory load on the system
#   Increase physical memory or swap space
#   Check if swap backing store is full
#   Decrease Java heap size (-Xmx/-Xms)
#   Decrease number of Java threads
#   Decrease Java thread stack sizes (-Xss)
#   Set larger code cache with -XX:ReservedCodeCacheSize=
#   JVM is running with Unscaled Compressed Oops mode in which the Java heap is
#     placed in the first 4GB address space. The Java Heap base address is the
#     maximum limit for the native heap growth. Please use -XX:HeapBaseMinAddress
#     to set the Java Heap base and to place the Java Heap above 4GB virtual address.
# This output file may be truncated or incomplete.
#
#  Out of Memory Error (./open/src/hotspot/share/memory/arena.cpp:197), pid=28012, tid=10684
#
# JRE version: Java(TM) SE Runtime Environment 18.9 (11.0.8+10) (build 11.0.8+10-LTS)
# Java VM: Java HotSpot(TM) 64-Bit Server VM 18.9 (11.0.8+10-LTS, mixed mode, tiered, compressed oops, g1 gc, windows-amd64)
# No core dump will be written. Minidumps are not enabled by default on client versions of Windows
#

---------------  S U M M A R Y ------------

Command Line: -XX:MaxMetaspaceSize=512m --add-opens=java.base/java.util=ALL-UNNAMED --add-opens=java.base/java.lang=ALL-UNNAMED --add-opens=java.base/java.lang.invoke=ALL-UNNAMED --add-opens=java.base/java.util=ALL-UNNAMED --add-opens=java.prefs/java.util.prefs=ALL-UNNAMED --add-opens=java.prefs/java.util.prefs=ALL-UNNAMED --add-opens=java.base/java.nio.charset=ALL-UNNAMED --add-opens=java.base/java.net=ALL-UNNAMED --add-opens=java.base/java.util.concurrent.atomic=ALL-UNNAMED -Xmx2048m -Dfile.encoding=windows-1252 -Duser.country=ID -Duser.language=en -Duser.variant org.gradle.launcher.daemon.bootstrap.GradleDaemon 7.5.1

Host: AMD Ryzen 3 3250U with Radeon Graphics         , 4 cores, 5G,  Windows 10 , 64 bit Build 19041 (10.0.19041.3155)
Time: Wed Aug 30 21:05:53 2023 Malay Peninsula Standard Time elapsed time: 145 seconds (0d 0h 2m 25s)

---------------  T H R E A D  ---------------

Current thread (0x00000151f52c3000):  JavaThread "C2 CompilerThread0" daemon [_thread_in_native, id=10684, stack(0x0000003002000000,0x0000003002100000)]


Current CompileTask:
C2: 145434 22306   !   4       java.net.URL::<init> (543 bytes)

Stack: [0x0000003002000000,0x0000003002100000]
Native frames: (J=compiled Java code, j=interpreted, Vv=VM code, C=native code)
V  [jvm.dll+0x601aea]
V  [jvm.dll+0x737fef]
V  [jvm.dll+0x739675]
V  [jvm.dll+0x739cf3]
V  [jvm.dll+0x242848]
V  [jvm.dll+0xb999c]
V  [jvm.dll+0xb9f2c]
V  [jvm.dll+0x344162]
V  [jvm.dll+0x193291]
V  [jvm.dll+0x1fc3f2]
V  [jvm.dll+0x1fb49f]
V  [jvm.dll+0x17e0fc]
V  [jvm.dll+0x20aaa4]
V  [jvm.dll+0x208b7b]
V  [jvm.dll+0x6ff90c]
V  [jvm.dll+0x6f845c]
V  [jvm.dll+0x600d66]
C  [ucrtbase.dll+0x21bb2]
C  [KERNEL32.DLL+0x17614]
C  [ntdll.dll+0x526b1]


---------------  P R O C E S S  ---------------

Threads class SMR info:
_java_thread_list=0x0000015180f60a00, length=102, elements={
0x00000151d65aa000, 0x00000151f526e800, 0x00000151f5266800, 0x00000151f52bf000,
0x00000151f52c0800, 0x00000151f52c3000, 0x00000151f52c6800, 0x00000151f52d8000,
0x00000151f552d800, 0x00000151f5549000, 0x00000151f759b800, 0x00000151f57cd000,
0x00000151f6dd1800, 0x00000151f6dd2000, 0x00000151f7451000, 0x00000151f782c000,
0x00000151f7827800, 0x00000151f7826800, 0x00000151f782d000, 0x00000151f7828000,
0x00000151f782a800, 0x00000151f9b56800, 0x00000151f9b55800, 0x00000151f9b57800,
0x00000151f9b58000, 0x00000151f9b52800, 0x00000151f9b5a000, 0x00000151fa07f800,
0x00000151fa079000, 0x00000151fa07a800, 0x00000151fa07e000, 0x00000151fa07b800,
0x00000151fa07c000, 0x00000151fa07d000, 0x00000151fa078000, 0x00000151fa080800,
0x00000151fa081000, 0x00000151fa083800, 0x00000151fa082000, 0x00000151fa083000,
0x00000151fa07e800, 0x00000151fa085000, 0x00000151fa086000, 0x00000151fa087000,
0x00000151f9b59000, 0x00000151f9b54000, 0x00000151f9b5a800, 0x00000151f9b55000,
0x00000151f9b5d000, 0x00000151f9b5e800, 0x00000151f9b5f800, 0x00000151f9b5e000,
0x00000151f9b5b800, 0x00000151f9b60800, 0x00000151f9b5c000, 0x00000151f7829000,
0x00000151f782b800, 0x00000151f7829800, 0x00000151fd15c800, 0x00000151fd15a800,
0x00000151fd15a000, 0x00000151fd15d000, 0x00000151fd158000, 0x00000151fd15b800,
0x00000151fd159000, 0x00000151fd161000, 0x00000151fd162000, 0x00000151fd15f800,
0x00000151fd163000, 0x00000151fd15f000, 0x00000151fd160800, 0x00000151fd163800,
0x00000151fd15e000, 0x00000151fd164800, 0x00000151fd165800, 0x00000151fd166000,
0x00000151fd167000, 0x00000151f9207000, 0x00000151f9206000, 0x00000151f9204000,
0x00000151f9201800, 0x00000151f9208000, 0x00000151f9202000, 0x00000151f9203000,
0x00000151f9204800, 0x00000151f9205800, 0x00000151fa084800, 0x0000015180f13800,
0x0000015180f16000, 0x0000015180f17000, 0x0000015180f17800, 0x0000015180f14800,
0x0000015180f18800, 0x0000015180f13000, 0x0000015180f1c000, 0x0000015180f1b000,
0x0000015180f1c800, 0x0000015180f1f000, 0x0000015180f1e000, 0x0000015180f19800,
0x0000015180f1d800, 0x0000015180f20000
}

Java Threads: ( => current thread )
  0x00000151d65aa000 JavaThread "main" [_thread_blocked, id=14008, stack(0x0000003001500000,0x0000003001600000)]
  0x00000151f526e800 JavaThread "Reference Handler" daemon [_thread_blocked, id=13720, stack(0x0000003001c00000,0x0000003001d00000)]
  0x00000151f5266800 JavaThread "Finalizer" daemon [_thread_blocked, id=27276, stack(0x0000003001d00000,0x0000003001e00000)]
  0x00000151f52bf000 JavaThread "Signal Dispatcher" daemon [_thread_blocked, id=17632, stack(0x0000003001e00000,0x0000003001f00000)]
  0x00000151f52c0800 JavaThread "Attach Listener" daemon [_thread_blocked, id=29000, stack(0x0000003001f00000,0x0000003002000000)]
=>0x00000151f52c3000 JavaThread "C2 CompilerThread0" daemon [_thread_in_native, id=10684, stack(0x0000003002000000,0x0000003002100000)]
  0x00000151f52c6800 JavaThread "C1 CompilerThread0" daemon [_thread_blocked, id=21580, stack(0x0000003002100000,0x0000003002200000)]
  0x00000151f52d8000 JavaThread "Sweeper thread" daemon [_thread_blocked, id=15444, stack(0x0000003002200000,0x0000003002300000)]
  0x00000151f552d800 JavaThread "Common-Cleaner" daemon [_thread_blocked, id=7216, stack(0x0000003002300000,0x0000003002400000)]
  0x00000151f5549000 JavaThread "Service Thread" daemon [_thread_blocked, id=2720, stack(0x0000003002400000,0x0000003002500000)]
  0x00000151f759b800 JavaThread "Daemon health stats" [_thread_blocked, id=18968, stack(0x0000003002800000,0x0000003002900000)]
  0x00000151f57cd000 JavaThread "Incoming local TCP Connector on port 62886" [_thread_in_native, id=15560, stack(0x0000003002600000,0x0000003002700000)]
  0x00000151f6dd1800 JavaThread "Daemon periodic checks" [_thread_blocked, id=6108, stack(0x0000003002b00000,0x0000003002c00000)]
  0x00000151f6dd2000 JavaThread "Daemon" [_thread_blocked, id=19100, stack(0x0000003002c00000,0x0000003002d00000)]
  0x00000151f7451000 JavaThread "Daemon worker" [_thread_blocked, id=23976, stack(0x0000003002f00000,0x0000003003000000)]
  0x00000151f782c000 JavaThread "Cache worker for journal cache (C:\Users\DIAN\.gradle\caches\journal-1)" [_thread_blocked, id=17232, stack(0x0000003003300000,0x0000003003400000)]
  0x00000151f7827800 JavaThread "File lock request listener" [_thread_in_native, id=19744, stack(0x0000003003400000,0x0000003003500000)]
  0x00000151f7826800 JavaThread "Cache worker for file hash cache (C:\Users\DIAN\.gradle\caches\7.5.1\fileHashes)" [_thread_blocked, id=4892, stack(0x0000003003500000,0x0000003003600000)]
  0x00000151f782d000 JavaThread "File watcher server" daemon [_thread_in_native, id=12556, stack(0x0000003003700000,0x0000003003800000)]
  0x00000151f7828000 JavaThread "File watcher consumer" daemon [_thread_blocked, id=25700, stack(0x0000003003800000,0x0000003003900000)]
  0x00000151f782a800 JavaThread "Cache worker for file content cache (C:\Users\DIAN\.gradle\caches\7.5.1\fileContent)" [_thread_blocked, id=16324, stack(0x0000003003a00000,0x0000003003b00000)]
  0x00000151f9b56800 JavaThread "Cache worker for execution history cache (C:\Users\DIAN\.gradle\caches\7.5.1\executionHistory)" [_thread_blocked, id=23376, stack(0x0000003003e00000,0x0000003003f00000)]
  0x00000151f9b55800 JavaThread "jar transforms" [_thread_blocked, id=14112, stack(0x0000003003f00000,0x0000003004000000)]
  0x00000151f9b57800 JavaThread "jar transforms Thread 2" [_thread_blocked, id=22052, stack(0x0000003004000000,0x0000003004100000)]
  0x00000151f9b58000 JavaThread "jar transforms Thread 3" [_thread_blocked, id=29048, stack(0x0000003003b00000,0x0000003003c00000)]
  0x00000151f9b52800 JavaThread "jar transforms Thread 4" [_thread_blocked, id=12876, stack(0x0000003004100000,0x0000003004200000)]
  0x00000151f9b5a000 JavaThread "Cache worker for kotlin-dsl (C:\Users\DIAN\.gradle\caches\7.5.1\kotlin-dsl)" [_thread_blocked, id=11872, stack(0x0000003004300000,0x0000003004400000)]
  0x00000151fa07f800 JavaThread "Memory manager" [_thread_blocked, id=24544, stack(0x0000003006800000,0x0000003006900000)]
  0x00000151fa079000 JavaThread "Handler for socket connection from /127.0.0.1:62886 to /127.0.0.1:62897" [_thread_in_native, id=18720, stack(0x0000003001300000,0x0000003001400000)]
  0x00000151fa07a800 JavaThread "Cancel handler" [_thread_blocked, id=6524, stack(0x0000003001400000,0x0000003001500000)]
  0x00000151fa07e000 JavaThread "Asynchronous log dispatcher for DefaultDaemonConnection: socket connection from /127.0.0.1:62886 to /127.0.0.1:62897" [_thread_blocked, id=2240, stack(0x0000003002d00000,0x0000003002e00000)]
  0x00000151fa07b800 JavaThread "Stdin handler" [_thread_blocked, id=25920, stack(0x0000003002e00000,0x0000003002f00000)]
  0x00000151fa07c000 JavaThread "Daemon client event forwarder" [_thread_blocked, id=16268, stack(0x0000003003000000,0x0000003003100000)]
  0x00000151fa07d000 JavaThread "Cache worker for checksums cache (C:\Users\DIAN\OneDrive\Documents\pijar camp\week9\RecipeApp\android\.gradle\7.5.1\checksums)" [_thread_blocked, id=24604, stack(0x0000003003100000,0x0000003003200000)]
  0x00000151fa078000 JavaThread "Cache worker for cache directory md-rule (C:\Users\DIAN\.gradle\caches\7.5.1\md-rule)" [_thread_blocked, id=25360, stack(0x0000003003200000,0x0000003003300000)]
  0x00000151fa080800 JavaThread "Cache worker for file hash cache (C:\Users\DIAN\OneDrive\Documents\pijar camp\week9\RecipeApp\android\.gradle\7.5.1\fileHashes)" [_thread_blocked, id=28828, stack(0x0000003003600000,0x0000003003700000)]
  0x00000151fa081000 JavaThread "Cache worker for cache directory md-supplier (C:\Users\DIAN\.gradle\caches\7.5.1\md-supplier)" [_thread_blocked, id=26224, stack(0x0000003003900000,0x0000003003a00000)]
  0x00000151fa083800 JavaThread "Cache worker for dependencies-accessors (C:\Users\DIAN\OneDrive\Documents\pijar camp\week9\RecipeApp\android\.gradle\7.5.1\dependencies-accessors)" [_thread_blocked, id=18840, stack(0x0000003003c00000,0x0000003003d00000)]
  0x00000151fa082000 JavaThread "Cache worker for Build Output Cleanup Cache (C:\Users\DIAN\OneDrive\Documents\pijar camp\week9\RecipeApp\node_modules\react-native-gradle-plugin\.gradle\buildOutputCleanup)" [_thread_blocked, id=11260, stack(0x0000003003d00000,0x0000003003e00000)]
  0x00000151fa083000 JavaThread "Unconstrained build operations" [_thread_blocked, id=24968, stack(0x0000003004200000,0x0000003004300000)]
  0x00000151fa07e800 JavaThread "Unconstrained build operations Thread 2" [_thread_blocked, id=19180, stack(0x0000003004400000,0x0000003004500000)]
  0x00000151fa085000 JavaThread "Unconstrained build operations Thread 3" [_thread_blocked, id=22288, stack(0x0000003004500000,0x0000003004600000)]
  0x00000151fa086000 JavaThread "Unconstrained build operations Thread 4" [_thread_blocked, id=12552, stack(0x0000003004600000,0x0000003004700000)]
  0x00000151fa087000 JavaThread "Unconstrained build operations Thread 5" [_thread_blocked, id=3548, stack(0x0000003004700000,0x0000003004800000)]
  0x00000151f9b59000 JavaThread "Unconstrained build operations Thread 6" [_thread_blocked, id=17564, stack(0x0000003004800000,0x0000003004900000)]
  0x00000151f9b54000 JavaThread "Unconstrained build operations Thread 7" [_thread_blocked, id=8400, stack(0x0000003004900000,0x0000003004a00000)]
  0x00000151f9b5a800 JavaThread "Unconstrained build operations Thread 8" [_thread_blocked, id=27832, stack(0x0000003004a00000,0x0000003004b00000)]
  0x00000151f9b55000 JavaThread "Unconstrained build operations Thread 9" [_thread_blocked, id=16908, stack(0x0000003004b00000,0x0000003004c00000)]
  0x00000151f9b5d000 JavaThread "Unconstrained build operations Thread 10" [_thread_blocked, id=15072, stack(0x0000003004c00000,0x0000003004d00000)]
  0x00000151f9b5e800 JavaThread "Unconstrained build operations Thread 11" [_thread_blocked, id=4320, stack(0x0000003004d00000,0x0000003004e00000)]
  0x00000151f9b5f800 JavaThread "Unconstrained build operations Thread 12" [_thread_blocked, id=26576, stack(0x0000003004e00000,0x0000003004f00000)]
  0x00000151f9b5e000 JavaThread "Unconstrained build operations Thread 13" [_thread_blocked, id=24800, stack(0x0000003004f00000,0x0000003005000000)]
  0x00000151f9b5b800 JavaThread "Unconstrained build operations Thread 14" [_thread_blocked, id=3244, stack(0x0000003005000000,0x0000003005100000)]
  0x00000151f9b60800 JavaThread "Unconstrained build operations Thread 15" [_thread_blocked, id=8592, stack(0x0000003005100000,0x0000003005200000)]
  0x00000151f9b5c000 JavaThread "Unconstrained build operations Thread 16" [_thread_blocked, id=19856, stack(0x0000003005200000,0x0000003005300000)]
  0x00000151f7829000 JavaThread "Unconstrained build operations Thread 17" [_thread_blocked, id=25224, stack(0x0000003005300000,0x0000003005400000)]
  0x00000151f782b800 JavaThread "Unconstrained build operations Thread 18" [_thread_blocked, id=9028, stack(0x0000003005400000,0x0000003005500000)]
  0x00000151f7829800 JavaThread "Unconstrained build operations Thread 19" [_thread_blocked, id=12788, stack(0x0000003005500000,0x0000003005600000)]
  0x00000151fd15c800 JavaThread "Unconstrained build operations Thread 20" [_thread_blocked, id=13776, stack(0x0000003005600000,0x0000003005700000)]
  0x00000151fd15a800 JavaThread "Unconstrained build operations Thread 21" [_thread_blocked, id=24112, stack(0x0000003005700000,0x0000003005800000)]
  0x00000151fd15a000 JavaThread "Unconstrained build operations Thread 22" [_thread_blocked, id=21784, stack(0x0000003005800000,0x0000003005900000)]
  0x00000151fd15d000 JavaThread "Unconstrained build operations Thread 23" [_thread_blocked, id=12508, stack(0x0000003005900000,0x0000003005a00000)]
  0x00000151fd158000 JavaThread "Unconstrained build operations Thread 24" [_thread_blocked, id=29448, stack(0x0000003005a00000,0x0000003005b00000)]
  0x00000151fd15b800 JavaThread "Unconstrained build operations Thread 25" [_thread_blocked, id=18060, stack(0x0000003005b00000,0x0000003005c00000)]
  0x00000151fd159000 JavaThread "Unconstrained build operations Thread 26" [_thread_blocked, id=20924, stack(0x0000003005c00000,0x0000003005d00000)]
  0x00000151fd161000 JavaThread "Unconstrained build operations Thread 27" [_thread_blocked, id=9272, stack(0x0000003005d00000,0x0000003005e00000)]
  0x00000151fd162000 JavaThread "Unconstrained build operations Thread 28" [_thread_blocked, id=25632, stack(0x0000003005e00000,0x0000003005f00000)]
  0x00000151fd15f800 JavaThread "Unconstrained build operations Thread 29" [_thread_blocked, id=28852, stack(0x0000003005f00000,0x0000003006000000)]
  0x00000151fd163000 JavaThread "Unconstrained build operations Thread 30" [_thread_blocked, id=17488, stack(0x0000003006000000,0x0000003006100000)]
  0x00000151fd15f000 JavaThread "Unconstrained build operations Thread 31" [_thread_blocked, id=8380, stack(0x0000003006100000,0x0000003006200000)]
  0x00000151fd160800 JavaThread "Unconstrained build operations Thread 32" [_thread_blocked, id=24744, stack(0x0000003006200000,0x0000003006300000)]
  0x00000151fd163800 JavaThread "Unconstrained build operations Thread 33" [_thread_blocked, id=23072, stack(0x0000003006300000,0x0000003006400000)]
  0x00000151fd15e000 JavaThread "build event listener" [_thread_blocked, id=17388, stack(0x0000003006400000,0x0000003006500000)]
  0x00000151fd164800 JavaThread "Cache worker for Build Output Cleanup Cache (C:\Users\DIAN\OneDrive\Documents\pijar camp\week9\RecipeApp\android\.gradle\buildOutputCleanup)" [_thread_blocked, id=26644, stack(0x0000003006500000,0x0000003006600000)]
  0x00000151fd165800 JavaThread "included builds" [_thread_blocked, id=13180, stack(0x0000003006700000,0x0000003006800000)]
  0x00000151fd166000 JavaThread "Execution worker" [_thread_blocked, id=28388, stack(0x0000003006b00000,0x0000003006c00000)]
  0x00000151fd167000 JavaThread "Execution worker Thread 2" [_thread_blocked, id=21912, stack(0x0000003006c00000,0x0000003006d00000)]
  0x00000151f9207000 JavaThread "Execution worker Thread 3" [_thread_blocked, id=1332, stack(0x0000003006d00000,0x0000003006e00000)]
  0x00000151f9206000 JavaThread "Cache worker for execution history cache (C:\Users\DIAN\OneDrive\Documents\pijar camp\week9\RecipeApp\node_modules\react-native-gradle-plugin\.gradle\7.5.1\executionHistory)" [_thread_blocked, id=16564, stack(0x0000003006e00000,0x0000003006f00000)]
  0x00000151f9204000 JavaThread "Unconstrained build operations Thread 34" [_thread_blocked, id=24316, stack(0x0000003006f00000,0x0000003007000000)]
  0x00000151f9201800 JavaThread "Unconstrained build operations Thread 35" [_thread_blocked, id=22148, stack(0x0000003007000000,0x0000003007100000)]
  0x00000151f9208000 JavaThread "Unconstrained build operations Thread 36" [_thread_blocked, id=21808, stack(0x0000003007100000,0x0000003007200000)]
  0x00000151f9202000 JavaThread "Unconstrained build operations Thread 37" [_thread_blocked, id=13852, stack(0x0000003007200000,0x0000003007300000)]
  0x00000151f9203000 JavaThread "Unconstrained build operations Thread 38" [_thread_blocked, id=18240, stack(0x0000003007300000,0x0000003007400000)]
  0x00000151f9204800 JavaThread "Unconstrained build operations Thread 39" [_thread_blocked, id=25308, stack(0x0000003007400000,0x0000003007500000)]
  0x00000151f9205800 JavaThread "Unconstrained build operations Thread 40" [_thread_blocked, id=23728, stack(0x0000003007500000,0x0000003007600000)]
  0x00000151fa084800 JavaThread "Cache worker for execution history cache (C:\Users\DIAN\OneDrive\Documents\pijar camp\week9\RecipeApp\android\.gradle\7.5.1\executionHistory)" [_thread_blocked, id=26304, stack(0x0000003006a00000,0x0000003006b00000)]
  0x0000015180f13800 JavaThread "WorkerExecutor Queue" [_thread_blocked, id=17168, stack(0x0000003007600000,0x0000003007700000)]
  0x0000015180f16000 JavaThread "WorkerExecutor Queue Thread 2" [_thread_blocked, id=17704, stack(0x0000003007700000,0x0000003007800000)]
  0x0000015180f17000 JavaThread "WorkerExecutor Queue Thread 3" [_thread_blocked, id=29320, stack(0x0000003007800000,0x0000003007900000)]
  0x0000015180f17800 JavaThread "WorkerExecutor Queue Thread 5" [_thread_blocked, id=27952, stack(0x0000003007a00000,0x0000003007b00000)]
  0x0000015180f14800 JavaThread "Cache worker for Java compile cache (C:\Users\DIAN\.gradle\caches\7.5.1\javaCompile)" [_thread_blocked, id=2968, stack(0x0000003007b00000,0x0000003007c00000)]
  0x0000015180f18800 JavaThread "Build operations" [_thread_blocked, id=22376, stack(0x0000003001200000,0x0000003001300000)]
  0x0000015180f13000 JavaThread "Build operations Thread 2" [_thread_blocked, id=28032, stack(0x0000003006900000,0x0000003006a00000)]
  0x0000015180f1c000 JavaThread "Build operations Thread 3" [_thread_blocked, id=14756, stack(0x0000003007900000,0x0000003007a00000)]
  0x0000015180f1b000 JavaThread "Build operations Thread 4" [_thread_blocked, id=10560, stack(0x0000003007c00000,0x0000003007d00000)]
  0x0000015180f1c800 JavaThread "pool-4-thread-1" [_thread_blocked, id=29352, stack(0x0000003007d00000,0x0000003007e00000)]
  0x0000015180f1f000 JavaThread "stderr" [_thread_in_native, id=22724, stack(0x0000003007e00000,0x0000003007f00000)]
  0x0000015180f1e000 JavaThread "stdout" [_thread_in_native, id=9716, stack(0x0000003007f00000,0x0000003008000000)]
  0x0000015180f19800 JavaThread "Thread-143" [_thread_in_native, id=24248, stack(0x0000003008000000,0x0000003008100000)]
  0x0000015180f1d800 JavaThread "Thread-145" [_thread_in_native, id=27420, stack(0x0000003008100000,0x0000003008200000)]
  0x0000015180f20000 JavaThread "WorkerExecutor Queue Thread 6" [_thread_in_Java, id=24656, stack(0x0000003008200000,0x0000003008300000)]

Other Threads:
  0x00000151f5258000 VMThread "VM Thread" [stack: 0x0000003001b00000,0x0000003001c00000] [id=22480]
  0x00000151f5573000 WatcherThread [stack: 0x0000003002500000,0x0000003002600000] [id=13600]
  0x00000151d65c1000 GCTaskThread "GC Thread#0" [stack: 0x0000003001600000,0x0000003001700000] [id=22236]
  0x00000151f5d75800 GCTaskThread "GC Thread#1" [stack: 0x0000003002700000,0x0000003002800000] [id=14292]
  0x00000151f78da800 GCTaskThread "GC Thread#2" [stack: 0x0000003002900000,0x0000003002a00000] [id=18296]
  0x00000151f7c5b000 GCTaskThread "GC Thread#3" [stack: 0x0000003002a00000,0x0000003002b00000] [id=10960]
  0x00000151d65f1000 ConcurrentGCThread "G1 Main Marker" [stack: 0x0000003001700000,0x0000003001800000] [id=7776]
  0x00000151d65f2800 ConcurrentGCThread "G1 Conc#0" [stack: 0x0000003001800000,0x0000003001900000] [id=27236]
  0x00000151d6663800 ConcurrentGCThread "G1 Refine#0" [stack: 0x0000003001900000,0x0000003001a00000] [id=26324]
  0x00000151d6664800 ConcurrentGCThread "G1 Young RemSet Sampling" [stack: 0x0000003001a00000,0x0000003001b00000] [id=24508]

Threads with active compile tasks:
C2 CompilerThread0 145493 22306   !   4       java.net.URL::<init> (543 bytes)

VM state:not at safepoint (normal execution)

VM Mutex/Monitor currently owned by a thread: None

Heap address: 0x0000000080000000, size: 2048 MB, Compressed Oops mode: 32-bit
Narrow klass base: 0x0000000000000000, Narrow klass shift: 3
Compressed class space size: 528482304 Address: 0x0000000100000000

Heap:
 garbage-first heap   total 250880K, used 227918K [0x0000000080000000, 0x0000000100000000)
  region size 1024K, 11 young (11264K), 2 survivors (2048K)
 Metaspace       used 139267K, capacity 143687K, committed 143788K, reserved 641024K
  class space    used 17519K, capacity 19138K, committed 19200K, reserved 516096K
Heap Regions: E=young(eden), S=young(survivor), O=old, HS=humongous(starts), HC=humongous(continues), CS=collection set, F=free, A=archive, TAMS=top-at-mark-start (previous, next)
|   0|0x0000000080000000, 0x0000000080100000, 0x0000000080100000|100%|HS|  |TAMS 0x0000000080100000, 0x0000000080000000| Complete 
|   1|0x0000000080100000, 0x0000000080200000, 0x0000000080200000|100%|HC|  |TAMS 0x0000000080200000, 0x0000000080100000| Complete 
|   2|0x0000000080200000, 0x0000000080300000, 0x0000000080300000|100%|HC|  |TAMS 0x0000000080300000, 0x0000000080200000| Complete 
|   3|0x0000000080300000, 0x0000000080400000, 0x0000000080400000|100%| O|  |TAMS 0x0000000080400000, 0x0000000080300000| Untracked 
|   4|0x0000000080400000, 0x0000000080500000, 0x0000000080500000|100%| O|  |TAMS 0x0000000080500000, 0x0000000080400000| Untracked 
|   5|0x0000000080500000, 0x0000000080600000, 0x0000000080600000|100%| O|  |TAMS 0x0000000080600000, 0x0000000080500000| Untracked 
|   6|0x0000000080600000, 0x0000000080700000, 0x0000000080700000|100%| O|  |TAMS 0x0000000080700000, 0x0000000080600000| Untracked 
|   7|0x0000000080700000, 0x0000000080800000, 0x0000000080800000|100%| O|  |TAMS 0x0000000080800000, 0x0000000080700000| Untracked 
|   8|0x0000000080800000, 0x0000000080900000, 0x0000000080900000|100%| O|  |TAMS 0x0000000080900000, 0x0000000080800000| Untracked 
|   9|0x0000000080900000, 0x0000000080a00000, 0x0000000080a00000|100%| O|  |TAMS 0x0000000080a00000, 0x0000000080900000| Untracked 
|  10|0x0000000080a00000, 0x0000000080b00000, 0x0000000080b00000|100%| O|  |TAMS 0x0000000080b00000, 0x0000000080a00000| Untracked 
|  11|0x0000000080b00000, 0x0000000080c00000, 0x0000000080c00000|100%| O|  |TAMS 0x0000000080c00000, 0x0000000080b00000| Untracked 
|  12|0x0000000080c00000, 0x0000000080c00000, 0x0000000080d00000|  0%| F|  |TAMS 0x0000000080c00000, 0x0000000080c00000| Untracked 
|  13|0x0000000080d00000, 0x0000000080e00000, 0x0000000080e00000|100%| O|  |TAMS 0x0000000080e00000, 0x0000000080d00000| Untracked 
|  14|0x0000000080e00000, 0x0000000080f00000, 0x0000000080f00000|100%| O|  |TAMS 0x0000000080f00000, 0x0000000080e00000| Untracked 
|  15|0x0000000080f00000, 0x0000000081000000, 0x0000000081000000|100%| O|  |TAMS 0x0000000081000000, 0x0000000080f00000| Untracked 
|  16|0x0000000081000000, 0x0000000081100000, 0x0000000081100000|100%| O|  |TAMS 0x0000000081100000, 0x0000000081000000| Untracked 
|  17|0x0000000081100000, 0x0000000081200000, 0x0000000081200000|100%|HS|  |TAMS 0x0000000081200000, 0x0000000081100000| Complete 
|  18|0x0000000081200000, 0x0000000081300000, 0x0000000081300000|100%| O|  |TAMS 0x0000000081300000, 0x0000000081200000| Untracked 
|  19|0x0000000081300000, 0x0000000081400000, 0x0000000081400000|100%| O|  |TAMS 0x0000000081400000, 0x0000000081300000| Untracked 
|  20|0x0000000081400000, 0x0000000081500000, 0x0000000081500000|100%| O|  |TAMS 0x0000000081500000, 0x0000000081400000| Untracked 
|  21|0x0000000081500000, 0x0000000081600000, 0x0000000081600000|100%| O|  |TAMS 0x0000000081600000, 0x0000000081500000| Untracked 
|  22|0x0000000081600000, 0x0000000081700000, 0x0000000081700000|100%| O|  |TAMS 0x0000000081700000, 0x0000000081600000| Untracked 
|  23|0x0000000081700000, 0x0000000081800000, 0x0000000081800000|100%| O|  |TAMS 0x0000000081800000, 0x0000000081700000| Untracked 
|  24|0x0000000081800000, 0x0000000081900000, 0x0000000081900000|100%| O|  |TAMS 0x0000000081900000, 0x0000000081800000| Untracked 
|  25|0x0000000081900000, 0x0000000081a00000, 0x0000000081a00000|100%| O|  |TAMS 0x0000000081a00000, 0x0000000081900000| Untracked 
|  26|0x0000000081a00000, 0x0000000081b00000, 0x0000000081b00000|100%| O|  |TAMS 0x0000000081b00000, 0x0000000081a00000| Untracked 
|  27|0x0000000081b00000, 0x0000000081c00000, 0x0000000081c00000|100%|HS|  |TAMS 0x0000000081c00000, 0x0000000081b00000| Complete 
|  28|0x0000000081c00000, 0x0000000081d00000, 0x0000000081d00000|100%|HC|  |TAMS 0x0000000081d00000, 0x0000000081c00000| Complete 
|  29|0x0000000081d00000, 0x0000000081e00000, 0x0000000081e00000|100%|HC|  |TAMS 0x0000000081e00000, 0x0000000081d00000| Complete 
|  30|0x0000000081e00000, 0x0000000081f00000, 0x0000000081f00000|100%| O|  |TAMS 0x0000000081f00000, 0x0000000081e00000| Untracked 
|  31|0x0000000081f00000, 0x0000000082000000, 0x0000000082000000|100%| O|  |TAMS 0x0000000082000000, 0x0000000081f00000| Untracked 
|  32|0x0000000082000000, 0x0000000082100000, 0x0000000082100000|100%| O|  |TAMS 0x0000000082100000, 0x0000000082000000| Untracked 
|  33|0x0000000082100000, 0x0000000082200000, 0x0000000082200000|100%| O|  |TAMS 0x0000000082200000, 0x0000000082100000| Untracked 
|  34|0x0000000082200000, 0x0000000082300000, 0x0000000082300000|100%| O|  |TAMS 0x0000000082300000, 0x0000000082200000| Untracked 
|  35|0x0000000082300000, 0x0000000082400000, 0x0000000082400000|100%| O|  |TAMS 0x0000000082400000, 0x0000000082300000| Untracked 
|  36|0x0000000082400000, 0x0000000082500000, 0x0000000082500000|100%| O|  |TAMS 0x0000000082500000, 0x0000000082400000| Untracked 
|  37|0x0000000082500000, 0x0000000082600000, 0x0000000082600000|100%| O|  |TAMS 0x0000000082600000, 0x0000000082500000| Untracked 
|  38|0x0000000082600000, 0x0000000082700000, 0x0000000082700000|100%| O|  |TAMS 0x0000000082700000, 0x0000000082600000| Untracked 
|  39|0x0000000082700000, 0x0000000082800000, 0x0000000082800000|100%| O|  |TAMS 0x0000000082800000, 0x0000000082700000| Untracked 
|  40|0x0000000082800000, 0x0000000082900000, 0x0000000082900000|100%| O|  |TAMS 0x0000000082900000, 0x0000000082800000| Untracked 
|  41|0x0000000082900000, 0x0000000082a00000, 0x0000000082a00000|100%| O|  |TAMS 0x0000000082a00000, 0x0000000082900000| Untracked 
|  42|0x0000000082a00000, 0x0000000082b00000, 0x0000000082b00000|100%| O|  |TAMS 0x0000000082b00000, 0x0000000082a00000| Untracked 
|  43|0x0000000082b00000, 0x0000000082c00000, 0x0000000082c00000|100%| O|  |TAMS 0x0000000082c00000, 0x0000000082b00000| Untracked 
|  44|0x0000000082c00000, 0x0000000082d00000, 0x0000000082d00000|100%|HS|  |TAMS 0x0000000082d00000, 0x0000000082c00000| Complete 
|  45|0x0000000082d00000, 0x0000000082e00000, 0x0000000082e00000|100%|HS|  |TAMS 0x0000000082e00000, 0x0000000082d00000| Complete 
|  46|0x0000000082e00000, 0x0000000082f00000, 0x0000000082f00000|100%|HS|  |TAMS 0x0000000082f00000, 0x0000000082e00000| Complete 
|  47|0x0000000082f00000, 0x0000000083000000, 0x0000000083000000|100%|HC|  |TAMS 0x0000000083000000, 0x0000000082f00000| Complete 
|  48|0x0000000083000000, 0x0000000083100000, 0x0000000083100000|100%| O|  |TAMS 0x0000000083100000, 0x0000000083000000| Untracked 
|  49|0x0000000083100000, 0x0000000083200000, 0x0000000083200000|100%| O|  |TAMS 0x0000000083200000, 0x0000000083100000| Untracked 
|  50|0x0000000083200000, 0x0000000083300000, 0x0000000083300000|100%| O|  |TAMS 0x0000000083300000, 0x0000000083200000| Untracked 
|  51|0x0000000083300000, 0x0000000083400000, 0x0000000083400000|100%| O|  |TAMS 0x0000000083400000, 0x0000000083300000| Untracked 
|  52|0x0000000083400000, 0x0000000083500000, 0x0000000083500000|100%| O|  |TAMS 0x0000000083500000, 0x0000000083400000| Untracked 
|  53|0x0000000083500000, 0x0000000083600000, 0x0000000083600000|100%| O|  |TAMS 0x0000000083600000, 0x0000000083500000| Untracked 
|  54|0x0000000083600000, 0x0000000083700000, 0x0000000083700000|100%| O|  |TAMS 0x0000000083700000, 0x0000000083600000| Untracked 
|  55|0x0000000083700000, 0x0000000083800000, 0x0000000083800000|100%| O|  |TAMS 0x0000000083800000, 0x0000000083700000| Untracked 
|  56|0x0000000083800000, 0x0000000083900000, 0x0000000083900000|100%| O|  |TAMS 0x0000000083900000, 0x0000000083800000| Untracked 
|  57|0x0000000083900000, 0x0000000083a00000, 0x0000000083a00000|100%| O|  |TAMS 0x0000000083a00000, 0x0000000083900000| Untracked 
|  58|0x0000000083a00000, 0x0000000083b00000, 0x0000000083b00000|100%| O|  |TAMS 0x0000000083b00000, 0x0000000083a00000| Untracked 
|  59|0x0000000083b00000, 0x0000000083c00000, 0x0000000083c00000|100%| O|  |TAMS 0x0000000083c00000, 0x0000000083b00000| Untracked 
|  60|0x0000000083c00000, 0x0000000083d00000, 0x0000000083d00000|100%| O|  |TAMS 0x0000000083d00000, 0x0000000083c00000| Untracked 
|  61|0x0000000083d00000, 0x0000000083d00000, 0x0000000083e00000|  0%| F|  |TAMS 0x0000000083d00000, 0x0000000083d00000| Untracked 
|  62|0x0000000083e00000, 0x0000000083f00000, 0x0000000083f00000|100%| O|  |TAMS 0x0000000083f00000, 0x0000000083e00000| Untracked 
|  63|0x0000000083f00000, 0x0000000084000000, 0x0000000084000000|100%| O|  |TAMS 0x0000000084000000, 0x0000000083f00000| Untracked 
|  64|0x0000000084000000, 0x0000000084100000, 0x0000000084100000|100%| O|  |TAMS 0x0000000084100000, 0x0000000084000000| Untracked 
|  65|0x0000000084100000, 0x0000000084200000, 0x0000000084200000|100%| O|  |TAMS 0x0000000084200000, 0x0000000084100000| Untracked 
|  66|0x0000000084200000, 0x0000000084300000, 0x0000000084300000|100%| O|  |TAMS 0x0000000084300000, 0x0000000084200000| Untracked 
|  67|0x0000000084300000, 0x0000000084400000, 0x0000000084400000|100%| O|  |TAMS 0x0000000084400000, 0x0000000084300000| Untracked 
|  68|0x0000000084400000, 0x0000000084500000, 0x0000000084500000|100%| O|  |TAMS 0x0000000084500000, 0x0000000084400000| Untracked 
|  69|0x0000000084500000, 0x0000000084600000, 0x0000000084600000|100%| O|  |TAMS 0x0000000084600000, 0x0000000084500000| Untracked 
|  70|0x0000000084600000, 0x0000000084700000, 0x0000000084700000|100%| O|  |TAMS 0x0000000084700000, 0x0000000084600000| Untracked 
|  71|0x0000000084700000, 0x0000000084800000, 0x0000000084800000|100%| O|  |TAMS 0x0000000084800000, 0x0000000084700000| Untracked 
|  72|0x0000000084800000, 0x0000000084900000, 0x0000000084900000|100%| O|  |TAMS 0x0000000084900000, 0x0000000084800000| Untracked 
|  73|0x0000000084900000, 0x0000000084a00000, 0x0000000084a00000|100%| O|  |TAMS 0x0000000084a00000, 0x0000000084900000| Untracked 
|  74|0x0000000084a00000, 0x0000000084b00000, 0x0000000084b00000|100%|HS|  |TAMS 0x0000000084a00000, 0x0000000084a00000| Complete 
|  75|0x0000000084b00000, 0x0000000084c00000, 0x0000000084c00000|100%| O|  |TAMS 0x0000000084c00000, 0x0000000084b00000| Untracked 
|  76|0x0000000084c00000, 0x0000000084d00000, 0x0000000084d00000|100%| O|  |TAMS 0x0000000084d00000, 0x0000000084c00000| Untracked 
|  77|0x0000000084d00000, 0x0000000084e00000, 0x0000000084e00000|100%| O|  |TAMS 0x0000000084e00000, 0x0000000084d00000| Untracked 
|  78|0x0000000084e00000, 0x0000000084f00000, 0x0000000084f00000|100%| O|  |TAMS 0x0000000084f00000, 0x0000000084e00000| Untracked 
|  79|0x0000000084f00000, 0x0000000085000000, 0x0000000085000000|100%| O|  |TAMS 0x0000000085000000, 0x0000000084f00000| Untracked 
|  80|0x0000000085000000, 0x0000000085100000, 0x0000000085100000|100%| O|  |TAMS 0x0000000085100000, 0x0000000085000000| Untracked 
|  81|0x0000000085100000, 0x0000000085100000, 0x0000000085200000|  0%| F|  |TAMS 0x0000000085100000, 0x0000000085100000| Untracked 
|  82|0x0000000085200000, 0x0000000085300000, 0x0000000085300000|100%|HS|  |TAMS 0x0000000085300000, 0x0000000085200000| Complete 
|  83|0x0000000085300000, 0x0000000085400000, 0x0000000085400000|100%|HC|  |TAMS 0x0000000085400000, 0x0000000085300000| Complete 
|  84|0x0000000085400000, 0x0000000085500000, 0x0000000085500000|100%|HS|  |TAMS 0x0000000085500000, 0x0000000085400000| Complete 
|  85|0x0000000085500000, 0x0000000085600000, 0x0000000085600000|100%|HC|  |TAMS 0x0000000085600000, 0x0000000085500000| Complete 
|  86|0x0000000085600000, 0x0000000085700000, 0x0000000085700000|100%|HC|  |TAMS 0x0000000085700000, 0x0000000085600000| Complete 
|  87|0x0000000085700000, 0x0000000085800000, 0x0000000085800000|100%|HC|  |TAMS 0x0000000085800000, 0x0000000085700000| Complete 
|  88|0x0000000085800000, 0x0000000085900000, 0x0000000085900000|100%|HS|  |TAMS 0x0000000085800000, 0x0000000085800000| Complete 
|  89|0x0000000085900000, 0x0000000085a00000, 0x0000000085a00000|100%| O|  |TAMS 0x0000000085a00000, 0x0000000085900000| Untracked 
|  90|0x0000000085a00000, 0x0000000085b00000, 0x0000000085b00000|100%| O|  |TAMS 0x0000000085b00000, 0x0000000085a00000| Untracked 
|  91|0x0000000085b00000, 0x0000000085c00000, 0x0000000085c00000|100%| O|  |TAMS 0x0000000085c00000, 0x0000000085b00000| Untracked 
|  92|0x0000000085c00000, 0x0000000085d00000, 0x0000000085d00000|100%| O|  |TAMS 0x0000000085d00000, 0x0000000085c00000| Untracked 
|  93|0x0000000085d00000, 0x0000000085e00000, 0x0000000085e00000|100%| O|  |TAMS 0x0000000085e00000, 0x0000000085d00000| Untracked 
|  94|0x0000000085e00000, 0x0000000085f00000, 0x0000000085f00000|100%| O|  |TAMS 0x0000000085f00000, 0x0000000085e00000| Untracked 
|  95|0x0000000085f00000, 0x0000000086000000, 0x0000000086000000|100%| O|  |TAMS 0x0000000086000000, 0x0000000085f00000| Untracked 
|  96|0x0000000086000000, 0x0000000086100000, 0x0000000086100000|100%| O|  |TAMS 0x0000000086100000, 0x0000000086000000| Untracked 
|  97|0x0000000086100000, 0x0000000086200000, 0x0000000086200000|100%| O|  |TAMS 0x0000000086200000, 0x0000000086100000| Untracked 
|  98|0x0000000086200000, 0x0000000086300000, 0x0000000086300000|100%|HS|  |TAMS 0x0000000086300000, 0x0000000086200000| Complete 
|  99|0x0000000086300000, 0x0000000086400000, 0x0000000086400000|100%|HS|  |TAMS 0x0000000086400000, 0x0000000086300000| Complete 
| 100|0x0000000086400000, 0x0000000086500000, 0x0000000086500000|100%|HS|  |TAMS 0x0000000086500000, 0x0000000086400000| Complete 
| 101|0x0000000086500000, 0x0000000086600000, 0x0000000086600000|100%|HS|  |TAMS 0x0000000086600000, 0x0000000086500000| Complete 
| 102|0x0000000086600000, 0x0000000086700000, 0x0000000086700000|100%|HC|  |TAMS 0x0000000086700000, 0x0000000086600000| Complete 
| 103|0x0000000086700000, 0x0000000086800000, 0x0000000086800000|100%|HC|  |TAMS 0x0000000086800000, 0x0000000086700000| Complete 
| 104|0x0000000086800000, 0x0000000086800000, 0x0000000086900000|  0%| F|  |TAMS 0x0000000086800000, 0x0000000086800000| Untracked 
| 105|0x0000000086900000, 0x0000000086a00000, 0x0000000086a00000|100%| O|  |TAMS 0x0000000086a00000, 0x0000000086900000| Untracked 
| 106|0x0000000086a00000, 0x0000000086b00000, 0x0000000086b00000|100%|HS|  |TAMS 0x0000000086a00000, 0x0000000086a00000| Complete 
| 107|0x0000000086b00000, 0x0000000086c00000, 0x0000000086c00000|100%| O|  |TAMS 0x0000000086c00000, 0x0000000086b00000| Untracked 
| 108|0x0000000086c00000, 0x0000000086d00000, 0x0000000086d00000|100%| O|  |TAMS 0x0000000086d00000, 0x0000000086c00000| Untracked 
| 109|0x0000000086d00000, 0x0000000086e00000, 0x0000000086e00000|100%| O|  |TAMS 0x0000000086e00000, 0x0000000086d00000| Untracked 
| 110|0x0000000086e00000, 0x0000000086f00000, 0x0000000086f00000|100%| O|  |TAMS 0x0000000086f00000, 0x0000000086e00000| Untracked 
| 111|0x0000000086f00000, 0x0000000087000000, 0x0000000087000000|100%| O|  |TAMS 0x0000000087000000, 0x0000000086f00000| Untracked 
| 112|0x0000000087000000, 0x0000000087100000, 0x0000000087100000|100%| O|  |TAMS 0x0000000087100000, 0x0000000087000000| Untracked 
| 113|0x0000000087100000, 0x0000000087200000, 0x0000000087200000|100%|HS|  |TAMS 0x0000000087200000, 0x0000000087100000| Complete 
| 114|0x0000000087200000, 0x0000000087300000, 0x0000000087300000|100%|HS|  |TAMS 0x0000000087300000, 0x0000000087200000| Complete 
| 115|0x0000000087300000, 0x0000000087300000, 0x0000000087400000|  0%| F|  |TAMS 0x0000000087300000, 0x0000000087300000| Untracked 
| 116|0x0000000087400000, 0x0000000087500000, 0x0000000087500000|100%| O|  |TAMS 0x0000000087400000, 0x0000000087400000| Untracked 
| 117|0x0000000087500000, 0x0000000087600000, 0x0000000087600000|100%|HS|  |TAMS 0x0000000087600000, 0x0000000087500000| Complete 
| 118|0x0000000087600000, 0x0000000087700000, 0x0000000087700000|100%|HC|  |TAMS 0x0000000087700000, 0x0000000087600000| Complete 
| 119|0x0000000087700000, 0x0000000087800000, 0x0000000087800000|100%|HC|  |TAMS 0x0000000087800000, 0x0000000087700000| Complete 
| 120|0x0000000087800000, 0x0000000087900000, 0x0000000087900000|100%| O|  |TAMS 0x0000000087900000, 0x0000000087800000| Untracked 
| 121|0x0000000087900000, 0x0000000087a00000, 0x0000000087a00000|100%| O|  |TAMS 0x0000000087a00000, 0x0000000087900000| Untracked 
| 122|0x0000000087a00000, 0x0000000087b00000, 0x0000000087b00000|100%| O|  |TAMS 0x0000000087b00000, 0x0000000087a00000| Untracked 
| 123|0x0000000087b00000, 0x0000000087c00000, 0x0000000087c00000|100%| O|  |TAMS 0x0000000087c00000, 0x0000000087b00000| Untracked 
| 124|0x0000000087c00000, 0x0000000087d00000, 0x0000000087d00000|100%| O|  |TAMS 0x0000000087d00000, 0x0000000087c00000| Untracked 
| 125|0x0000000087d00000, 0x0000000087e00000, 0x0000000087e00000|100%| O|  |TAMS 0x0000000087e00000, 0x0000000087d00000| Untracked 
| 126|0x0000000087e00000, 0x0000000087f00000, 0x0000000087f00000|100%| O|  |TAMS 0x0000000087f00000, 0x0000000087e00000| Untracked 
| 127|0x0000000087f00000, 0x0000000088000000, 0x0000000088000000|100%| O|  |TAMS 0x0000000088000000, 0x0000000087f00000| Untracked 
| 128|0x0000000088000000, 0x0000000088100000, 0x0000000088100000|100%| O|  |TAMS 0x0000000088100000, 0x0000000088000000| Untracked 
| 129|0x0000000088100000, 0x0000000088200000, 0x0000000088200000|100%| O|  |TAMS 0x0000000088200000, 0x0000000088100000| Untracked 
| 130|0x0000000088200000, 0x0000000088300000, 0x0000000088300000|100%| O|  |TAMS 0x0000000088300000, 0x0000000088200000| Untracked 
| 131|0x0000000088300000, 0x0000000088400000, 0x0000000088400000|100%| O|  |TAMS 0x0000000088400000, 0x0000000088300000| Untracked 
| 132|0x0000000088400000, 0x0000000088500000, 0x0000000088500000|100%| O|  |TAMS 0x0000000088500000, 0x0000000088400000| Untracked 
| 133|0x0000000088500000, 0x0000000088600000, 0x0000000088600000|100%| O|  |TAMS 0x0000000088600000, 0x0000000088500000| Untracked 
| 134|0x0000000088600000, 0x0000000088700000, 0x0000000088700000|100%| O|  |TAMS 0x0000000088700000, 0x0000000088600000| Untracked 
| 135|0x0000000088700000, 0x0000000088800000, 0x0000000088800000|100%| O|  |TAMS 0x0000000088800000, 0x0000000088700000| Untracked 
| 136|0x0000000088800000, 0x0000000088900000, 0x0000000088900000|100%| O|  |TAMS 0x0000000088900000, 0x0000000088800000| Untracked 
| 137|0x0000000088900000, 0x0000000088a00000, 0x0000000088a00000|100%| O|  |TAMS 0x0000000088a00000, 0x0000000088900000| Untracked 
| 138|0x0000000088a00000, 0x0000000088b00000, 0x0000000088b00000|100%| O|  |TAMS 0x0000000088b00000, 0x0000000088a00000| Untracked 
| 139|0x0000000088b00000, 0x0000000088c00000, 0x0000000088c00000|100%| O|  |TAMS 0x0000000088c00000, 0x0000000088b00000| Untracked 
| 140|0x0000000088c00000, 0x0000000088d00000, 0x0000000088d00000|100%| O|  |TAMS 0x0000000088d00000, 0x0000000088c00000| Untracked 
| 141|0x0000000088d00000, 0x0000000088e00000, 0x0000000088e00000|100%| O|  |TAMS 0x0000000088e00000, 0x0000000088d00000| Untracked 
| 142|0x0000000088e00000, 0x0000000088f00000, 0x0000000088f00000|100%| O|  |TAMS 0x0000000088f00000, 0x0000000088e00000| Untracked 
| 143|0x0000000088f00000, 0x0000000089000000, 0x0000000089000000|100%| O|  |TAMS 0x0000000089000000, 0x0000000088f00000| Untracked 
| 144|0x0000000089000000, 0x0000000089100000, 0x0000000089100000|100%| O|  |TAMS 0x0000000089100000, 0x0000000089000000| Untracked 
| 145|0x0000000089100000, 0x0000000089200000, 0x0000000089200000|100%| O|  |TAMS 0x0000000089200000, 0x0000000089100000| Untracked 
| 146|0x0000000089200000, 0x0000000089300000, 0x0000000089300000|100%| O|  |TAMS 0x0000000089300000, 0x0000000089200000| Untracked 
| 147|0x0000000089300000, 0x0000000089400000, 0x0000000089400000|100%| O|  |TAMS 0x0000000089400000, 0x0000000089300000| Untracked 
| 148|0x0000000089400000, 0x0000000089500000, 0x0000000089500000|100%| O|  |TAMS 0x0000000089400000, 0x0000000089400000| Untracked 
| 149|0x0000000089500000, 0x0000000089600000, 0x0000000089600000|100%| O|  |TAMS 0x0000000089600000, 0x0000000089500000| Untracked 
| 150|0x0000000089600000, 0x0000000089700000, 0x0000000089700000|100%| O|  |TAMS 0x0000000089700000, 0x0000000089600000| Untracked 
| 151|0x0000000089700000, 0x0000000089800000, 0x0000000089800000|100%| O|  |TAMS 0x0000000089800000, 0x0000000089700000| Untracked 
| 152|0x0000000089800000, 0x0000000089900000, 0x0000000089900000|100%| O|  |TAMS 0x0000000089900000, 0x0000000089800000| Untracked 
| 153|0x0000000089900000, 0x0000000089a00000, 0x0000000089a00000|100%| O|  |TAMS 0x0000000089a00000, 0x0000000089900000| Untracked 
| 154|0x0000000089a00000, 0x0000000089b00000, 0x0000000089b00000|100%| O|  |TAMS 0x0000000089b00000, 0x0000000089a00000| Untracked 
| 155|0x0000000089b00000, 0x0000000089c00000, 0x0000000089c00000|100%| O|  |TAMS 0x0000000089c00000, 0x0000000089b00000| Untracked 
| 156|0x0000000089c00000, 0x0000000089d00000, 0x0000000089d00000|100%| O|  |TAMS 0x0000000089c00000, 0x0000000089c00000| Untracked 
| 157|0x0000000089d00000, 0x0000000089e00000, 0x0000000089e00000|100%| O|  |TAMS 0x0000000089e00000, 0x0000000089d00000| Untracked 
| 158|0x0000000089e00000, 0x0000000089f00000, 0x0000000089f00000|100%| O|  |TAMS 0x0000000089f00000, 0x0000000089e00000| Untracked 
| 159|0x0000000089f00000, 0x000000008a000000, 0x000000008a000000|100%| O|  |TAMS 0x000000008a000000, 0x0000000089f00000| Untracked 
| 160|0x000000008a000000, 0x000000008a100000, 0x000000008a100000|100%|HS|  |TAMS 0x000000008a100000, 0x000000008a000000| Complete 
| 161|0x000000008a100000, 0x000000008a200000, 0x000000008a200000|100%|HC|  |TAMS 0x000000008a200000, 0x000000008a100000| Complete 
| 162|0x000000008a200000, 0x000000008a300000, 0x000000008a300000|100%| O|  |TAMS 0x000000008a300000, 0x000000008a200000| Untracked 
| 163|0x000000008a300000, 0x000000008a400000, 0x000000008a400000|100%| O|  |TAMS 0x000000008a300000, 0x000000008a300000| Untracked 
| 164|0x000000008a400000, 0x000000008a500000, 0x000000008a500000|100%| O|  |TAMS 0x000000008a500000, 0x000000008a400000| Untracked 
| 165|0x000000008a500000, 0x000000008a500000, 0x000000008a600000|  0%| F|  |TAMS 0x000000008a500000, 0x000000008a500000| Untracked 
| 166|0x000000008a600000, 0x000000008a600000, 0x000000008a700000|  0%| F|  |TAMS 0x000000008a600000, 0x000000008a600000| Untracked 
| 167|0x000000008a700000, 0x000000008a793a00, 0x000000008a800000| 57%| O|  |TAMS 0x000000008a700000, 0x000000008a700000| Untracked 
| 168|0x000000008a800000, 0x000000008a900000, 0x000000008a900000|100%| O|  |TAMS 0x000000008a900000, 0x000000008a800000| Untracked 
| 169|0x000000008a900000, 0x000000008a900000, 0x000000008aa00000|  0%| F|  |TAMS 0x000000008a900000, 0x000000008a900000| Untracked 
| 170|0x000000008aa00000, 0x000000008ab00000, 0x000000008ab00000|100%| O|  |TAMS 0x000000008ab00000, 0x000000008aa00000| Untracked 
| 171|0x000000008ab00000, 0x000000008ac00000, 0x000000008ac00000|100%| O|  |TAMS 0x000000008ac00000, 0x000000008ab00000| Untracked 
| 172|0x000000008ac00000, 0x000000008ac00000, 0x000000008ad00000|  0%| F|  |TAMS 0x000000008ac00000, 0x000000008ac00000| Untracked 
| 173|0x000000008ad00000, 0x000000008ae00000, 0x000000008ae00000|100%| O|  |TAMS 0x000000008ae00000, 0x000000008ad00000| Untracked 
| 174|0x000000008ae00000, 0x000000008af00000, 0x000000008af00000|100%| O|  |TAMS 0x000000008af00000, 0x000000008ae00000| Untracked 
| 175|0x000000008af00000, 0x000000008b000000, 0x000000008b000000|100%| O|  |TAMS 0x000000008b000000, 0x000000008af00000| Untracked 
| 176|0x000000008b000000, 0x000000008b100000, 0x000000008b100000|100%| O|  |TAMS 0x000000008b100000, 0x000000008b000000| Untracked 
| 177|0x000000008b100000, 0x000000008b200000, 0x000000008b200000|100%| O|  |TAMS 0x000000008b200000, 0x000000008b100000| Untracked 
| 178|0x000000008b200000, 0x000000008b300000, 0x000000008b300000|100%| O|  |TAMS 0x000000008b300000, 0x000000008b200000| Untracked 
| 179|0x000000008b300000, 0x000000008b400000, 0x000000008b400000|100%| O|  |TAMS 0x000000008b400000, 0x000000008b300000| Untracked 
| 180|0x000000008b400000, 0x000000008b500000, 0x000000008b500000|100%| O|  |TAMS 0x000000008b500000, 0x000000008b400000| Untracked 
| 181|0x000000008b500000, 0x000000008b600000, 0x000000008b600000|100%| O|  |TAMS 0x000000008b600000, 0x000000008b500000| Untracked 
| 182|0x000000008b600000, 0x000000008b700000, 0x000000008b700000|100%| O|  |TAMS 0x000000008b700000, 0x000000008b600000| Untracked 
| 183|0x000000008b700000, 0x000000008b800000, 0x000000008b800000|100%|HS|  |TAMS 0x000000008b800000, 0x000000008b700000| Complete 
| 184|0x000000008b800000, 0x000000008b900000, 0x000000008b900000|100%|HC|  |TAMS 0x000000008b900000, 0x000000008b800000| Complete 
| 185|0x000000008b900000, 0x000000008b900000, 0x000000008ba00000|  0%| F|  |TAMS 0x000000008b900000, 0x000000008b900000| Untracked 
| 186|0x000000008ba00000, 0x000000008ba00000, 0x000000008bb00000|  0%| F|  |TAMS 0x000000008ba00000, 0x000000008ba00000| Untracked 
| 187|0x000000008bb00000, 0x000000008bb00000, 0x000000008bc00000|  0%| F|  |TAMS 0x000000008bb00000, 0x000000008bb00000| Untracked 
| 188|0x000000008bc00000, 0x000000008bc00000, 0x000000008bd00000|  0%| F|  |TAMS 0x000000008bc00000, 0x000000008bc00000| Untracked 
| 189|0x000000008bd00000, 0x000000008bd00000, 0x000000008be00000|  0%| F|  |TAMS 0x000000008bd00000, 0x000000008bd00000| Untracked 
| 190|0x000000008be00000, 0x000000008bf00000, 0x000000008bf00000|100%| O|  |TAMS 0x000000008bf00000, 0x000000008be00000| Untracked 
| 191|0x000000008bf00000, 0x000000008c000000, 0x000000008c000000|100%|HS|  |TAMS 0x000000008bf00000, 0x000000008bf00000| Complete 
| 192|0x000000008c000000, 0x000000008c100000, 0x000000008c100000|100%|HC|  |TAMS 0x000000008c000000, 0x000000008c000000| Complete 
| 193|0x000000008c100000, 0x000000008c200000, 0x000000008c200000|100%|HC|  |TAMS 0x000000008c100000, 0x000000008c100000| Complete 
| 194|0x000000008c200000, 0x000000008c300000, 0x000000008c300000|100%| O|  |TAMS 0x000000008c300000, 0x000000008c200000| Untracked 
| 195|0x000000008c300000, 0x000000008c400000, 0x000000008c400000|100%| O|  |TAMS 0x000000008c400000, 0x000000008c300000| Untracked 
| 196|0x000000008c400000, 0x000000008c500000, 0x000000008c500000|100%| O|  |TAMS 0x000000008c500000, 0x000000008c400000| Untracked 
| 197|0x000000008c500000, 0x000000008c600000, 0x000000008c600000|100%| O|  |TAMS 0x000000008c600000, 0x000000008c500000| Untracked 
| 198|0x000000008c600000, 0x000000008c700000, 0x000000008c700000|100%| O|  |TAMS 0x000000008c700000, 0x000000008c600000| Untracked 
| 199|0x000000008c700000, 0x000000008c800000, 0x000000008c800000|100%| O|  |TAMS 0x000000008c800000, 0x000000008c700000| Untracked 
| 200|0x000000008c800000, 0x000000008c900000, 0x000000008c900000|100%| O|  |TAMS 0x000000008c900000, 0x000000008c800000| Untracked 
| 201|0x000000008c900000, 0x000000008ca00000, 0x000000008ca00000|100%|HS|  |TAMS 0x000000008ca00000, 0x000000008c900000| Complete 
| 202|0x000000008ca00000, 0x000000008cb00000, 0x000000008cb00000|100%|HC|  |TAMS 0x000000008cb00000, 0x000000008ca00000| Complete 
| 203|0x000000008cb00000, 0x000000008cc00000, 0x000000008cc00000|100%|HS|  |TAMS 0x000000008cc00000, 0x000000008cb00000| Complete 
| 204|0x000000008cc00000, 0x000000008cd00000, 0x000000008cd00000|100%| O|  |TAMS 0x000000008cc5d600, 0x000000008cc00000| Untracked 
| 205|0x000000008cd00000, 0x000000008ce00000, 0x000000008ce00000|100%|HS|  |TAMS 0x000000008cd00000, 0x000000008cd00000| Complete 
| 206|0x000000008ce00000, 0x000000008cf00000, 0x000000008cf00000|100%|HS|  |TAMS 0x000000008ce00000, 0x000000008ce00000| Complete 
| 207|0x000000008cf00000, 0x000000008d000000, 0x000000008d000000|100%|HS|  |TAMS 0x000000008cf00000, 0x000000008cf00000| Complete 
| 208|0x000000008d000000, 0x000000008d100000, 0x000000008d100000|100%|HS|  |TAMS 0x000000008d000000, 0x000000008d000000| Complete 
| 209|0x000000008d100000, 0x000000008d200000, 0x000000008d200000|100%|HC|  |TAMS 0x000000008d100000, 0x000000008d100000| Complete 
| 210|0x000000008d200000, 0x000000008d300000, 0x000000008d300000|100%|HC|  |TAMS 0x000000008d200000, 0x000000008d200000| Complete 
| 211|0x000000008d300000, 0x000000008d400000, 0x000000008d400000|100%| O|  |TAMS 0x000000008d300000, 0x000000008d300000| Untracked 
| 212|0x000000008d400000, 0x000000008d500000, 0x000000008d500000|100%| O|  |TAMS 0x000000008d400000, 0x000000008d400000| Untracked 
| 213|0x000000008d500000, 0x000000008d600000, 0x000000008d600000|100%| O|  |TAMS 0x000000008d500000, 0x000000008d500000| Untracked 
| 214|0x000000008d600000, 0x000000008d600000, 0x000000008d700000|  0%| F|  |TAMS 0x000000008d600000, 0x000000008d600000| Untracked 
| 215|0x000000008d700000, 0x000000008d700000, 0x000000008d800000|  0%| F|  |TAMS 0x000000008d700000, 0x000000008d700000| Untracked 
| 216|0x000000008d800000, 0x000000008d800000, 0x000000008d900000|  0%| F|  |TAMS 0x000000008d800000, 0x000000008d800000| Untracked 
| 217|0x000000008d900000, 0x000000008da00000, 0x000000008da00000|100%|HS|  |TAMS 0x000000008d900000, 0x000000008d900000| Complete 
| 218|0x000000008da00000, 0x000000008db00000, 0x000000008db00000|100%|HC|  |TAMS 0x000000008da00000, 0x000000008da00000| Complete 
| 219|0x000000008db00000, 0x000000008dc00000, 0x000000008dc00000|100%| S|CS|TAMS 0x000000008db00000, 0x000000008db00000| Complete 
| 220|0x000000008dc00000, 0x000000008dd00000, 0x000000008dd00000|100%|HS|  |TAMS 0x000000008dc00000, 0x000000008dc00000| Complete 
| 221|0x000000008dd00000, 0x000000008de00000, 0x000000008de00000|100%| O|  |TAMS 0x000000008dd00000, 0x000000008dd00000| Untracked 
| 222|0x000000008de00000, 0x000000008df00000, 0x000000008df00000|100%| O|  |TAMS 0x000000008de00000, 0x000000008de00000| Untracked 
| 223|0x000000008df00000, 0x000000008e000000, 0x000000008e000000|100%| O|  |TAMS 0x000000008df00000, 0x000000008df00000| Untracked 
| 224|0x000000008e000000, 0x000000008e100000, 0x000000008e100000|100%| S|CS|TAMS 0x000000008e000000, 0x000000008e000000| Complete 
| 225|0x000000008e100000, 0x000000008e100000, 0x000000008e200000|  0%| F|  |TAMS 0x000000008e100000, 0x000000008e100000| Untracked 
| 226|0x000000008e200000, 0x000000008e200000, 0x000000008e300000|  0%| F|  |TAMS 0x000000008e200000, 0x000000008e200000| Untracked 
| 227|0x000000008e300000, 0x000000008e300000, 0x000000008e400000|  0%| F|  |TAMS 0x000000008e300000, 0x000000008e300000| Untracked 
| 228|0x000000008e400000, 0x000000008e49d118, 0x000000008e500000| 61%| E|  |TAMS 0x000000008e400000, 0x000000008e400000| Complete 
| 229|0x000000008e500000, 0x000000008e600000, 0x000000008e600000|100%| E|CS|TAMS 0x000000008e500000, 0x000000008e500000| Complete 
| 230|0x000000008e600000, 0x000000008e700000, 0x000000008e700000|100%| E|CS|TAMS 0x000000008e600000, 0x000000008e600000| Complete 
| 231|0x000000008e700000, 0x000000008e800000, 0x000000008e800000|100%| E|CS|TAMS 0x000000008e700000, 0x000000008e700000| Complete 
| 232|0x000000008e800000, 0x000000008e900000, 0x000000008e900000|100%| E|  |TAMS 0x000000008e800000, 0x000000008e800000| Complete 
| 233|0x000000008e900000, 0x000000008ea00000, 0x000000008ea00000|100%| E|CS|TAMS 0x000000008e900000, 0x000000008e900000| Complete 
| 234|0x000000008ea00000, 0x000000008eb00000, 0x000000008eb00000|100%| E|CS|TAMS 0x000000008ea00000, 0x000000008ea00000| Complete 
| 235|0x000000008eb00000, 0x000000008ec00000, 0x000000008ec00000|100%| E|CS|TAMS 0x000000008eb00000, 0x000000008eb00000| Complete 
| 236|0x000000008ec00000, 0x000000008ed00000, 0x000000008ed00000|100%| E|CS|TAMS 0x000000008ec00000, 0x000000008ec00000| Complete 
| 237|0x000000008ed00000, 0x000000008ee00000, 0x000000008ee00000|100%| O|  |TAMS 0x000000008ed00000, 0x000000008ed00000| Untracked 
| 238|0x000000008ee00000, 0x000000008ef00000, 0x000000008ef00000|100%| O|  |TAMS 0x000000008ee00000, 0x000000008ee00000| Untracked 
| 239|0x000000008ef00000, 0x000000008f000000, 0x000000008f000000|100%| O|  |TAMS 0x000000008ef00000, 0x000000008ef00000| Untracked 
| 240|0x000000008f000000, 0x000000008f100000, 0x000000008f100000|100%| O|  |TAMS 0x000000008f000000, 0x000000008f000000| Untracked 
| 241|0x000000008f100000, 0x000000008f200000, 0x000000008f200000|100%| O|  |TAMS 0x000000008f100000, 0x000000008f100000| Untracked 
| 242|0x000000008f200000, 0x000000008f300000, 0x000000008f300000|100%| O|  |TAMS 0x000000008f200000, 0x000000008f200000| Untracked 
| 243|0x000000008f300000, 0x000000008f400000, 0x000000008f400000|100%| O|  |TAMS 0x000000008f300000, 0x000000008f300000| Untracked 
| 244|0x000000008f400000, 0x000000008f500000, 0x000000008f500000|100%| O|  |TAMS 0x000000008f400000, 0x000000008f400000| Untracked 

Card table byte_map: [0x00000151eddc0000,0x00000151ee1c0000] _byte_map_base: 0x00000151ed9c0000

Marking Bits (Prev, Next): (CMBitMap*) 0x00000151d65e8208, (CMBitMap*) 0x00000151d65e8240
 Prev Bits: [0x00000151ee5c0000, 0x00000151f05c0000)
 Next Bits: [0x00000151f05c0000, 0x00000151f25c0000)

Polling page: 0x00000151d43b0000

Metaspace:

Usage:
  Non-class:    121.63 MB capacity,   118.89 MB ( 98%) used,     2.31 MB (  2%) free+waste,   440.00 KB ( <1%) overhead. 
      Class:     18.69 MB capacity,    17.11 MB ( 92%) used,     1.39 MB (  7%) free+waste,   195.69 KB (  1%) overhead. 
       Both:    140.32 MB capacity,   136.00 MB ( 97%) used,     3.69 MB (  3%) free+waste,   635.69 KB ( <1%) overhead. 

Virtual space:
  Non-class space:      122.00 MB reserved,     121.67 MB (>99%) committed 
      Class space:      504.00 MB reserved,      18.75 MB (  4%) committed 
             Both:      626.00 MB reserved,     140.42 MB ( 22%) committed 

Chunk freelists:
   Non-Class:  4.88 KB
       Class:  0 bytes
        Both:  4.88 KB

CodeHeap 'non-profiled nmethods': size=120064Kb used=12008Kb max_used=12008Kb free=108055Kb
 bounds [0x00000151e6480000, 0x00000151e7040000, 0x00000151ed9c0000]
CodeHeap 'profiled nmethods': size=120000Kb used=43527Kb max_used=43527Kb free=76472Kb
 bounds [0x00000151def50000, 0x00000151e1a00000, 0x00000151e6480000]
CodeHeap 'non-nmethods': size=5696Kb used=2373Kb max_used=2406Kb free=3322Kb
 bounds [0x00000151de9c0000, 0x00000151dec30000, 0x00000151def50000]
 total_blobs=19956 nmethods=18960 adapters=906
 compilation: enabled
              stopped_count=0, restarted_count=0
 full_count=0

Compilation events (10 events):
Event: 145.422 Thread 0x00000151f52c6800 22404       2       com.android.tools.r8.internal.Yz::l (60 bytes)
Event: 145.423 Thread 0x00000151f52c6800 nmethod 22404 0x00000151e19f9790 code [0x00000151e19f9960, 0x00000151e19f9d20]
Event: 145.423 Thread 0x00000151f52c6800 22405       2       com.android.tools.r8.internal.GG::a (185 bytes)
Event: 145.423 Thread 0x00000151f52c6800 nmethod 22405 0x00000151e19f9e90 code [0x00000151e19fa0c0, 0x00000151e19fa650]
Event: 145.424 Thread 0x00000151f52c6800 22406       2       com.android.tools.r8.internal.mI::a (34 bytes)
Event: 145.424 Thread 0x00000151f52c6800 nmethod 22406 0x00000151e19fa990 code [0x00000151e19fab40, 0x00000151e19fad78]
Event: 145.426 Thread 0x00000151f52c6800 22408       2       com.android.tools.r8.graph.w0::a (31 bytes)
Event: 145.427 Thread 0x00000151f52c6800 nmethod 22408 0x00000151e19fae90 code [0x00000151e19fb040, 0x00000151e19fb280]
Event: 145.427 Thread 0x00000151f52c6800 22409       2       com.android.tools.r8.internal.mI::a (34 bytes)
Event: 145.427 Thread 0x00000151f52c6800 nmethod 22409 0x00000151e19fb390 code [0x00000151e19fb540, 0x00000151e19fb778]

GC Heap History (10 events):
Event: 144.073 GC heap before
{Heap before GC invocations=121 (full 0):
 garbage-first heap   total 242688K, used 216465K [0x0000000080000000, 0x0000000100000000)
  region size 1024K, 11 young (11264K), 2 survivors (2048K)
 Metaspace       used 136387K, capacity 140728K, committed 140844K, reserved 638976K
  class space    used 17126K, capacity 18725K, committed 18816K, reserved 516096K
}
Event: 144.077 GC heap after
{Heap after GC invocations=122 (full 0):
 garbage-first heap   total 242688K, used 209200K [0x0000000080000000, 0x0000000100000000)
  region size 1024K, 2 young (2048K), 2 survivors (2048K)
 Metaspace       used 136387K, capacity 140728K, committed 140844K, reserved 638976K
  class space    used 17126K, capacity 18725K, committed 18816K, reserved 516096K
}
Event: 144.156 GC heap before
{Heap before GC invocations=122 (full 0):
 garbage-first heap   total 242688K, used 211248K [0x0000000080000000, 0x0000000100000000)
  region size 1024K, 4 young (4096K), 2 survivors (2048K)
 Metaspace       used 136387K, capacity 140728K, committed 140844K, reserved 638976K
  class space    used 17126K, capacity 18725K, committed 18816K, reserved 516096K
}
Event: 144.160 GC heap after
{Heap after GC invocations=123 (full 0):
 garbage-first heap   total 242688K, used 211317K [0x0000000080000000, 0x0000000100000000)
  region size 1024K, 2 young (2048K), 2 survivors (2048K)
 Metaspace       used 136387K, capacity 140728K, committed 140844K, reserved 638976K
  class space    used 17126K, capacity 18725K, committed 18816K, reserved 516096K
}
Event: 144.999 GC heap before
{Heap before GC invocations=124 (full 0):
 garbage-first heap   total 242688K, used 225653K [0x0000000080000000, 0x0000000100000000)
  region size 1024K, 11 young (11264K), 2 survivors (2048K)
 Metaspace       used 137999K, capacity 142328K, committed 142636K, reserved 641024K
  class space    used 17347K, capacity 18960K, committed 19072K, reserved 516096K
}
Event: 145.004 GC heap after
{Heap after GC invocations=125 (full 0):
 garbage-first heap   total 242688K, used 221004K [0x0000000080000000, 0x0000000100000000)
  region size 1024K, 2 young (2048K), 2 survivors (2048K)
 Metaspace       used 137999K, capacity 142328K, committed 142636K, reserved 641024K
  class space    used 17347K, capacity 18960K, committed 19072K, reserved 516096K
}
Event: 145.218 GC heap before
{Heap before GC invocations=125 (full 0):
 garbage-first heap   total 242688K, used 236364K [0x0000000080000000, 0x0000000100000000)
  region size 1024K, 11 young (11264K), 2 survivors (2048K)
 Metaspace       used 139038K, capacity 143391K, committed 143532K, reserved 641024K
  class space    used 17497K, capacity 19104K, committed 19200K, reserved 516096K
}
Event: 145.237 GC heap after
{Heap after GC invocations=126 (full 0):
 garbage-first heap   total 250880K, used 210574K [0x0000000080000000, 0x0000000100000000)
  region size 1024K, 2 young (2048K), 2 survivors (2048K)
 Metaspace       used 139038K, capacity 143391K, committed 143532K, reserved 641024K
  class space    used 17497K, capacity 19104K, committed 19200K, reserved 516096K
}
Event: 145.259 GC heap before
{Heap before GC invocations=126 (full 0):
 garbage-first heap   total 250880K, used 235150K [0x0000000080000000, 0x0000000100000000)
  region size 1024K, 12 young (12288K), 2 survivors (2048K)
 Metaspace       used 139048K, capacity 143455K, committed 143788K, reserved 641024K
  class space    used 17497K, capacity 19104K, committed 19200K, reserved 516096K
}
Event: 145.265 GC heap after
{Heap after GC invocations=127 (full 0):
 garbage-first heap   total 250880K, used 220750K [0x0000000080000000, 0x0000000100000000)
  region size 1024K, 2 young (2048K), 2 survivors (2048K)
 Metaspace       used 139048K, capacity 143455K, committed 143788K, reserved 641024K
  class space    used 17497K, capacity 19104K, committed 19200K, reserved 516096K
}

Deoptimization events (10 events):
Event: 142.150 Thread 0x0000015180f13800 Uncommon trap: reason=bimorphic_or_optimized_type_check action=maybe_recompile pc=0x00000151e6f619ec method=java.util.regex.Matcher.search(I)Z @ 121 c2
Event: 143.897 Thread 0x0000015180f16000 Uncommon trap: reason=unstable_if action=reinterpret pc=0x00000151e6e8ba10 method=java.lang.String.regionMatches(ZILjava/lang/String;II)Z @ 21 c2
Event: 143.898 Thread 0x0000015180f16000 Uncommon trap: reason=unstable_if action=reinterpret pc=0x00000151e6fe91a0 method=java.io.File.getParent()Ljava/lang/String; @ 23 c2
Event: 144.057 Thread 0x0000015180f20000 Uncommon trap: reason=unloaded action=reinterpret pc=0x00000151e64fadec method=java.util.regex.Pattern.newSlice([IIZ)Ljava/util/regex/Pattern$Node; @ 68 c2
Event: 144.424 Thread 0x0000015180f20000 Uncommon trap: reason=unstable_if action=reinterpret pc=0x00000151e64b4480 method=java.util.zip.ZipFile$Source.getEntryPos([BZ)I @ 105 c2
Event: 144.786 Thread 0x0000015180f20000 Uncommon trap: reason=unstable_if action=reinterpret pc=0x00000151e6c66344 method=java.util.concurrent.ConcurrentHashMap.putVal(Ljava/lang/Object;Ljava/lang/Object;Z)Ljava/lang/Object; @ 162 c2
Event: 144.786 Thread 0x0000015180f20000 Uncommon trap: reason=unstable_if action=reinterpret pc=0x00000151e6ae8c88 method=com.google.common.collect.MapMakerInternalMap$Segment.getEntry(Ljava/lang/Object;I)Lcom/google/common/collect/MapMakerInternalMap$InternalEntry; @ 63 c2
Event: 144.786 Thread 0x0000015180f20000 Uncommon trap: reason=unstable_if action=reinterpret pc=0x00000151e694bf24 method=com.google.common.collect.MapMakerInternalMap$Segment.put(Ljava/lang/Object;ILjava/lang/Object;Z)Ljava/lang/Object; @ 92 c2
Event: 144.803 Thread 0x0000015180f20000 Uncommon trap: reason=unstable_if action=reinterpret pc=0x00000151e6947fdc method=com.google.common.collect.MapMakerInternalMap$Segment.put(Ljava/lang/Object;ILjava/lang/Object;Z)Ljava/lang/Object; @ 92 c2
Event: 144.982 Thread 0x0000015180f20000 Uncommon trap: reason=unstable_if action=reinterpret pc=0x00000151e69bd1c8 method=java.util.stream.StreamOpFlag.getMask(I)I @ 1 c2

Classes redefined (0 events):
No events

Internal exceptions (10 events):
Event: 140.538 Thread 0x0000015180f16000 Exception <a 'sun/nio/fs/WindowsException'{0x000000008ea71b10}> (0x000000008ea71b10) thrown at [./open/src/hotspot/share/prims/jni.cpp, line 611]
Event: 142.016 Thread 0x00000151fd167000 Exception <a 'java/lang/reflect/InvocationTargetException'{0x000000008eb43960}> (0x000000008eb43960) thrown at [./open/src/hotspot/share/runtime/reflection.cpp, line 1242]
Event: 142.045 Thread 0x00000151fd167000 Exception <a 'java/lang/NoSuchMethodError'{0x000000008eabd7c0}: static Lorg/jetbrains/kotlin/incremental/ChangedFiles$Unknown;.<clinit>()V> (0x000000008eabd7c0) thrown at [./open/src/hotspot/share/prims/jni.cpp, line 1362]
Event: 142.047 Thread 0x00000151fd167000 Exception <a 'java/lang/NoSuchMethodError'{0x000000008ead8860}: static Lorg/jetbrains/kotlin/incremental/ClasspathChanges;.<clinit>()V> (0x000000008ead8860) thrown at [./open/src/hotspot/share/prims/jni.cpp, line 1362]
Event: 142.047 Thread 0x00000151fd167000 Exception <a 'java/lang/NoSuchMethodError'{0x000000008eada118}: static Lorg/jetbrains/kotlin/incremental/ClasspathChanges;.<clinit>()V> (0x000000008eada118) thrown at [./open/src/hotspot/share/prims/jni.cpp, line 1362]
Event: 142.062 Thread 0x00000151fd166000 Exception <a 'sun/nio/fs/WindowsException'{0x000000008e9e1650}> (0x000000008e9e1650) thrown at [./open/src/hotspot/share/prims/jni.cpp, line 611]
Event: 142.062 Thread 0x00000151fd166000 Exception <a 'sun/nio/fs/WindowsException'{0x000000008e9e66b8}> (0x000000008e9e66b8) thrown at [./open/src/hotspot/share/prims/jni.cpp, line 611]
Event: 142.063 Thread 0x0000015180f16000 Exception <a 'sun/nio/fs/WindowsException'{0x000000008e9322d0}> (0x000000008e9322d0) thrown at [./open/src/hotspot/share/prims/jni.cpp, line 611]
Event: 144.668 Thread 0x0000015180f20000 Exception <a 'sun/nio/fs/WindowsException'{0x000000008e54c138}> (0x000000008e54c138) thrown at [./open/src/hotspot/share/prims/jni.cpp, line 611]
Event: 145.180 Thread 0x0000015180f20000 Exception <a 'java/lang/NoSuchMethodError'{0x000000008e8578a8}: java.lang.invoke.DirectMethodHandle$Holder.invokeStaticInit(Ljava/lang/Object;Ljava/lang/Object;Ljava/lang/Object;Ljava/lang/Object;Ljava/lang/Object;Ljava/lang/Object;Ljava/lang/Object;Ljava

Events (10 events):
Event: 145.398 Thread 0x0000015180f20000 DEOPT PACKING pc=0x00000151e19b2422 sp=0x00000030082fd700
Event: 145.398 Thread 0x0000015180f20000 DEOPT UNPACKING pc=0x00000151de9e8d4e sp=0x00000030082fcdf0 mode 0
Event: 145.398 Thread 0x0000015180f20000 DEOPT PACKING pc=0x00000151e19b2422 sp=0x00000030082fd700
Event: 145.398 Thread 0x0000015180f20000 DEOPT UNPACKING pc=0x00000151de9e8d4e sp=0x00000030082fcdf0 mode 0
Event: 145.399 Thread 0x0000015180f20000 DEOPT PACKING pc=0x00000151e19b2422 sp=0x00000030082fd700
Event: 145.399 Thread 0x0000015180f20000 DEOPT UNPACKING pc=0x00000151de9e8d4e sp=0x00000030082fcdf0 mode 0
Event: 145.425 Thread 0x0000015180f20000 DEOPT PACKING pc=0x00000151e0f1574d sp=0x00000030082fd4d0
Event: 145.425 Thread 0x0000015180f20000 DEOPT UNPACKING pc=0x00000151de9e8d4e sp=0x00000030082fc9f0 mode 0
Event: 145.428 Thread 0x0000015180f20000 DEOPT PACKING pc=0x00000151e0f1574d sp=0x00000030082fd4d0
Event: 145.428 Thread 0x0000015180f20000 DEOPT UNPACKING pc=0x00000151de9e8d4e sp=0x00000030082fc9f0 mode 0


Dynamic libraries:
0x00007ff6d2640000 - 0x00007ff6d264f000 	C:\Program Files\Java\jdk-11.0.8\bin\java.exe
0x00007ff984e90000 - 0x00007ff985088000 	C:\windows\SYSTEM32\ntdll.dll
0x00007ff984d00000 - 0x00007ff984dbf000 	C:\windows\System32\KERNEL32.DLL
0x00007ff982980000 - 0x00007ff982c76000 	C:\windows\System32\KERNELBASE.dll
0x00007ff9825a0000 - 0x00007ff9826a0000 	C:\windows\System32\ucrtbase.dll
0x00007ff96fe30000 - 0x00007ff96fe48000 	C:\Program Files\Java\jdk-11.0.8\bin\jli.dll
0x00007ff984380000 - 0x00007ff98442f000 	C:\windows\System32\ADVAPI32.dll
0x00007ff984610000 - 0x00007ff9846ae000 	C:\windows\System32\msvcrt.dll
0x00007ff970eb0000 - 0x00007ff970ec5000 	C:\Program Files\Java\jdk-11.0.8\bin\VCRUNTIME140.dll
0x00007ff984260000 - 0x00007ff9842fc000 	C:\windows\System32\sechost.dll
0x00007ff984130000 - 0x00007ff984256000 	C:\windows\System32\RPCRT4.dll
0x00007ff9848a0000 - 0x00007ff984a3d000 	C:\windows\System32\USER32.dll
0x00007ff982570000 - 0x00007ff982592000 	C:\windows\System32\win32u.dll
0x00007ff984870000 - 0x00007ff98489c000 	C:\windows\System32\GDI32.dll
0x00007ff982740000 - 0x00007ff982855000 	C:\windows\System32\gdi32full.dll
0x00007ff962720000 - 0x00007ff9629ba000 	C:\windows\WinSxS\amd64_microsoft.windows.common-controls_6595b64144ccf1df_6.0.19041.1110_none_60b5254171f9507e\COMCTL32.dll
0x00007ff9826a0000 - 0x00007ff98273d000 	C:\windows\System32\msvcp_win.dll
0x00007ff97a060000 - 0x00007ff97a06a000 	C:\windows\SYSTEM32\VERSION.dll
0x00007ff9845e0000 - 0x00007ff984610000 	C:\windows\System32\IMM32.DLL
0x00007ff947230000 - 0x00007ff9472cb000 	C:\Program Files\Java\jdk-11.0.8\bin\msvcp140.dll
0x00007ff93e800000 - 0x00007ff93f2e6000 	C:\Program Files\Java\jdk-11.0.8\bin\server\jvm.dll
0x00007ff984cf0000 - 0x00007ff984cf8000 	C:\windows\System32\PSAPI.DLL
0x00007ff97a030000 - 0x00007ff97a057000 	C:\windows\SYSTEM32\WINMM.dll
0x00007ff961300000 - 0x00007ff961309000 	C:\windows\SYSTEM32\WSOCK32.dll
0x00007ff984800000 - 0x00007ff98486b000 	C:\windows\System32\WS2_32.dll
0x00007ff980410000 - 0x00007ff980422000 	C:\windows\SYSTEM32\kernel.appcore.dll
0x00007ff970ea0000 - 0x00007ff970eb0000 	C:\Program Files\Java\jdk-11.0.8\bin\verify.dll
0x00007ff96d260000 - 0x00007ff96d444000 	C:\windows\SYSTEM32\DBGHELP.DLL
0x00007ff96c9d0000 - 0x00007ff96ca04000 	C:\windows\SYSTEM32\dbgcore.DLL
0x00007ff982c80000 - 0x00007ff982d02000 	C:\windows\System32\bcryptPrimitives.dll
0x00007ff96e7a0000 - 0x00007ff96e7c8000 	C:\Program Files\Java\jdk-11.0.8\bin\java.dll
0x00007ff970cb0000 - 0x00007ff970cba000 	C:\Program Files\Java\jdk-11.0.8\bin\jimage.dll
0x00007ff96fe10000 - 0x00007ff96fe26000 	C:\Program Files\Java\jdk-11.0.8\bin\zip.dll
0x00007ff983530000 - 0x00007ff983c74000 	C:\windows\System32\SHELL32.dll
0x00007ff980610000 - 0x00007ff980da3000 	C:\windows\SYSTEM32\windows.storage.dll
0x00007ff983c80000 - 0x00007ff983fd4000 	C:\windows\System32\combase.dll
0x00007ff981ee0000 - 0x00007ff981f0e000 	C:\windows\SYSTEM32\Wldp.dll
0x00007ff984a40000 - 0x00007ff984aed000 	C:\windows\System32\SHCORE.dll
0x00007ff982f50000 - 0x00007ff982fa5000 	C:\windows\System32\shlwapi.dll
0x00007ff9824a0000 - 0x00007ff9824c5000 	C:\windows\SYSTEM32\profapi.dll
0x00007ff96cb80000 - 0x00007ff96cb99000 	C:\Program Files\Java\jdk-11.0.8\bin\net.dll
0x00007ff972750000 - 0x00007ff97285a000 	C:\windows\SYSTEM32\WINHTTP.dll
0x00007ff981c40000 - 0x00007ff981caa000 	C:\windows\system32\mswsock.dll
0x00007ff957fa0000 - 0x00007ff957fb2000 	C:\Program Files\Java\jdk-11.0.8\bin\nio.dll
0x00007ff957f70000 - 0x00007ff957f97000 	C:\Users\DIAN\.gradle\native\e1d6ef7f7dcc3fd88c89a11ec53ec762bb8ba0a96d01ffa2cd45eb1d1d8dd5c5\windows-amd64\native-platform.dll
0x00007ff943180000 - 0x00007ff9432c4000 	C:\Users\DIAN\.gradle\native\0d407fdbe67a94daf76414ababcb853783967236a71b16ec16e742cd7a986fd3\windows-amd64\native-platform-file-events.dll
0x00007ff96dfa0000 - 0x00007ff96dfa9000 	C:\Program Files\Java\jdk-11.0.8\bin\management.dll
0x00007ff96dd70000 - 0x00007ff96dd7b000 	C:\Program Files\Java\jdk-11.0.8\bin\management_ext.dll
0x00007ff981e30000 - 0x00007ff981e48000 	C:\windows\SYSTEM32\CRYPTSP.dll
0x00007ff981550000 - 0x00007ff981584000 	C:\windows\system32\rsaenh.dll
0x00007ff982ec0000 - 0x00007ff982ee7000 	C:\windows\System32\bcrypt.dll
0x00007ff982420000 - 0x00007ff98244e000 	C:\windows\SYSTEM32\USERENV.dll
0x00007ff981e50000 - 0x00007ff981e5c000 	C:\windows\SYSTEM32\CRYPTBASE.dll
0x00007ff981930000 - 0x00007ff98196b000 	C:\windows\SYSTEM32\IPHLPAPI.DLL
0x00007ff984000000 - 0x00007ff984008000 	C:\windows\System32\NSI.dll
0x00007ff974390000 - 0x00007ff9743a7000 	C:\windows\SYSTEM32\dhcpcsvc6.DLL
0x00007ff976020000 - 0x00007ff97603d000 	C:\windows\SYSTEM32\dhcpcsvc.DLL
0x00007ff981970000 - 0x00007ff981a3a000 	C:\windows\SYSTEM32\DNSAPI.dll
0x00007ff981670000 - 0x00007ff9816a3000 	C:\windows\SYSTEM32\ntmarta.dll
0x00007ff96dff0000 - 0x00007ff96e00e000 	C:\Users\DIAN\AppData\Local\Temp\native-platform8529825457922658527dir\native-platform.dll
0x00007ff96dfd0000 - 0x00007ff96dfee000 	C:\Users\DIAN\AppData\Local\Temp\native-platform14597677882775242331dir\native-platform.dll

dbghelp: loaded successfully - version: 4.0.5 - missing functions: none
symbol engine: initialized successfully - sym options: 0x614 - pdb path: .;C:\Program Files\Java\jdk-11.0.8\bin;C:\windows\SYSTEM32;C:\windows\WinSxS\amd64_microsoft.windows.common-controls_6595b64144ccf1df_6.0.19041.1110_none_60b5254171f9507e;C:\Program Files\Java\jdk-11.0.8\bin\server;C:\Users\DIAN\.gradle\native\e1d6ef7f7dcc3fd88c89a11ec53ec762bb8ba0a96d01ffa2cd45eb1d1d8dd5c5\windows-amd64;C:\Users\DIAN\.gradle\native\0d407fdbe67a94daf76414ababcb853783967236a71b16ec16e742cd7a986fd3\windows-amd64;C:\Users\DIAN\AppData\Local\Temp\native-platform8529825457922658527dir;C:\Users\DIAN\AppData\Local\Temp\native-platform14597677882775242331dir

VM Arguments:
jvm_args: -XX:MaxMetaspaceSize=512m --add-opens=java.base/java.util=ALL-UNNAMED --add-opens=java.base/java.lang=ALL-UNNAMED --add-opens=java.base/java.lang.invoke=ALL-UNNAMED --add-opens=java.base/java.util=ALL-UNNAMED --add-opens=java.prefs/java.util.prefs=ALL-UNNAMED --add-opens=java.prefs/java.util.prefs=ALL-UNNAMED --add-opens=java.base/java.nio.charset=ALL-UNNAMED --add-opens=java.base/java.net=ALL-UNNAMED --add-opens=java.base/java.util.concurrent.atomic=ALL-UNNAMED -Xmx2048m -Dfile.encoding=windows-1252 -Duser.country=ID -Duser.language=en -Duser.variant 
java_command: org.gradle.launcher.daemon.bootstrap.GradleDaemon 7.5.1
java_class_path (initial): C:\Users\DIAN\.gradle\wrapper\dists\gradle-7.5.1-all\1ehga6e77gqps5uk2kc5kf1vc\gradle-7.5.1\lib\gradle-launcher-7.5.1.jar
Launcher Type: SUN_STANDARD

[Global flags]
     intx CICompilerCount                          = 3                                         {product} {ergonomic}
   size_t CompressedClassSpaceSize                 = 528482304                                 {product} {ergonomic}
     uint ConcGCThreads                            = 1                                         {product} {ergonomic}
     uint G1ConcRefinementThreads                  = 4                                         {product} {ergonomic}
   size_t G1HeapRegionSize                         = 1048576                                   {product} {ergonomic}
    uintx GCDrainStackTargetSize                   = 64                                        {product} {ergonomic}
   size_t InitialHeapSize                          = 100663296                                 {product} {ergonomic}
   size_t MarkStackSize                            = 4194304                                   {product} {ergonomic}
   size_t MaxHeapSize                              = 2147483648                                {product} {command line}
   size_t MaxMetaspaceSize                         = 536870912                                 {product} {command line}
   size_t MaxNewSize                               = 1287651328                                {product} {ergonomic}
   size_t MinHeapDeltaBytes                        = 1048576                                   {product} {ergonomic}
    uintx NonNMethodCodeHeapSize                   = 5830732                                {pd product} {ergonomic}
    uintx NonProfiledCodeHeapSize                  = 122913754                              {pd product} {ergonomic}
    uintx ProfiledCodeHeapSize                     = 122913754                              {pd product} {ergonomic}
    uintx ReservedCodeCacheSize                    = 251658240                              {pd product} {ergonomic}
     bool SegmentedCodeCache                       = true                                      {product} {ergonomic}
     bool UseCompressedClassPointers               = true                                 {lp64_product} {ergonomic}
     bool UseCompressedOops                        = true                                 {lp64_product} {ergonomic}
     bool UseG1GC                                  = true                                      {product} {ergonomic}
     bool UseLargePagesIndividualAllocation        = false                                  {pd product} {ergonomic}

Logging:
Log output configuration:
 #0: stdout all=warning uptime,level,tags
 #1: stderr all=off uptime,level,tags

Environment Variables:
JAVA_HOME=C:\Program Files\Java\jdk-11.0.8
CLASSPATH=C:\Users\DIAN\OneDrive\Documents\pijar camp\week9\RecipeApp\android\\gradle\wrapper\gradle-wrapper.jar
PATH=C:\Program Files\Common Files\Oracle\Java\javapath;C:\Program Files (x86)\Common Files\Oracle\Java\javapath;C:\windows\system32;C:\windows;C:\windows\System32\Wbem;C:\windows\System32\WindowsPowerShell\v1.0\;C:\windows\System32\OpenSSH\;c:\Program Files (x86)\Microsoft SQL Server\110\Tools\Binn\;c:\Program Files\Microsoft SQL Server\110\Tools\Binn\;c:\Program Files\Microsoft SQL Server\110\DTS\Binn\;C:\Program Files\Java\jdk-11.0.8\bin;C:\Program Files\Git\cmd;C:\Program Files\MongoDB\mongosh-1.6.0-win32-x64\bin\;C:\xampp\mysql\bin\;C:\Program Files\PostgreSQL\15\bin\;C:\Users\DIAN\OneDrive\Documents\belajar MERN\MERN-access&refresh-token\backend\node_modules.bin;C:\Program Files\nodejs\;C:\Program Files\Java\jdk-11.0.8;C:\Program Files\Java\jdk-11.0.8\bin;C:\Users\DIAN\AppData\Local\Android\Sdk\platform-tools;C:\Users\DIAN\AppData\Local\Microsoft\WindowsApps;C:\Program Files\Java\jdk1.8.0_291\bin;C:\Users\DIAN\AppData\Local\Programs\Microsoft VS Code\bin;C:\Users\DIAN\AppData\Local\gitkraken\bin;C:\Program Files\heroku\bin;C:\Users\DIAN\AppData\Roaming\npm
USERNAME=DIAN
OS=Windows_NT
PROCESSOR_IDENTIFIER=AMD64 Family 23 Model 24 Stepping 1, AuthenticAMD



---------------  S Y S T E M  ---------------

OS: Windows 10 , 64 bit Build 19041 (10.0.19041.3155)

CPU:total 4 (initial active 4) (4 cores per cpu, 2 threads per core) family 23 model 24 stepping 1, cmov, cx8, fxsr, mmx, sse, sse2, sse3, ssse3, sse4.1, sse4.2, popcnt, avx, avx2, aes, clmul, mmxext, 3dnowpref, lzcnt, sse4a, ht, tsc, tscinvbit, tscinv, bmi1, bmi2, adx, sha, fma

Memory: 4k page, system-wide physical 6023M (299M free)
TotalPageFile size 24455M (AvailPageFile size 4M)
current process WorkingSet (physical memory assigned to process): 577M, peak: 588M
current process commit charge ("private bytes"): 643M, peak: 646M

vm_info: Java HotSpot(TM) 64-Bit Server VM (11.0.8+10-LTS) for windows-amd64 JRE (11.0.8+10-LTS), built on Jun 16 2020 05:53:08 by "mach5one" with unknown MS VC++:1916

END.
