#
# There is insufficient memory for the Java Runtime Environment to continue.
# Native memory allocation (mmap) failed to map 35651584 bytes for Failed to commit area from 0x000000008aa00000 to 0x000000008cc00000 of length 35651584.
# Possible reasons:
#   The system is out of physical RAM or swap space
#   The process is running with CompressedOops enabled, and the Java Heap may be blocking the growth of the native heap
# Possible solutions:
#   Reduce memory load on the system
#   Increase physical memory or swap space
#   Check if swap backing store is full
#   Decrease Java heap size (-Xmx/-Xms)
#   Decrease number of Java threads
#   Decrease Java thread stack sizes (-Xss)
#   Set larger code cache with -XX:ReservedCodeCacheSize=
#   JVM is running with Unscaled Compressed Oops mode in which the Java heap is
#     placed in the first 4GB address space. The Java Heap base address is the
#     maximum limit for the native heap growth. Please use -XX:HeapBaseMinAddress
#     to set the Java Heap base and to place the Java Heap above 4GB virtual address.
# This output file may be truncated or incomplete.
#
#  Out of Memory Error (./open/src/hotspot/os/windows/os_windows.cpp:3275), pid=6560, tid=22316
#
# JRE version: Java(TM) SE Runtime Environment 18.9 (11.0.8+10) (build 11.0.8+10-LTS)
# Java VM: Java HotSpot(TM) 64-Bit Server VM 18.9 (11.0.8+10-LTS, mixed mode, tiered, compressed oops, g1 gc, windows-amd64)
# No core dump will be written. Minidumps are not enabled by default on client versions of Windows
#

---------------  S U M M A R Y ------------

Command Line: -XX:MaxMetaspaceSize=512m --add-opens=java.base/java.util=ALL-UNNAMED --add-opens=java.base/java.lang=ALL-UNNAMED --add-opens=java.base/java.lang.invoke=ALL-UNNAMED --add-opens=java.base/java.util=ALL-UNNAMED --add-opens=java.prefs/java.util.prefs=ALL-UNNAMED --add-opens=java.prefs/java.util.prefs=ALL-UNNAMED --add-opens=java.base/java.nio.charset=ALL-UNNAMED --add-opens=java.base/java.net=ALL-UNNAMED --add-opens=java.base/java.util.concurrent.atomic=ALL-UNNAMED -Xmx2048m -Dfile.encoding=windows-1252 -Duser.country=ID -Duser.language=en -Duser.variant org.gradle.launcher.daemon.bootstrap.GradleDaemon 7.5.1

Host: AMD Ryzen 3 3250U with Radeon Graphics         , 4 cores, 5G,  Windows 10 , 64 bit Build 19041 (10.0.19041.3155)
Time: Wed Aug 30 20:50:40 2023 Malay Peninsula Standard Time elapsed time: 48 seconds (0d 0h 0m 48s)

---------------  T H R E A D  ---------------

Current thread (0x0000012645e95800):  VMThread "VM Thread" [stack: 0x00000004eeb00000,0x00000004eec00000] [id=22316]

Stack: [0x00000004eeb00000,0x00000004eec00000]
[error occurred during error reporting (printing stack bounds), id 0xc0000005, EXCEPTION_ACCESS_VIOLATION (0xc0000005) at pc=0x000001262f5f0dad]

Native frames: (J=compiled Java code, j=interpreted, Vv=VM code, C=native code)
V  [jvm.dll+0x601aea]
V  [jvm.dll+0x737fef]
V  [jvm.dll+0x739675]
V  [jvm.dll+0x739c55]
V  [jvm.dll+0x739c0b]
V  [jvm.dll+0x6013d3]
V  [jvm.dll+0x601798]
C  [ntdll.dll+0xa23df]
C  [ntdll.dll+0x514b4]
C  [ntdll.dll+0xa0eee]
C  0x000001262f5f0dad

VM_Operation (0x00000004efff28f0): G1CollectForAllocation, mode: safepoint, requested by thread 0x0000012646ea4800


---------------  P R O C E S S  ---------------

Threads class SMR info:
_java_thread_list=0x000001264a0e3590, length=86, elements={
0x00000126271da800, 0x0000012645ea1800, 0x0000012645ead000, 0x0000012645f02000,
0x0000012645f03000, 0x0000012645f04800, 0x0000012645f0b800, 0x0000012645f15000,
0x000001264616c800, 0x000001264619a000, 0x0000012648518800, 0x0000012646dae000,
0x0000012646ea6800, 0x0000012647b8d800, 0x00000126480d6800, 0x0000012646ea3800,
0x0000012646ea4800, 0x00000126479ff800, 0x0000012647a00800, 0x0000012647385800,
0x0000012647386000, 0x0000012647387000, 0x0000012647388000, 0x00000126488e1800,
0x00000126488df000, 0x00000126488e0800, 0x00000126488de000, 0x00000126488e2800,
0x00000126488dd800, 0x00000126488e0000, 0x00000126488dc800, 0x00000126488e5800,
0x00000126488e3000, 0x00000126488e6800, 0x00000126488e7000, 0x00000126488e4000,
0x00000126488e9800, 0x00000126488ea800, 0x00000126488eb800, 0x0000012648b86800,
0x0000012648b87800, 0x0000012648b8c000, 0x0000012648b8d000, 0x0000012648b89800,
0x0000012648b89000, 0x0000012648b8e000, 0x0000012648b8a800, 0x0000012648b8b800,
0x0000012648b88000, 0x0000012648b93800, 0x0000012648b92000, 0x0000012648b92800,
0x0000012648b8f800, 0x0000012648b90000, 0x0000012648b91000, 0x0000012648b94800,
0x0000012648b8e800, 0x0000012648b95000, 0x0000012646f89000, 0x0000012646f85000,
0x0000012646f88800, 0x0000012646f86000, 0x0000012646f8c800, 0x0000012646f87000,
0x0000012646f8a000, 0x0000012646f8b000, 0x0000012646f87800, 0x0000012646f90800,
0x0000012646f8b800, 0x0000012646f8e000, 0x0000012646f8d800, 0x0000012646f8f000,
0x0000012646f90000, 0x0000012646f92000, 0x0000012646f93000, 0x0000012646f94000,
0x000001264a6b4000, 0x000001264a6ba800, 0x000001264a6b5800, 0x000001264a6b9800,
0x000001264a6b6800, 0x000001264a6b8000, 0x000001264a6b7000, 0x000001264a6b4800,
0x000001264a6bb000, 0x000001264a6bc000
}

Java Threads: ( => current thread )
  0x00000126271da800 JavaThread "main" [_thread_blocked, id=16628, stack(0x00000004ee500000,0x00000004ee600000)]
  0x0000012645ea1800 JavaThread "Reference Handler" daemon [_thread_blocked, id=21032, stack(0x00000004eec00000,0x00000004eed00000)]
  0x0000012645ead000 JavaThread "Finalizer" daemon [_thread_blocked, id=16908, stack(0x00000004eed00000,0x00000004eee00000)]
  0x0000012645f02000 JavaThread "Signal Dispatcher" daemon [_thread_blocked, id=13372, stack(0x00000004eee00000,0x00000004eef00000)]
  0x0000012645f03000 JavaThread "Attach Listener" daemon [_thread_blocked, id=2032, stack(0x00000004eef00000,0x00000004ef000000)]
  0x0000012645f04800 JavaThread "C2 CompilerThread0" daemon [_thread_in_native, id=20912, stack(0x00000004ef000000,0x00000004ef100000)]
  0x0000012645f0b800 JavaThread "C1 CompilerThread0" daemon [_thread_blocked, id=24024, stack(0x00000004ef100000,0x00000004ef200000)]
  0x0000012645f15000 JavaThread "Sweeper thread" daemon [_thread_blocked, id=25280, stack(0x00000004ef200000,0x00000004ef300000)]
  0x000001264616c800 JavaThread "Common-Cleaner" daemon [_thread_blocked, id=15156, stack(0x00000004ef300000,0x00000004ef400000)]
  0x000001264619a000 JavaThread "Service Thread" daemon [_thread_blocked, id=21128, stack(0x00000004ef400000,0x00000004ef500000)]
  0x0000012648518800 JavaThread "Daemon health stats" [_thread_blocked, id=23116, stack(0x00000004ef800000,0x00000004ef900000)]
  0x0000012646dae000 JavaThread "Incoming local TCP Connector on port 62789" [_thread_in_native, id=10336, stack(0x00000004ef700000,0x00000004ef800000)]
  0x0000012646ea6800 JavaThread "Daemon periodic checks" [_thread_blocked, id=13564, stack(0x00000004efb00000,0x00000004efc00000)]
  0x0000012647b8d800 JavaThread "Daemon" [_thread_blocked, id=20860, stack(0x00000004efc00000,0x00000004efd00000)]
  0x00000126480d6800 JavaThread "Handler for socket connection from /127.0.0.1:62789 to /127.0.0.1:62790" [_thread_in_native, id=26608, stack(0x00000004efd00000,0x00000004efe00000)]
  0x0000012646ea3800 JavaThread "Cancel handler" [_thread_blocked, id=1036, stack(0x00000004efe00000,0x00000004eff00000)]
  0x0000012646ea4800 JavaThread "Daemon worker" [_thread_blocked, id=22396, stack(0x00000004eff00000,0x00000004f0000000)]
  0x00000126479ff800 JavaThread "Asynchronous log dispatcher for DefaultDaemonConnection: socket connection from /127.0.0.1:62789 to /127.0.0.1:62790" [_thread_blocked, id=27928, stack(0x00000004f0000000,0x00000004f0100000)]
  0x0000012647a00800 JavaThread "Stdin handler" [_thread_blocked, id=26248, stack(0x00000004f0100000,0x00000004f0200000)]
  0x0000012647385800 JavaThread "Daemon client event forwarder" [_thread_blocked, id=27748, stack(0x00000004f0200000,0x00000004f0300000)]
  0x0000012647386000 JavaThread "Cache worker for journal cache (C:\Users\DIAN\.gradle\caches\journal-1)" [_thread_blocked, id=26740, stack(0x00000004f0300000,0x00000004f0400000)]
  0x0000012647387000 JavaThread "File lock request listener" [_thread_in_native, id=9616, stack(0x00000004f0400000,0x00000004f0500000)]
  0x0000012647388000 JavaThread "Cache worker for file hash cache (C:\Users\DIAN\.gradle\caches\7.5.1\fileHashes)" [_thread_blocked, id=10612, stack(0x00000004f0500000,0x00000004f0600000)]
  0x00000126488e1800 JavaThread "File watcher server" daemon [_thread_in_native, id=20524, stack(0x00000004f0600000,0x00000004f0700000)]
  0x00000126488df000 JavaThread "File watcher consumer" daemon [_thread_blocked, id=29448, stack(0x00000004f0700000,0x00000004f0800000)]
  0x00000126488e0800 JavaThread "Cache worker for checksums cache (C:\Users\DIAN\OneDrive\Documents\pijar camp\week9\RecipeApp\android\.gradle\7.5.1\checksums)" [_thread_blocked, id=12996, stack(0x00000004f0800000,0x00000004f0900000)]
  0x00000126488de000 JavaThread "Cache worker for cache directory md-rule (C:\Users\DIAN\.gradle\caches\7.5.1\md-rule)" [_thread_blocked, id=29164, stack(0x00000004f0900000,0x00000004f0a00000)]
  0x00000126488e2800 JavaThread "Cache worker for file content cache (C:\Users\DIAN\.gradle\caches\7.5.1\fileContent)" [_thread_blocked, id=18952, stack(0x00000004f0a00000,0x00000004f0b00000)]
  0x00000126488dd800 JavaThread "Cache worker for file hash cache (C:\Users\DIAN\OneDrive\Documents\pijar camp\week9\RecipeApp\android\.gradle\7.5.1\fileHashes)" [_thread_blocked, id=12520, stack(0x00000004f0b00000,0x00000004f0c00000)]
  0x00000126488e0000 JavaThread "Cache worker for cache directory md-supplier (C:\Users\DIAN\.gradle\caches\7.5.1\md-supplier)" [_thread_blocked, id=23324, stack(0x00000004f0c00000,0x00000004f0d00000)]
  0x00000126488dc800 JavaThread "Cache worker for execution history cache (C:\Users\DIAN\.gradle\caches\7.5.1\executionHistory)" [_thread_blocked, id=11332, stack(0x00000004f0d00000,0x00000004f0e00000)]
  0x00000126488e5800 JavaThread "jar transforms" [_thread_blocked, id=1820, stack(0x00000004f0e00000,0x00000004f0f00000)]
  0x00000126488e3000 JavaThread "jar transforms Thread 2" [_thread_blocked, id=15396, stack(0x00000004f0f00000,0x00000004f1000000)]
  0x00000126488e6800 JavaThread "jar transforms Thread 3" [_thread_blocked, id=24884, stack(0x00000004f1000000,0x00000004f1100000)]
  0x00000126488e7000 JavaThread "jar transforms Thread 4" [_thread_blocked, id=22432, stack(0x00000004f1100000,0x00000004f1200000)]
  0x00000126488e4000 JavaThread "Cache worker for kotlin-dsl (C:\Users\DIAN\.gradle\caches\7.5.1\kotlin-dsl)" [_thread_blocked, id=29172, stack(0x00000004f1300000,0x00000004f1400000)]
  0x00000126488e9800 JavaThread "Cache worker for dependencies-accessors (C:\Users\DIAN\OneDrive\Documents\pijar camp\week9\RecipeApp\android\.gradle\7.5.1\dependencies-accessors)" [_thread_blocked, id=14732, stack(0x00000004f1400000,0x00000004f1500000)]
  0x00000126488ea800 JavaThread "Cache worker for Build Output Cleanup Cache (C:\Users\DIAN\OneDrive\Documents\pijar camp\week9\RecipeApp\node_modules\react-native-gradle-plugin\.gradle\buildOutputCleanup)" [_thread_blocked, id=10360, stack(0x00000004f1500000,0x00000004f1600000)]
  0x00000126488eb800 JavaThread "Unconstrained build operations" [_thread_blocked, id=27264, stack(0x00000004f1600000,0x00000004f1700000)]
  0x0000012648b86800 JavaThread "Unconstrained build operations Thread 2" [_thread_blocked, id=27072, stack(0x00000004f1700000,0x00000004f1800000)]
  0x0000012648b87800 JavaThread "Unconstrained build operations Thread 3" [_thread_blocked, id=232, stack(0x00000004f1800000,0x00000004f1900000)]
  0x0000012648b8c000 JavaThread "Unconstrained build operations Thread 4" [_thread_blocked, id=21796, stack(0x00000004f1900000,0x00000004f1a00000)]
  0x0000012648b8d000 JavaThread "Unconstrained build operations Thread 5" [_thread_blocked, id=26364, stack(0x00000004f1a00000,0x00000004f1b00000)]
  0x0000012648b89800 JavaThread "Unconstrained build operations Thread 6" [_thread_blocked, id=28856, stack(0x00000004f1b00000,0x00000004f1c00000)]
  0x0000012648b89000 JavaThread "Unconstrained build operations Thread 7" [_thread_blocked, id=27372, stack(0x00000004f1c00000,0x00000004f1d00000)]
  0x0000012648b8e000 JavaThread "Unconstrained build operations Thread 8" [_thread_blocked, id=14656, stack(0x00000004f1d00000,0x00000004f1e00000)]
  0x0000012648b8a800 JavaThread "Unconstrained build operations Thread 9" [_thread_blocked, id=27136, stack(0x00000004f1e00000,0x00000004f1f00000)]
  0x0000012648b8b800 JavaThread "Unconstrained build operations Thread 10" [_thread_blocked, id=29408, stack(0x00000004f1f00000,0x00000004f2000000)]
  0x0000012648b88000 JavaThread "Unconstrained build operations Thread 11" [_thread_blocked, id=9856, stack(0x00000004f2000000,0x00000004f2100000)]
  0x0000012648b93800 JavaThread "Unconstrained build operations Thread 12" [_thread_blocked, id=16684, stack(0x00000004f2100000,0x00000004f2200000)]
  0x0000012648b92000 JavaThread "Unconstrained build operations Thread 13" [_thread_blocked, id=15652, stack(0x00000004f2200000,0x00000004f2300000)]
  0x0000012648b92800 JavaThread "Unconstrained build operations Thread 14" [_thread_blocked, id=11152, stack(0x00000004f2300000,0x00000004f2400000)]
  0x0000012648b8f800 JavaThread "Unconstrained build operations Thread 15" [_thread_blocked, id=28208, stack(0x00000004f2400000,0x00000004f2500000)]
  0x0000012648b90000 JavaThread "Unconstrained build operations Thread 16" [_thread_blocked, id=25704, stack(0x00000004f2500000,0x00000004f2600000)]
  0x0000012648b91000 JavaThread "Unconstrained build operations Thread 17" [_thread_blocked, id=28784, stack(0x00000004f2600000,0x00000004f2700000)]
  0x0000012648b94800 JavaThread "Unconstrained build operations Thread 18" [_thread_blocked, id=29440, stack(0x00000004f2700000,0x00000004f2800000)]
  0x0000012648b8e800 JavaThread "Unconstrained build operations Thread 19" [_thread_blocked, id=26032, stack(0x00000004f2800000,0x00000004f2900000)]
  0x0000012648b95000 JavaThread "Unconstrained build operations Thread 20" [_thread_blocked, id=22288, stack(0x00000004f2900000,0x00000004f2a00000)]
  0x0000012646f89000 JavaThread "Unconstrained build operations Thread 21" [_thread_blocked, id=6668, stack(0x00000004f2a00000,0x00000004f2b00000)]
  0x0000012646f85000 JavaThread "Unconstrained build operations Thread 22" [_thread_blocked, id=10448, stack(0x00000004f2b00000,0x00000004f2c00000)]
  0x0000012646f88800 JavaThread "Unconstrained build operations Thread 23" [_thread_blocked, id=21968, stack(0x00000004f2c00000,0x00000004f2d00000)]
  0x0000012646f86000 JavaThread "Unconstrained build operations Thread 24" [_thread_blocked, id=16912, stack(0x00000004f2d00000,0x00000004f2e00000)]
  0x0000012646f8c800 JavaThread "Unconstrained build operations Thread 25" [_thread_blocked, id=20400, stack(0x00000004f2e00000,0x00000004f2f00000)]
  0x0000012646f87000 JavaThread "Unconstrained build operations Thread 26" [_thread_blocked, id=26944, stack(0x00000004f2f00000,0x00000004f3000000)]
  0x0000012646f8a000 JavaThread "Unconstrained build operations Thread 27" [_thread_blocked, id=24996, stack(0x00000004f3000000,0x00000004f3100000)]
  0x0000012646f8b000 JavaThread "Unconstrained build operations Thread 28" [_thread_blocked, id=260, stack(0x00000004f3100000,0x00000004f3200000)]
  0x0000012646f87800 JavaThread "Unconstrained build operations Thread 29" [_thread_blocked, id=15716, stack(0x00000004f3200000,0x00000004f3300000)]
  0x0000012646f90800 JavaThread "Unconstrained build operations Thread 30" [_thread_blocked, id=20380, stack(0x00000004f3300000,0x00000004f3400000)]
  0x0000012646f8b800 JavaThread "Unconstrained build operations Thread 31" [_thread_blocked, id=19804, stack(0x00000004f3400000,0x00000004f3500000)]
  0x0000012646f8e000 JavaThread "Unconstrained build operations Thread 32" [_thread_blocked, id=14388, stack(0x00000004f3500000,0x00000004f3600000)]
  0x0000012646f8d800 JavaThread "Unconstrained build operations Thread 33" [_thread_blocked, id=17488, stack(0x00000004f3600000,0x00000004f3700000)]
  0x0000012646f8f000 JavaThread "build event listener" [_thread_blocked, id=27832, stack(0x00000004f3700000,0x00000004f3800000)]
  0x0000012646f90000 JavaThread "Memory manager" [_thread_blocked, id=15072, stack(0x00000004f3800000,0x00000004f3900000)]
  0x0000012646f92000 JavaThread "Cache worker for Build Output Cleanup Cache (C:\Users\DIAN\OneDrive\Documents\pijar camp\week9\RecipeApp\android\.gradle\buildOutputCleanup)" [_thread_blocked, id=4320, stack(0x00000004f3900000,0x00000004f3a00000)]
  0x0000012646f93000 JavaThread "included builds" [_thread_blocked, id=19856, stack(0x00000004f3a00000,0x00000004f3b00000)]
  0x0000012646f94000 JavaThread "Execution worker" [_thread_blocked, id=25632, stack(0x00000004f3b00000,0x00000004f3c00000)]
  0x000001264a6b4000 JavaThread "Execution worker Thread 2" [_thread_blocked, id=8592, stack(0x00000004f3c00000,0x00000004f3d00000)]
  0x000001264a6ba800 JavaThread "Execution worker Thread 3" [_thread_blocked, id=25224, stack(0x00000004f3d00000,0x00000004f3e00000)]
  0x000001264a6b5800 JavaThread "Cache worker for execution history cache (C:\Users\DIAN\OneDrive\Documents\pijar camp\week9\RecipeApp\node_modules\react-native-gradle-plugin\.gradle\7.5.1\executionHistory)" [_thread_blocked, id=12788, stack(0x00000004f3e00000,0x00000004f3f00000)]
  0x000001264a6b9800 JavaThread "Unconstrained build operations Thread 34" [_thread_blocked, id=27084, stack(0x00000004f3f00000,0x00000004f4000000)]
  0x000001264a6b6800 JavaThread "Unconstrained build operations Thread 35" [_thread_blocked, id=16372, stack(0x00000004f4000000,0x00000004f4100000)]
  0x000001264a6b8000 JavaThread "Unconstrained build operations Thread 36" [_thread_blocked, id=18968, stack(0x00000004f4100000,0x00000004f4200000)]
  0x000001264a6b7000 JavaThread "Unconstrained build operations Thread 37" [_thread_blocked, id=240, stack(0x00000004f4200000,0x00000004f4300000)]
  0x000001264a6b4800 JavaThread "Unconstrained build operations Thread 38" [_thread_blocked, id=15964, stack(0x00000004f4300000,0x00000004f4400000)]
  0x000001264a6bb000 JavaThread "Unconstrained build operations Thread 39" [_thread_blocked, id=24112, stack(0x00000004f4400000,0x00000004f4500000)]
  0x000001264a6bc000 JavaThread "Unconstrained build operations Thread 40" [_thread_blocked, id=23264, stack(0x00000004f4500000,0x00000004f4600000)]

Other Threads:
=>0x0000012645e95800 VMThread "VM Thread" [stack: 0x00000004eeb00000,0x00000004eec00000] [id=22316]
  0x00000126461bb800 WatcherThread [stack: 0x00000004ef500000,0x00000004ef600000] [id=13576]
  0x00000126271f1800 GCTaskThread "GC Thread#0" [stack: 0x00000004ee600000,0x00000004ee700000] [id=21588]
  0x00000126463fb800 GCTaskThread "GC Thread#1" [stack: 0x00000004ef600000,0x00000004ef700000] [id=11116]
  0x0000012648266000 GCTaskThread "GC Thread#2" [stack: 0x00000004ef900000,0x00000004efa00000] [id=1568]
  0x00000126474e5000 GCTaskThread "GC Thread#3" [stack: 0x00000004efa00000,0x00000004efb00000] [id=18984]
  0x0000012627223000 ConcurrentGCThread "G1 Main Marker" [stack: 0x00000004ee700000,0x00000004ee800000] [id=11048]
  0x0000012627224800 ConcurrentGCThread "G1 Conc#0" [stack: 0x00000004ee800000,0x00000004ee900000] [id=7888]
  0x0000012627295800 ConcurrentGCThread "G1 Refine#0" [stack: 0x00000004ee900000,0x00000004eea00000] [id=26564]
  0x0000012627296800 ConcurrentGCThread "G1 Young RemSet Sampling" [stack: 0x00000004eea00000,0x00000004eeb00000] [id=25472]

Threads with active compile tasks:
C2 CompilerThread0  48621 11302   !   4       com.google.common.reflect.TypeVisitor::visit (244 bytes)

VM state:at safepoint (normal execution)

VM Mutex/Monitor currently owned by a thread:  ([mutex/lock_event])
[0x00000126271d7630] Threads_lock - owner thread: 0x0000012645e95800
[0x00000126271d72d0] Heap_lock - owner thread: 0x0000012646ea4800

Heap address: 0x0000000080000000, size: 2048 MB, Compressed Oops mode: 32-bit
Narrow klass base: 0x0000000000000000, Narrow klass shift: 3
Compressed class space size: 528482304 Address: 0x0000000100000000

Heap:
 garbage-first heap   total 208896K, used 132418K [0x0000000080000000, 0x0000000100000000)
  region size 1024K, 1 young (1024K), 1 survivors (1024K)
 Metaspace       used 101375K, capacity 104550K, committed 104876K, reserved 606208K
  class space    used 13416K, capacity 14683K, committed 14764K, reserved 516096K
Heap Regions: E=young(eden), S=young(survivor), O=old, HS=humongous(starts), HC=humongous(continues), CS=collection set, F=free, A=archive, TAMS=top-at-mark-start (previous, next)
|   0|0x0000000080000000, 0x0000000080100000, 0x0000000080100000|100%|HS|  |TAMS 0x0000000080100000, 0x0000000080100000| Complete 
|   1|0x0000000080100000, 0x0000000080200000, 0x0000000080200000|100%|HC|  |TAMS 0x0000000080200000, 0x0000000080200000| Complete 
|   2|0x0000000080200000, 0x0000000080300000, 0x0000000080300000|100%|HC|  |TAMS 0x0000000080300000, 0x0000000080300000| Complete 
|   3|0x0000000080300000, 0x0000000080400000, 0x0000000080400000|100%| O|  |TAMS 0x0000000080400000, 0x0000000080400000| Untracked 
|   4|0x0000000080400000, 0x0000000080500000, 0x0000000080500000|100%| O|  |TAMS 0x0000000080500000, 0x0000000080500000| Untracked 
|   5|0x0000000080500000, 0x0000000080600000, 0x0000000080600000|100%| O|  |TAMS 0x0000000080600000, 0x0000000080600000| Untracked 
|   6|0x0000000080600000, 0x0000000080700000, 0x0000000080700000|100%| O|  |TAMS 0x0000000080700000, 0x0000000080700000| Untracked 
|   7|0x0000000080700000, 0x0000000080800000, 0x0000000080800000|100%| O|  |TAMS 0x0000000080800000, 0x0000000080800000| Untracked 
|   8|0x0000000080800000, 0x0000000080900000, 0x0000000080900000|100%| O|  |TAMS 0x0000000080900000, 0x0000000080900000| Untracked 
|   9|0x0000000080900000, 0x0000000080a00000, 0x0000000080a00000|100%| O|  |TAMS 0x0000000080a00000, 0x0000000080a00000| Untracked 
|  10|0x0000000080a00000, 0x0000000080b00000, 0x0000000080b00000|100%| O|  |TAMS 0x0000000080b00000, 0x0000000080b00000| Untracked 
|  11|0x0000000080b00000, 0x0000000080c00000, 0x0000000080c00000|100%| O|  |TAMS 0x0000000080c00000, 0x0000000080c00000| Untracked 
|  12|0x0000000080c00000, 0x0000000080d00000, 0x0000000080d00000|100%| O|  |TAMS 0x0000000080d00000, 0x0000000080d00000| Untracked 
|  13|0x0000000080d00000, 0x0000000080e00000, 0x0000000080e00000|100%| O|  |TAMS 0x0000000080e00000, 0x0000000080e00000| Untracked 
|  14|0x0000000080e00000, 0x0000000080f00000, 0x0000000080f00000|100%| O|  |TAMS 0x0000000080f00000, 0x0000000080f00000| Untracked 
|  15|0x0000000080f00000, 0x0000000081000000, 0x0000000081000000|100%| O|  |TAMS 0x0000000081000000, 0x0000000081000000| Untracked 
|  16|0x0000000081000000, 0x0000000081100000, 0x0000000081100000|100%| O|  |TAMS 0x0000000081100000, 0x0000000081100000| Untracked 
|  17|0x0000000081100000, 0x0000000081200000, 0x0000000081200000|100%| O|  |TAMS 0x0000000081200000, 0x0000000081200000| Untracked 
|  18|0x0000000081200000, 0x0000000081300000, 0x0000000081300000|100%| O|  |TAMS 0x0000000081300000, 0x0000000081300000| Untracked 
|  19|0x0000000081300000, 0x0000000081400000, 0x0000000081400000|100%| O|  |TAMS 0x0000000081400000, 0x0000000081400000| Untracked 
|  20|0x0000000081400000, 0x0000000081500000, 0x0000000081500000|100%| O|  |TAMS 0x0000000081500000, 0x0000000081500000| Untracked 
|  21|0x0000000081500000, 0x0000000081600000, 0x0000000081600000|100%| O|  |TAMS 0x0000000081600000, 0x0000000081600000| Untracked 
|  22|0x0000000081600000, 0x0000000081700000, 0x0000000081700000|100%| O|  |TAMS 0x0000000081700000, 0x0000000081700000| Untracked 
|  23|0x0000000081700000, 0x0000000081800000, 0x0000000081800000|100%| O|  |TAMS 0x0000000081800000, 0x0000000081800000| Untracked 
|  24|0x0000000081800000, 0x0000000081900000, 0x0000000081900000|100%| O|  |TAMS 0x0000000081900000, 0x0000000081900000| Untracked 
|  25|0x0000000081900000, 0x0000000081a00000, 0x0000000081a00000|100%| O|  |TAMS 0x0000000081a00000, 0x0000000081a00000| Untracked 
|  26|0x0000000081a00000, 0x0000000081b00000, 0x0000000081b00000|100%| O|  |TAMS 0x0000000081b00000, 0x0000000081b00000| Untracked 
|  27|0x0000000081b00000, 0x0000000081c00000, 0x0000000081c00000|100%| O|  |TAMS 0x0000000081c00000, 0x0000000081c00000| Untracked 
|  28|0x0000000081c00000, 0x0000000081d00000, 0x0000000081d00000|100%| O|  |TAMS 0x0000000081d00000, 0x0000000081d00000| Untracked 
|  29|0x0000000081d00000, 0x0000000081e00000, 0x0000000081e00000|100%|HS|  |TAMS 0x0000000081e00000, 0x0000000081e00000| Complete 
|  30|0x0000000081e00000, 0x0000000081f00000, 0x0000000081f00000|100%|HS|  |TAMS 0x0000000081f00000, 0x0000000081f00000| Complete 
|  31|0x0000000081f00000, 0x0000000082000000, 0x0000000082000000|100%|HC|  |TAMS 0x0000000082000000, 0x0000000082000000| Complete 
|  32|0x0000000082000000, 0x0000000082100000, 0x0000000082100000|100%|HC|  |TAMS 0x0000000082100000, 0x0000000082100000| Complete 
|  33|0x0000000082100000, 0x0000000082200000, 0x0000000082200000|100%| O|  |TAMS 0x0000000082200000, 0x0000000082200000| Untracked 
|  34|0x0000000082200000, 0x0000000082300000, 0x0000000082300000|100%| O|  |TAMS 0x0000000082300000, 0x0000000082300000| Untracked 
|  35|0x0000000082300000, 0x0000000082400000, 0x0000000082400000|100%| O|  |TAMS 0x0000000082400000, 0x0000000082400000| Untracked 
|  36|0x0000000082400000, 0x0000000082500000, 0x0000000082500000|100%| O|  |TAMS 0x0000000082500000, 0x0000000082500000| Untracked 
|  37|0x0000000082500000, 0x0000000082600000, 0x0000000082600000|100%| O|  |TAMS 0x0000000082600000, 0x0000000082600000| Untracked 
|  38|0x0000000082600000, 0x0000000082700000, 0x0000000082700000|100%| O|  |TAMS 0x0000000082700000, 0x0000000082700000| Untracked 
|  39|0x0000000082700000, 0x0000000082800000, 0x0000000082800000|100%| O|  |TAMS 0x0000000082800000, 0x0000000082800000| Untracked 
|  40|0x0000000082800000, 0x0000000082900000, 0x0000000082900000|100%| O|  |TAMS 0x0000000082900000, 0x0000000082900000| Untracked 
|  41|0x0000000082900000, 0x0000000082a00000, 0x0000000082a00000|100%| O|  |TAMS 0x0000000082a00000, 0x0000000082a00000| Untracked 
|  42|0x0000000082a00000, 0x0000000082b00000, 0x0000000082b00000|100%| O|  |TAMS 0x0000000082b00000, 0x0000000082b00000| Untracked 
|  43|0x0000000082b00000, 0x0000000082c00000, 0x0000000082c00000|100%| O|  |TAMS 0x0000000082c00000, 0x0000000082c00000| Untracked 
|  44|0x0000000082c00000, 0x0000000082d00000, 0x0000000082d00000|100%| O|  |TAMS 0x0000000082d00000, 0x0000000082d00000| Untracked 
|  45|0x0000000082d00000, 0x0000000082e00000, 0x0000000082e00000|100%| O|  |TAMS 0x0000000082e00000, 0x0000000082e00000| Untracked 
|  46|0x0000000082e00000, 0x0000000082f00000, 0x0000000082f00000|100%|HS|  |TAMS 0x0000000082f00000, 0x0000000082f00000| Complete 
|  47|0x0000000082f00000, 0x0000000083000000, 0x0000000083000000|100%|HS|  |TAMS 0x0000000083000000, 0x0000000083000000| Complete 
|  48|0x0000000083000000, 0x0000000083100000, 0x0000000083100000|100%|HS|  |TAMS 0x0000000083100000, 0x0000000083100000| Complete 
|  49|0x0000000083100000, 0x0000000083200000, 0x0000000083200000|100%|HC|  |TAMS 0x0000000083200000, 0x0000000083200000| Complete 
|  50|0x0000000083200000, 0x0000000083300000, 0x0000000083300000|100%| O|  |TAMS 0x0000000083300000, 0x0000000083300000| Untracked 
|  51|0x0000000083300000, 0x0000000083400000, 0x0000000083400000|100%| O|  |TAMS 0x0000000083400000, 0x0000000083400000| Untracked 
|  52|0x0000000083400000, 0x0000000083500000, 0x0000000083500000|100%| O|  |TAMS 0x0000000083500000, 0x0000000083500000| Untracked 
|  53|0x0000000083500000, 0x0000000083600000, 0x0000000083600000|100%| O|  |TAMS 0x0000000083600000, 0x0000000083600000| Untracked 
|  54|0x0000000083600000, 0x0000000083700000, 0x0000000083700000|100%| O|  |TAMS 0x0000000083700000, 0x0000000083700000| Untracked 
|  55|0x0000000083700000, 0x0000000083800000, 0x0000000083800000|100%| O|  |TAMS 0x0000000083800000, 0x0000000083800000| Untracked 
|  56|0x0000000083800000, 0x0000000083900000, 0x0000000083900000|100%| O|  |TAMS 0x0000000083900000, 0x0000000083900000| Untracked 
|  57|0x0000000083900000, 0x0000000083a00000, 0x0000000083a00000|100%| O|  |TAMS 0x0000000083a00000, 0x0000000083a00000| Untracked 
|  58|0x0000000083a00000, 0x0000000083b00000, 0x0000000083b00000|100%| O|  |TAMS 0x0000000083b00000, 0x0000000083b00000| Untracked 
|  59|0x0000000083b00000, 0x0000000083c00000, 0x0000000083c00000|100%| O|  |TAMS 0x0000000083c00000, 0x0000000083c00000| Untracked 
|  60|0x0000000083c00000, 0x0000000083d00000, 0x0000000083d00000|100%| O|  |TAMS 0x0000000083d00000, 0x0000000083d00000| Untracked 
|  61|0x0000000083d00000, 0x0000000083e00000, 0x0000000083e00000|100%| O|  |TAMS 0x0000000083e00000, 0x0000000083e00000| Untracked 
|  62|0x0000000083e00000, 0x0000000083f00000, 0x0000000083f00000|100%| O|  |TAMS 0x0000000083f00000, 0x0000000083f00000| Untracked 
|  63|0x0000000083f00000, 0x0000000084000000, 0x0000000084000000|100%| O|  |TAMS 0x0000000084000000, 0x0000000084000000| Untracked 
|  64|0x0000000084000000, 0x0000000084100000, 0x0000000084100000|100%| O|  |TAMS 0x0000000084100000, 0x0000000084100000| Untracked 
|  65|0x0000000084100000, 0x0000000084200000, 0x0000000084200000|100%| O|  |TAMS 0x0000000084200000, 0x0000000084200000| Untracked 
|  66|0x0000000084200000, 0x0000000084300000, 0x0000000084300000|100%| O|  |TAMS 0x0000000084300000, 0x0000000084300000| Untracked 
|  67|0x0000000084300000, 0x0000000084400000, 0x0000000084400000|100%| O|  |TAMS 0x0000000084400000, 0x0000000084400000| Untracked 
|  68|0x0000000084400000, 0x0000000084500000, 0x0000000084500000|100%| O|  |TAMS 0x0000000084500000, 0x0000000084500000| Untracked 
|  69|0x0000000084500000, 0x0000000084600000, 0x0000000084600000|100%| O|  |TAMS 0x0000000084600000, 0x0000000084600000| Untracked 
|  70|0x0000000084600000, 0x0000000084700000, 0x0000000084700000|100%| O|  |TAMS 0x0000000084700000, 0x0000000084700000| Untracked 
|  71|0x0000000084700000, 0x0000000084800000, 0x0000000084800000|100%| O|  |TAMS 0x0000000084800000, 0x0000000084800000| Untracked 
|  72|0x0000000084800000, 0x0000000084900000, 0x0000000084900000|100%| O|  |TAMS 0x0000000084900000, 0x0000000084900000| Untracked 
|  73|0x0000000084900000, 0x0000000084a00000, 0x0000000084a00000|100%| O|  |TAMS 0x0000000084a00000, 0x0000000084a00000| Untracked 
|  74|0x0000000084a00000, 0x0000000084b00000, 0x0000000084b00000|100%| O|  |TAMS 0x0000000084b00000, 0x0000000084b00000| Untracked 
|  75|0x0000000084b00000, 0x0000000084c00000, 0x0000000084c00000|100%| O|  |TAMS 0x0000000084c00000, 0x0000000084c00000| Untracked 
|  76|0x0000000084c00000, 0x0000000084d00000, 0x0000000084d00000|100%| O|  |TAMS 0x0000000084d00000, 0x0000000084d00000| Untracked 
|  77|0x0000000084d00000, 0x0000000084e00000, 0x0000000084e00000|100%| O|  |TAMS 0x0000000084e00000, 0x0000000084e00000| Untracked 
|  78|0x0000000084e00000, 0x0000000084f00000, 0x0000000084f00000|100%| O|  |TAMS 0x0000000084f00000, 0x0000000084f00000| Untracked 
|  79|0x0000000084f00000, 0x0000000085000000, 0x0000000085000000|100%| O|  |TAMS 0x0000000085000000, 0x0000000085000000| Untracked 
|  80|0x0000000085000000, 0x0000000085100000, 0x0000000085100000|100%| O|  |TAMS 0x0000000085100000, 0x0000000085100000| Untracked 
|  81|0x0000000085100000, 0x0000000085200000, 0x0000000085200000|100%| O|  |TAMS 0x0000000085200000, 0x0000000085200000| Untracked 
|  82|0x0000000085200000, 0x0000000085300000, 0x0000000085300000|100%| O|  |TAMS 0x0000000085300000, 0x0000000085300000| Untracked 
|  83|0x0000000085300000, 0x0000000085400000, 0x0000000085400000|100%| O|  |TAMS 0x0000000085400000, 0x0000000085400000| Untracked 
|  84|0x0000000085400000, 0x0000000085500000, 0x0000000085500000|100%| O|  |TAMS 0x0000000085500000, 0x0000000085500000| Untracked 
|  85|0x0000000085500000, 0x0000000085600000, 0x0000000085600000|100%| O|  |TAMS 0x0000000085600000, 0x0000000085600000| Untracked 
|  86|0x0000000085600000, 0x0000000085700000, 0x0000000085700000|100%|HS|  |TAMS 0x0000000085700000, 0x0000000085700000| Complete 
|  87|0x0000000085700000, 0x0000000085800000, 0x0000000085800000|100%|HC|  |TAMS 0x0000000085800000, 0x0000000085800000| Complete 
|  88|0x0000000085800000, 0x0000000085900000, 0x0000000085900000|100%|HS|  |TAMS 0x0000000085900000, 0x0000000085900000| Complete 
|  89|0x0000000085900000, 0x0000000085a00000, 0x0000000085a00000|100%|HC|  |TAMS 0x0000000085a00000, 0x0000000085a00000| Complete 
|  90|0x0000000085a00000, 0x0000000085b00000, 0x0000000085b00000|100%|HC|  |TAMS 0x0000000085b00000, 0x0000000085b00000| Complete 
|  91|0x0000000085b00000, 0x0000000085c00000, 0x0000000085c00000|100%|HC|  |TAMS 0x0000000085c00000, 0x0000000085c00000| Complete 
|  92|0x0000000085c00000, 0x0000000085d00000, 0x0000000085d00000|100%| O|  |TAMS 0x0000000085d00000, 0x0000000085d00000| Untracked 
|  93|0x0000000085d00000, 0x0000000085e00000, 0x0000000085e00000|100%| O|  |TAMS 0x0000000085e00000, 0x0000000085e00000| Untracked 
|  94|0x0000000085e00000, 0x0000000085f00000, 0x0000000085f00000|100%| O|  |TAMS 0x0000000085f00000, 0x0000000085f00000| Untracked 
|  95|0x0000000085f00000, 0x0000000086000000, 0x0000000086000000|100%| O|  |TAMS 0x0000000086000000, 0x0000000086000000| Untracked 
|  96|0x0000000086000000, 0x0000000086100000, 0x0000000086100000|100%| O|  |TAMS 0x0000000086100000, 0x0000000086100000| Untracked 
|  97|0x0000000086100000, 0x0000000086200000, 0x0000000086200000|100%| O|  |TAMS 0x0000000086200000, 0x0000000086200000| Untracked 
|  98|0x0000000086200000, 0x0000000086300000, 0x0000000086300000|100%| O|  |TAMS 0x0000000086300000, 0x0000000086300000| Untracked 
|  99|0x0000000086300000, 0x0000000086400000, 0x0000000086400000|100%| O|  |TAMS 0x0000000086400000, 0x0000000086400000| Untracked 
| 100|0x0000000086400000, 0x0000000086500000, 0x0000000086500000|100%| O|  |TAMS 0x0000000086500000, 0x0000000086500000| Untracked 
| 101|0x0000000086500000, 0x0000000086600000, 0x0000000086600000|100%|HS|  |TAMS 0x0000000086600000, 0x0000000086600000| Complete 
| 102|0x0000000086600000, 0x0000000086700000, 0x0000000086700000|100%|HS|  |TAMS 0x0000000086700000, 0x0000000086700000| Complete 
| 103|0x0000000086700000, 0x0000000086800000, 0x0000000086800000|100%|HS|  |TAMS 0x0000000086800000, 0x0000000086800000| Complete 
| 104|0x0000000086800000, 0x0000000086900000, 0x0000000086900000|100%|HS|  |TAMS 0x0000000086900000, 0x0000000086900000| Complete 
| 105|0x0000000086900000, 0x0000000086a00000, 0x0000000086a00000|100%|HC|  |TAMS 0x0000000086a00000, 0x0000000086a00000| Complete 
| 106|0x0000000086a00000, 0x0000000086b00000, 0x0000000086b00000|100%|HC|  |TAMS 0x0000000086b00000, 0x0000000086b00000| Complete 
| 107|0x0000000086b00000, 0x0000000086c00000, 0x0000000086c00000|100%| O|  |TAMS 0x0000000086c00000, 0x0000000086c00000| Untracked 
| 108|0x0000000086c00000, 0x0000000086d00000, 0x0000000086d00000|100%| O|  |TAMS 0x0000000086d00000, 0x0000000086d00000| Untracked 
| 109|0x0000000086d00000, 0x0000000086e00000, 0x0000000086e00000|100%| O|  |TAMS 0x0000000086e00000, 0x0000000086e00000| Untracked 
| 110|0x0000000086e00000, 0x0000000086f00000, 0x0000000086f00000|100%| O|  |TAMS 0x0000000086f00000, 0x0000000086f00000| Untracked 
| 111|0x0000000086f00000, 0x0000000087000000, 0x0000000087000000|100%| O|  |TAMS 0x0000000087000000, 0x0000000087000000| Untracked 
| 112|0x0000000087000000, 0x0000000087100000, 0x0000000087100000|100%| O|  |TAMS 0x0000000087100000, 0x0000000087100000| Untracked 
| 113|0x0000000087100000, 0x0000000087200000, 0x0000000087200000|100%| O|  |TAMS 0x0000000087200000, 0x0000000087200000| Untracked 
| 114|0x0000000087200000, 0x0000000087300000, 0x0000000087300000|100%| O|  |TAMS 0x0000000087300000, 0x0000000087300000| Untracked 
| 115|0x0000000087300000, 0x0000000087400000, 0x0000000087400000|100%| O|  |TAMS 0x0000000087399c00, 0x0000000087400000| Untracked 
| 116|0x0000000087400000, 0x0000000087500000, 0x0000000087500000|100%| O|  |TAMS 0x0000000087500000, 0x0000000087500000| Untracked 
| 117|0x0000000087500000, 0x0000000087600000, 0x0000000087600000|100%|HS|  |TAMS 0x0000000087500000, 0x0000000087600000| Complete 
| 118|0x0000000087600000, 0x0000000087700000, 0x0000000087700000|100%|HS|  |TAMS 0x0000000087600000, 0x0000000087700000| Complete 
| 119|0x0000000087700000, 0x0000000087800000, 0x0000000087800000|100%|HS|  |TAMS 0x0000000087700000, 0x0000000087800000| Complete 
| 120|0x0000000087800000, 0x0000000087900000, 0x0000000087900000|100%|HC|  |TAMS 0x0000000087800000, 0x0000000087900000| Complete 
| 121|0x0000000087900000, 0x0000000087a00000, 0x0000000087a00000|100%|HC|  |TAMS 0x0000000087900000, 0x0000000087a00000| Complete 
| 122|0x0000000087a00000, 0x0000000087b00000, 0x0000000087b00000|100%| O|  |TAMS 0x0000000087a00000, 0x0000000087b00000| Untracked 
| 123|0x0000000087b00000, 0x0000000087c00000, 0x0000000087c00000|100%| O|  |TAMS 0x0000000087b00000, 0x0000000087c00000| Untracked 
| 124|0x0000000087c00000, 0x0000000087d00000, 0x0000000087d00000|100%| O|  |TAMS 0x0000000087c00000, 0x0000000087d00000| Untracked 
| 125|0x0000000087d00000, 0x0000000087e00000, 0x0000000087e00000|100%| O|  |TAMS 0x0000000087d00000, 0x0000000087e00000| Untracked 
| 126|0x0000000087e00000, 0x0000000087f00000, 0x0000000087f00000|100%| O|  |TAMS 0x0000000087e00000, 0x0000000087f00000| Untracked 
| 127|0x0000000087f00000, 0x0000000088000000, 0x0000000088000000|100%| O|  |TAMS 0x0000000087f00000, 0x0000000088000000| Untracked 
| 128|0x0000000088000000, 0x0000000088081808, 0x0000000088100000| 50%| O|  |TAMS 0x0000000088000000, 0x0000000088081808| Untracked 
| 129|0x0000000088100000, 0x0000000088100000, 0x0000000088200000|  0%| F|  |TAMS 0x0000000088100000, 0x0000000088100000| Untracked 
| 130|0x0000000088200000, 0x0000000088200000, 0x0000000088300000|  0%| F|  |TAMS 0x0000000088200000, 0x0000000088200000| Untracked 
| 131|0x0000000088300000, 0x0000000088300000, 0x0000000088400000|  0%| F|  |TAMS 0x0000000088300000, 0x0000000088300000| Untracked 
| 132|0x0000000088400000, 0x0000000088400000, 0x0000000088500000|  0%| F|  |TAMS 0x0000000088400000, 0x0000000088400000| Untracked 
| 133|0x0000000088500000, 0x0000000088500000, 0x0000000088600000|  0%| F|  |TAMS 0x0000000088500000, 0x0000000088500000| Untracked 
| 134|0x0000000088600000, 0x0000000088600000, 0x0000000088700000|  0%| F|  |TAMS 0x0000000088600000, 0x0000000088600000| Untracked 
| 135|0x0000000088700000, 0x0000000088700000, 0x0000000088800000|  0%| F|  |TAMS 0x0000000088700000, 0x0000000088700000| Untracked 
| 136|0x0000000088800000, 0x0000000088800000, 0x0000000088900000|  0%| F|  |TAMS 0x0000000088800000, 0x0000000088800000| Untracked 
| 137|0x0000000088900000, 0x0000000088900000, 0x0000000088a00000|  0%| F|  |TAMS 0x0000000088900000, 0x0000000088900000| Untracked 
| 138|0x0000000088a00000, 0x0000000088a00000, 0x0000000088b00000|  0%| F|  |TAMS 0x0000000088a00000, 0x0000000088a00000| Untracked 
| 139|0x0000000088b00000, 0x0000000088b00000, 0x0000000088c00000|  0%| F|  |TAMS 0x0000000088b00000, 0x0000000088b00000| Untracked 
| 140|0x0000000088c00000, 0x0000000088c00000, 0x0000000088d00000|  0%| F|  |TAMS 0x0000000088c00000, 0x0000000088c00000| Untracked 
| 141|0x0000000088d00000, 0x0000000088d00000, 0x0000000088e00000|  0%| F|  |TAMS 0x0000000088d00000, 0x0000000088d00000| Untracked 
| 142|0x0000000088e00000, 0x0000000088e00000, 0x0000000088f00000|  0%| F|  |TAMS 0x0000000088e00000, 0x0000000088e00000| Untracked 
| 143|0x0000000088f00000, 0x0000000088f00000, 0x0000000089000000|  0%| F|  |TAMS 0x0000000088f00000, 0x0000000088f00000| Untracked 
| 144|0x0000000089000000, 0x0000000089000000, 0x0000000089100000|  0%| F|  |TAMS 0x0000000089000000, 0x0000000089000000| Untracked 
| 145|0x0000000089100000, 0x0000000089100000, 0x0000000089200000|  0%| F|  |TAMS 0x0000000089100000, 0x0000000089100000| Untracked 
| 146|0x0000000089200000, 0x0000000089200000, 0x0000000089300000|  0%| F|  |TAMS 0x0000000089200000, 0x0000000089200000| Untracked 
| 147|0x0000000089300000, 0x0000000089300000, 0x0000000089400000|  0%| F|  |TAMS 0x0000000089300000, 0x0000000089300000| Untracked 
| 148|0x0000000089400000, 0x0000000089400000, 0x0000000089500000|  0%| F|  |TAMS 0x0000000089400000, 0x0000000089400000| Untracked 
| 149|0x0000000089500000, 0x0000000089500000, 0x0000000089600000|  0%| F|  |TAMS 0x0000000089500000, 0x0000000089500000| Untracked 
| 150|0x0000000089600000, 0x0000000089600000, 0x0000000089700000|  0%| F|  |TAMS 0x0000000089600000, 0x0000000089600000| Untracked 
| 151|0x0000000089700000, 0x0000000089700000, 0x0000000089800000|  0%| F|  |TAMS 0x0000000089700000, 0x0000000089700000| Untracked 
| 152|0x0000000089800000, 0x0000000089800000, 0x0000000089900000|  0%| F|  |TAMS 0x0000000089800000, 0x0000000089800000| Untracked 
| 153|0x0000000089900000, 0x0000000089900000, 0x0000000089a00000|  0%| F|  |TAMS 0x0000000089900000, 0x0000000089900000| Untracked 
| 154|0x0000000089a00000, 0x0000000089a00000, 0x0000000089b00000|  0%| F|  |TAMS 0x0000000089a00000, 0x0000000089a00000| Untracked 
| 155|0x0000000089b00000, 0x0000000089b00000, 0x0000000089c00000|  0%| F|  |TAMS 0x0000000089b00000, 0x0000000089b00000| Untracked 
| 156|0x0000000089c00000, 0x0000000089c00000, 0x0000000089d00000|  0%| F|  |TAMS 0x0000000089c00000, 0x0000000089c00000| Untracked 
| 157|0x0000000089d00000, 0x0000000089dcf200, 0x0000000089e00000| 80%| S|CS|TAMS 0x0000000089d00000, 0x0000000089d00000| Complete 
| 158|0x0000000089e00000, 0x0000000089e00000, 0x0000000089f00000|  0%| F|  |TAMS 0x0000000089e00000, 0x0000000089e00000| Untracked 
| 159|0x0000000089f00000, 0x0000000089f00000, 0x000000008a000000|  0%| F|  |TAMS 0x0000000089f00000, 0x0000000089f00000| Untracked 
| 160|0x000000008a000000, 0x000000008a000000, 0x000000008a100000|  0%| F|  |TAMS 0x000000008a000000, 0x000000008a000000| Untracked 
| 161|0x000000008a100000, 0x000000008a100000, 0x000000008a200000|  0%| F|  |TAMS 0x000000008a100000, 0x000000008a100000| Untracked 
| 162|0x000000008a200000, 0x000000008a200000, 0x000000008a300000|  0%| F|  |TAMS 0x000000008a200000, 0x000000008a200000| Untracked 
| 163|0x000000008a300000, 0x000000008a300000, 0x000000008a400000|  0%| F|  |TAMS 0x000000008a300000, 0x000000008a300000| Untracked 
| 164|0x000000008a400000, 0x000000008a400000, 0x000000008a500000|  0%| F|  |TAMS 0x000000008a400000, 0x000000008a400000| Untracked 
| 165|0x000000008a500000, 0x000000008a500000, 0x000000008a600000|  0%| F|  |TAMS 0x000000008a500000, 0x000000008a500000| Untracked 
| 166|0x000000008a600000, 0x000000008a600000, 0x000000008a700000|  0%| F|  |TAMS 0x000000008a600000, 0x000000008a600000| Untracked 
| 167|0x000000008a700000, 0x000000008a700000, 0x000000008a800000|  0%| F|  |TAMS 0x000000008a700000, 0x000000008a700000| Untracked 
| 168|0x000000008a800000, 0x000000008a800000, 0x000000008a900000|  0%| F|  |TAMS 0x000000008a800000, 0x000000008a800000| Untracked 
| 169|0x000000008a900000, 0x000000008a900000, 0x000000008aa00000|  0%| F|  |TAMS 0x000000008a900000, 0x000000008a900000| Untracked 

Card table byte_map: [0x000001263e9f0000,0x000001263edf0000] _byte_map_base: 0x000001263e5f0000

Marking Bits (Prev, Next): (CMBitMap*) 0x000001262721a2f8, (CMBitMap*) 0x000001262721a330
 Prev Bits: [0x000001263f1f0000, 0x00000126411f0000)
 Next Bits: [0x00000126411f0000, 0x00000126431f0000)

Polling page: 0x00000126250f0000

Metaspace:

Usage:
  Non-class:     87.76 MB capacity,    85.90 MB ( 98%) used,     1.58 MB (  2%) free+waste,   290.19 KB ( <1%) overhead. 
      Class:     14.34 MB capacity,    13.10 MB ( 91%) used,     1.10 MB (  8%) free+waste,   134.81 KB ( <1%) overhead. 
       Both:    102.10 MB capacity,    99.00 MB ( 97%) used,     2.68 MB (  3%) free+waste,   425.00 KB ( <1%) overhead. 

Virtual space:
  Non-class space:       88.00 MB reserved,      88.00 MB (100%) committed 
      Class space:      504.00 MB reserved,      14.42 MB (  3%) committed 
             Both:      592.00 MB reserved,     102.42 MB ( 17%) committed 

Chunk freelists:
   Non-Class:  6.63 KB
       Class:  640 bytes
        Both:  7.25 KB

CodeHeap 'non-profiled nmethods': size=120064Kb used=4644Kb max_used=4644Kb free=115419Kb
 bounds [0x00000126370b0000, 0x0000012637550000, 0x000001263e5f0000]
CodeHeap 'profiled nmethods': size=120000Kb used=21643Kb max_used=21643Kb free=98356Kb
 bounds [0x000001262fb80000, 0x00000126310c0000, 0x00000126370b0000]
CodeHeap 'non-nmethods': size=5696Kb used=2334Kb max_used=2392Kb free=3361Kb
 bounds [0x000001262f5f0000, 0x000001262f860000, 0x000001262fb80000]
 total_blobs=11174 nmethods=10227 adapters=858
 compilation: enabled
              stopped_count=0, restarted_count=0
 full_count=0

Compilation events (10 events):
Event: 48.492 Thread 0x0000012645f0b800 11350       2       org.gradle.api.internal.artifacts.configurations.DefaultConfiguration_Decorated::getDependencies (40 bytes)
Event: 48.492 Thread 0x0000012645f0b800 nmethod 11350 0x00000126310b1c90 code [0x00000126310b1e60, 0x00000126310b20c0]
Event: 48.493 Thread 0x0000012645f0b800 11351       2       org.gradle.api.internal.DefaultDomainObjectCollection::createFilter (27 bytes)
Event: 48.493 Thread 0x0000012645f0b800 nmethod 11351 0x00000126310b2210 code [0x00000126310b23e0, 0x00000126310b26c0]
Event: 48.495 Thread 0x0000012645f0b800 11352       2       org.gradle.internal.ImmutableActionSet$SingletonSet::addOne (42 bytes)
Event: 48.496 Thread 0x0000012645f0b800 nmethod 11352 0x00000126310b2790 code [0x00000126310b2960, 0x00000126310b2df0]
Event: 48.538 Thread 0x0000012645f0b800 11353       1       com.google.common.cache.LocalCache$WeakEntry::getValueReference (5 bytes)
Event: 48.539 Thread 0x0000012645f0b800 nmethod 11353 0x000001263734f810 code [0x000001263734f9a0, 0x000001263734fab8]
Event: 48.548 Thread 0x0000012645f0b800 11354       2       java.util.LinkedList$ListItr::previous (70 bytes)
Event: 48.549 Thread 0x0000012645f0b800 nmethod 11354 0x00000126310b2f90 code [0x00000126310b3160, 0x00000126310b3540]

GC Heap History (10 events):
Event: 46.812 GC heap after
{Heap after GC invocations=68 (full 0):
 garbage-first heap   total 144384K, used 118621K [0x0000000080000000, 0x0000000100000000)
  region size 1024K, 1 young (1024K), 1 survivors (1024K)
 Metaspace       used 99143K, capacity 102124K, committed 102188K, reserved 604160K
  class space    used 13146K, capacity 14335K, committed 14380K, reserved 516096K
}
Event: 46.959 GC heap before
{Heap before GC invocations=68 (full 0):
 garbage-first heap   total 144384K, used 124765K [0x0000000080000000, 0x0000000100000000)
  region size 1024K, 7 young (7168K), 1 survivors (1024K)
 Metaspace       used 99448K, capacity 102421K, committed 102444K, reserved 604160K
  class space    used 13181K, capacity 14368K, committed 14380K, reserved 516096K
}
Event: 46.964 GC heap after
{Heap after GC invocations=69 (full 0):
 garbage-first heap   total 174080K, used 119444K [0x0000000080000000, 0x0000000100000000)
  region size 1024K, 1 young (1024K), 1 survivors (1024K)
 Metaspace       used 99448K, capacity 102421K, committed 102444K, reserved 604160K
  class space    used 13181K, capacity 14368K, committed 14380K, reserved 516096K
}
Event: 47.688 GC heap before
{Heap before GC invocations=70 (full 0):
 garbage-first heap   total 174080K, used 133780K [0x0000000080000000, 0x0000000100000000)
  region size 1024K, 16 young (16384K), 1 survivors (1024K)
 Metaspace       used 99969K, capacity 103095K, committed 103340K, reserved 606208K
  class space    used 13240K, capacity 14478K, committed 14508K, reserved 516096K
}
Event: 47.693 GC heap after
{Heap after GC invocations=71 (full 0):
 garbage-first heap   total 174080K, used 120444K [0x0000000080000000, 0x0000000100000000)
  region size 1024K, 2 young (2048K), 2 survivors (2048K)
 Metaspace       used 99969K, capacity 103095K, committed 103340K, reserved 606208K
  class space    used 13240K, capacity 14478K, committed 14508K, reserved 516096K
}
Event: 47.848 GC heap before
{Heap before GC invocations=71 (full 0):
 garbage-first heap   total 174080K, used 127612K [0x0000000080000000, 0x0000000100000000)
  region size 1024K, 11 young (11264K), 2 survivors (2048K)
 Metaspace       used 99990K, capacity 103108K, committed 103340K, reserved 606208K
  class space    used 13242K, capacity 14481K, committed 14508K, reserved 516096K
}
Event: 47.853 GC heap after
{Heap after GC invocations=72 (full 0):
 garbage-first heap   total 174080K, used 122471K [0x0000000080000000, 0x0000000100000000)
  region size 1024K, 3 young (3072K), 3 survivors (3072K)
 Metaspace       used 99990K, capacity 103108K, committed 103340K, reserved 606208K
  class space    used 13242K, capacity 14481K, committed 14508K, reserved 516096K
}
Event: 48.284 GC heap before
{Heap before GC invocations=73 (full 0):
 garbage-first heap   total 174080K, used 141927K [0x0000000080000000, 0x0000000100000000)
  region size 1024K, 18 young (18432K), 3 survivors (3072K)
 Metaspace       used 100636K, capacity 103814K, committed 103980K, reserved 606208K
  class space    used 13332K, capacity 14587K, committed 14636K, reserved 516096K
}
Event: 48.290 GC heap after
{Heap after GC invocations=74 (full 0):
 garbage-first heap   total 174080K, used 131133K [0x0000000080000000, 0x0000000100000000)
  region size 1024K, 3 young (3072K), 3 survivors (3072K)
 Metaspace       used 100636K, capacity 103814K, committed 103980K, reserved 606208K
  class space    used 13332K, capacity 14587K, committed 14636K, reserved 516096K
}
Event: 48.557 GC heap before
{Heap before GC invocations=74 (full 0):
 garbage-first heap   total 174080K, used 143421K [0x0000000080000000, 0x0000000100000000)
  region size 1024K, 15 young (15360K), 3 survivors (3072K)
 Metaspace       used 101375K, capacity 104550K, committed 104876K, reserved 606208K
  class space    used 13416K, capacity 14683K, committed 14764K, reserved 516096K
}

Deoptimization events (10 events):
Event: 41.468 Thread 0x0000012646ea4800 Uncommon trap: reason=unstable_if action=reinterpret pc=0x00000126374a8f04 method=com.sun.beans.introspect.MethodInfo$MethodOrder.compare(Ljava/lang/reflect/Method;Ljava/lang/reflect/Method;)I @ 124 c2
Event: 41.797 Thread 0x0000012646ea4800 Uncommon trap: reason=null_check action=make_not_entrant pc=0x00000126371f6a5c method=jdk.internal.loader.URLClassPath$JarLoader.getResource(Ljava/lang/String;ZLjava/util/Set;)Ljdk/internal/loader/Resource; @ 92 c2
Event: 41.919 Thread 0x0000012646ea4800 Uncommon trap: reason=unstable_if action=reinterpret pc=0x0000012637274c2c method=java.util.WeakHashMap.eq(Ljava/lang/Object;Ljava/lang/Object;)Z @ 2 c2
Event: 41.969 Thread 0x0000012646ea4800 Uncommon trap: reason=unstable_if action=reinterpret pc=0x000001263723e92c method=java.io.WinNTFileSystem.normalize(Ljava/lang/String;)Ljava/lang/String; @ 74 c2
Event: 41.970 Thread 0x0000012646ea4800 Uncommon trap: reason=unstable_if action=reinterpret pc=0x0000012637149f88 method=java.io.WinNTFileSystem.normalize(Ljava/lang/String;II)Ljava/lang/String; @ 100 c2
Event: 43.023 Thread 0x0000012646ea4800 Uncommon trap: reason=unstable_if action=reinterpret pc=0x000001263720ca58 method=java.lang.StringCoding.newStringUTF8NoRepl([BII)Ljava/lang/String; @ 12 c2
Event: 44.816 Thread 0x0000012646ea4800 Uncommon trap: reason=unstable_if action=reinterpret pc=0x000001263739c4b0 method=org.gradle.internal.snapshot.VfsRelativePath.isPrefix(Ljava/lang/String;ILjava/lang/String;ILorg/gradle/internal/snapshot/CaseSensitivity;)Z @ 101 c2
Event: 44.955 Thread 0x00000126488e6800 Uncommon trap: reason=unstable_if action=reinterpret pc=0x000001263740538c method=java.util.concurrent.ConcurrentLinkedQueue.updateHead(Ljava/util/concurrent/ConcurrentLinkedQueue$Node;Ljava/util/concurrent/ConcurrentLinkedQueue$Node;)V @ 14 c2
Event: 46.338 Thread 0x0000012646ea4800 Uncommon trap: reason=unstable_if action=reinterpret pc=0x000001263729fe34 method=sun.net.www.protocol.jar.Handler.parseURL(Ljava/net/URL;Ljava/lang/String;II)V @ 116 c2
Event: 48.076 Thread 0x0000012646ea4800 Uncommon trap: reason=unstable_if action=reinterpret pc=0x000001263710d648 method=java.util.jar.JarFile.match([B[B[B[B)I @ 52 c2

Classes redefined (0 events):
No events

Internal exceptions (10 events):
Event: 48.036 Thread 0x0000012646ea4800 Exception <a 'java/security/PrivilegedActionException'{0x000000008a5de538}> (0x000000008a5de538) thrown at [./open/src/hotspot/share/prims/jvm.cpp, line 1296]
Event: 48.036 Thread 0x0000012646ea4800 Exception <a 'java/security/PrivilegedActionException'{0x000000008a5e1168}> (0x000000008a5e1168) thrown at [./open/src/hotspot/share/prims/jvm.cpp, line 1296]
Event: 48.036 Thread 0x0000012646ea4800 Exception <a 'java/security/PrivilegedActionException'{0x000000008a5e2428}> (0x000000008a5e2428) thrown at [./open/src/hotspot/share/prims/jvm.cpp, line 1296]
Event: 48.036 Thread 0x0000012646ea4800 Exception <a 'java/security/PrivilegedActionException'{0x000000008a5e50a8}> (0x000000008a5e50a8) thrown at [./open/src/hotspot/share/prims/jvm.cpp, line 1296]
Event: 48.036 Thread 0x0000012646ea4800 Exception <a 'java/security/PrivilegedActionException'{0x000000008a5e6640}> (0x000000008a5e6640) thrown at [./open/src/hotspot/share/prims/jvm.cpp, line 1296]
Event: 48.036 Thread 0x0000012646ea4800 Exception <a 'java/security/PrivilegedActionException'{0x000000008a5e9318}> (0x000000008a5e9318) thrown at [./open/src/hotspot/share/prims/jvm.cpp, line 1296]
Event: 48.036 Thread 0x0000012646ea4800 Exception <a 'java/security/PrivilegedActionException'{0x000000008a5ea5d8}> (0x000000008a5ea5d8) thrown at [./open/src/hotspot/share/prims/jvm.cpp, line 1296]
Event: 48.549 Thread 0x0000012646ea4800 Exception <a 'java/lang/ClassNotFoundException'{0x0000000089e07b78}: org/jetbrains/kotlin/gradle/targets/js/npm/DefaultNpmDependencyExtensionBeanInfo> (0x0000000089e07b78) thrown at [./open/src/hotspot/share/classfile/systemDictionary.cpp, line 228]
Event: 48.550 Thread 0x0000012646ea4800 Exception <a 'java/lang/ClassNotFoundException'{0x0000000089e361e0}: org/jetbrains/kotlin/gradle/targets/js/npm/DefaultNpmDependencyExtensionCustomizer> (0x0000000089e361e0) thrown at [./open/src/hotspot/share/classfile/systemDictionary.cpp, line 228]
Event: 48.557 Thread 0x0000012646ea4800 Exception <a 'java/lang/ClassNotFoundException'{0x0000000089ef8248}: org/jetbrains/kotlin/gradle/targets/js/npm/NpmDependencyExtensionKt$defaultNpmDependencyDelegate$1BeanInfo> (0x0000000089ef8248) thrown at [./open/src/hotspot/share/classfile/systemDicti

Events (10 events):
Event: 48.546 loading class groovy/runtime/metaclass/org/jetbrains/kotlin/gradle/targets/js/npm/DefaultNpmDependencyExtensionMetaClass done
Event: 48.549 loading class org/jetbrains/kotlin/gradle/targets/js/npm/DefaultNpmDependencyExtensionBeanInfo
Event: 48.549 loading class org/jetbrains/kotlin/gradle/targets/js/npm/DefaultNpmDependencyExtensionBeanInfo done
Event: 48.550 loading class org/jetbrains/kotlin/gradle/targets/js/npm/DefaultNpmDependencyExtensionCustomizer
Event: 48.550 loading class org/jetbrains/kotlin/gradle/targets/js/npm/DefaultNpmDependencyExtensionCustomizer done
Event: 48.554 loading class groovy/runtime/metaclass/org/jetbrains/kotlin/gradle/targets/js/npm/NpmDependencyExtensionKt$defaultNpmDependencyDelegate$1MetaClass
Event: 48.554 loading class groovy/runtime/metaclass/org/jetbrains/kotlin/gradle/targets/js/npm/NpmDependencyExtensionKt$defaultNpmDependencyDelegate$1MetaClass done
Event: 48.557 loading class org/jetbrains/kotlin/gradle/targets/js/npm/NpmDependencyExtensionKt$defaultNpmDependencyDelegate$1BeanInfo
Event: 48.557 loading class org/jetbrains/kotlin/gradle/targets/js/npm/NpmDependencyExtensionKt$defaultNpmDependencyDelegate$1BeanInfo done
Event: 48.557 Executing VM operation: G1CollectForAllocation


Dynamic libraries:
0x00007ff7b5da0000 - 0x00007ff7b5daf000 	C:\Program Files\Java\jdk-11.0.8\bin\java.exe
0x00007ff984e90000 - 0x00007ff985088000 	C:\windows\SYSTEM32\ntdll.dll
0x00007ff984d00000 - 0x00007ff984dbf000 	C:\windows\System32\KERNEL32.DLL
0x00007ff982980000 - 0x00007ff982c76000 	C:\windows\System32\KERNELBASE.dll
0x00007ff9825a0000 - 0x00007ff9826a0000 	C:\windows\System32\ucrtbase.dll
0x00007ff96fe10000 - 0x00007ff96fe25000 	C:\Program Files\Java\jdk-11.0.8\bin\VCRUNTIME140.dll
0x00007ff96fe30000 - 0x00007ff96fe48000 	C:\Program Files\Java\jdk-11.0.8\bin\jli.dll
0x00007ff984380000 - 0x00007ff98442f000 	C:\windows\System32\ADVAPI32.dll
0x00007ff984610000 - 0x00007ff9846ae000 	C:\windows\System32\msvcrt.dll
0x00007ff984260000 - 0x00007ff9842fc000 	C:\windows\System32\sechost.dll
0x00007ff984130000 - 0x00007ff984256000 	C:\windows\System32\RPCRT4.dll
0x00007ff9848a0000 - 0x00007ff984a3d000 	C:\windows\System32\USER32.dll
0x00007ff982570000 - 0x00007ff982592000 	C:\windows\System32\win32u.dll
0x00007ff962720000 - 0x00007ff9629ba000 	C:\windows\WinSxS\amd64_microsoft.windows.common-controls_6595b64144ccf1df_6.0.19041.1110_none_60b5254171f9507e\COMCTL32.dll
0x00007ff984870000 - 0x00007ff98489c000 	C:\windows\System32\GDI32.dll
0x00007ff982740000 - 0x00007ff982855000 	C:\windows\System32\gdi32full.dll
0x00007ff9826a0000 - 0x00007ff98273d000 	C:\windows\System32\msvcp_win.dll
0x00007ff97a060000 - 0x00007ff97a06a000 	C:\windows\SYSTEM32\VERSION.dll
0x00007ff9845e0000 - 0x00007ff984610000 	C:\windows\System32\IMM32.DLL
0x00007ff950b10000 - 0x00007ff950bab000 	C:\Program Files\Java\jdk-11.0.8\bin\msvcp140.dll
0x00007ff9386e0000 - 0x00007ff9391c6000 	C:\Program Files\Java\jdk-11.0.8\bin\server\jvm.dll
0x00007ff984cf0000 - 0x00007ff984cf8000 	C:\windows\System32\PSAPI.DLL
0x00007ff961300000 - 0x00007ff961309000 	C:\windows\SYSTEM32\WSOCK32.dll
0x00007ff97a030000 - 0x00007ff97a057000 	C:\windows\SYSTEM32\WINMM.dll
0x00007ff984800000 - 0x00007ff98486b000 	C:\windows\System32\WS2_32.dll
0x00007ff980410000 - 0x00007ff980422000 	C:\windows\SYSTEM32\kernel.appcore.dll
0x00007ff977fa0000 - 0x00007ff977fb0000 	C:\Program Files\Java\jdk-11.0.8\bin\verify.dll
0x00007ff96d260000 - 0x00007ff96d444000 	C:\windows\SYSTEM32\DBGHELP.DLL
0x00007ff96c9d0000 - 0x00007ff96ca04000 	C:\windows\SYSTEM32\dbgcore.DLL
0x00007ff982c80000 - 0x00007ff982d02000 	C:\windows\System32\bcryptPrimitives.dll
0x00007ff96e7a0000 - 0x00007ff96e7c8000 	C:\Program Files\Java\jdk-11.0.8\bin\java.dll
0x00007ff970f60000 - 0x00007ff970f6a000 	C:\Program Files\Java\jdk-11.0.8\bin\jimage.dll
0x00007ff96dfa0000 - 0x00007ff96dfb6000 	C:\Program Files\Java\jdk-11.0.8\bin\zip.dll
0x00007ff983530000 - 0x00007ff983c74000 	C:\windows\System32\SHELL32.dll
0x00007ff980610000 - 0x00007ff980da3000 	C:\windows\SYSTEM32\windows.storage.dll
0x00007ff983c80000 - 0x00007ff983fd4000 	C:\windows\System32\combase.dll
0x00007ff981ee0000 - 0x00007ff981f0e000 	C:\windows\SYSTEM32\Wldp.dll
0x00007ff984a40000 - 0x00007ff984aed000 	C:\windows\System32\SHCORE.dll
0x00007ff982f50000 - 0x00007ff982fa5000 	C:\windows\System32\shlwapi.dll
0x00007ff9824a0000 - 0x00007ff9824c5000 	C:\windows\SYSTEM32\profapi.dll
0x00007ff96dd70000 - 0x00007ff96dd89000 	C:\Program Files\Java\jdk-11.0.8\bin\net.dll
0x00007ff972750000 - 0x00007ff97285a000 	C:\windows\SYSTEM32\WINHTTP.dll
0x00007ff981c40000 - 0x00007ff981caa000 	C:\windows\system32\mswsock.dll
0x00007ff96cca0000 - 0x00007ff96ccb2000 	C:\Program Files\Java\jdk-11.0.8\bin\nio.dll
0x00007ff957f90000 - 0x00007ff957fb7000 	C:\Users\DIAN\.gradle\native\e1d6ef7f7dcc3fd88c89a11ec53ec762bb8ba0a96d01ffa2cd45eb1d1d8dd5c5\windows-amd64\native-platform.dll
0x00007ff94bd10000 - 0x00007ff94be54000 	C:\Users\DIAN\.gradle\native\0d407fdbe67a94daf76414ababcb853783967236a71b16ec16e742cd7a986fd3\windows-amd64\native-platform-file-events.dll
0x00007ff9708a0000 - 0x00007ff9708a9000 	C:\Program Files\Java\jdk-11.0.8\bin\management.dll
0x00007ff96d200000 - 0x00007ff96d20b000 	C:\Program Files\Java\jdk-11.0.8\bin\management_ext.dll
0x00007ff981e30000 - 0x00007ff981e48000 	C:\windows\SYSTEM32\CRYPTSP.dll
0x00007ff981550000 - 0x00007ff981584000 	C:\windows\system32\rsaenh.dll
0x00007ff982ec0000 - 0x00007ff982ee7000 	C:\windows\System32\bcrypt.dll
0x00007ff982420000 - 0x00007ff98244e000 	C:\windows\SYSTEM32\USERENV.dll
0x00007ff981e50000 - 0x00007ff981e5c000 	C:\windows\SYSTEM32\CRYPTBASE.dll
0x00007ff981930000 - 0x00007ff98196b000 	C:\windows\SYSTEM32\IPHLPAPI.DLL
0x00007ff984000000 - 0x00007ff984008000 	C:\windows\System32\NSI.dll
0x00007ff974390000 - 0x00007ff9743a7000 	C:\windows\SYSTEM32\dhcpcsvc6.DLL
0x00007ff976020000 - 0x00007ff97603d000 	C:\windows\SYSTEM32\dhcpcsvc.DLL
0x00007ff981970000 - 0x00007ff981a3a000 	C:\windows\SYSTEM32\DNSAPI.dll
0x00007ff96cc90000 - 0x00007ff96cc9d000 	C:\Program Files\Java\jdk-11.0.8\bin\sunmscapi.dll
0x00007ff982d60000 - 0x00007ff982ebe000 	C:\windows\System32\CRYPT32.dll
0x00007ff981f50000 - 0x00007ff981f78000 	C:\windows\SYSTEM32\ncrypt.dll
0x00007ff981f10000 - 0x00007ff981f4b000 	C:\windows\SYSTEM32\NTASN1.dll
0x00007ff957f60000 - 0x00007ff957f85000 	C:\Program Files\Java\jdk-11.0.8\bin\sunec.dll
0x000000006f2a0000 - 0x000000006f2c6000 	C:\Program Files\Bonjour\mdnsNSP.dll
0x00007ff96b920000 - 0x00007ff96b92a000 	C:\Windows\System32\rasadhlp.dll
0x00007ff96b960000 - 0x00007ff96b9e2000 	C:\windows\System32\fwpuclnt.dll

dbghelp: loaded successfully - version: 4.0.5 - missing functions: none
symbol engine: initialized successfully - sym options: 0x614 - pdb path: .;C:\Program Files\Java\jdk-11.0.8\bin;C:\windows\SYSTEM32;C:\windows\WinSxS\amd64_microsoft.windows.common-controls_6595b64144ccf1df_6.0.19041.1110_none_60b5254171f9507e;C:\Program Files\Java\jdk-11.0.8\bin\server;C:\Users\DIAN\.gradle\native\e1d6ef7f7dcc3fd88c89a11ec53ec762bb8ba0a96d01ffa2cd45eb1d1d8dd5c5\windows-amd64;C:\Users\DIAN\.gradle\native\0d407fdbe67a94daf76414ababcb853783967236a71b16ec16e742cd7a986fd3\windows-amd64;C:\Program Files\Bonjour

VM Arguments:
jvm_args: -XX:MaxMetaspaceSize=512m --add-opens=java.base/java.util=ALL-UNNAMED --add-opens=java.base/java.lang=ALL-UNNAMED --add-opens=java.base/java.lang.invoke=ALL-UNNAMED --add-opens=java.base/java.util=ALL-UNNAMED --add-opens=java.prefs/java.util.prefs=ALL-UNNAMED --add-opens=java.prefs/java.util.prefs=ALL-UNNAMED --add-opens=java.base/java.nio.charset=ALL-UNNAMED --add-opens=java.base/java.net=ALL-UNNAMED --add-opens=java.base/java.util.concurrent.atomic=ALL-UNNAMED -Xmx2048m -Dfile.encoding=windows-1252 -Duser.country=ID -Duser.language=en -Duser.variant 
java_command: org.gradle.launcher.daemon.bootstrap.GradleDaemon 7.5.1
java_class_path (initial): C:\Users\DIAN\.gradle\wrapper\dists\gradle-7.5.1-all\1ehga6e77gqps5uk2kc5kf1vc\gradle-7.5.1\lib\gradle-launcher-7.5.1.jar
Launcher Type: SUN_STANDARD

[Global flags]
     intx CICompilerCount                          = 3                                         {product} {ergonomic}
   size_t CompressedClassSpaceSize                 = 528482304                                 {product} {ergonomic}
     uint ConcGCThreads                            = 1                                         {product} {ergonomic}
     uint G1ConcRefinementThreads                  = 4                                         {product} {ergonomic}
   size_t G1HeapRegionSize                         = 1048576                                   {product} {ergonomic}
    uintx GCDrainStackTargetSize                   = 64                                        {product} {ergonomic}
   size_t InitialHeapSize                          = 100663296                                 {product} {ergonomic}
   size_t MarkStackSize                            = 4194304                                   {product} {ergonomic}
   size_t MaxHeapSize                              = 2147483648                                {product} {command line}
   size_t MaxMetaspaceSize                         = 536870912                                 {product} {command line}
   size_t MaxNewSize                               = 1287651328                                {product} {ergonomic}
   size_t MinHeapDeltaBytes                        = 1048576                                   {product} {ergonomic}
    uintx NonNMethodCodeHeapSize                   = 5830732                                {pd product} {ergonomic}
    uintx NonProfiledCodeHeapSize                  = 122913754                              {pd product} {ergonomic}
    uintx ProfiledCodeHeapSize                     = 122913754                              {pd product} {ergonomic}
    uintx ReservedCodeCacheSize                    = 251658240                              {pd product} {ergonomic}
     bool SegmentedCodeCache                       = true                                      {product} {ergonomic}
     bool UseCompressedClassPointers               = true                                 {lp64_product} {ergonomic}
     bool UseCompressedOops                        = true                                 {lp64_product} {ergonomic}
     bool UseG1GC                                  = true                                      {product} {ergonomic}
     bool UseLargePagesIndividualAllocation        = false                                  {pd product} {ergonomic}

Logging:
Log output configuration:
 #0: stdout all=warning uptime,level,tags
 #1: stderr all=off uptime,level,tags

Environment Variables:
JAVA_HOME=C:\Program Files\Java\jdk-11.0.8
CLASSPATH=C:\Users\DIAN\OneDrive\Documents\pijar camp\week9\RecipeApp\android\\gradle\wrapper\gradle-wrapper.jar
PATH=C:\Program Files\Common Files\Oracle\Java\javapath;C:\Program Files (x86)\Common Files\Oracle\Java\javapath;C:\windows\system32;C:\windows;C:\windows\System32\Wbem;C:\windows\System32\WindowsPowerShell\v1.0\;C:\windows\System32\OpenSSH\;c:\Program Files (x86)\Microsoft SQL Server\110\Tools\Binn\;c:\Program Files\Microsoft SQL Server\110\Tools\Binn\;c:\Program Files\Microsoft SQL Server\110\DTS\Binn\;C:\Program Files\Java\jdk-11.0.8\bin;C:\Program Files\Git\cmd;C:\Program Files\MongoDB\mongosh-1.6.0-win32-x64\bin\;C:\xampp\mysql\bin\;C:\Program Files\PostgreSQL\15\bin\;C:\Users\DIAN\OneDrive\Documents\belajar MERN\MERN-access&refresh-token\backend\node_modules.bin;C:\Program Files\nodejs\;C:\Program Files\Java\jdk-11.0.8;C:\Program Files\Java\jdk-11.0.8\bin;C:\Users\DIAN\AppData\Local\Android\Sdk\platform-tools;C:\Users\DIAN\AppData\Local\Microsoft\WindowsApps;C:\Program Files\Java\jdk1.8.0_291\bin;C:\Users\DIAN\AppData\Local\Programs\Microsoft VS Code\bin;C:\Users\DIAN\AppData\Local\gitkraken\bin;C:\Program Files\heroku\bin;C:\Users\DIAN\AppData\Roaming\npm
USERNAME=DIAN
OS=Windows_NT
PROCESSOR_IDENTIFIER=AMD64 Family 23 Model 24 Stepping 1, AuthenticAMD



---------------  S Y S T E M  ---------------

OS: Windows 10 , 64 bit Build 19041 (10.0.19041.3155)

CPU:total 4 (initial active 4) (4 cores per cpu, 2 threads per core) family 23 model 24 stepping 1, cmov, cx8, fxsr, mmx, sse, sse2, sse3, ssse3, sse4.1, sse4.2, popcnt, avx, avx2, aes, clmul, mmxext, 3dnowpref, lzcnt, sse4a, ht, tsc, tscinvbit, tscinv, bmi1, bmi2, adx, sha, fma

Memory: 4k page, system-wide physical 6023M (301M free)
TotalPageFile size 24455M (AvailPageFile size 33M)
current process WorkingSet (physical memory assigned to process): 355M, peak: 359M
current process commit charge ("private bytes"): 480M, peak: 513M

vm_info: Java HotSpot(TM) 64-Bit Server VM (11.0.8+10-LTS) for windows-amd64 JRE (11.0.8+10-LTS), built on Jun 16 2020 05:53:08 by "mach5one" with unknown MS VC++:1916

END.
