#
# There is insufficient memory for the Java Runtime Environment to continue.
# Native memory allocation (mmap) failed to map 111149056 bytes for Failed to commit area from 0x0000000091700000 to 0x0000000098100000 of length 111149056.
# Possible reasons:
#   The system is out of physical RAM or swap space
#   The process is running with CompressedOops enabled, and the Java Heap may be blocking the growth of the native heap
# Possible solutions:
#   Reduce memory load on the system
#   Increase physical memory or swap space
#   Check if swap backing store is full
#   Decrease Java heap size (-Xmx/-Xms)
#   Decrease number of Java threads
#   Decrease Java thread stack sizes (-Xss)
#   Set larger code cache with -XX:ReservedCodeCacheSize=
#   JVM is running with Unscaled Compressed Oops mode in which the Java heap is
#     placed in the first 4GB address space. The Java Heap base address is the
#     maximum limit for the native heap growth. Please use -XX:HeapBaseMinAddress
#     to set the Java Heap base and to place the Java Heap above 4GB virtual address.
# This output file may be truncated or incomplete.
#
#  Out of Memory Error (./open/src/hotspot/os/windows/os_windows.cpp:3275), pid=28412, tid=10796
#
# JRE version: Java(TM) SE Runtime Environment 18.9 (11.0.8+10) (build 11.0.8+10-LTS)
# Java VM: Java HotSpot(TM) 64-Bit Server VM 18.9 (11.0.8+10-LTS, mixed mode, tiered, compressed oops, g1 gc, windows-amd64)
# No core dump will be written. Minidumps are not enabled by default on client versions of Windows
#

---------------  S U M M A R Y ------------

Command Line: -XX:MaxMetaspaceSize=512m --add-opens=java.base/java.util=ALL-UNNAMED --add-opens=java.base/java.lang=ALL-UNNAMED --add-opens=java.base/java.lang.invoke=ALL-UNNAMED --add-opens=java.base/java.util=ALL-UNNAMED --add-opens=java.prefs/java.util.prefs=ALL-UNNAMED --add-opens=java.prefs/java.util.prefs=ALL-UNNAMED --add-opens=java.base/java.nio.charset=ALL-UNNAMED --add-opens=java.base/java.net=ALL-UNNAMED --add-opens=java.base/java.util.concurrent.atomic=ALL-UNNAMED -Xmx2048m -Dfile.encoding=windows-1252 -Duser.country=ID -Duser.language=en -Duser.variant org.gradle.launcher.daemon.bootstrap.GradleDaemon 7.5.1

Host: AMD Ryzen 3 3250U with Radeon Graphics         , 4 cores, 5G,  Windows 10 , 64 bit Build 19041 (10.0.19041.3155)
Time: Wed Aug 30 21:03:07 2023 Malay Peninsula Standard Time elapsed time: 63 seconds (0d 0h 1m 3s)

---------------  T H R E A D  ---------------

Current thread (0x000001fbbceed000):  VMThread "VM Thread" [stack: 0x000000fa40600000,0x000000fa40700000] [id=10796]

Stack: [0x000000fa40600000,0x000000fa40700000]
[error occurred during error reporting (printing stack bounds), id 0xc0000005, EXCEPTION_ACCESS_VIOLATION (0xc0000005) at pc=0x000001fba6e50dad]

Native frames: (J=compiled Java code, j=interpreted, Vv=VM code, C=native code)
V  [jvm.dll+0x601aea]
V  [jvm.dll+0x737fef]
V  [jvm.dll+0x739675]
V  [jvm.dll+0x739c55]
V  [jvm.dll+0x739c0b]
V  [jvm.dll+0x6013d3]
V  [jvm.dll+0x601798]
C  [ntdll.dll+0xa23df]
C  [ntdll.dll+0x514b4]
C  [ntdll.dll+0xa0eee]
C  0x000001fba6e50dad

VM_Operation (0x000000fa3fefe1f0): G1CollectForAllocation, mode: safepoint, requested by thread 0x000001fbc3047000


---------------  P R O C E S S  ---------------

Threads class SMR info:
_java_thread_list=0x000001fbbe1e4a30, length=101, elements={
0x000001fb9ea3e000, 0x000001fbbcef1800, 0x000001fbbcef5800, 0x000001fbbcf52000,
0x000001fbbcf53800, 0x000001fbbcf54800, 0x000001fbbcf58800, 0x000001fbbcf7d800,
0x000001fbbd9c4800, 0x000001fbbd9c8800, 0x000001fbbf40a000, 0x000001fbbf11c000,
0x000001fbbf7e3800, 0x000001fbbfc38000, 0x000001fbbedd0800, 0x000001fbbdc2e000,
0x000001fbbef41000, 0x000001fbbf44e000, 0x000001fbbeabe000, 0x000001fbbfacc000,
0x000001fbbface800, 0x000001fbbfacf000, 0x000001fbbfad0000, 0x000001fbbfacb000,
0x000001fbbfaca800, 0x000001fbbfad1000, 0x000001fbbfacc800, 0x000001fbbfacd800,
0x000001fbbedde800, 0x000001fbbeddc000, 0x000001fbbeddf000, 0x000001fbbeddd800,
0x000001fbbeddb000, 0x000001fbbede6800, 0x000001fbbede2800, 0x000001fbbede1800,
0x000001fbbede7800, 0x000001fbbede8000, 0x000001fbbede9000, 0x000001fbbede4000,
0x000001fbbede3800, 0x000001fbbedea000, 0x000001fbbede5000, 0x000001fbbfeca000,
0x000001fbbfec8800, 0x000001fbbfec9800, 0x000001fbbfecb000, 0x000001fbbfecc000,
0x000001fbbfec6000, 0x000001fbbfecc800, 0x000001fbbfec7000, 0x000001fbbfecd800,
0x000001fbbfec8000, 0x000001fbbfed4000, 0x000001fbbfed3000, 0x000001fbbfece800,
0x000001fbbfed1000, 0x000001fbbfed2800, 0x000001fbbfecf000, 0x000001fbbfed1800,
0x000001fbbfed5000, 0x000001fbbfed0000, 0x000001fbc303a000, 0x000001fbc303e000,
0x000001fbc303f000, 0x000001fbc303f800, 0x000001fbc303d000, 0x000001fbc303b800,
0x000001fbc3040800, 0x000001fbc303a800, 0x000001fbc3041800, 0x000001fbc3042000,
0x000001fbc303c800, 0x000001fbc3043000, 0x000001fbc3048000, 0x000001fbc3043800,
0x000001fbc3045800, 0x000001fbc3044800, 0x000001fbc3046000, 0x000001fbbe153800,
0x000001fbbe154800, 0x000001fbbe155800, 0x000001fbbe156000, 0x000001fbbe15b000,
0x000001fbbe159800, 0x000001fbbe15a000, 0x000001fbbe15c000, 0x000001fbbe158800,
0x000001fbbe15c800, 0x000001fbbe157000, 0x000001fbbe15d800, 0x000001fbbe158000,
0x000001fbbe15e800, 0x000001fbbe15f000, 0x000001fbbe160000, 0x000001fbbe161800,
0x000001fbbe162800, 0x000001fbbe161000, 0x000001fbc3047000, 0x000001fbc1a27000,
0x000001fbc1a27800
}

Java Threads: ( => current thread )
  0x000001fb9ea3e000 JavaThread "main" [_thread_blocked, id=19104, stack(0x000000fa40000000,0x000000fa40100000)]
  0x000001fbbcef1800 JavaThread "Reference Handler" daemon [_thread_blocked, id=23092, stack(0x000000fa40700000,0x000000fa40800000)]
  0x000001fbbcef5800 JavaThread "Finalizer" daemon [_thread_blocked, id=9512, stack(0x000000fa40800000,0x000000fa40900000)]
  0x000001fbbcf52000 JavaThread "Signal Dispatcher" daemon [_thread_blocked, id=9424, stack(0x000000fa40900000,0x000000fa40a00000)]
  0x000001fbbcf53800 JavaThread "Attach Listener" daemon [_thread_blocked, id=21492, stack(0x000000fa40a00000,0x000000fa40b00000)]
  0x000001fbbcf54800 JavaThread "C2 CompilerThread0" daemon [_thread_blocked, id=21880, stack(0x000000fa40b00000,0x000000fa40c00000)]
  0x000001fbbcf58800 JavaThread "C1 CompilerThread0" daemon [_thread_blocked, id=9252, stack(0x000000fa40c00000,0x000000fa40d00000)]
  0x000001fbbcf7d800 JavaThread "Sweeper thread" daemon [_thread_blocked, id=8940, stack(0x000000fa40d00000,0x000000fa40e00000)]
  0x000001fbbd9c4800 JavaThread "Common-Cleaner" daemon [_thread_blocked, id=5796, stack(0x000000fa40e00000,0x000000fa40f00000)]
  0x000001fbbd9c8800 JavaThread "Service Thread" daemon [_thread_blocked, id=22672, stack(0x000000fa40f00000,0x000000fa41000000)]
  0x000001fbbf40a000 JavaThread "Daemon health stats" [_thread_blocked, id=29588, stack(0x000000fa41300000,0x000000fa41400000)]
  0x000001fbbf11c000 JavaThread "Incoming local TCP Connector on port 62879" [_thread_in_native, id=24144, stack(0x000000fa41100000,0x000000fa41200000)]
  0x000001fbbf7e3800 JavaThread "Daemon periodic checks" [_thread_blocked, id=22388, stack(0x000000fa41600000,0x000000fa41700000)]
  0x000001fbbfc38000 JavaThread "Daemon" [_thread_blocked, id=620, stack(0x000000fa41700000,0x000000fa41800000)]
  0x000001fbbedd0800 JavaThread "Handler for socket connection from /127.0.0.1:62879 to /127.0.0.1:62880" [_thread_in_native, id=28284, stack(0x000000fa41800000,0x000000fa41900000)]
  0x000001fbbdc2e000 JavaThread "Cancel handler" [_thread_blocked, id=24160, stack(0x000000fa41900000,0x000000fa41a00000)]
  0x000001fbbef41000 JavaThread "Daemon worker" [_thread_blocked, id=14416, stack(0x000000fa41a00000,0x000000fa41b00000)]
  0x000001fbbf44e000 JavaThread "Asynchronous log dispatcher for DefaultDaemonConnection: socket connection from /127.0.0.1:62879 to /127.0.0.1:62880" [_thread_blocked, id=25988, stack(0x000000fa41b00000,0x000000fa41c00000)]
  0x000001fbbeabe000 JavaThread "Stdin handler" [_thread_blocked, id=27600, stack(0x000000fa41c00000,0x000000fa41d00000)]
  0x000001fbbfacc000 JavaThread "Daemon client event forwarder" [_thread_blocked, id=28704, stack(0x000000fa41d00000,0x000000fa41e00000)]
  0x000001fbbface800 JavaThread "Cache worker for journal cache (C:\Users\DIAN\.gradle\caches\journal-1)" [_thread_blocked, id=23084, stack(0x000000fa41e00000,0x000000fa41f00000)]
  0x000001fbbfacf000 JavaThread "File lock request listener" [_thread_in_native, id=2828, stack(0x000000fa41f00000,0x000000fa42000000)]
  0x000001fbbfad0000 JavaThread "Cache worker for file hash cache (C:\Users\DIAN\.gradle\caches\7.5.1\fileHashes)" [_thread_blocked, id=22852, stack(0x000000fa42000000,0x000000fa42100000)]
  0x000001fbbfacb000 JavaThread "File watcher server" daemon [_thread_blocked, id=22924, stack(0x000000fa42100000,0x000000fa42200000)]
  0x000001fbbfaca800 JavaThread "File watcher consumer" daemon [_thread_blocked, id=12512, stack(0x000000fa42200000,0x000000fa42300000)]
  0x000001fbbfad1000 JavaThread "Cache worker for checksums cache (C:\Users\DIAN\OneDrive\Documents\pijar camp\week9\RecipeApp\android\.gradle\7.5.1\checksums)" [_thread_blocked, id=29072, stack(0x000000fa42300000,0x000000fa42400000)]
  0x000001fbbfacc800 JavaThread "Cache worker for cache directory md-rule (C:\Users\DIAN\.gradle\caches\7.5.1\md-rule)" [_thread_blocked, id=26692, stack(0x000000fa42400000,0x000000fa42500000)]
  0x000001fbbfacd800 JavaThread "Cache worker for file content cache (C:\Users\DIAN\.gradle\caches\7.5.1\fileContent)" [_thread_blocked, id=13728, stack(0x000000fa42500000,0x000000fa42600000)]
  0x000001fbbedde800 JavaThread "Cache worker for file hash cache (C:\Users\DIAN\OneDrive\Documents\pijar camp\week9\RecipeApp\android\.gradle\7.5.1\fileHashes)" [_thread_blocked, id=17436, stack(0x000000fa42600000,0x000000fa42700000)]
  0x000001fbbeddc000 JavaThread "Cache worker for cache directory md-supplier (C:\Users\DIAN\.gradle\caches\7.5.1\md-supplier)" [_thread_blocked, id=824, stack(0x000000fa42700000,0x000000fa42800000)]
  0x000001fbbeddf000 JavaThread "Cache worker for execution history cache (C:\Users\DIAN\.gradle\caches\7.5.1\executionHistory)" [_thread_blocked, id=25172, stack(0x000000fa42900000,0x000000fa42a00000)]
  0x000001fbbeddd800 JavaThread "jar transforms" [_thread_blocked, id=16720, stack(0x000000fa42a00000,0x000000fa42b00000)]
  0x000001fbbeddb000 JavaThread "jar transforms Thread 2" [_thread_blocked, id=10744, stack(0x000000fa42b00000,0x000000fa42c00000)]
  0x000001fbbede6800 JavaThread "jar transforms Thread 3" [_thread_blocked, id=24396, stack(0x000000fa42c00000,0x000000fa42d00000)]
  0x000001fbbede2800 JavaThread "jar transforms Thread 4" [_thread_blocked, id=24052, stack(0x000000fa42d00000,0x000000fa42e00000)]
  0x000001fbbede1800 JavaThread "Cache worker for kotlin-dsl (C:\Users\DIAN\.gradle\caches\7.5.1\kotlin-dsl)" [_thread_blocked, id=24088, stack(0x000000fa42e00000,0x000000fa42f00000)]
  0x000001fbbede7800 JavaThread "Cache worker for dependencies-accessors (C:\Users\DIAN\OneDrive\Documents\pijar camp\week9\RecipeApp\android\.gradle\7.5.1\dependencies-accessors)" [_thread_blocked, id=16940, stack(0x000000fa42f00000,0x000000fa43000000)]
  0x000001fbbede8000 JavaThread "Cache worker for Build Output Cleanup Cache (C:\Users\DIAN\OneDrive\Documents\pijar camp\week9\RecipeApp\node_modules\react-native-gradle-plugin\.gradle\buildOutputCleanup)" [_thread_blocked, id=22280, stack(0x000000fa43000000,0x000000fa43100000)]
  0x000001fbbede9000 JavaThread "Unconstrained build operations" [_thread_blocked, id=21960, stack(0x000000fa43100000,0x000000fa43200000)]
  0x000001fbbede4000 JavaThread "Unconstrained build operations Thread 2" [_thread_blocked, id=18352, stack(0x000000fa43200000,0x000000fa43300000)]
  0x000001fbbede3800 JavaThread "Unconstrained build operations Thread 3" [_thread_blocked, id=15516, stack(0x000000fa43300000,0x000000fa43400000)]
  0x000001fbbedea000 JavaThread "Unconstrained build operations Thread 4" [_thread_blocked, id=25896, stack(0x000000fa43400000,0x000000fa43500000)]
  0x000001fbbede5000 JavaThread "Unconstrained build operations Thread 5" [_thread_blocked, id=25672, stack(0x000000fa43500000,0x000000fa43600000)]
  0x000001fbbfeca000 JavaThread "Unconstrained build operations Thread 6" [_thread_blocked, id=17420, stack(0x000000fa43600000,0x000000fa43700000)]
  0x000001fbbfec8800 JavaThread "Unconstrained build operations Thread 7" [_thread_blocked, id=17152, stack(0x000000fa43700000,0x000000fa43800000)]
  0x000001fbbfec9800 JavaThread "Unconstrained build operations Thread 8" [_thread_blocked, id=29420, stack(0x000000fa43800000,0x000000fa43900000)]
  0x000001fbbfecb000 JavaThread "Unconstrained build operations Thread 9" [_thread_blocked, id=11140, stack(0x000000fa43900000,0x000000fa43a00000)]
  0x000001fbbfecc000 JavaThread "Unconstrained build operations Thread 10" [_thread_blocked, id=15572, stack(0x000000fa43a00000,0x000000fa43b00000)]
  0x000001fbbfec6000 JavaThread "Unconstrained build operations Thread 11" [_thread_blocked, id=19084, stack(0x000000fa43b00000,0x000000fa43c00000)]
  0x000001fbbfecc800 JavaThread "Unconstrained build operations Thread 12" [_thread_blocked, id=21308, stack(0x000000fa43c00000,0x000000fa43d00000)]
  0x000001fbbfec7000 JavaThread "Unconstrained build operations Thread 13" [_thread_blocked, id=26052, stack(0x000000fa43d00000,0x000000fa43e00000)]
  0x000001fbbfecd800 JavaThread "Unconstrained build operations Thread 14" [_thread_blocked, id=2368, stack(0x000000fa43e00000,0x000000fa43f00000)]
  0x000001fbbfec8000 JavaThread "Unconstrained build operations Thread 15" [_thread_blocked, id=6216, stack(0x000000fa43f00000,0x000000fa44000000)]
  0x000001fbbfed4000 JavaThread "Unconstrained build operations Thread 16" [_thread_blocked, id=20420, stack(0x000000fa44000000,0x000000fa44100000)]
  0x000001fbbfed3000 JavaThread "Unconstrained build operations Thread 17" [_thread_blocked, id=19668, stack(0x000000fa44100000,0x000000fa44200000)]
  0x000001fbbfece800 JavaThread "Unconstrained build operations Thread 18" [_thread_blocked, id=12348, stack(0x000000fa44200000,0x000000fa44300000)]
  0x000001fbbfed1000 JavaThread "Unconstrained build operations Thread 19" [_thread_blocked, id=19452, stack(0x000000fa44300000,0x000000fa44400000)]
  0x000001fbbfed2800 JavaThread "Unconstrained build operations Thread 20" [_thread_blocked, id=13824, stack(0x000000fa44400000,0x000000fa44500000)]
  0x000001fbbfecf000 JavaThread "Unconstrained build operations Thread 21" [_thread_blocked, id=28476, stack(0x000000fa44500000,0x000000fa44600000)]
  0x000001fbbfed1800 JavaThread "Unconstrained build operations Thread 22" [_thread_blocked, id=26776, stack(0x000000fa44600000,0x000000fa44700000)]
  0x000001fbbfed5000 JavaThread "Unconstrained build operations Thread 23" [_thread_blocked, id=22360, stack(0x000000fa44700000,0x000000fa44800000)]
  0x000001fbbfed0000 JavaThread "Unconstrained build operations Thread 24" [_thread_blocked, id=23352, stack(0x000000fa44800000,0x000000fa44900000)]
  0x000001fbc303a000 JavaThread "Unconstrained build operations Thread 25" [_thread_blocked, id=20824, stack(0x000000fa44900000,0x000000fa44a00000)]
  0x000001fbc303e000 JavaThread "Unconstrained build operations Thread 26" [_thread_blocked, id=4752, stack(0x000000fa44a00000,0x000000fa44b00000)]
  0x000001fbc303f000 JavaThread "Unconstrained build operations Thread 27" [_thread_blocked, id=10008, stack(0x000000fa44b00000,0x000000fa44c00000)]
  0x000001fbc303f800 JavaThread "Unconstrained build operations Thread 28" [_thread_blocked, id=29444, stack(0x000000fa44c00000,0x000000fa44d00000)]
  0x000001fbc303d000 JavaThread "Unconstrained build operations Thread 29" [_thread_blocked, id=27864, stack(0x000000fa44d00000,0x000000fa44e00000)]
  0x000001fbc303b800 JavaThread "Unconstrained build operations Thread 30" [_thread_blocked, id=1524, stack(0x000000fa44e00000,0x000000fa44f00000)]
  0x000001fbc3040800 JavaThread "Unconstrained build operations Thread 31" [_thread_blocked, id=28940, stack(0x000000fa44f00000,0x000000fa45000000)]
  0x000001fbc303a800 JavaThread "Unconstrained build operations Thread 32" [_thread_blocked, id=3040, stack(0x000000fa45000000,0x000000fa45100000)]
  0x000001fbc3041800 JavaThread "Unconstrained build operations Thread 33" [_thread_blocked, id=12456, stack(0x000000fa45100000,0x000000fa45200000)]
  0x000001fbc3042000 JavaThread "build event listener" [_thread_blocked, id=10356, stack(0x000000fa45200000,0x000000fa45300000)]
  0x000001fbc303c800 JavaThread "Memory manager" [_thread_blocked, id=23056, stack(0x000000fa45300000,0x000000fa45400000)]
  0x000001fbc3043000 JavaThread "Cache worker for Build Output Cleanup Cache (C:\Users\DIAN\OneDrive\Documents\pijar camp\week9\RecipeApp\android\.gradle\buildOutputCleanup)" [_thread_blocked, id=5516, stack(0x000000fa45400000,0x000000fa45500000)]
  0x000001fbc3048000 JavaThread "included builds" [_thread_blocked, id=16260, stack(0x000000fa45500000,0x000000fa45600000)]
  0x000001fbc3043800 JavaThread "Execution worker" [_thread_blocked, id=9376, stack(0x000000fa45600000,0x000000fa45700000)]
  0x000001fbc3045800 JavaThread "Execution worker Thread 2" [_thread_blocked, id=27272, stack(0x000000fa45700000,0x000000fa45800000)]
  0x000001fbc3044800 JavaThread "Execution worker Thread 3" [_thread_blocked, id=16224, stack(0x000000fa45800000,0x000000fa45900000)]
  0x000001fbc3046000 JavaThread "Cache worker for execution history cache (C:\Users\DIAN\OneDrive\Documents\pijar camp\week9\RecipeApp\node_modules\react-native-gradle-plugin\.gradle\7.5.1\executionHistory)" [_thread_blocked, id=1172, stack(0x000000fa45900000,0x000000fa45a00000)]
  0x000001fbbe153800 JavaThread "Unconstrained build operations Thread 34" [_thread_blocked, id=22840, stack(0x000000fa45a00000,0x000000fa45b00000)]
  0x000001fbbe154800 JavaThread "Unconstrained build operations Thread 35" [_thread_blocked, id=23576, stack(0x000000fa45b00000,0x000000fa45c00000)]
  0x000001fbbe155800 JavaThread "Unconstrained build operations Thread 36" [_thread_blocked, id=700, stack(0x000000fa45c00000,0x000000fa45d00000)]
  0x000001fbbe156000 JavaThread "Unconstrained build operations Thread 37" [_thread_blocked, id=24888, stack(0x000000fa45d00000,0x000000fa45e00000)]
  0x000001fbbe15b000 JavaThread "Unconstrained build operations Thread 38" [_thread_blocked, id=23136, stack(0x000000fa45e00000,0x000000fa45f00000)]
  0x000001fbbe159800 JavaThread "Unconstrained build operations Thread 39" [_thread_blocked, id=12384, stack(0x000000fa45f00000,0x000000fa46000000)]
  0x000001fbbe15a000 JavaThread "Unconstrained build operations Thread 40" [_thread_blocked, id=10648, stack(0x000000fa46000000,0x000000fa46100000)]
  0x000001fbbe15c000 JavaThread "Cache worker for execution history cache (C:\Users\DIAN\OneDrive\Documents\pijar camp\week9\RecipeApp\android\.gradle\7.5.1\executionHistory)" [_thread_blocked, id=26900, stack(0x000000fa46200000,0x000000fa46300000)]
  0x000001fbbe158800 JavaThread "WorkerExecutor Queue" [_thread_blocked, id=24720, stack(0x000000fa46300000,0x000000fa46400000)]
  0x000001fbbe15c800 JavaThread "pool-3-thread-1" [_thread_blocked, id=20752, stack(0x000000fa46400000,0x000000fa46500000)]
  0x000001fbbe157000 JavaThread "stderr" [_thread_in_native, id=3708, stack(0x000000fa46500000,0x000000fa46600000)]
  0x000001fbbe15d800 JavaThread "stdout" [_thread_in_native, id=27444, stack(0x000000fa46600000,0x000000fa46700000)]
  0x000001fbbe158000 JavaThread "WorkerExecutor Queue Thread 2" [_thread_blocked, id=17500, stack(0x000000fa46100000,0x000000fa46200000)]
  0x000001fbbe15e800 JavaThread "Thread-77" [_thread_in_native, id=24780, stack(0x000000fa46700000,0x000000fa46800000)]
  0x000001fbbe15f000 JavaThread "WorkerExecutor Queue Thread 3" [_thread_blocked, id=13424, stack(0x000000fa46800000,0x000000fa46900000)]
  0x000001fbbe160000 JavaThread "Thread-79" [_thread_in_native, id=28520, stack(0x000000fa46900000,0x000000fa46a00000)]
  0x000001fbbe161800 JavaThread "WorkerExecutor Queue Thread 4" [_thread_blocked, id=28684, stack(0x000000fa46a00000,0x000000fa46b00000)]
  0x000001fbbe162800 JavaThread "WorkerExecutor Queue Thread 5" [_thread_blocked, id=23876, stack(0x000000fa46b00000,0x000000fa46c00000)]
  0x000001fbbe161000 JavaThread "ForkJoinPool-1-worker-3" daemon [_thread_blocked, id=19036, stack(0x000000fa3fd00000,0x000000fa3fe00000)]
  0x000001fbc3047000 JavaThread "ForkJoinPool-1-worker-5" daemon [_thread_blocked, id=21604, stack(0x000000fa3fe00000,0x000000fa3ff00000)]
  0x000001fbc1a27000 JavaThread "ForkJoinPool-1-worker-7" daemon [_thread_blocked, id=3992, stack(0x000000fa46c00000,0x000000fa46d00000)]
  0x000001fbc1a27800 JavaThread "ForkJoinPool-1-worker-1" daemon [_thread_blocked, id=17556, stack(0x000000fa46d00000,0x000000fa46e00000)]

Other Threads:
=>0x000001fbbceed000 VMThread "VM Thread" [stack: 0x000000fa40600000,0x000000fa40700000] [id=10796]
  0x000001fbbda0a000 WatcherThread [stack: 0x000000fa41000000,0x000000fa41100000] [id=13692]
  0x000001fb9ea54800 GCTaskThread "GC Thread#0" [stack: 0x000000fa40100000,0x000000fa40200000] [id=26908]
  0x000001fbbde0e800 GCTaskThread "GC Thread#1" [stack: 0x000000fa41200000,0x000000fa41300000] [id=26788]
  0x000001fbbf6a7800 GCTaskThread "GC Thread#2" [stack: 0x000000fa41400000,0x000000fa41500000] [id=29256]
  0x000001fbbf904000 GCTaskThread "GC Thread#3" [stack: 0x000000fa41500000,0x000000fa41600000] [id=25500]
  0x000001fb9ea85000 ConcurrentGCThread "G1 Main Marker" [stack: 0x000000fa40200000,0x000000fa40300000] [id=28268]
  0x000001fb9ea86000 ConcurrentGCThread "G1 Conc#0" [stack: 0x000000fa40300000,0x000000fa40400000] [id=20284]
  0x000001fb9eaf7000 ConcurrentGCThread "G1 Refine#0" [stack: 0x000000fa40400000,0x000000fa40500000] [id=14380]
  0x000001fb9eaf8000 ConcurrentGCThread "G1 Young RemSet Sampling" [stack: 0x000000fa40500000,0x000000fa40600000] [id=15596]

Threads with active compile tasks:
C2 CompilerThread0  63422 16503 %     4       com.android.tools.r8.dex.j::a @ 313 (1042 bytes)

VM state:at safepoint (normal execution)

VM Mutex/Monitor currently owned by a thread:  ([mutex/lock_event])
[0x000001fb9ea3ab00] Threads_lock - owner thread: 0x000001fbbceed000
[0x000001fb9ea3a320] Heap_lock - owner thread: 0x000001fbc3047000

Heap address: 0x0000000080000000, size: 2048 MB, Compressed Oops mode: 32-bit
Narrow klass base: 0x0000000000000000, Narrow klass shift: 3
Compressed class space size: 528482304 Address: 0x0000000100000000

Heap:
 garbage-first heap   total 394240K, used 272384K [0x0000000080000000, 0x0000000100000000)
  region size 1024K, 2 young (2048K), 2 survivors (2048K)
 Metaspace       used 119725K, capacity 123393K, committed 123596K, reserved 622592K
  class space    used 15741K, capacity 17148K, committed 17228K, reserved 516096K
Heap Regions: E=young(eden), S=young(survivor), O=old, HS=humongous(starts), HC=humongous(continues), CS=collection set, F=free, A=archive, TAMS=top-at-mark-start (previous, next)
|   0|0x0000000080000000, 0x0000000080100000, 0x0000000080100000|100%|HS|  |TAMS 0x0000000080100000, 0x0000000080100000| Complete 
|   1|0x0000000080100000, 0x0000000080200000, 0x0000000080200000|100%|HC|  |TAMS 0x0000000080200000, 0x0000000080200000| Complete 
|   2|0x0000000080200000, 0x0000000080300000, 0x0000000080300000|100%|HC|  |TAMS 0x0000000080300000, 0x0000000080300000| Complete 
|   3|0x0000000080300000, 0x0000000080400000, 0x0000000080400000|100%| O|  |TAMS 0x0000000080400000, 0x0000000080400000| Untracked 
|   4|0x0000000080400000, 0x0000000080500000, 0x0000000080500000|100%| O|  |TAMS 0x0000000080500000, 0x0000000080500000| Untracked 
|   5|0x0000000080500000, 0x0000000080600000, 0x0000000080600000|100%| O|  |TAMS 0x0000000080600000, 0x0000000080600000| Untracked 
|   6|0x0000000080600000, 0x0000000080700000, 0x0000000080700000|100%| O|  |TAMS 0x0000000080700000, 0x0000000080700000| Untracked 
|   7|0x0000000080700000, 0x0000000080800000, 0x0000000080800000|100%| O|  |TAMS 0x0000000080800000, 0x0000000080800000| Untracked 
|   8|0x0000000080800000, 0x0000000080900000, 0x0000000080900000|100%| O|  |TAMS 0x0000000080900000, 0x0000000080900000| Untracked 
|   9|0x0000000080900000, 0x0000000080a00000, 0x0000000080a00000|100%| O|  |TAMS 0x0000000080a00000, 0x0000000080a00000| Untracked 
|  10|0x0000000080a00000, 0x0000000080b00000, 0x0000000080b00000|100%| O|  |TAMS 0x0000000080b00000, 0x0000000080b00000| Untracked 
|  11|0x0000000080b00000, 0x0000000080c00000, 0x0000000080c00000|100%| O|  |TAMS 0x0000000080c00000, 0x0000000080c00000| Untracked 
|  12|0x0000000080c00000, 0x0000000080d00000, 0x0000000080d00000|100%| O|  |TAMS 0x0000000080d00000, 0x0000000080d00000| Untracked 
|  13|0x0000000080d00000, 0x0000000080e00000, 0x0000000080e00000|100%| O|  |TAMS 0x0000000080e00000, 0x0000000080e00000| Untracked 
|  14|0x0000000080e00000, 0x0000000080f00000, 0x0000000080f00000|100%| O|  |TAMS 0x0000000080f00000, 0x0000000080f00000| Untracked 
|  15|0x0000000080f00000, 0x0000000081000000, 0x0000000081000000|100%| O|  |TAMS 0x0000000081000000, 0x0000000081000000| Untracked 
|  16|0x0000000081000000, 0x0000000081100000, 0x0000000081100000|100%| O|  |TAMS 0x0000000081100000, 0x0000000081100000| Untracked 
|  17|0x0000000081100000, 0x0000000081200000, 0x0000000081200000|100%| O|  |TAMS 0x0000000081200000, 0x0000000081200000| Untracked 
|  18|0x0000000081200000, 0x0000000081300000, 0x0000000081300000|100%| O|  |TAMS 0x0000000081300000, 0x0000000081300000| Untracked 
|  19|0x0000000081300000, 0x0000000081400000, 0x0000000081400000|100%| O|  |TAMS 0x0000000081400000, 0x0000000081400000| Untracked 
|  20|0x0000000081400000, 0x0000000081500000, 0x0000000081500000|100%| O|  |TAMS 0x0000000081500000, 0x0000000081500000| Untracked 
|  21|0x0000000081500000, 0x0000000081600000, 0x0000000081600000|100%| O|  |TAMS 0x0000000081600000, 0x0000000081600000| Untracked 
|  22|0x0000000081600000, 0x0000000081700000, 0x0000000081700000|100%| O|  |TAMS 0x0000000081700000, 0x0000000081700000| Untracked 
|  23|0x0000000081700000, 0x0000000081800000, 0x0000000081800000|100%| O|  |TAMS 0x0000000081800000, 0x0000000081800000| Untracked 
|  24|0x0000000081800000, 0x0000000081900000, 0x0000000081900000|100%| O|  |TAMS 0x0000000081900000, 0x0000000081900000| Untracked 
|  25|0x0000000081900000, 0x0000000081a00000, 0x0000000081a00000|100%| O|  |TAMS 0x0000000081a00000, 0x0000000081a00000| Untracked 
|  26|0x0000000081a00000, 0x0000000081b00000, 0x0000000081b00000|100%| O|  |TAMS 0x0000000081b00000, 0x0000000081b00000| Untracked 
|  27|0x0000000081b00000, 0x0000000081c00000, 0x0000000081c00000|100%| O|  |TAMS 0x0000000081c00000, 0x0000000081c00000| Untracked 
|  28|0x0000000081c00000, 0x0000000081d00000, 0x0000000081d00000|100%| O|  |TAMS 0x0000000081d00000, 0x0000000081d00000| Untracked 
|  29|0x0000000081d00000, 0x0000000081e00000, 0x0000000081e00000|100%| O|  |TAMS 0x0000000081e00000, 0x0000000081e00000| Untracked 
|  30|0x0000000081e00000, 0x0000000081f00000, 0x0000000081f00000|100%|HS|  |TAMS 0x0000000081f00000, 0x0000000081f00000| Complete 
|  31|0x0000000081f00000, 0x0000000082000000, 0x0000000082000000|100%|HS|  |TAMS 0x0000000082000000, 0x0000000082000000| Complete 
|  32|0x0000000082000000, 0x0000000082100000, 0x0000000082100000|100%|HC|  |TAMS 0x0000000082100000, 0x0000000082100000| Complete 
|  33|0x0000000082100000, 0x0000000082200000, 0x0000000082200000|100%|HC|  |TAMS 0x0000000082200000, 0x0000000082200000| Complete 
|  34|0x0000000082200000, 0x0000000082300000, 0x0000000082300000|100%| O|  |TAMS 0x0000000082300000, 0x0000000082300000| Untracked 
|  35|0x0000000082300000, 0x0000000082400000, 0x0000000082400000|100%| O|  |TAMS 0x0000000082400000, 0x0000000082400000| Untracked 
|  36|0x0000000082400000, 0x0000000082500000, 0x0000000082500000|100%| O|  |TAMS 0x0000000082500000, 0x0000000082500000| Untracked 
|  37|0x0000000082500000, 0x0000000082600000, 0x0000000082600000|100%| O|  |TAMS 0x0000000082600000, 0x0000000082600000| Untracked 
|  38|0x0000000082600000, 0x0000000082700000, 0x0000000082700000|100%| O|  |TAMS 0x0000000082700000, 0x0000000082700000| Untracked 
|  39|0x0000000082700000, 0x0000000082800000, 0x0000000082800000|100%| O|  |TAMS 0x0000000082800000, 0x0000000082800000| Untracked 
|  40|0x0000000082800000, 0x0000000082900000, 0x0000000082900000|100%| O|  |TAMS 0x0000000082900000, 0x0000000082900000| Untracked 
|  41|0x0000000082900000, 0x0000000082a00000, 0x0000000082a00000|100%| O|  |TAMS 0x0000000082a00000, 0x0000000082a00000| Untracked 
|  42|0x0000000082a00000, 0x0000000082b00000, 0x0000000082b00000|100%| O|  |TAMS 0x0000000082b00000, 0x0000000082b00000| Untracked 
|  43|0x0000000082b00000, 0x0000000082c00000, 0x0000000082c00000|100%| O|  |TAMS 0x0000000082c00000, 0x0000000082c00000| Untracked 
|  44|0x0000000082c00000, 0x0000000082d00000, 0x0000000082d00000|100%| O|  |TAMS 0x0000000082d00000, 0x0000000082d00000| Untracked 
|  45|0x0000000082d00000, 0x0000000082e00000, 0x0000000082e00000|100%| O|  |TAMS 0x0000000082e00000, 0x0000000082e00000| Untracked 
|  46|0x0000000082e00000, 0x0000000082f00000, 0x0000000082f00000|100%|HS|  |TAMS 0x0000000082f00000, 0x0000000082f00000| Complete 
|  47|0x0000000082f00000, 0x0000000083000000, 0x0000000083000000|100%|HS|  |TAMS 0x0000000083000000, 0x0000000083000000| Complete 
|  48|0x0000000083000000, 0x0000000083100000, 0x0000000083100000|100%|HS|  |TAMS 0x0000000083100000, 0x0000000083100000| Complete 
|  49|0x0000000083100000, 0x0000000083200000, 0x0000000083200000|100%|HC|  |TAMS 0x0000000083200000, 0x0000000083200000| Complete 
|  50|0x0000000083200000, 0x0000000083300000, 0x0000000083300000|100%| O|  |TAMS 0x0000000083300000, 0x0000000083300000| Untracked 
|  51|0x0000000083300000, 0x0000000083400000, 0x0000000083400000|100%| O|  |TAMS 0x0000000083400000, 0x0000000083400000| Untracked 
|  52|0x0000000083400000, 0x0000000083500000, 0x0000000083500000|100%| O|  |TAMS 0x0000000083500000, 0x0000000083500000| Untracked 
|  53|0x0000000083500000, 0x0000000083600000, 0x0000000083600000|100%| O|  |TAMS 0x0000000083600000, 0x0000000083600000| Untracked 
|  54|0x0000000083600000, 0x0000000083700000, 0x0000000083700000|100%| O|  |TAMS 0x0000000083700000, 0x0000000083700000| Untracked 
|  55|0x0000000083700000, 0x0000000083800000, 0x0000000083800000|100%| O|  |TAMS 0x0000000083800000, 0x0000000083800000| Untracked 
|  56|0x0000000083800000, 0x0000000083900000, 0x0000000083900000|100%| O|  |TAMS 0x0000000083900000, 0x0000000083900000| Untracked 
|  57|0x0000000083900000, 0x0000000083a00000, 0x0000000083a00000|100%| O|  |TAMS 0x0000000083a00000, 0x0000000083a00000| Untracked 
|  58|0x0000000083a00000, 0x0000000083b00000, 0x0000000083b00000|100%| O|  |TAMS 0x0000000083b00000, 0x0000000083b00000| Untracked 
|  59|0x0000000083b00000, 0x0000000083c00000, 0x0000000083c00000|100%| O|  |TAMS 0x0000000083c00000, 0x0000000083c00000| Untracked 
|  60|0x0000000083c00000, 0x0000000083d00000, 0x0000000083d00000|100%| O|  |TAMS 0x0000000083d00000, 0x0000000083d00000| Untracked 
|  61|0x0000000083d00000, 0x0000000083e00000, 0x0000000083e00000|100%| O|  |TAMS 0x0000000083e00000, 0x0000000083e00000| Untracked 
|  62|0x0000000083e00000, 0x0000000083f00000, 0x0000000083f00000|100%| O|  |TAMS 0x0000000083f00000, 0x0000000083f00000| Untracked 
|  63|0x0000000083f00000, 0x0000000084000000, 0x0000000084000000|100%| O|  |TAMS 0x0000000084000000, 0x0000000084000000| Untracked 
|  64|0x0000000084000000, 0x0000000084100000, 0x0000000084100000|100%| O|  |TAMS 0x0000000084100000, 0x0000000084100000| Untracked 
|  65|0x0000000084100000, 0x0000000084200000, 0x0000000084200000|100%| O|  |TAMS 0x0000000084200000, 0x0000000084200000| Untracked 
|  66|0x0000000084200000, 0x0000000084300000, 0x0000000084300000|100%| O|  |TAMS 0x0000000084300000, 0x0000000084300000| Untracked 
|  67|0x0000000084300000, 0x0000000084400000, 0x0000000084400000|100%| O|  |TAMS 0x0000000084400000, 0x0000000084400000| Untracked 
|  68|0x0000000084400000, 0x0000000084500000, 0x0000000084500000|100%| O|  |TAMS 0x0000000084500000, 0x0000000084500000| Untracked 
|  69|0x0000000084500000, 0x0000000084600000, 0x0000000084600000|100%| O|  |TAMS 0x0000000084600000, 0x0000000084600000| Untracked 
|  70|0x0000000084600000, 0x0000000084700000, 0x0000000084700000|100%| O|  |TAMS 0x0000000084700000, 0x0000000084700000| Untracked 
|  71|0x0000000084700000, 0x0000000084800000, 0x0000000084800000|100%| O|  |TAMS 0x0000000084800000, 0x0000000084800000| Untracked 
|  72|0x0000000084800000, 0x0000000084900000, 0x0000000084900000|100%| O|  |TAMS 0x0000000084900000, 0x0000000084900000| Untracked 
|  73|0x0000000084900000, 0x0000000084a00000, 0x0000000084a00000|100%| O|  |TAMS 0x0000000084a00000, 0x0000000084a00000| Untracked 
|  74|0x0000000084a00000, 0x0000000084b00000, 0x0000000084b00000|100%| O|  |TAMS 0x0000000084b00000, 0x0000000084b00000| Untracked 
|  75|0x0000000084b00000, 0x0000000084c00000, 0x0000000084c00000|100%| O|  |TAMS 0x0000000084c00000, 0x0000000084c00000| Untracked 
|  76|0x0000000084c00000, 0x0000000084d00000, 0x0000000084d00000|100%| O|  |TAMS 0x0000000084d00000, 0x0000000084d00000| Untracked 
|  77|0x0000000084d00000, 0x0000000084e00000, 0x0000000084e00000|100%| O|  |TAMS 0x0000000084e00000, 0x0000000084e00000| Untracked 
|  78|0x0000000084e00000, 0x0000000084f00000, 0x0000000084f00000|100%| O|  |TAMS 0x0000000084f00000, 0x0000000084f00000| Untracked 
|  79|0x0000000084f00000, 0x0000000085000000, 0x0000000085000000|100%| O|  |TAMS 0x0000000085000000, 0x0000000085000000| Untracked 
|  80|0x0000000085000000, 0x0000000085100000, 0x0000000085100000|100%| O|  |TAMS 0x0000000085100000, 0x0000000085100000| Untracked 
|  81|0x0000000085100000, 0x0000000085200000, 0x0000000085200000|100%| O|  |TAMS 0x0000000085200000, 0x0000000085200000| Untracked 
|  82|0x0000000085200000, 0x0000000085300000, 0x0000000085300000|100%|HS|  |TAMS 0x0000000085300000, 0x0000000085300000| Complete 
|  83|0x0000000085300000, 0x0000000085400000, 0x0000000085400000|100%|HC|  |TAMS 0x0000000085400000, 0x0000000085400000| Complete 
|  84|0x0000000085400000, 0x0000000085500000, 0x0000000085500000|100%|HS|  |TAMS 0x0000000085500000, 0x0000000085500000| Complete 
|  85|0x0000000085500000, 0x0000000085600000, 0x0000000085600000|100%|HC|  |TAMS 0x0000000085600000, 0x0000000085600000| Complete 
|  86|0x0000000085600000, 0x0000000085700000, 0x0000000085700000|100%|HC|  |TAMS 0x0000000085700000, 0x0000000085700000| Complete 
|  87|0x0000000085700000, 0x0000000085800000, 0x0000000085800000|100%|HC|  |TAMS 0x0000000085800000, 0x0000000085800000| Complete 
|  88|0x0000000085800000, 0x0000000085900000, 0x0000000085900000|100%| O|  |TAMS 0x0000000085900000, 0x0000000085900000| Untracked 
|  89|0x0000000085900000, 0x0000000085a00000, 0x0000000085a00000|100%| O|  |TAMS 0x0000000085a00000, 0x0000000085a00000| Untracked 
|  90|0x0000000085a00000, 0x0000000085b00000, 0x0000000085b00000|100%| O|  |TAMS 0x0000000085b00000, 0x0000000085b00000| Untracked 
|  91|0x0000000085b00000, 0x0000000085c00000, 0x0000000085c00000|100%| O|  |TAMS 0x0000000085c00000, 0x0000000085c00000| Untracked 
|  92|0x0000000085c00000, 0x0000000085d00000, 0x0000000085d00000|100%| O|  |TAMS 0x0000000085d00000, 0x0000000085d00000| Untracked 
|  93|0x0000000085d00000, 0x0000000085e00000, 0x0000000085e00000|100%| O|  |TAMS 0x0000000085e00000, 0x0000000085e00000| Untracked 
|  94|0x0000000085e00000, 0x0000000085f00000, 0x0000000085f00000|100%| O|  |TAMS 0x0000000085f00000, 0x0000000085f00000| Untracked 
|  95|0x0000000085f00000, 0x0000000086000000, 0x0000000086000000|100%| O|  |TAMS 0x0000000086000000, 0x0000000086000000| Untracked 
|  96|0x0000000086000000, 0x0000000086100000, 0x0000000086100000|100%| O|  |TAMS 0x0000000086100000, 0x0000000086100000| Untracked 
|  97|0x0000000086100000, 0x0000000086200000, 0x0000000086200000|100%| O|  |TAMS 0x0000000086200000, 0x0000000086200000| Untracked 
|  98|0x0000000086200000, 0x0000000086300000, 0x0000000086300000|100%| O|  |TAMS 0x0000000086300000, 0x0000000086300000| Untracked 
|  99|0x0000000086300000, 0x0000000086400000, 0x0000000086400000|100%|HS|  |TAMS 0x0000000086400000, 0x0000000086400000| Complete 
| 100|0x0000000086400000, 0x0000000086500000, 0x0000000086500000|100%|HS|  |TAMS 0x0000000086500000, 0x0000000086500000| Complete 
| 101|0x0000000086500000, 0x0000000086600000, 0x0000000086600000|100%|HS|  |TAMS 0x0000000086600000, 0x0000000086600000| Complete 
| 102|0x0000000086600000, 0x0000000086700000, 0x0000000086700000|100%|HS|  |TAMS 0x0000000086700000, 0x0000000086700000| Complete 
| 103|0x0000000086700000, 0x0000000086800000, 0x0000000086800000|100%|HC|  |TAMS 0x0000000086800000, 0x0000000086800000| Complete 
| 104|0x0000000086800000, 0x0000000086900000, 0x0000000086900000|100%|HC|  |TAMS 0x0000000086900000, 0x0000000086900000| Complete 
| 105|0x0000000086900000, 0x0000000086a00000, 0x0000000086a00000|100%| O|  |TAMS 0x0000000086a00000, 0x0000000086a00000| Untracked 
| 106|0x0000000086a00000, 0x0000000086b00000, 0x0000000086b00000|100%| O|  |TAMS 0x0000000086b00000, 0x0000000086b00000| Untracked 
| 107|0x0000000086b00000, 0x0000000086c00000, 0x0000000086c00000|100%| O|  |TAMS 0x0000000086c00000, 0x0000000086c00000| Untracked 
| 108|0x0000000086c00000, 0x0000000086d00000, 0x0000000086d00000|100%| O|  |TAMS 0x0000000086d00000, 0x0000000086d00000| Untracked 
| 109|0x0000000086d00000, 0x0000000086e00000, 0x0000000086e00000|100%| O|  |TAMS 0x0000000086e00000, 0x0000000086e00000| Untracked 
| 110|0x0000000086e00000, 0x0000000086f00000, 0x0000000086f00000|100%| O|  |TAMS 0x0000000086f00000, 0x0000000086f00000| Untracked 
| 111|0x0000000086f00000, 0x0000000087000000, 0x0000000087000000|100%|HS|  |TAMS 0x0000000087000000, 0x0000000087000000| Complete 
| 112|0x0000000087000000, 0x0000000087100000, 0x0000000087100000|100%|HS|  |TAMS 0x0000000087100000, 0x0000000087100000| Complete 
| 113|0x0000000087100000, 0x0000000087200000, 0x0000000087200000|100%| O|  |TAMS 0x0000000087200000, 0x0000000087200000| Untracked 
| 114|0x0000000087200000, 0x0000000087300000, 0x0000000087300000|100%| O|  |TAMS 0x0000000087300000, 0x0000000087300000| Untracked 
| 115|0x0000000087300000, 0x0000000087400000, 0x0000000087400000|100%| O|  |TAMS 0x0000000087400000, 0x0000000087400000| Untracked 
| 116|0x0000000087400000, 0x0000000087500000, 0x0000000087500000|100%| O|  |TAMS 0x0000000087500000, 0x0000000087500000| Untracked 
| 117|0x0000000087500000, 0x0000000087600000, 0x0000000087600000|100%|HS|  |TAMS 0x0000000087600000, 0x0000000087600000| Complete 
| 118|0x0000000087600000, 0x0000000087700000, 0x0000000087700000|100%|HC|  |TAMS 0x0000000087700000, 0x0000000087700000| Complete 
| 119|0x0000000087700000, 0x0000000087800000, 0x0000000087800000|100%|HC|  |TAMS 0x0000000087800000, 0x0000000087800000| Complete 
| 120|0x0000000087800000, 0x0000000087900000, 0x0000000087900000|100%| O|  |TAMS 0x0000000087900000, 0x0000000087900000| Untracked 
| 121|0x0000000087900000, 0x0000000087a00000, 0x0000000087a00000|100%| O|  |TAMS 0x0000000087a00000, 0x0000000087a00000| Untracked 
| 122|0x0000000087a00000, 0x0000000087b00000, 0x0000000087b00000|100%| O|  |TAMS 0x0000000087b00000, 0x0000000087b00000| Untracked 
| 123|0x0000000087b00000, 0x0000000087c00000, 0x0000000087c00000|100%| O|  |TAMS 0x0000000087c00000, 0x0000000087c00000| Untracked 
| 124|0x0000000087c00000, 0x0000000087d00000, 0x0000000087d00000|100%| O|  |TAMS 0x0000000087d00000, 0x0000000087d00000| Untracked 
| 125|0x0000000087d00000, 0x0000000087e00000, 0x0000000087e00000|100%| O|  |TAMS 0x0000000087e00000, 0x0000000087e00000| Untracked 
| 126|0x0000000087e00000, 0x0000000087f00000, 0x0000000087f00000|100%| O|  |TAMS 0x0000000087f00000, 0x0000000087f00000| Untracked 
| 127|0x0000000087f00000, 0x0000000088000000, 0x0000000088000000|100%| O|  |TAMS 0x0000000088000000, 0x0000000088000000| Untracked 
| 128|0x0000000088000000, 0x0000000088100000, 0x0000000088100000|100%| O|  |TAMS 0x0000000088100000, 0x0000000088100000| Untracked 
| 129|0x0000000088100000, 0x0000000088200000, 0x0000000088200000|100%| O|  |TAMS 0x0000000088200000, 0x0000000088200000| Untracked 
| 130|0x0000000088200000, 0x0000000088300000, 0x0000000088300000|100%| O|  |TAMS 0x0000000088300000, 0x0000000088300000| Untracked 
| 131|0x0000000088300000, 0x0000000088400000, 0x0000000088400000|100%| O|  |TAMS 0x0000000088400000, 0x0000000088400000| Untracked 
| 132|0x0000000088400000, 0x0000000088500000, 0x0000000088500000|100%| O|  |TAMS 0x0000000088500000, 0x0000000088500000| Untracked 
| 133|0x0000000088500000, 0x0000000088600000, 0x0000000088600000|100%| O|  |TAMS 0x0000000088600000, 0x0000000088600000| Untracked 
| 134|0x0000000088600000, 0x0000000088700000, 0x0000000088700000|100%| O|  |TAMS 0x0000000088700000, 0x0000000088700000| Untracked 
| 135|0x0000000088700000, 0x0000000088800000, 0x0000000088800000|100%| O|  |TAMS 0x0000000088800000, 0x0000000088800000| Untracked 
| 136|0x0000000088800000, 0x0000000088900000, 0x0000000088900000|100%| O|  |TAMS 0x0000000088900000, 0x0000000088900000| Untracked 
| 137|0x0000000088900000, 0x0000000088a00000, 0x0000000088a00000|100%| O|  |TAMS 0x0000000088a00000, 0x0000000088a00000| Untracked 
| 138|0x0000000088a00000, 0x0000000088b00000, 0x0000000088b00000|100%| O|  |TAMS 0x0000000088b00000, 0x0000000088b00000| Untracked 
| 139|0x0000000088b00000, 0x0000000088c00000, 0x0000000088c00000|100%| O|  |TAMS 0x0000000088c00000, 0x0000000088c00000| Untracked 
| 140|0x0000000088c00000, 0x0000000088d00000, 0x0000000088d00000|100%| O|  |TAMS 0x0000000088d00000, 0x0000000088d00000| Untracked 
| 141|0x0000000088d00000, 0x0000000088e00000, 0x0000000088e00000|100%| O|  |TAMS 0x0000000088e00000, 0x0000000088e00000| Untracked 
| 142|0x0000000088e00000, 0x0000000088f00000, 0x0000000088f00000|100%| O|  |TAMS 0x0000000088f00000, 0x0000000088f00000| Untracked 
| 143|0x0000000088f00000, 0x0000000089000000, 0x0000000089000000|100%| O|  |TAMS 0x0000000089000000, 0x0000000089000000| Untracked 
| 144|0x0000000089000000, 0x0000000089100000, 0x0000000089100000|100%| O|  |TAMS 0x0000000089100000, 0x0000000089100000| Untracked 
| 145|0x0000000089100000, 0x0000000089200000, 0x0000000089200000|100%| O|  |TAMS 0x0000000089200000, 0x0000000089200000| Untracked 
| 146|0x0000000089200000, 0x0000000089300000, 0x0000000089300000|100%| O|  |TAMS 0x0000000089300000, 0x0000000089300000| Untracked 
| 147|0x0000000089300000, 0x0000000089400000, 0x0000000089400000|100%| O|  |TAMS 0x0000000089400000, 0x0000000089400000| Untracked 
| 148|0x0000000089400000, 0x0000000089500000, 0x0000000089500000|100%| O|  |TAMS 0x0000000089500000, 0x0000000089500000| Untracked 
| 149|0x0000000089500000, 0x0000000089600000, 0x0000000089600000|100%| O|  |TAMS 0x0000000089600000, 0x0000000089600000| Untracked 
| 150|0x0000000089600000, 0x0000000089700000, 0x0000000089700000|100%| O|  |TAMS 0x0000000089700000, 0x0000000089700000| Untracked 
| 151|0x0000000089700000, 0x0000000089800000, 0x0000000089800000|100%| O|  |TAMS 0x0000000089800000, 0x0000000089800000| Untracked 
| 152|0x0000000089800000, 0x0000000089900000, 0x0000000089900000|100%| O|  |TAMS 0x0000000089900000, 0x0000000089900000| Untracked 
| 153|0x0000000089900000, 0x0000000089a00000, 0x0000000089a00000|100%| O|  |TAMS 0x0000000089a00000, 0x0000000089a00000| Untracked 
| 154|0x0000000089a00000, 0x0000000089b00000, 0x0000000089b00000|100%| O|  |TAMS 0x0000000089b00000, 0x0000000089b00000| Untracked 
| 155|0x0000000089b00000, 0x0000000089c00000, 0x0000000089c00000|100%| O|  |TAMS 0x0000000089c00000, 0x0000000089c00000| Untracked 
| 156|0x0000000089c00000, 0x0000000089d00000, 0x0000000089d00000|100%| O|  |TAMS 0x0000000089d00000, 0x0000000089d00000| Untracked 
| 157|0x0000000089d00000, 0x0000000089e00000, 0x0000000089e00000|100%| O|  |TAMS 0x0000000089e00000, 0x0000000089e00000| Untracked 
| 158|0x0000000089e00000, 0x0000000089f00000, 0x0000000089f00000|100%| O|  |TAMS 0x0000000089f00000, 0x0000000089f00000| Untracked 
| 159|0x0000000089f00000, 0x000000008a000000, 0x000000008a000000|100%| O|  |TAMS 0x000000008a000000, 0x000000008a000000| Untracked 
| 160|0x000000008a000000, 0x000000008a100000, 0x000000008a100000|100%| O|  |TAMS 0x000000008a100000, 0x000000008a100000| Untracked 
| 161|0x000000008a100000, 0x000000008a200000, 0x000000008a200000|100%|HS|  |TAMS 0x000000008a200000, 0x000000008a200000| Complete 
| 162|0x000000008a200000, 0x000000008a300000, 0x000000008a300000|100%|HC|  |TAMS 0x000000008a300000, 0x000000008a300000| Complete 
| 163|0x000000008a300000, 0x000000008a400000, 0x000000008a400000|100%|HS|  |TAMS 0x000000008a400000, 0x000000008a400000| Complete 
| 164|0x000000008a400000, 0x000000008a500000, 0x000000008a500000|100%|HS|  |TAMS 0x000000008a500000, 0x000000008a500000| Complete 
| 165|0x000000008a500000, 0x000000008a600000, 0x000000008a600000|100%|HS|  |TAMS 0x000000008a600000, 0x000000008a600000| Complete 
| 166|0x000000008a600000, 0x000000008a700000, 0x000000008a700000|100%|HS|  |TAMS 0x000000008a700000, 0x000000008a700000| Complete 
| 167|0x000000008a700000, 0x000000008a800000, 0x000000008a800000|100%|HS|  |TAMS 0x000000008a800000, 0x000000008a800000| Complete 
| 168|0x000000008a800000, 0x000000008a900000, 0x000000008a900000|100%|HC|  |TAMS 0x000000008a900000, 0x000000008a900000| Complete 
| 169|0x000000008a900000, 0x000000008aa00000, 0x000000008aa00000|100%|HC|  |TAMS 0x000000008aa00000, 0x000000008aa00000| Complete 
| 170|0x000000008aa00000, 0x000000008ab00000, 0x000000008ab00000|100%| O|  |TAMS 0x000000008ab00000, 0x000000008ab00000| Untracked 
| 171|0x000000008ab00000, 0x000000008ac00000, 0x000000008ac00000|100%| O|  |TAMS 0x000000008ac00000, 0x000000008ac00000| Untracked 
| 172|0x000000008ac00000, 0x000000008ad00000, 0x000000008ad00000|100%| O|  |TAMS 0x000000008ad00000, 0x000000008ad00000| Untracked 
| 173|0x000000008ad00000, 0x000000008ae00000, 0x000000008ae00000|100%| O|  |TAMS 0x000000008ae00000, 0x000000008ae00000| Untracked 
| 174|0x000000008ae00000, 0x000000008af00000, 0x000000008af00000|100%| O|  |TAMS 0x000000008af00000, 0x000000008af00000| Untracked 
| 175|0x000000008af00000, 0x000000008b000000, 0x000000008b000000|100%| O|  |TAMS 0x000000008b000000, 0x000000008b000000| Untracked 
| 176|0x000000008b000000, 0x000000008b100000, 0x000000008b100000|100%| O|  |TAMS 0x000000008b100000, 0x000000008b100000| Untracked 
| 177|0x000000008b100000, 0x000000008b200000, 0x000000008b200000|100%| O|  |TAMS 0x000000008b200000, 0x000000008b200000| Untracked 
| 178|0x000000008b200000, 0x000000008b300000, 0x000000008b300000|100%|HS|  |TAMS 0x000000008b300000, 0x000000008b300000| Complete 
| 179|0x000000008b300000, 0x000000008b400000, 0x000000008b400000|100%|HC|  |TAMS 0x000000008b400000, 0x000000008b400000| Complete 
| 180|0x000000008b400000, 0x000000008b500000, 0x000000008b500000|100%| O|  |TAMS 0x000000008b500000, 0x000000008b500000| Untracked 
| 181|0x000000008b500000, 0x000000008b600000, 0x000000008b600000|100%|HS|  |TAMS 0x000000008b600000, 0x000000008b600000| Complete 
| 182|0x000000008b600000, 0x000000008b700000, 0x000000008b700000|100%| O|  |TAMS 0x000000008b700000, 0x000000008b700000| Untracked 
| 183|0x000000008b700000, 0x000000008b800000, 0x000000008b800000|100%|HS|  |TAMS 0x000000008b800000, 0x000000008b800000| Complete 
| 184|0x000000008b800000, 0x000000008b900000, 0x000000008b900000|100%| O|  |TAMS 0x000000008b900000, 0x000000008b900000| Untracked 
| 185|0x000000008b900000, 0x000000008ba00000, 0x000000008ba00000|100%|HS|  |TAMS 0x000000008ba00000, 0x000000008ba00000| Complete 
| 186|0x000000008ba00000, 0x000000008bb00000, 0x000000008bb00000|100%| O|  |TAMS 0x000000008bb00000, 0x000000008bb00000| Untracked 
| 187|0x000000008bb00000, 0x000000008bc00000, 0x000000008bc00000|100%|HS|  |TAMS 0x000000008bc00000, 0x000000008bc00000| Complete 
| 188|0x000000008bc00000, 0x000000008bd00000, 0x000000008bd00000|100%| O|  |TAMS 0x000000008bcdb600, 0x000000008bd00000| Untracked 
| 189|0x000000008bd00000, 0x000000008be00000, 0x000000008be00000|100%|HS|  |TAMS 0x000000008bd00000, 0x000000008be00000| Complete 
| 190|0x000000008be00000, 0x000000008bf00000, 0x000000008bf00000|100%|HS|  |TAMS 0x000000008be00000, 0x000000008bf00000| Complete 
| 191|0x000000008bf00000, 0x000000008c000000, 0x000000008c000000|100%| O|  |TAMS 0x000000008bf00000, 0x000000008c000000| Untracked 
| 192|0x000000008c000000, 0x000000008c100000, 0x000000008c100000|100%| O|  |TAMS 0x000000008c000000, 0x000000008c100000| Untracked 
| 193|0x000000008c100000, 0x000000008c200000, 0x000000008c200000|100%| O|  |TAMS 0x000000008c100000, 0x000000008c200000| Untracked 
| 194|0x000000008c200000, 0x000000008c300000, 0x000000008c300000|100%|HS|  |TAMS 0x000000008c300000, 0x000000008c300000| Complete 
| 195|0x000000008c300000, 0x000000008c400000, 0x000000008c400000|100%|HC|  |TAMS 0x000000008c400000, 0x000000008c400000| Complete 
| 196|0x000000008c400000, 0x000000008c500000, 0x000000008c500000|100%|HC|  |TAMS 0x000000008c500000, 0x000000008c500000| Complete 
| 197|0x000000008c500000, 0x000000008c600000, 0x000000008c600000|100%| O|  |TAMS 0x000000008c600000, 0x000000008c600000| Untracked 
| 198|0x000000008c600000, 0x000000008c700000, 0x000000008c700000|100%| O|  |TAMS 0x000000008c700000, 0x000000008c700000| Untracked 
| 199|0x000000008c700000, 0x000000008c800000, 0x000000008c800000|100%| O|  |TAMS 0x000000008c800000, 0x000000008c800000| Untracked 
| 200|0x000000008c800000, 0x000000008c900000, 0x000000008c900000|100%| O|  |TAMS 0x000000008c900000, 0x000000008c900000| Untracked 
| 201|0x000000008c900000, 0x000000008ca00000, 0x000000008ca00000|100%| O|  |TAMS 0x000000008ca00000, 0x000000008ca00000| Untracked 
| 202|0x000000008ca00000, 0x000000008cb00000, 0x000000008cb00000|100%| O|  |TAMS 0x000000008cb00000, 0x000000008cb00000| Untracked 
| 203|0x000000008cb00000, 0x000000008cc00000, 0x000000008cc00000|100%| O|  |TAMS 0x000000008cc00000, 0x000000008cc00000| Untracked 
| 204|0x000000008cc00000, 0x000000008cd00000, 0x000000008cd00000|100%| O|  |TAMS 0x000000008cd00000, 0x000000008cd00000| Untracked 
| 205|0x000000008cd00000, 0x000000008ce00000, 0x000000008ce00000|100%| O|  |TAMS 0x000000008ce00000, 0x000000008ce00000| Untracked 
| 206|0x000000008ce00000, 0x000000008cf00000, 0x000000008cf00000|100%| O|  |TAMS 0x000000008cf00000, 0x000000008cf00000| Untracked 
| 207|0x000000008cf00000, 0x000000008d000000, 0x000000008d000000|100%| O|  |TAMS 0x000000008d000000, 0x000000008d000000| Untracked 
| 208|0x000000008d000000, 0x000000008d100000, 0x000000008d100000|100%| O|  |TAMS 0x000000008d100000, 0x000000008d100000| Untracked 
| 209|0x000000008d100000, 0x000000008d200000, 0x000000008d200000|100%| O|  |TAMS 0x000000008d200000, 0x000000008d200000| Untracked 
| 210|0x000000008d200000, 0x000000008d300000, 0x000000008d300000|100%| O|  |TAMS 0x000000008d300000, 0x000000008d300000| Untracked 
| 211|0x000000008d300000, 0x000000008d400000, 0x000000008d400000|100%| O|  |TAMS 0x000000008d400000, 0x000000008d400000| Untracked 
| 212|0x000000008d400000, 0x000000008d500000, 0x000000008d500000|100%| O|  |TAMS 0x000000008d400000, 0x000000008d500000| Untracked 
| 213|0x000000008d500000, 0x000000008d600000, 0x000000008d600000|100%| O|  |TAMS 0x000000008d500000, 0x000000008d600000| Untracked 
| 214|0x000000008d600000, 0x000000008d700000, 0x000000008d700000|100%| O|  |TAMS 0x000000008d600000, 0x000000008d700000| Untracked 
| 215|0x000000008d700000, 0x000000008d800000, 0x000000008d800000|100%| O|  |TAMS 0x000000008d700000, 0x000000008d800000| Untracked 
| 216|0x000000008d800000, 0x000000008d900000, 0x000000008d900000|100%| O|  |TAMS 0x000000008d800000, 0x000000008d900000| Untracked 
| 217|0x000000008d900000, 0x000000008da00000, 0x000000008da00000|100%| O|  |TAMS 0x000000008d900000, 0x000000008da00000| Untracked 
| 218|0x000000008da00000, 0x000000008db00000, 0x000000008db00000|100%| O|  |TAMS 0x000000008da00000, 0x000000008db00000| Untracked 
| 219|0x000000008db00000, 0x000000008dc00000, 0x000000008dc00000|100%| O|  |TAMS 0x000000008db00000, 0x000000008dc00000| Untracked 
| 220|0x000000008dc00000, 0x000000008dd00000, 0x000000008dd00000|100%| O|  |TAMS 0x000000008dc00000, 0x000000008dd00000| Untracked 
| 221|0x000000008dd00000, 0x000000008de00000, 0x000000008de00000|100%| O|  |TAMS 0x000000008dd00000, 0x000000008de00000| Untracked 
| 222|0x000000008de00000, 0x000000008df00000, 0x000000008df00000|100%| O|  |TAMS 0x000000008de00000, 0x000000008df00000| Untracked 
| 223|0x000000008df00000, 0x000000008e000000, 0x000000008e000000|100%| O|  |TAMS 0x000000008df00000, 0x000000008e000000| Untracked 
| 224|0x000000008e000000, 0x000000008e100000, 0x000000008e100000|100%| O|  |TAMS 0x000000008e000000, 0x000000008e100000| Untracked 
| 225|0x000000008e100000, 0x000000008e200000, 0x000000008e200000|100%| O|  |TAMS 0x000000008e100000, 0x000000008e200000| Untracked 
| 226|0x000000008e200000, 0x000000008e300000, 0x000000008e300000|100%| O|  |TAMS 0x000000008e200000, 0x000000008e300000| Untracked 
| 227|0x000000008e300000, 0x000000008e400000, 0x000000008e400000|100%| O|  |TAMS 0x000000008e300000, 0x000000008e3eda00| Untracked 
| 228|0x000000008e400000, 0x000000008e500000, 0x000000008e500000|100%| O|  |TAMS 0x000000008e400000, 0x000000008e400000| Untracked 
| 229|0x000000008e500000, 0x000000008e600000, 0x000000008e600000|100%| O|  |TAMS 0x000000008e500000, 0x000000008e500000| Untracked 
| 230|0x000000008e600000, 0x000000008e700000, 0x000000008e700000|100%| O|  |TAMS 0x000000008e600000, 0x000000008e600000| Untracked 
| 231|0x000000008e700000, 0x000000008e800000, 0x000000008e800000|100%| O|  |TAMS 0x000000008e700000, 0x000000008e700000| Untracked 
| 232|0x000000008e800000, 0x000000008e900000, 0x000000008e900000|100%| O|  |TAMS 0x000000008e800000, 0x000000008e800000| Untracked 
| 233|0x000000008e900000, 0x000000008ea00000, 0x000000008ea00000|100%| O|  |TAMS 0x000000008e900000, 0x000000008e900000| Untracked 
| 234|0x000000008ea00000, 0x000000008eb00000, 0x000000008eb00000|100%| O|  |TAMS 0x000000008ea00000, 0x000000008ea00000| Untracked 
| 235|0x000000008eb00000, 0x000000008ec00000, 0x000000008ec00000|100%| O|  |TAMS 0x000000008eb00000, 0x000000008eb00000| Untracked 
| 236|0x000000008ec00000, 0x000000008ed00000, 0x000000008ed00000|100%| O|  |TAMS 0x000000008ec00000, 0x000000008ec00000| Untracked 
| 237|0x000000008ed00000, 0x000000008ee00000, 0x000000008ee00000|100%| O|  |TAMS 0x000000008ed00000, 0x000000008ed00000| Untracked 
| 238|0x000000008ee00000, 0x000000008ef00000, 0x000000008ef00000|100%| O|  |TAMS 0x000000008ee00000, 0x000000008ee00000| Untracked 
| 239|0x000000008ef00000, 0x000000008f000000, 0x000000008f000000|100%| O|  |TAMS 0x000000008ef00000, 0x000000008ef00000| Untracked 
| 240|0x000000008f000000, 0x000000008f100000, 0x000000008f100000|100%| O|  |TAMS 0x000000008f000000, 0x000000008f000000| Untracked 
| 241|0x000000008f100000, 0x000000008f200000, 0x000000008f200000|100%| O|  |TAMS 0x000000008f100000, 0x000000008f100000| Untracked 
| 242|0x000000008f200000, 0x000000008f300000, 0x000000008f300000|100%| O|  |TAMS 0x000000008f200000, 0x000000008f200000| Untracked 
| 243|0x000000008f300000, 0x000000008f400000, 0x000000008f400000|100%| O|  |TAMS 0x000000008f300000, 0x000000008f300000| Untracked 
| 244|0x000000008f400000, 0x000000008f500000, 0x000000008f500000|100%| O|  |TAMS 0x000000008f400000, 0x000000008f400000| Untracked 
| 245|0x000000008f500000, 0x000000008f600000, 0x000000008f600000|100%| O|  |TAMS 0x000000008f500000, 0x000000008f500000| Untracked 
| 246|0x000000008f600000, 0x000000008f700000, 0x000000008f700000|100%| O|  |TAMS 0x000000008f600000, 0x000000008f600000| Untracked 
| 247|0x000000008f700000, 0x000000008f800000, 0x000000008f800000|100%| O|  |TAMS 0x000000008f700000, 0x000000008f700000| Untracked 
| 248|0x000000008f800000, 0x000000008f900000, 0x000000008f900000|100%| O|  |TAMS 0x000000008f800000, 0x000000008f800000| Untracked 
| 249|0x000000008f900000, 0x000000008fa00000, 0x000000008fa00000|100%| O|  |TAMS 0x000000008f900000, 0x000000008f900000| Untracked 
| 250|0x000000008fa00000, 0x000000008fb00000, 0x000000008fb00000|100%| O|  |TAMS 0x000000008fa00000, 0x000000008fa00000| Untracked 
| 251|0x000000008fb00000, 0x000000008fc00000, 0x000000008fc00000|100%| O|  |TAMS 0x000000008fb00000, 0x000000008fb00000| Untracked 
| 252|0x000000008fc00000, 0x000000008fd00000, 0x000000008fd00000|100%| O|  |TAMS 0x000000008fc00000, 0x000000008fc00000| Untracked 
| 253|0x000000008fd00000, 0x000000008fe00000, 0x000000008fe00000|100%| O|  |TAMS 0x000000008fd00000, 0x000000008fd00000| Untracked 
| 254|0x000000008fe00000, 0x000000008ff00000, 0x000000008ff00000|100%| O|  |TAMS 0x000000008fe00000, 0x000000008fe00000| Untracked 
| 255|0x000000008ff00000, 0x0000000090000000, 0x0000000090000000|100%| O|  |TAMS 0x000000008ff00000, 0x000000008ff00000| Untracked 
| 256|0x0000000090000000, 0x0000000090100000, 0x0000000090100000|100%| S|CS|TAMS 0x0000000090000000, 0x0000000090000000| Complete 
| 257|0x0000000090100000, 0x0000000090100000, 0x0000000090200000|  0%| F|  |TAMS 0x0000000090100000, 0x0000000090100000| Untracked 
| 258|0x0000000090200000, 0x0000000090200000, 0x0000000090300000|  0%| F|  |TAMS 0x0000000090200000, 0x0000000090200000| Untracked 
| 259|0x0000000090300000, 0x0000000090300000, 0x0000000090400000|  0%| F|  |TAMS 0x0000000090300000, 0x0000000090300000| Untracked 
| 260|0x0000000090400000, 0x0000000090400000, 0x0000000090500000|  0%| F|  |TAMS 0x0000000090400000, 0x0000000090400000| Untracked 
| 261|0x0000000090500000, 0x0000000090500000, 0x0000000090600000|  0%| F|  |TAMS 0x0000000090500000, 0x0000000090500000| Untracked 
| 262|0x0000000090600000, 0x0000000090600000, 0x0000000090700000|  0%| F|  |TAMS 0x0000000090600000, 0x0000000090600000| Untracked 
| 263|0x0000000090700000, 0x0000000090700000, 0x0000000090800000|  0%| F|  |TAMS 0x0000000090700000, 0x0000000090700000| Untracked 
| 264|0x0000000090800000, 0x0000000090800000, 0x0000000090900000|  0%| F|  |TAMS 0x0000000090800000, 0x0000000090800000| Untracked 
| 265|0x0000000090900000, 0x0000000090900000, 0x0000000090a00000|  0%| F|  |TAMS 0x0000000090900000, 0x0000000090900000| Untracked 
| 266|0x0000000090a00000, 0x0000000090a00000, 0x0000000090b00000|  0%| F|  |TAMS 0x0000000090a00000, 0x0000000090a00000| Untracked 
| 267|0x0000000090b00000, 0x0000000090b00000, 0x0000000090c00000|  0%| F|  |TAMS 0x0000000090b00000, 0x0000000090b00000| Untracked 
| 268|0x0000000090c00000, 0x0000000090c00000, 0x0000000090d00000|  0%| F|  |TAMS 0x0000000090c00000, 0x0000000090c00000| Untracked 
| 269|0x0000000090d00000, 0x0000000090d00000, 0x0000000090e00000|  0%| F|  |TAMS 0x0000000090d00000, 0x0000000090d00000| Untracked 
| 270|0x0000000090e00000, 0x0000000090f00000, 0x0000000090f00000|100%| O|  |TAMS 0x0000000090e00000, 0x0000000090e00000| Untracked 
| 271|0x0000000090f00000, 0x0000000091000000, 0x0000000091000000|100%| O|  |TAMS 0x0000000090f00000, 0x0000000090f00000| Untracked 
| 272|0x0000000091000000, 0x0000000091100000, 0x0000000091100000|100%| O|  |TAMS 0x0000000091000000, 0x0000000091000000| Untracked 
| 273|0x0000000091100000, 0x0000000091200000, 0x0000000091200000|100%| O|  |TAMS 0x0000000091100000, 0x0000000091100000| Untracked 
| 274|0x0000000091200000, 0x0000000091300000, 0x0000000091300000|100%| S|CS|TAMS 0x0000000091200000, 0x0000000091200000| Complete 
| 275|0x0000000091300000, 0x0000000091400000, 0x0000000091400000|100%| O|  |TAMS 0x0000000091300000, 0x0000000091300000| Untracked 
| 276|0x0000000091400000, 0x0000000091500000, 0x0000000091500000|100%| O|  |TAMS 0x0000000091400000, 0x0000000091400000| Untracked 
| 277|0x0000000091500000, 0x0000000091600000, 0x0000000091600000|100%| O|  |TAMS 0x0000000091500000, 0x0000000091500000| Untracked 
| 278|0x0000000091600000, 0x0000000091700000, 0x0000000091700000|100%| O|  |TAMS 0x0000000091600000, 0x0000000091600000| Untracked 

Card table byte_map: [0x000001fbb6250000,0x000001fbb6650000] _byte_map_base: 0x000001fbb5e50000

Marking Bits (Prev, Next): (CMBitMap*) 0x000001fb9ea7c0c8, (CMBitMap*) 0x000001fb9ea7c100
 Prev Bits: [0x000001fbb6a50000, 0x000001fbb8a50000)
 Next Bits: [0x000001fbb8a50000, 0x000001fbbaa50000)

Polling page: 0x000001fb9cbc0000

Metaspace:

Usage:
  Non-class:    103.75 MB capacity,   101.55 MB ( 98%) used,     1.85 MB (  2%) free+waste,   366.19 KB ( <1%) overhead. 
      Class:     16.75 MB capacity,    15.37 MB ( 92%) used,     1.21 MB (  7%) free+waste,   164.56 KB ( <1%) overhead. 
       Both:    120.50 MB capacity,   116.92 MB ( 97%) used,     3.06 MB (  3%) free+waste,   530.75 KB ( <1%) overhead. 

Virtual space:
  Non-class space:      104.00 MB reserved,     103.88 MB (>99%) committed 
      Class space:      504.00 MB reserved,      16.82 MB (  3%) committed 
             Both:      608.00 MB reserved,     120.70 MB ( 20%) committed 

Chunk freelists:
   Non-Class:  0 bytes
       Class:  512 bytes
        Both:  512 bytes

CodeHeap 'non-profiled nmethods': size=120064Kb used=9328Kb max_used=9328Kb free=110735Kb
 bounds [0x000001fbae910000, 0x000001fbaf230000, 0x000001fbb5e50000]
CodeHeap 'profiled nmethods': size=120000Kb used=32451Kb max_used=32451Kb free=87549Kb
 bounds [0x000001fba73e0000, 0x000001fba93b0000, 0x000001fbae910000]
CodeHeap 'non-nmethods': size=5696Kb used=2356Kb max_used=2385Kb free=3339Kb
 bounds [0x000001fba6e50000, 0x000001fba70c0000, 0x000001fba73e0000]
 total_blobs=15343 nmethods=14377 adapters=876
 compilation: enabled
              stopped_count=0, restarted_count=0
 full_count=0

Compilation events (10 events):
Event: 63.290 Thread 0x000001fbbcf58800 16682       3       com.android.tools.r8.dex.j::f (109 bytes)
Event: 63.291 Thread 0x000001fbbcf58800 nmethod 16682 0x000001fba93ac310 code [0x000001fba93ac580, 0x000001fba93ad100]
Event: 63.291 Thread 0x000001fbbcf58800 16683       2       com.android.tools.r8.code.c0::<init> (30 bytes)
Event: 63.292 Thread 0x000001fbbcf58800 nmethod 16683 0x000001fba93ad690 code [0x000001fba93ad880, 0x000001fba93adc80]
Event: 63.292 Thread 0x000001fbbcf58800 16684       2       com.android.tools.r8.code.J::<init> (6 bytes)
Event: 63.292 Thread 0x000001fbbcf58800 nmethod 16684 0x000001fba93adf90 code [0x000001fba93ae140, 0x000001fba93ae2d8]
Event: 63.292 Thread 0x000001fbbcf58800 16685       2       com.android.tools.r8.graph.i1::<init> (10 bytes)
Event: 63.292 Thread 0x000001fbbcf58800 nmethod 16685 0x000001fba93ae410 code [0x000001fba93ae5c0, 0x000001fba93ae758]
Event: 63.337 Thread 0x000001fbbcf58800 16688       2       com.android.tools.r8.code.F3::<init> (85 bytes)
Event: 63.338 Thread 0x000001fbbcf58800 nmethod 16688 0x000001fba93ae810 code [0x000001fba93aea40, 0x000001fba93af1d0]

GC Heap History (10 events):
Event: 62.925 GC heap after
{Heap after GC invocations=94 (full 0):
 garbage-first heap   total 275456K, used 241664K [0x0000000080000000, 0x0000000100000000)
  region size 1024K, 2 young (2048K), 2 survivors (2048K)
 Metaspace       used 119695K, capacity 123390K, committed 123596K, reserved 622592K
  class space    used 15741K, capacity 17148K, committed 17228K, reserved 516096K
}
Event: 63.011 GC heap before
{Heap before GC invocations=94 (full 0):
 garbage-first heap   total 275456K, used 251904K [0x0000000080000000, 0x0000000100000000)
  region size 1024K, 13 young (13312K), 2 survivors (2048K)
 Metaspace       used 119712K, capacity 123393K, committed 123596K, reserved 622592K
  class space    used 15741K, capacity 17148K, committed 17228K, reserved 516096K
}
Event: 63.022 GC heap after
{Heap after GC invocations=95 (full 0):
 garbage-first heap   total 275456K, used 247808K [0x0000000080000000, 0x0000000100000000)
  region size 1024K, 2 young (2048K), 2 survivors (2048K)
 Metaspace       used 119712K, capacity 123393K, committed 123596K, reserved 622592K
  class space    used 15741K, capacity 17148K, committed 17228K, reserved 516096K
}
Event: 63.083 GC heap before
{Heap before GC invocations=95 (full 0):
 garbage-first heap   total 275456K, used 259072K [0x0000000080000000, 0x0000000100000000)
  region size 1024K, 13 young (13312K), 2 survivors (2048K)
 Metaspace       used 119718K, capacity 123393K, committed 123596K, reserved 622592K
  class space    used 15741K, capacity 17148K, committed 17228K, reserved 516096K
}
Event: 63.094 GC heap after
{Heap after GC invocations=96 (full 0):
 garbage-first heap   total 275456K, used 253952K [0x0000000080000000, 0x0000000100000000)
  region size 1024K, 2 young (2048K), 2 survivors (2048K)
 Metaspace       used 119718K, capacity 123393K, committed 123596K, reserved 622592K
  class space    used 15741K, capacity 17148K, committed 17228K, reserved 516096K
}
Event: 63.188 GC heap before
{Heap before GC invocations=96 (full 0):
 garbage-first heap   total 275456K, used 265216K [0x0000000080000000, 0x0000000100000000)
  region size 1024K, 13 young (13312K), 2 survivors (2048K)
 Metaspace       used 119720K, capacity 123393K, committed 123596K, reserved 622592K
  class space    used 15741K, capacity 17148K, committed 17228K, reserved 516096K
}
Event: 63.200 GC heap after
{Heap after GC invocations=97 (full 0):
 garbage-first heap   total 275456K, used 260096K [0x0000000080000000, 0x0000000100000000)
  region size 1024K, 2 young (2048K), 2 survivors (2048K)
 Metaspace       used 119720K, capacity 123393K, committed 123596K, reserved 622592K
  class space    used 15741K, capacity 17148K, committed 17228K, reserved 516096K
}
Event: 63.269 GC heap before
{Heap before GC invocations=97 (full 0):
 garbage-first heap   total 275456K, used 271360K [0x0000000080000000, 0x0000000100000000)
  region size 1024K, 13 young (13312K), 2 survivors (2048K)
 Metaspace       used 119723K, capacity 123393K, committed 123596K, reserved 622592K
  class space    used 15741K, capacity 17148K, committed 17228K, reserved 516096K
}
Event: 63.281 GC heap after
{Heap after GC invocations=98 (full 0):
 garbage-first heap   total 279552K, used 266240K [0x0000000080000000, 0x0000000100000000)
  region size 1024K, 2 young (2048K), 2 survivors (2048K)
 Metaspace       used 119723K, capacity 123393K, committed 123596K, reserved 622592K
  class space    used 15741K, capacity 17148K, committed 17228K, reserved 516096K
}
Event: 63.358 GC heap before
{Heap before GC invocations=98 (full 0):
 garbage-first heap   total 279552K, used 276480K [0x0000000080000000, 0x0000000100000000)
  region size 1024K, 13 young (13312K), 2 survivors (2048K)
 Metaspace       used 119725K, capacity 123393K, committed 123596K, reserved 622592K
  class space    used 15741K, capacity 17148K, committed 17228K, reserved 516096K
}

Deoptimization events (10 events):
Event: 60.560 Thread 0x000001fbbe162800 Uncommon trap: reason=unstable_if action=reinterpret pc=0x000001fbaed3b58c method=com.google.common.collect.MapMakerInternalMap$Segment.getEntry(Ljava/lang/Object;I)Lcom/google/common/collect/MapMakerInternalMap$InternalEntry; @ 63 c2
Event: 60.560 Thread 0x000001fbbe162800 Uncommon trap: reason=unstable_if action=reinterpret pc=0x000001fbaedfda7c method=com.google.common.collect.MapMakerInternalMap$Segment.put(Ljava/lang/Object;ILjava/lang/Object;Z)Ljava/lang/Object; @ 92 c2
Event: 60.845 Thread 0x000001fbbe162800 Uncommon trap: reason=profile_predicate action=maybe_recompile pc=0x000001fbaf1df740 method=com.google.common.collect.MapMakerInternalMap$Segment.expand()V @ 56 c2
Event: 60.845 Thread 0x000001fbbe162800 Uncommon trap: reason=profile_predicate action=maybe_recompile pc=0x000001fbaf1df740 method=com.google.common.collect.MapMakerInternalMap$Segment.expand()V @ 56 c2
Event: 60.846 Thread 0x000001fbbe162800 Uncommon trap: reason=profile_predicate action=maybe_recompile pc=0x000001fbaf1df740 method=com.google.common.collect.MapMakerInternalMap$Segment.expand()V @ 56 c2
Event: 61.038 Thread 0x000001fbbe162800 Uncommon trap: reason=unstable_if action=reinterpret pc=0x000001fbaec57fe0 method=jdk.internal.misc.Unsafe.convEndian(ZS)S @ 4 c2
Event: 61.797 Thread 0x000001fbbe162800 Uncommon trap: reason=unstable_if action=reinterpret pc=0x000001fbaf1fd9f4 method=com.android.tools.r8.internal.im.d(I)Z @ 45 c2
Event: 62.681 Thread 0x000001fbc1a27800 Uncommon trap: reason=unstable_if action=reinterpret pc=0x000001fbaed137f4 method=java.util.concurrent.ConcurrentLinkedQueue.offer(Ljava/lang/Object;)Z @ 42 c2
Event: 62.686 Thread 0x000001fbbe161000 Uncommon trap: reason=unstable_if action=reinterpret pc=0x000001fbaf226754 method=com.android.tools.r8.internal.Hq.d(I)V @ 38 c2
Event: 62.710 Thread 0x000001fbbe161000 Uncommon trap: reason=unstable_if action=reinterpret pc=0x000001fbaed06474 method=java.util.concurrent.ConcurrentLinkedQueue.offer(Ljava/lang/Object;)Z @ 42 c2

Classes redefined (0 events):
No events

Internal exceptions (10 events):
Event: 58.270 Thread 0x000001fbc3048000 Exception <a 'java/lang/reflect/InvocationTargetException'{0x000000008e055330}> (0x000000008e055330) thrown at [./open/src/hotspot/share/runtime/reflection.cpp, line 1242]
Event: 58.338 Thread 0x000001fbc3048000 Exception <a 'java/lang/NoSuchMethodError'{0x000000008dfebc30}: static Lorg/jetbrains/kotlin/incremental/ChangedFiles$Unknown;.<clinit>()V> (0x000000008dfebc30) thrown at [./open/src/hotspot/share/prims/jni.cpp, line 1362]
Event: 58.349 Thread 0x000001fbc3048000 Exception <a 'java/lang/NoSuchMethodError'{0x000000008de0ac28}: static Lorg/jetbrains/kotlin/incremental/ClasspathChanges;.<clinit>()V> (0x000000008de0ac28) thrown at [./open/src/hotspot/share/prims/jni.cpp, line 1362]
Event: 58.352 Thread 0x000001fbc3048000 Exception <a 'java/lang/NoSuchMethodError'{0x000000008de0c4e0}: static Lorg/jetbrains/kotlin/incremental/ClasspathChanges;.<clinit>()V> (0x000000008de0c4e0) thrown at [./open/src/hotspot/share/prims/jni.cpp, line 1362]
Event: 60.494 Thread 0x000001fbbe162800 Exception <a 'sun/nio/fs/WindowsException'{0x000000009066d290}> (0x000000009066d290) thrown at [./open/src/hotspot/share/prims/jni.cpp, line 611]
Event: 61.026 Thread 0x000001fbbe162800 Exception <a 'java/lang/NoSuchMethodError'{0x000000008feb7d08}: java.lang.invoke.DirectMethodHandle$Holder.invokeStaticInit(Ljava/lang/Object;Ljava/lang/Object;Ljava/lang/Object;Ljava/lang/Object;Ljava/lang/Object;Ljava/lang/Object;Ljava/lang/Object;Ljava
Event: 62.293 Thread 0x000001fbbe161000 Exception <a 'java/lang/IncompatibleClassChangeError'{0x0000000090637698}: Found class java.lang.Object, but interface was expected> (0x0000000090637698) thrown at [./open/src/hotspot/share/interpreter/linkResolver.cpp, line 838]
Event: 62.330 Thread 0x000001fbc3047000 Exception <a 'java/lang/NoSuchMethodError'{0x00000000905b0a20}: java.lang.invoke.DirectMethodHandle$Holder.newInvokeSpecial(Ljava/lang/Object;I)Ljava/lang/Object;> (0x00000000905b0a20) thrown at [./open/src/hotspot/share/interpreter/linkResolver.cpp, line
Event: 62.473 Thread 0x000001fbc3047000 Exception <a 'java/lang/IncompatibleClassChangeError'{0x0000000090120938}: Found class java.lang.Object, but interface was expected> (0x0000000090120938) thrown at [./open/src/hotspot/share/interpreter/linkResolver.cpp, line 838]
Event: 62.477 Thread 0x000001fbc3047000 Exception <a 'java/lang/IncompatibleClassChangeError'{0x0000000090142d10}: Found class java.lang.Object, but interface was expected> (0x0000000090142d10) thrown at [./open/src/hotspot/share/interpreter/linkResolver.cpp, line 838]

Events (10 events):
Event: 63.303 Thread 0x000001fbbe161000 DEOPT UNPACKING pc=0x000001fba6e78d4e sp=0x000000fa3fdfdc20 mode 0
Event: 63.309 Thread 0x000001fbc3047000 DEOPT PACKING pc=0x000001fba93637e3 sp=0x000000fa3fefe690
Event: 63.309 Thread 0x000001fbc3047000 DEOPT UNPACKING pc=0x000001fba6e78d4e sp=0x000000fa3fefdd00 mode 0
Event: 63.318 Thread 0x000001fbc1a27800 DEOPT PACKING pc=0x000001fba93853e7 sp=0x000000fa46dfea70
Event: 63.318 Thread 0x000001fbc1a27800 DEOPT UNPACKING pc=0x000001fba6e78d4e sp=0x000000fa46dfdfc8 mode 0
Event: 63.322 Thread 0x000001fbc1a27800 DEOPT PACKING pc=0x000001fba9349373 sp=0x000000fa46dfe650
Event: 63.322 Thread 0x000001fbc1a27800 DEOPT UNPACKING pc=0x000001fba6e78d4e sp=0x000000fa46dfdbd0 mode 0
Event: 63.339 Thread 0x000001fbc1a27800 DEOPT PACKING pc=0x000001fba9349373 sp=0x000000fa46dfe650
Event: 63.339 Thread 0x000001fbc1a27800 DEOPT UNPACKING pc=0x000001fba6e78d4e sp=0x000000fa46dfdbd0 mode 0
Event: 63.358 Executing VM operation: G1CollectForAllocation


Dynamic libraries:
0x00007ff6d2640000 - 0x00007ff6d264f000 	C:\Program Files\Java\jdk-11.0.8\bin\java.exe
0x00007ff984e90000 - 0x00007ff985088000 	C:\windows\SYSTEM32\ntdll.dll
0x00007ff984d00000 - 0x00007ff984dbf000 	C:\windows\System32\KERNEL32.DLL
0x00007ff982980000 - 0x00007ff982c76000 	C:\windows\System32\KERNELBASE.dll
0x00007ff9825a0000 - 0x00007ff9826a0000 	C:\windows\System32\ucrtbase.dll
0x00007ff977eb0000 - 0x00007ff977ec8000 	C:\Program Files\Java\jdk-11.0.8\bin\jli.dll
0x00007ff970eb0000 - 0x00007ff970ec5000 	C:\Program Files\Java\jdk-11.0.8\bin\VCRUNTIME140.dll
0x00007ff984380000 - 0x00007ff98442f000 	C:\windows\System32\ADVAPI32.dll
0x00007ff984610000 - 0x00007ff9846ae000 	C:\windows\System32\msvcrt.dll
0x00007ff984260000 - 0x00007ff9842fc000 	C:\windows\System32\sechost.dll
0x00007ff984130000 - 0x00007ff984256000 	C:\windows\System32\RPCRT4.dll
0x00007ff9848a0000 - 0x00007ff984a3d000 	C:\windows\System32\USER32.dll
0x00007ff982570000 - 0x00007ff982592000 	C:\windows\System32\win32u.dll
0x00007ff984870000 - 0x00007ff98489c000 	C:\windows\System32\GDI32.dll
0x00007ff982740000 - 0x00007ff982855000 	C:\windows\System32\gdi32full.dll
0x00007ff9826a0000 - 0x00007ff98273d000 	C:\windows\System32\msvcp_win.dll
0x00007ff962720000 - 0x00007ff9629ba000 	C:\windows\WinSxS\amd64_microsoft.windows.common-controls_6595b64144ccf1df_6.0.19041.1110_none_60b5254171f9507e\COMCTL32.dll
0x00007ff97a060000 - 0x00007ff97a06a000 	C:\windows\SYSTEM32\VERSION.dll
0x00007ff9845e0000 - 0x00007ff984610000 	C:\windows\System32\IMM32.DLL
0x00007ff947230000 - 0x00007ff9472cb000 	C:\Program Files\Java\jdk-11.0.8\bin\msvcp140.dll
0x00007ff93e800000 - 0x00007ff93f2e6000 	C:\Program Files\Java\jdk-11.0.8\bin\server\jvm.dll
0x00007ff984cf0000 - 0x00007ff984cf8000 	C:\windows\System32\PSAPI.DLL
0x00007ff97a030000 - 0x00007ff97a057000 	C:\windows\SYSTEM32\WINMM.dll
0x00007ff961300000 - 0x00007ff961309000 	C:\windows\SYSTEM32\WSOCK32.dll
0x00007ff984800000 - 0x00007ff98486b000 	C:\windows\System32\WS2_32.dll
0x00007ff980410000 - 0x00007ff980422000 	C:\windows\SYSTEM32\kernel.appcore.dll
0x00007ff970f60000 - 0x00007ff970f70000 	C:\Program Files\Java\jdk-11.0.8\bin\verify.dll
0x00007ff96d260000 - 0x00007ff96d444000 	C:\windows\SYSTEM32\DBGHELP.DLL
0x00007ff96c9d0000 - 0x00007ff96ca04000 	C:\windows\SYSTEM32\dbgcore.DLL
0x00007ff982c80000 - 0x00007ff982d02000 	C:\windows\System32\bcryptPrimitives.dll
0x00007ff96fe20000 - 0x00007ff96fe48000 	C:\Program Files\Java\jdk-11.0.8\bin\java.dll
0x00007ff970ea0000 - 0x00007ff970eaa000 	C:\Program Files\Java\jdk-11.0.8\bin\jimage.dll
0x00007ff96e7b0000 - 0x00007ff96e7c6000 	C:\Program Files\Java\jdk-11.0.8\bin\zip.dll
0x00007ff983530000 - 0x00007ff983c74000 	C:\windows\System32\SHELL32.dll
0x00007ff980610000 - 0x00007ff980da3000 	C:\windows\SYSTEM32\windows.storage.dll
0x00007ff983c80000 - 0x00007ff983fd4000 	C:\windows\System32\combase.dll
0x00007ff981ee0000 - 0x00007ff981f0e000 	C:\windows\SYSTEM32\Wldp.dll
0x00007ff984a40000 - 0x00007ff984aed000 	C:\windows\System32\SHCORE.dll
0x00007ff982f50000 - 0x00007ff982fa5000 	C:\windows\System32\shlwapi.dll
0x00007ff9824a0000 - 0x00007ff9824c5000 	C:\windows\SYSTEM32\profapi.dll
0x00007ff96cb80000 - 0x00007ff96cb99000 	C:\Program Files\Java\jdk-11.0.8\bin\net.dll
0x00007ff972750000 - 0x00007ff97285a000 	C:\windows\SYSTEM32\WINHTTP.dll
0x00007ff981c40000 - 0x00007ff981caa000 	C:\windows\system32\mswsock.dll
0x00007ff957fa0000 - 0x00007ff957fb2000 	C:\Program Files\Java\jdk-11.0.8\bin\nio.dll
0x00007ff957f70000 - 0x00007ff957f97000 	C:\Users\DIAN\.gradle\native\e1d6ef7f7dcc3fd88c89a11ec53ec762bb8ba0a96d01ffa2cd45eb1d1d8dd5c5\windows-amd64\native-platform.dll
0x00007ff946d10000 - 0x00007ff946e54000 	C:\Users\DIAN\.gradle\native\0d407fdbe67a94daf76414ababcb853783967236a71b16ec16e742cd7a986fd3\windows-amd64\native-platform-file-events.dll
0x00007ff9708a0000 - 0x00007ff9708a9000 	C:\Program Files\Java\jdk-11.0.8\bin\management.dll
0x00007ff96fe10000 - 0x00007ff96fe1b000 	C:\Program Files\Java\jdk-11.0.8\bin\management_ext.dll
0x00007ff981e30000 - 0x00007ff981e48000 	C:\windows\SYSTEM32\CRYPTSP.dll
0x00007ff981550000 - 0x00007ff981584000 	C:\windows\system32\rsaenh.dll
0x00007ff982ec0000 - 0x00007ff982ee7000 	C:\windows\System32\bcrypt.dll
0x00007ff982420000 - 0x00007ff98244e000 	C:\windows\SYSTEM32\USERENV.dll
0x00007ff981e50000 - 0x00007ff981e5c000 	C:\windows\SYSTEM32\CRYPTBASE.dll
0x00007ff981930000 - 0x00007ff98196b000 	C:\windows\SYSTEM32\IPHLPAPI.DLL
0x00007ff984000000 - 0x00007ff984008000 	C:\windows\System32\NSI.dll
0x00007ff974390000 - 0x00007ff9743a7000 	C:\windows\SYSTEM32\dhcpcsvc6.DLL
0x00007ff976020000 - 0x00007ff97603d000 	C:\windows\SYSTEM32\dhcpcsvc.DLL
0x00007ff981970000 - 0x00007ff981a3a000 	C:\windows\SYSTEM32\DNSAPI.dll
0x00007ff956a50000 - 0x00007ff956a6e000 	C:\Users\DIAN\AppData\Local\Temp\native-platform12330887951052596807dir\native-platform.dll
0x00007ff951a90000 - 0x00007ff951aae000 	C:\Users\DIAN\AppData\Local\Temp\native-platform10264726069327546160dir\native-platform.dll

dbghelp: loaded successfully - version: 4.0.5 - missing functions: none
symbol engine: initialized successfully - sym options: 0x614 - pdb path: .;C:\Program Files\Java\jdk-11.0.8\bin;C:\windows\SYSTEM32;C:\windows\WinSxS\amd64_microsoft.windows.common-controls_6595b64144ccf1df_6.0.19041.1110_none_60b5254171f9507e;C:\Program Files\Java\jdk-11.0.8\bin\server;C:\Users\DIAN\.gradle\native\e1d6ef7f7dcc3fd88c89a11ec53ec762bb8ba0a96d01ffa2cd45eb1d1d8dd5c5\windows-amd64;C:\Users\DIAN\.gradle\native\0d407fdbe67a94daf76414ababcb853783967236a71b16ec16e742cd7a986fd3\windows-amd64;C:\Users\DIAN\AppData\Local\Temp\native-platform12330887951052596807dir;C:\Users\DIAN\AppData\Local\Temp\native-platform10264726069327546160dir

VM Arguments:
jvm_args: -XX:MaxMetaspaceSize=512m --add-opens=java.base/java.util=ALL-UNNAMED --add-opens=java.base/java.lang=ALL-UNNAMED --add-opens=java.base/java.lang.invoke=ALL-UNNAMED --add-opens=java.base/java.util=ALL-UNNAMED --add-opens=java.prefs/java.util.prefs=ALL-UNNAMED --add-opens=java.prefs/java.util.prefs=ALL-UNNAMED --add-opens=java.base/java.nio.charset=ALL-UNNAMED --add-opens=java.base/java.net=ALL-UNNAMED --add-opens=java.base/java.util.concurrent.atomic=ALL-UNNAMED -Xmx2048m -Dfile.encoding=windows-1252 -Duser.country=ID -Duser.language=en -Duser.variant 
java_command: org.gradle.launcher.daemon.bootstrap.GradleDaemon 7.5.1
java_class_path (initial): C:\Users\DIAN\.gradle\wrapper\dists\gradle-7.5.1-all\1ehga6e77gqps5uk2kc5kf1vc\gradle-7.5.1\lib\gradle-launcher-7.5.1.jar
Launcher Type: SUN_STANDARD

[Global flags]
     intx CICompilerCount                          = 3                                         {product} {ergonomic}
   size_t CompressedClassSpaceSize                 = 528482304                                 {product} {ergonomic}
     uint ConcGCThreads                            = 1                                         {product} {ergonomic}
     uint G1ConcRefinementThreads                  = 4                                         {product} {ergonomic}
   size_t G1HeapRegionSize                         = 1048576                                   {product} {ergonomic}
    uintx GCDrainStackTargetSize                   = 64                                        {product} {ergonomic}
   size_t InitialHeapSize                          = 100663296                                 {product} {ergonomic}
   size_t MarkStackSize                            = 4194304                                   {product} {ergonomic}
   size_t MaxHeapSize                              = 2147483648                                {product} {command line}
   size_t MaxMetaspaceSize                         = 536870912                                 {product} {command line}
   size_t MaxNewSize                               = 1287651328                                {product} {ergonomic}
   size_t MinHeapDeltaBytes                        = 1048576                                   {product} {ergonomic}
    uintx NonNMethodCodeHeapSize                   = 5830732                                {pd product} {ergonomic}
    uintx NonProfiledCodeHeapSize                  = 122913754                              {pd product} {ergonomic}
    uintx ProfiledCodeHeapSize                     = 122913754                              {pd product} {ergonomic}
    uintx ReservedCodeCacheSize                    = 251658240                              {pd product} {ergonomic}
     bool SegmentedCodeCache                       = true                                      {product} {ergonomic}
     bool UseCompressedClassPointers               = true                                 {lp64_product} {ergonomic}
     bool UseCompressedOops                        = true                                 {lp64_product} {ergonomic}
     bool UseG1GC                                  = true                                      {product} {ergonomic}
     bool UseLargePagesIndividualAllocation        = false                                  {pd product} {ergonomic}

Logging:
Log output configuration:
 #0: stdout all=warning uptime,level,tags
 #1: stderr all=off uptime,level,tags

Environment Variables:
JAVA_HOME=C:\Program Files\Java\jdk-11.0.8
CLASSPATH=C:\Users\DIAN\OneDrive\Documents\pijar camp\week9\RecipeApp\android\\gradle\wrapper\gradle-wrapper.jar
PATH=C:\Users\DIAN\OneDrive\Documents\pijar camp\week9\RecipeApp\android\node_modules\.bin;C:\Users\DIAN\OneDrive\Documents\pijar camp\week9\RecipeApp\node_modules\.bin;C:\Users\DIAN\OneDrive\Documents\pijar camp\week9\node_modules\.bin;C:\Users\DIAN\OneDrive\Documents\pijar camp\node_modules\.bin;C:\Users\DIAN\OneDrive\Documents\node_modules\.bin;C:\Users\DIAN\OneDrive\node_modules\.bin;C:\Users\DIAN\node_modules\.bin;C:\Users\node_modules\.bin;C:\node_modules\.bin;C:\Program Files\nodejs;C:\Users\DIAN\OneDrive\Documents\pijar camp\week9\RecipeApp\node_modules\.bin;C:\Users\DIAN\OneDrive\Documents\pijar camp\week9\node_modules\.bin;C:\Users\DIAN\OneDrive\Documents\pijar camp\node_modules\.bin;C:\Users\DIAN\OneDrive\Documents\node_modules\.bin;C:\Users\DIAN\OneDrive\node_modules\.bin;C:\Users\DIAN\node_modules\.bin;C:\Users\node_modules\.bin;C:\node_modules\.bin;C:\Program Files\nodejs\node_modules\npm\node_modules\@npmcli\run-script\lib\node-gyp-bin;C:\Program Files\Common Files\Oracle\Java\javapath;C:\Program Files (x86)\Common Files\Oracle\Java\javapath;C:\windows\system32;C:\windows;C:\windows\System32\Wbem;C:\windows\System32\WindowsPowerShell\v1.0\;C:\windows\System32\OpenSSH\;c:\Program Files (x86)\Microsoft SQL Server\110\Tools\Binn\;c:\Program Files\Microsoft SQL Server\110\Tools\Binn\;c:\Program Files\Microsoft SQL Server\110\DTS\Binn\;C:\Program Files\Java\jdk-11.0.8\bin;C:\Program Files\Git\cmd;C:\Program Files\MongoDB\mongosh-1.6.0-win32-x64\bin\;C:\xampp\mysql\bin\;C:\Program Files\PostgreSQL\15\bin\;C:\Users\DIAN\OneDrive\Documents\belajar MERN\MERN-access&refresh-token\backend\node_modules.bin;C:\Program Files\nodejs\;C:\Program Files\Java\jdk-11.0.8;C:\Program Files\Java\jdk-11.0.8\bin;C:\Users\DIAN\AppData\Local\Android\Sdk\platform-tools;C:\Users\DIAN\AppData\Local\Microsoft\WindowsApps;C:\Program Files\Java\jdk1.8.0_291\bin;C:\Users\DIAN\AppData\Local\Programs\Microsoft VS Code\bin;C:\Users\DIAN\AppData\Local\gitkraken\bin;C:\Program Files\heroku\bi
USERNAME=DIAN
OS=Windows_NT
PROCESSOR_IDENTIFIER=AMD64 Family 23 Model 24 Stepping 1, AuthenticAMD



---------------  S Y S T E M  ---------------

OS: Windows 10 , 64 bit Build 19041 (10.0.19041.3155)

CPU:total 4 (initial active 4) (4 cores per cpu, 2 threads per core) family 23 model 24 stepping 1, cmov, cx8, fxsr, mmx, sse, sse2, sse3, ssse3, sse4.1, sse4.2, popcnt, avx, avx2, aes, clmul, mmxext, 3dnowpref, lzcnt, sse4a, ht, tsc, tscinvbit, tscinv, bmi1, bmi2, adx, sha, fma

Memory: 4k page, system-wide physical 6023M (293M free)
TotalPageFile size 24455M (AvailPageFile size 66M)
current process WorkingSet (physical memory assigned to process): 515M, peak: 570M
current process commit charge ("private bytes"): 633M, peak: 739M

vm_info: Java HotSpot(TM) 64-Bit Server VM (11.0.8+10-LTS) for windows-amd64 JRE (11.0.8+10-LTS), built on Jun 16 2020 05:53:08 by "mach5one" with unknown MS VC++:1916

END.
